<?xml version="1.0" encoding="UTF-8"?>
<coverage generated="1709864549631" clover="3.2.0">
  <project timestamp="1709864549631" name="All files">
    <metrics statements="2502" coveredstatements="1402" conditionals="1090" coveredconditionals="563" methods="528" coveredmethods="309" elements="4120" coveredelements="2274" complexity="0" loc="2502" ncloc="2502" packages="4" files="20" classes="20"/>
    <package name="modules">
      <metrics statements="377" coveredstatements="146" conditionals="143" coveredconditionals="48" methods="143" coveredmethods="63"/>
      <file name="enums.js" path="C:\Users\alexc\OneDrive\Documents\Code\repos\brobot\modules\enums.js">
        <metrics statements="99" coveredstatements="55" conditionals="10" coveredconditionals="4" methods="85" coveredmethods="49"/>
        <line num="1" count="6" type="stmt"/>
        <line num="2" count="6" type="stmt"/>
        <line num="4" count="6" type="stmt"/>
        <line num="21" count="124" type="cond" truecount="3" falsecount="1"/>
        <line num="22" count="0" type="stmt"/>
        <line num="23" count="124" type="stmt"/>
        <line num="30" count="0" type="cond" truecount="0" falsecount="4"/>
        <line num="31" count="0" type="stmt"/>
        <line num="32" count="0" type="stmt"/>
        <line num="101" count="0" type="stmt"/>
        <line num="108" count="0" type="stmt"/>
        <line num="236" count="0" type="stmt"/>
        <line num="240" count="0" type="stmt"/>
        <line num="244" count="0" type="stmt"/>
        <line num="248" count="0" type="stmt"/>
        <line num="252" count="0" type="stmt"/>
        <line num="254" count="6" type="stmt"/>
        <line num="256" count="53" type="stmt"/>
        <line num="258" count="163" type="stmt"/>
        <line num="260" count="0" type="stmt"/>
        <line num="261" count="0" type="stmt"/>
        <line num="278" count="39" type="stmt"/>
        <line num="282" count="546" type="stmt"/>
        <line num="284" count="39" type="stmt"/>
        <line num="289" count="8" type="stmt"/>
        <line num="294" count="7" type="stmt"/>
        <line num="302" count="6" type="stmt"/>
        <line num="306" count="1" type="stmt"/>
        <line num="307" count="0" type="stmt"/>
        <line num="309" count="1" type="stmt"/>
        <line num="310" count="1" type="stmt"/>
        <line num="316" count="1" type="stmt"/>
        <line num="318" count="1" type="stmt"/>
        <line num="320" count="0" type="stmt"/>
        <line num="322" count="0" type="stmt"/>
        <line num="324" count="0" type="stmt"/>
        <line num="326" count="1" type="stmt"/>
        <line num="327" count="45" type="stmt"/>
        <line num="335" count="0" type="stmt"/>
        <line num="339" count="2" type="stmt"/>
        <line num="340" count="0" type="stmt"/>
        <line num="341" count="0" type="stmt"/>
        <line num="342" count="0" type="stmt"/>
        <line num="344" count="1" type="stmt"/>
        <line num="346" count="0" type="stmt"/>
        <line num="348" count="2" type="stmt"/>
        <line num="350" count="0" type="stmt"/>
        <line num="352" count="0" type="stmt"/>
        <line num="353" count="0" type="stmt"/>
        <line num="355" count="0" type="stmt"/>
        <line num="356" count="0" type="stmt"/>
        <line num="357" count="0" type="stmt"/>
        <line num="359" count="0" type="stmt"/>
        <line num="361" count="0" type="stmt"/>
        <line num="367" count="0" type="stmt"/>
        <line num="369" count="0" type="stmt"/>
        <line num="371" count="0" type="stmt"/>
        <line num="373" count="0" type="stmt"/>
        <line num="375" count="0" type="stmt"/>
        <line num="377" count="7" type="stmt"/>
        <line num="382" count="0" type="stmt"/>
        <line num="385" count="0" type="stmt"/>
        <line num="387" count="2" type="stmt"/>
        <line num="392" count="9" type="stmt"/>
        <line num="401" count="3" type="stmt"/>
        <line num="402" count="2" type="stmt"/>
        <line num="404" count="3" type="cond" truecount="1" falsecount="1"/>
        <line num="406" count="0" type="stmt"/>
        <line num="409" count="3" type="stmt"/>
        <line num="412" count="4" type="stmt"/>
        <line num="414" count="6" type="stmt"/>
        <line num="415" count="2" type="stmt"/>
        <line num="416" count="4" type="stmt"/>
        <line num="417" count="2" type="stmt"/>
        <line num="419" count="4" type="stmt"/>
        <line num="428" count="3" type="stmt"/>
        <line num="429" count="3" type="stmt"/>
        <line num="431" count="3" type="stmt"/>
        <line num="432" count="6" type="stmt"/>
        <line num="433" count="1" type="stmt"/>
        <line num="434" count="6" type="stmt"/>
        <line num="435" count="0" type="stmt"/>
        <line num="436" count="0" type="stmt"/>
        <line num="437" count="4" type="stmt"/>
        <line num="438" count="4" type="stmt"/>
        <line num="440" count="0" type="stmt"/>
        <line num="444" count="0" type="stmt"/>
        <line num="446" count="0" type="stmt"/>
        <line num="448" count="5" type="stmt"/>
        <line num="450" count="2" type="stmt"/>
        <line num="452" count="2" type="stmt"/>
        <line num="454" count="2" type="stmt"/>
        <line num="458" count="2" type="stmt"/>
        <line num="460" count="2" type="stmt"/>
        <line num="462" count="4" type="stmt"/>
        <line num="464" count="2" type="stmt"/>
        <line num="473" count="1" type="stmt"/>
        <line num="475" count="0" type="stmt"/>
        <line num="662" count="6" type="stmt"/>
      </file>
      <file name="functions.js" path="C:\Users\alexc\OneDrive\Documents\Code\repos\brobot\modules\functions.js">
        <metrics statements="277" coveredstatements="90" conditionals="133" coveredconditionals="44" methods="58" coveredmethods="14"/>
        <line num="1" count="7" type="stmt"/>
        <line num="2" count="7" type="stmt"/>
        <line num="3" count="7" type="stmt"/>
        <line num="5" count="7" type="stmt"/>
        <line num="7" count="46" type="stmt"/>
        <line num="10" count="46" type="stmt"/>
        <line num="16" count="0" type="stmt"/>
        <line num="17" count="0" type="stmt"/>
        <line num="19" count="0" type="stmt"/>
        <line num="21" count="0" type="cond" truecount="0" falsecount="2"/>
        <line num="22" count="0" type="stmt"/>
        <line num="23" count="0" type="stmt"/>
        <line num="26" count="0" type="cond" truecount="0" falsecount="2"/>
        <line num="27" count="0" type="stmt"/>
        <line num="29" count="0" type="stmt"/>
        <line num="37" count="11" type="stmt"/>
        <line num="39" count="11" type="stmt"/>
        <line num="42" count="11" type="cond" truecount="2" falsecount="0"/>
        <line num="43" count="5" type="cond" truecount="2" falsecount="0"/>
        <line num="44" count="2" type="stmt"/>
        <line num="46" count="3" type="stmt"/>
        <line num="48" count="5" type="stmt"/>
        <line num="52" count="6" type="cond" truecount="2" falsecount="0"/>
        <line num="53" count="4" type="stmt"/>
        <line num="58" count="6" type="stmt"/>
        <line num="66" count="78" type="stmt"/>
        <line num="70" count="78" type="stmt"/>
        <line num="73" count="230" type="stmt"/>
        <line num="74" count="230" type="stmt"/>
        <line num="77" count="230" type="stmt"/>
        <line num="81" count="78" type="stmt"/>
        <line num="85" count="5" type="stmt"/>
        <line num="87" count="5" type="cond" truecount="2" falsecount="0"/>
        <line num="88" count="2" type="stmt"/>
        <line num="90" count="3" type="stmt"/>
        <line num="91" count="8" type="stmt"/>
        <line num="93" count="8" type="cond" truecount="2" falsecount="0"/>
        <line num="94" count="7" type="stmt"/>
        <line num="97" count="1" type="stmt"/>
        <line num="101" count="2" type="stmt"/>
        <line num="103" count="2" type="cond" truecount="1" falsecount="1"/>
        <line num="104" count="0" type="stmt"/>
        <line num="106" count="2" type="stmt"/>
        <line num="111" count="11" type="cond" truecount="2" falsecount="0"/>
        <line num="112" count="3" type="stmt"/>
        <line num="114" count="8" type="stmt"/>
        <line num="119" count="2" type="stmt"/>
        <line num="123" count="134" type="stmt"/>
        <line num="124" count="134" type="stmt"/>
        <line num="125" count="134" type="stmt"/>
        <line num="129" count="0" type="stmt"/>
        <line num="131" count="0" type="stmt"/>
        <line num="137" count="0" type="stmt"/>
        <line num="141" count="0" type="stmt"/>
        <line num="143" count="0" type="stmt"/>
        <line num="144" count="0" type="cond" truecount="0" falsecount="4"/>
        <line num="145" count="0" type="stmt"/>
        <line num="147" count="0" type="cond" truecount="0" falsecount="2"/>
        <line num="148" count="0" type="cond" truecount="0" falsecount="2"/>
        <line num="149" count="0" type="stmt"/>
        <line num="151" count="0" type="stmt"/>
        <line num="153" count="0" type="stmt"/>
        <line num="156" count="0" type="stmt"/>
        <line num="160" count="0" type="stmt"/>
        <line num="162" count="0" type="stmt"/>
        <line num="164" count="0" type="cond" truecount="0" falsecount="2"/>
        <line num="170" count="0" type="stmt"/>
        <line num="175" count="0" type="stmt"/>
        <line num="180" count="0" type="stmt"/>
        <line num="185" count="0" type="stmt"/>
        <line num="188" count="0" type="stmt"/>
        <line num="193" count="0" type="stmt"/>
        <line num="195" count="0" type="stmt"/>
        <line num="196" count="0" type="stmt"/>
        <line num="199" count="0" type="cond" truecount="0" falsecount="2"/>
        <line num="200" count="0" type="stmt"/>
        <line num="201" count="0" type="stmt"/>
        <line num="202" count="0" type="stmt"/>
        <line num="204" count="0" type="cond" truecount="0" falsecount="2"/>
        <line num="205" count="0" type="stmt"/>
        <line num="206" count="0" type="stmt"/>
        <line num="207" count="0" type="stmt"/>
        <line num="211" count="0" type="stmt"/>
        <line num="216" count="0" type="stmt"/>
        <line num="221" count="0" type="stmt"/>
        <line num="225" count="0" type="stmt"/>
        <line num="235" count="0" type="stmt"/>
        <line num="239" count="0" type="stmt"/>
        <line num="243" count="0" type="stmt"/>
        <line num="245" count="0" type="stmt"/>
        <line num="249" count="0" type="stmt"/>
        <line num="253" count="0" type="stmt"/>
        <line num="257" count="0" type="stmt"/>
        <line num="261" count="0" type="stmt"/>
        <line num="265" count="0" type="cond" truecount="0" falsecount="2"/>
        <line num="266" count="0" type="cond" truecount="0" falsecount="2"/>
        <line num="267" count="0" type="stmt"/>
        <line num="272" count="0" type="cond" truecount="0" falsecount="2"/>
        <line num="273" count="0" type="stmt"/>
        <line num="279" count="0" type="stmt"/>
        <line num="288" count="0" type="cond" truecount="0" falsecount="5"/>
        <line num="289" count="0" type="stmt"/>
        <line num="294" count="0" type="stmt"/>
        <line num="295" count="0" type="stmt"/>
        <line num="302" count="0" type="stmt"/>
        <line num="303" count="0" type="stmt"/>
        <line num="310" count="0" type="stmt"/>
        <line num="327" count="0" type="stmt"/>
        <line num="328" count="0" type="stmt"/>
        <line num="329" count="0" type="stmt"/>
        <line num="331" count="0" type="cond" truecount="0" falsecount="4"/>
        <line num="333" count="0" type="stmt"/>
        <line num="334" count="0" type="stmt"/>
        <line num="335" count="0" type="stmt"/>
        <line num="337" count="0" type="stmt"/>
        <line num="338" count="0" type="stmt"/>
        <line num="342" count="232" type="stmt"/>
        <line num="345" count="232" type="cond" truecount="2" falsecount="0"/>
        <line num="347" count="45" type="stmt"/>
        <line num="348" count="45" type="stmt"/>
        <line num="351" count="187" type="stmt"/>
        <line num="352" count="187" type="stmt"/>
        <line num="355" count="232" type="stmt"/>
        <line num="364" count="0" type="stmt"/>
        <line num="366" count="0" type="cond" truecount="0" falsecount="14"/>
        <line num="370" count="0" type="stmt"/>
        <line num="371" count="0" type="stmt"/>
        <line num="378" count="0" type="stmt"/>
        <line num="379" count="0" type="stmt"/>
        <line num="386" count="0" type="stmt"/>
        <line num="387" count="0" type="stmt"/>
        <line num="390" count="0" type="stmt"/>
        <line num="391" count="0" type="stmt"/>
        <line num="394" count="0" type="stmt"/>
        <line num="395" count="0" type="stmt"/>
        <line num="405" count="92" type="stmt"/>
        <line num="409" count="0" type="stmt"/>
        <line num="410" count="0" type="stmt"/>
        <line num="412" count="0" type="stmt"/>
        <line num="414" count="0" type="stmt"/>
        <line num="416" count="0" type="stmt"/>
        <line num="417" count="0" type="stmt"/>
        <line num="418" count="0" type="stmt"/>
        <line num="419" count="0" type="stmt"/>
        <line num="420" count="0" type="stmt"/>
        <line num="421" count="0" type="stmt"/>
        <line num="424" count="0" type="stmt"/>
        <line num="425" count="0" type="stmt"/>
        <line num="429" count="0" type="cond" truecount="0" falsecount="2"/>
        <line num="430" count="0" type="stmt"/>
        <line num="431" count="0" type="stmt"/>
        <line num="432" count="0" type="stmt"/>
        <line num="434" count="0" type="cond" truecount="0" falsecount="2"/>
        <line num="435" count="0" type="stmt"/>
        <line num="437" count="0" type="cond" truecount="0" falsecount="4"/>
        <line num="438" count="0" type="stmt"/>
        <line num="440" count="0" type="cond" truecount="0" falsecount="4"/>
        <line num="441" count="0" type="stmt"/>
        <line num="443" count="0" type="cond" truecount="0" falsecount="4"/>
        <line num="444" count="0" type="stmt"/>
        <line num="446" count="0" type="cond" truecount="0" falsecount="2"/>
        <line num="448" count="0" type="cond" truecount="0" falsecount="2"/>
        <line num="449" count="0" type="stmt"/>
        <line num="451" count="0" type="stmt"/>
        <line num="455" count="0" type="cond" truecount="0" falsecount="2"/>
        <line num="456" count="0" type="stmt"/>
        <line num="459" count="0" type="cond" truecount="0" falsecount="2"/>
        <line num="460" count="0" type="stmt"/>
        <line num="465" count="0" type="stmt"/>
        <line num="469" count="0" type="stmt"/>
        <line num="471" count="0" type="stmt"/>
        <line num="475" count="0" type="stmt"/>
        <line num="477" count="0" type="cond" truecount="0" falsecount="2"/>
        <line num="478" count="0" type="stmt"/>
        <line num="481" count="0" type="stmt"/>
        <line num="482" count="0" type="stmt"/>
        <line num="483" count="0" type="stmt"/>
        <line num="484" count="0" type="stmt"/>
        <line num="494" count="0" type="stmt"/>
        <line num="495" count="0" type="stmt"/>
        <line num="497" count="0" type="stmt"/>
        <line num="498" count="0" type="stmt"/>
        <line num="501" count="0" type="stmt"/>
        <line num="505" count="0" type="stmt"/>
        <line num="507" count="0" type="stmt"/>
        <line num="511" count="8" type="cond" truecount="3" falsecount="1"/>
        <line num="512" count="0" type="stmt"/>
        <line num="515" count="8" type="cond" truecount="4" falsecount="0"/>
        <line num="516" count="1" type="stmt"/>
        <line num="519" count="7" type="cond" truecount="4" falsecount="0"/>
        <line num="521" count="2" type="stmt"/>
        <line num="523" count="2" type="stmt"/>
        <line num="525" count="2" type="stmt"/>
        <line num="527" count="1" type="stmt"/>
        <line num="532" count="10" type="cond" truecount="3" falsecount="1"/>
        <line num="533" count="0" type="stmt"/>
        <line num="536" count="10" type="stmt"/>
        <line num="541" count="10" type="stmt"/>
        <line num="545" count="10" type="stmt"/>
        <line num="549" count="10" type="cond" truecount="2" falsecount="0"/>
        <line num="550" count="6" type="stmt"/>
        <line num="553" count="4" type="stmt"/>
        <line num="554" count="4" type="stmt"/>
        <line num="556" count="4" type="cond" truecount="2" falsecount="0"/>
        <line num="557" count="1" type="stmt"/>
        <line num="560" count="3" type="stmt"/>
        <line num="565" count="0" type="stmt"/>
        <line num="566" count="0" type="stmt"/>
        <line num="567" count="0" type="stmt"/>
        <line num="568" count="0" type="stmt"/>
        <line num="569" count="0" type="stmt"/>
        <line num="572" count="0" type="stmt"/>
        <line num="575" count="0" type="stmt"/>
        <line num="585" count="0" type="stmt"/>
        <line num="600" count="0" type="stmt"/>
        <line num="606" count="0" type="stmt"/>
        <line num="607" count="0" type="stmt"/>
        <line num="608" count="0" type="stmt"/>
        <line num="609" count="0" type="stmt"/>
        <line num="614" count="0" type="stmt"/>
        <line num="623" count="0" type="stmt"/>
        <line num="627" count="0" type="stmt"/>
        <line num="628" count="0" type="stmt"/>
        <line num="630" count="0" type="stmt"/>
        <line num="634" count="9" type="cond" truecount="4" falsecount="0"/>
        <line num="635" count="2" type="stmt"/>
        <line num="637" count="7" type="cond" truecount="2" falsecount="0"/>
        <line num="638" count="4" type="stmt"/>
        <line num="640" count="3" type="cond" truecount="2" falsecount="0"/>
        <line num="641" count="1" type="stmt"/>
        <line num="643" count="2" type="stmt"/>
        <line num="644" count="2" type="stmt"/>
        <line num="645" count="2" type="stmt"/>
        <line num="649" count="1" type="stmt"/>
        <line num="650" count="1" type="stmt"/>
        <line num="651" count="4" type="stmt"/>
        <line num="653" count="4" type="stmt"/>
        <line num="654" count="4" type="stmt"/>
        <line num="655" count="4" type="cond" truecount="2" falsecount="0"/>
        <line num="656" count="5" type="stmt"/>
        <line num="657" count="5" type="stmt"/>
        <line num="660" count="4" type="stmt"/>
        <line num="661" count="4" type="stmt"/>
        <line num="662" count="4" type="stmt"/>
        <line num="664" count="1" type="stmt"/>
        <line num="666" count="1" type="stmt"/>
        <line num="682" count="0" type="cond" truecount="0" falsecount="2"/>
        <line num="684" count="0" type="stmt"/>
        <line num="685" count="0" type="stmt"/>
        <line num="686" count="0" type="stmt"/>
        <line num="688" count="0" type="stmt"/>
        <line num="693" count="0" type="stmt"/>
        <line num="696" count="0" type="stmt"/>
        <line num="701" count="0" type="stmt"/>
        <line num="706" count="0" type="stmt"/>
        <line num="715" count="0" type="stmt"/>
        <line num="718" count="0" type="stmt"/>
        <line num="721" count="0" type="stmt"/>
        <line num="722" count="0" type="stmt"/>
        <line num="723" count="0" type="stmt"/>
        <line num="725" count="0" type="stmt"/>
        <line num="726" count="0" type="stmt"/>
        <line num="728" count="0" type="stmt"/>
        <line num="729" count="0" type="cond" truecount="0" falsecount="2"/>
        <line num="730" count="0" type="stmt"/>
        <line num="733" count="0" type="stmt"/>
        <line num="736" count="0" type="stmt"/>
        <line num="737" count="0" type="cond" truecount="0" falsecount="2"/>
        <line num="738" count="0" type="stmt"/>
        <line num="742" count="0" type="stmt"/>
        <line num="743" count="0" type="stmt"/>
        <line num="747" count="0" type="stmt"/>
        <line num="749" count="0" type="stmt"/>
        <line num="750" count="0" type="stmt"/>
        <line num="751" count="0" type="stmt"/>
        <line num="753" count="0" type="stmt"/>
        <line num="757" count="7" type="stmt"/>
      </file>
      <file name="token.js" path="C:\Users\alexc\OneDrive\Documents\Code\repos\brobot\modules\token.js">
        <metrics statements="1" coveredstatements="1" conditionals="0" coveredconditionals="0" methods="0" coveredmethods="0"/>
        <line num="1" count="5" type="stmt"/>
      </file>
    </package>
    <package name="modules.rapid_discord_mafia">
      <metrics statements="1837" coveredstatements="1216" conditionals="847" coveredconditionals="508" methods="350" coveredmethods="241"/>
      <file name="Ability.js" path="C:\Users\alexc\OneDrive\Documents\Code\repos\brobot\modules\rapid_discord_mafia\Ability.js">
        <metrics statements="38" coveredstatements="34" conditionals="13" coveredconditionals="10" methods="3" coveredmethods="2"/>
        <line num="1" count="6" type="stmt"/>
        <line num="2" count="6" type="stmt"/>
        <line num="3" count="6" type="stmt"/>
        <line num="75" count="0" type="cond" truecount="1" falsecount="0"/>
        <line num="83" count="124" type="stmt"/>
        <line num="84" count="124" type="stmt"/>
        <line num="85" count="124" type="stmt"/>
        <line num="86" count="124" type="stmt"/>
        <line num="87" count="124" type="stmt"/>
        <line num="88" count="124" type="stmt"/>
        <line num="89" count="124" type="stmt"/>
        <line num="90" count="124" type="stmt"/>
        <line num="91" count="124" type="stmt"/>
        <line num="92" count="124" type="stmt"/>
        <line num="94" count="124" type="stmt"/>
        <line num="96" count="124" type="stmt"/>
        <line num="97" count="94" type="cond" truecount="2" falsecount="0"/>
        <line num="98" count="2" type="stmt"/>
        <line num="99" count="2" type="stmt"/>
        <line num="102" count="94" type="stmt"/>
        <line num="105" count="124" type="cond" truecount="2" falsecount="0"/>
        <line num="106" count="122" type="stmt"/>
        <line num="111" count="304" type="stmt"/>
        <line num="112" count="304" type="stmt"/>
        <line num="113" count="304" type="stmt"/>
        <line num="116" count="304" type="cond" truecount="3" falsecount="1"/>
        <line num="118" count="220" type="stmt"/>
        <line num="119" count="220" type="stmt"/>
        <line num="122" count="0" type="stmt"/>
        <line num="123" count="0" type="stmt"/>
        <line num="124" count="0" type="stmt"/>
        <line num="127" count="70" type="stmt"/>
        <line num="128" count="70" type="stmt"/>
        <line num="131" count="14" type="stmt"/>
        <line num="132" count="14" type="stmt"/>
        <line num="135" count="304" type="stmt"/>
        <line num="140" count="304" type="stmt"/>
        <line num="145" count="6" type="stmt"/>
      </file>
      <file name="AbilityManager.js" path="C:\Users\alexc\OneDrive\Documents\Code\repos\brobot\modules\rapid_discord_mafia\AbilityManager.js">
        <metrics statements="35" coveredstatements="33" conditionals="106" coveredconditionals="74" methods="25" coveredmethods="23"/>
        <line num="1" count="5" type="stmt"/>
        <line num="2" count="5" type="stmt"/>
        <line num="3" count="5" type="stmt"/>
        <line num="4" count="5" type="stmt"/>
        <line num="9" count="5" type="stmt"/>
        <line num="37" count="5" type="stmt"/>
        <line num="50" count="14" type="cond" truecount="2" falsecount="0"/>
        <line num="74" count="11" type="cond" truecount="3" falsecount="1"/>
        <line num="89" count="12" type="cond" truecount="2" falsecount="0"/>
        <line num="112" count="10" type="cond" truecount="2" falsecount="0"/>
        <line num="135" count="10" type="cond" truecount="2" falsecount="0"/>
        <line num="159" count="14" type="cond" truecount="2" falsecount="0"/>
        <line num="183" count="3" type="cond" truecount="2" falsecount="0"/>
        <line num="231" count="3" type="cond" truecount="2" falsecount="0"/>
        <line num="255" count="9" type="cond" truecount="2" falsecount="0"/>
        <line num="279" count="0" type="cond" truecount="0" falsecount="2"/>
        <line num="301" count="3" type="cond" truecount="3" falsecount="1"/>
        <line num="323" count="3" type="cond" truecount="5" falsecount="1"/>
        <line num="337" count="3" type="cond" truecount="3" falsecount="1"/>
        <line num="359" count="8" type="cond" truecount="5" falsecount="1"/>
        <line num="373" count="0" type="cond" truecount="0" falsecount="4"/>
        <line num="388" count="2" type="cond" truecount="1" falsecount="1"/>
        <line num="411" count="8" type="cond" truecount="3" falsecount="1"/>
        <line num="425" count="3" type="cond" truecount="3" falsecount="1"/>
        <line num="447" count="3" type="cond" truecount="5" falsecount="1"/>
        <line num="474" count="12" type="cond" truecount="3" falsecount="1"/>
        <line num="502" count="21" type="stmt"/>
        <line num="503" count="21" type="stmt"/>
        <line num="505" count="21" type="cond" truecount="2" falsecount="0"/>
        <line num="506" count="9" type="cond" truecount="4" falsecount="0"/>
        <line num="509" count="12" type="cond" truecount="2" falsecount="0"/>
        <line num="534" count="6" type="cond" truecount="2" falsecount="0"/>
        <line num="557" count="12" type="cond" truecount="2" falsecount="0"/>
        <line num="575" count="199" type="stmt"/>
        <line num="579" count="5" type="stmt"/>
      </file>
      <file name="Contestant.js" path="C:\Users\alexc\OneDrive\Documents\Code\repos\brobot\modules\rapid_discord_mafia\Contestant.js">
        <metrics statements="3" coveredstatements="1" conditionals="1" coveredconditionals="0" methods="2" coveredmethods="0"/>
        <line num="5" count="0" type="stmt"/>
        <line num="9" count="0" type="stmt"/>
        <line num="13" count="4" type="stmt"/>
      </file>
      <file name="Effect.js" path="C:\Users\alexc\OneDrive\Documents\Code\repos\brobot\modules\rapid_discord_mafia\Effect.js">
        <metrics statements="3" coveredstatements="3" conditionals="0" coveredconditionals="0" methods="1" coveredmethods="1"/>
        <line num="28" count="108" type="stmt"/>
        <line num="29" count="108" type="stmt"/>
        <line num="33" count="6" type="stmt"/>
      </file>
      <file name="EffectManager.js" path="C:\Users\alexc\OneDrive\Documents\Code\repos\brobot\modules\rapid_discord_mafia\EffectManager.js">
        <metrics statements="200" coveredstatements="200" conditionals="68" coveredconditionals="63" methods="24" coveredmethods="24"/>
        <line num="1" count="6" type="stmt"/>
        <line num="2" count="6" type="stmt"/>
        <line num="3" count="6" type="stmt"/>
        <line num="14" count="66" type="stmt"/>
        <line num="15" count="66" type="stmt"/>
        <line num="16" count="66" type="stmt"/>
        <line num="19" count="6" type="stmt"/>
        <line num="44" count="6" type="stmt"/>
        <line num="48" count="5" type="stmt"/>
        <line num="50" count="5" type="stmt"/>
        <line num="51" count="5" type="stmt"/>
        <line num="52" count="5" type="stmt"/>
        <line num="54" count="5" type="stmt"/>
        <line num="56" count="5" type="cond" truecount="2" falsecount="0"/>
        <line num="62" count="1" type="stmt"/>
        <line num="63" count="1" type="stmt"/>
        <line num="66" count="4" type="stmt"/>
        <line num="69" count="5" type="cond" truecount="2" falsecount="0"/>
        <line num="72" count="2" type="stmt"/>
        <line num="75" count="1" type="stmt"/>
        <line num="77" count="1" type="stmt"/>
        <line num="84" count="1" type="stmt"/>
        <line num="85" count="1" type="stmt"/>
        <line num="88" count="5" type="stmt"/>
        <line num="90" count="5" type="stmt"/>
        <line num="97" count="3" type="stmt"/>
        <line num="98" count="3" type="stmt"/>
        <line num="106" count="5" type="stmt"/>
        <line num="107" count="5" type="stmt"/>
        <line num="109" count="5" type="stmt"/>
        <line num="111" count="5" type="stmt"/>
        <line num="118" count="3" type="stmt"/>
        <line num="119" count="3" type="stmt"/>
        <line num="160" count="6" type="stmt"/>
        <line num="161" count="6" type="stmt"/>
        <line num="163" count="6" type="stmt"/>
        <line num="165" count="6" type="stmt"/>
        <line num="173" count="3" type="stmt"/>
        <line num="174" count="3" type="stmt"/>
        <line num="176" count="3" type="stmt"/>
        <line num="178" count="3" type="stmt"/>
        <line num="185" count="1" type="stmt"/>
        <line num="187" count="1" type="stmt"/>
        <line num="195" count="3" type="stmt"/>
        <line num="196" count="3" type="stmt"/>
        <line num="198" count="3" type="stmt"/>
        <line num="200" count="3" type="stmt"/>
        <line num="208" count="4" type="stmt"/>
        <line num="209" count="4" type="stmt"/>
        <line num="210" count="4" type="stmt"/>
        <line num="213" count="4" type="stmt"/>
        <line num="216" count="4" type="cond" truecount="2" falsecount="0"/>
        <line num="220" count="4" type="stmt"/>
        <line num="222" count="4" type="cond" truecount="2" falsecount="0"/>
        <line num="223" count="1" type="stmt"/>
        <line num="224" count="1" type="stmt"/>
        <line num="226" count="3" type="cond" truecount="2" falsecount="0"/>
        <line num="230" count="2" type="stmt"/>
        <line num="231" count="2" type="stmt"/>
        <line num="234" count="1" type="stmt"/>
        <line num="235" count="1" type="stmt"/>
        <line num="238" count="4" type="stmt"/>
        <line num="239" count="4" type="stmt"/>
        <line num="241" count="4" type="stmt"/>
        <line num="243" count="4" type="stmt"/>
        <line num="251" count="3" type="stmt"/>
        <line num="252" count="3" type="stmt"/>
        <line num="253" count="3" type="stmt"/>
        <line num="255" count="3" type="stmt"/>
        <line num="257" count="3" type="stmt"/>
        <line num="259" count="3" type="cond" truecount="2" falsecount="0"/>
        <line num="263" count="1" type="stmt"/>
        <line num="266" count="2" type="stmt"/>
        <line num="269" count="3" type="stmt"/>
        <line num="271" count="3" type="stmt"/>
        <line num="280" count="3" type="stmt"/>
        <line num="281" count="3" type="stmt"/>
        <line num="283" count="3" type="stmt"/>
        <line num="285" count="3" type="stmt"/>
        <line num="287" count="3" type="stmt"/>
        <line num="288" count="9" type="stmt"/>
        <line num="290" count="9" type="stmt"/>
        <line num="291" count="9" type="stmt"/>
        <line num="292" count="9" type="stmt"/>
        <line num="294" count="9" type="cond" truecount="2" falsecount="0"/>
        <line num="299" count="1" type="stmt"/>
        <line num="303" count="3" type="cond" truecount="2" falsecount="0"/>
        <line num="304" count="1" type="stmt"/>
        <line num="306" count="2" type="stmt"/>
        <line num="308" count="3" type="stmt"/>
        <line num="316" count="1" type="stmt"/>
        <line num="317" count="1" type="stmt"/>
        <line num="318" count="1" type="stmt"/>
        <line num="320" count="1" type="stmt"/>
        <line num="322" count="1" type="stmt"/>
        <line num="330" count="1" type="stmt"/>
        <line num="331" count="1" type="stmt"/>
        <line num="333" count="1" type="stmt"/>
        <line num="335" count="1" type="stmt"/>
        <line num="337" count="1" type="stmt"/>
        <line num="339" count="1" type="stmt"/>
        <line num="346" count="1" type="stmt"/>
        <line num="347" count="1" type="stmt"/>
        <line num="355" count="4" type="stmt"/>
        <line num="356" count="4" type="stmt"/>
        <line num="357" count="4" type="stmt"/>
        <line num="358" count="4" type="stmt"/>
        <line num="359" count="4" type="stmt"/>
        <line num="361" count="4" type="cond" truecount="2" falsecount="0"/>
        <line num="363" count="4" type="stmt"/>
        <line num="365" count="4" type="stmt"/>
        <line num="366" count="4" type="stmt"/>
        <line num="367" count="4" type="stmt"/>
        <line num="369" count="4" type="cond" truecount="1" falsecount="1"/>
        <line num="371" count="4" type="stmt"/>
        <line num="372" count="3" type="stmt"/>
        <line num="374" count="4" type="stmt"/>
        <line num="375" count="4" type="stmt"/>
        <line num="377" count="4" type="cond" truecount="2" falsecount="0"/>
        <line num="379" count="4" type="stmt"/>
        <line num="388" count="4" type="stmt"/>
        <line num="399" count="4" type="cond" truecount="2" falsecount="0"/>
        <line num="406" count="2" type="stmt"/>
        <line num="408" count="2" type="stmt"/>
        <line num="411" count="2" type="stmt"/>
        <line num="415" count="2" type="stmt"/>
        <line num="417" count="2" type="stmt"/>
        <line num="418" count="2" type="cond" truecount="2" falsecount="0"/>
        <line num="419" count="1" type="stmt"/>
        <line num="421" count="1" type="stmt"/>
        <line num="423" count="1" type="stmt"/>
        <line num="425" count="1" type="cond" truecount="1" falsecount="1"/>
        <line num="426" count="1" type="stmt"/>
        <line num="428" count="1" type="stmt"/>
        <line num="432" count="2" type="cond" truecount="2" falsecount="0"/>
        <line num="434" count="2" type="stmt"/>
        <line num="440" count="2" type="stmt"/>
        <line num="442" count="2" type="stmt"/>
        <line num="446" count="2" type="stmt"/>
        <line num="459" count="7" type="stmt"/>
        <line num="460" count="7" type="stmt"/>
        <line num="461" count="7" type="stmt"/>
        <line num="462" count="7" type="stmt"/>
        <line num="463" count="7" type="stmt"/>
        <line num="465" count="7" type="stmt"/>
        <line num="467" count="7" type="cond" truecount="2" falsecount="0"/>
        <line num="468" count="4" type="stmt"/>
        <line num="472" count="3" type="stmt"/>
        <line num="473" count="3" type="stmt"/>
        <line num="474" count="3" type="stmt"/>
        <line num="476" count="3" type="cond" truecount="2" falsecount="0"/>
        <line num="477" count="1" type="stmt"/>
        <line num="479" count="2" type="cond" truecount="2" falsecount="0"/>
        <line num="480" count="1" type="stmt"/>
        <line num="482" count="1" type="cond" truecount="1" falsecount="1"/>
        <line num="483" count="1" type="stmt"/>
        <line num="486" count="3" type="stmt"/>
        <line num="487" count="3" type="stmt"/>
        <line num="488" count="3" type="stmt"/>
        <line num="490" count="3" type="stmt"/>
        <line num="491" count="3" type="stmt"/>
        <line num="494" count="7" type="stmt"/>
        <line num="496" count="7" type="stmt"/>
        <line num="504" count="2" type="stmt"/>
        <line num="505" count="2" type="stmt"/>
        <line num="507" count="2" type="stmt"/>
        <line num="510" count="2" type="cond" truecount="2" falsecount="0"/>
        <line num="511" count="1" type="stmt"/>
        <line num="513" count="1" type="stmt"/>
        <line num="515" count="1" type="stmt"/>
        <line num="516" count="1" type="stmt"/>
        <line num="518" count="1" type="stmt"/>
        <line num="522" count="1" type="stmt"/>
        <line num="531" count="4" type="stmt"/>
        <line num="532" count="4" type="stmt"/>
        <line num="533" count="4" type="stmt"/>
        <line num="535" count="4" type="stmt"/>
        <line num="537" count="4" type="stmt"/>
        <line num="539" count="4" type="stmt"/>
        <line num="541" count="4" type="cond" truecount="2" falsecount="0"/>
        <line num="542" count="1" type="stmt"/>
        <line num="543" count="1" type="stmt"/>
        <line num="545" count="1" type="stmt"/>
        <line num="548" count="3" type="stmt"/>
        <line num="551" count="4" type="cond" truecount="2" falsecount="0"/>
        <line num="555" count="3" type="stmt"/>
        <line num="556" count="3" type="stmt"/>
        <line num="559" count="1" type="stmt"/>
        <line num="562" count="4" type="stmt"/>
        <line num="564" count="4" type="stmt"/>
        <line num="565" count="4" type="stmt"/>
        <line num="567" count="4" type="stmt"/>
        <line num="568" count="4" type="stmt"/>
        <line num="569" count="4" type="stmt"/>
        <line num="581" count="59" type="stmt"/>
        <line num="594" count="59" type="stmt"/>
        <line num="595" count="59" type="stmt"/>
        <line num="597" count="59" type="cond" truecount="1" falsecount="1"/>
        <line num="598" count="59" type="stmt"/>
        <line num="603" count="6" type="stmt"/>
      </file>
      <file name="Logger.js" path="C:\Users\alexc\OneDrive\Documents\Code\repos\brobot\modules\rapid_discord_mafia\Logger.js">
        <metrics statements="2" coveredstatements="1" conditionals="0" coveredconditionals="0" methods="1" coveredmethods="0"/>
        <line num="3" count="0" type="stmt"/>
        <line num="7" count="6" type="stmt"/>
      </file>
      <file name="RapidDiscordMafia.js" path="C:\Users\alexc\OneDrive\Documents\Code\repos\brobot\modules\rapid_discord_mafia\RapidDiscordMafia.js">
        <metrics statements="47" coveredstatements="31" conditionals="8" coveredconditionals="2" methods="10" coveredmethods="8"/>
        <line num="1" count="4" type="stmt"/>
        <line num="2" count="4" type="stmt"/>
        <line num="3" count="4" type="stmt"/>
        <line num="4" count="4" type="stmt"/>
        <line num="5" count="4" type="stmt"/>
        <line num="6" count="4" type="stmt"/>
        <line num="7" count="4" type="stmt"/>
        <line num="11" count="43" type="stmt"/>
        <line num="15" count="43" type="stmt"/>
        <line num="16" count="43" type="stmt"/>
        <line num="21" count="43" type="stmt"/>
        <line num="23" count="43" type="cond" truecount="1" falsecount="1"/>
        <line num="24" count="0" type="stmt"/>
        <line num="25" count="0" type="stmt"/>
        <line num="26" count="0" type="stmt"/>
        <line num="31" count="23" type="stmt"/>
        <line num="39" count="37" type="stmt"/>
        <line num="40" count="109" type="stmt"/>
        <line num="41" count="109" type="stmt"/>
        <line num="42" count="109" type="stmt"/>
        <line num="44" count="109" type="stmt"/>
        <line num="45" count="2" type="stmt"/>
        <line num="46" count="2" type="stmt"/>
        <line num="49" count="109" type="stmt"/>
        <line num="52" count="37" type="stmt"/>
        <line num="53" count="37" type="stmt"/>
        <line num="55" count="37" type="stmt"/>
        <line num="56" count="107" type="stmt"/>
        <line num="58" count="107" type="stmt"/>
        <line num="59" count="332" type="stmt"/>
        <line num="62" count="107" type="stmt"/>
        <line num="63" count="109" type="stmt"/>
        <line num="67" count="37" type="stmt"/>
        <line num="71" count="0" type="stmt"/>
        <line num="73" count="0" type="cond" truecount="0" falsecount="2"/>
        <line num="74" count="0" type="stmt"/>
        <line num="75" count="0" type="stmt"/>
        <line num="78" count="0" type="stmt"/>
        <line num="82" count="0" type="stmt"/>
        <line num="83" count="0" type="cond" truecount="0" falsecount="2"/>
        <line num="84" count="0" type="stmt"/>
        <line num="86" count="0" type="stmt"/>
        <line num="87" count="0" type="stmt"/>
        <line num="88" count="0" type="stmt"/>
        <line num="90" count="0" type="stmt"/>
        <line num="94" count="0" type="stmt"/>
        <line num="100" count="4" type="stmt"/>
      </file>
      <file name="RoleIdentifier.js" path="C:\Users\alexc\OneDrive\Documents\Code\repos\brobot\modules\rapid_discord_mafia\RoleIdentifier.js">
        <metrics statements="61" coveredstatements="61" conditionals="34" coveredconditionals="34" methods="23" coveredmethods="23"/>
        <line num="1" count="5" type="stmt"/>
        <line num="2" count="5" type="stmt"/>
        <line num="3" count="5" type="stmt"/>
        <line num="11" count="238" type="stmt"/>
        <line num="12" count="238" type="stmt"/>
        <line num="13" count="238" type="stmt"/>
        <line num="17" count="8" type="stmt"/>
        <line num="18" count="8" type="stmt"/>
        <line num="22" count="4920" type="stmt"/>
        <line num="24" count="246" type="cond" truecount="2" falsecount="0"/>
        <line num="26" count="2617" type="stmt"/>
        <line num="29" count="174" type="stmt"/>
        <line num="31" count="72" type="cond" truecount="2" falsecount="0"/>
        <line num="33" count="185" type="stmt"/>
        <line num="36" count="40" type="cond" truecount="2" falsecount="0"/>
        <line num="37" count="19" type="stmt"/>
        <line num="38" count="21" type="cond" truecount="2" falsecount="0"/>
        <line num="40" count="93" type="stmt"/>
        <line num="43" count="20" type="stmt"/>
        <line num="45" count="1" type="stmt"/>
        <line num="47" count="32" type="cond" truecount="2" falsecount="0"/>
        <line num="48" count="27" type="stmt"/>
        <line num="51" count="5" type="stmt"/>
        <line num="56" count="238" type="stmt"/>
        <line num="58" count="238" type="stmt"/>
        <line num="59" count="238" type="stmt"/>
        <line num="60" count="257" type="stmt"/>
        <line num="63" count="238" type="cond" truecount="4" falsecount="0"/>
        <line num="64" count="5" type="stmt"/>
        <line num="66" count="238" type="stmt"/>
        <line num="72" count="238" type="stmt"/>
        <line num="73" count="952" type="stmt"/>
        <line num="75" count="952" type="cond" truecount="2" falsecount="0"/>
        <line num="76" count="236" type="stmt"/>
        <line num="80" count="238" type="stmt"/>
        <line num="89" count="60" type="stmt"/>
        <line num="90" count="188" type="stmt"/>
        <line num="95" count="6" type="stmt"/>
        <line num="99" count="1065" type="cond" truecount="2" falsecount="0"/>
        <line num="100" count="2" type="stmt"/>
        <line num="103" count="1063" type="stmt"/>
        <line num="104" count="2486" type="stmt"/>
        <line num="107" count="1063" type="stmt"/>
        <line num="112" count="215" type="cond" truecount="2" falsecount="0"/>
        <line num="113" count="3" type="stmt"/>
        <line num="116" count="212" type="stmt"/>
        <line num="117" count="845" type="stmt"/>
        <line num="120" count="212" type="stmt"/>
        <line num="125" count="383" type="stmt"/>
        <line num="127" count="383" type="cond" truecount="2" falsecount="0"/>
        <line num="128" count="2126" type="stmt"/>
        <line num="130" count="90" type="cond" truecount="2" falsecount="0"/>
        <line num="131" count="28" type="stmt"/>
        <line num="132" count="560" type="stmt"/>
        <line num="138" count="62" type="cond" truecount="2" falsecount="0"/>
        <line num="139" count="25" type="stmt"/>
        <line num="140" count="500" type="stmt"/>
        <line num="146" count="37" type="cond" truecount="2" falsecount="0"/>
        <line num="147" count="700" type="cond" truecount="2" falsecount="0"/>
        <line num="150" count="383" type="stmt"/>
        <line num="154" count="5" type="stmt"/>
      </file>
      <file name="arg.js" path="C:\Users\alexc\OneDrive\Documents\Code\repos\brobot\modules\rapid_discord_mafia\arg.js">
        <metrics statements="6" coveredstatements="6" conditionals="1" coveredconditionals="1" methods="1" coveredmethods="1"/>
        <line num="3" count="94" type="stmt"/>
        <line num="4" count="94" type="stmt"/>
        <line num="5" count="94" type="stmt"/>
        <line num="6" count="94" type="stmt"/>
        <line num="7" count="94" type="stmt"/>
        <line num="11" count="6" type="stmt"/>
      </file>
      <file name="death.js" path="C:\Users\alexc\OneDrive\Documents\Code\repos\brobot\modules\rapid_discord_mafia\death.js">
        <metrics statements="14" coveredstatements="13" conditionals="3" coveredconditionals="2" methods="5" coveredmethods="5"/>
        <line num="1" count="5" type="stmt"/>
        <line num="15" count="6" type="stmt"/>
        <line num="16" count="6" type="stmt"/>
        <line num="20" count="6" type="stmt"/>
        <line num="21" count="6" type="stmt"/>
        <line num="22" count="6" type="stmt"/>
        <line num="24" count="6" type="cond" truecount="1" falsecount="1"/>
        <line num="25" count="0" type="stmt"/>
        <line num="27" count="6" type="stmt"/>
        <line num="31" count="1" type="stmt"/>
        <line num="35" count="1" type="stmt"/>
        <line num="39" count="1" type="stmt"/>
        <line num="40" count="1" type="stmt"/>
        <line num="45" count="5" type="stmt"/>
      </file>
      <file name="game.js" path="C:\Users\alexc\OneDrive\Documents\Code\repos\brobot\modules\rapid_discord_mafia\game.js">
        <metrics statements="940" coveredstatements="548" conditionals="410" coveredconditionals="220" methods="149" coveredmethods="88"/>
        <line num="1" count="5" type="stmt"/>
        <line num="2" count="5" type="stmt"/>
        <line num="3" count="5" type="stmt"/>
        <line num="4" count="5" type="stmt"/>
        <line num="5" count="5" type="stmt"/>
        <line num="6" count="5" type="stmt"/>
        <line num="7" count="5" type="stmt"/>
        <line num="8" count="5" type="stmt"/>
        <line num="9" count="5" type="stmt"/>
        <line num="10" count="5" type="stmt"/>
        <line num="11" count="5" type="stmt"/>
        <line num="12" count="5" type="stmt"/>
        <line num="13" count="5" type="stmt"/>
        <line num="61" count="66" type="stmt"/>
        <line num="62" count="66" type="stmt"/>
        <line num="63" count="66" type="stmt"/>
        <line num="65" count="66" type="stmt"/>
        <line num="66" count="66" type="stmt"/>
        <line num="67" count="66" type="stmt"/>
        <line num="68" count="66" type="stmt"/>
        <line num="69" count="66" type="stmt"/>
        <line num="70" count="66" type="stmt"/>
        <line num="71" count="66" type="stmt"/>
        <line num="72" count="66" type="stmt"/>
        <line num="73" count="66" type="stmt"/>
        <line num="74" count="66" type="stmt"/>
        <line num="84" count="66" type="stmt"/>
        <line num="85" count="66" type="stmt"/>
        <line num="86" count="66" type="stmt"/>
        <line num="87" count="66" type="stmt"/>
        <line num="88" count="66" type="stmt"/>
        <line num="89" count="66" type="stmt"/>
        <line num="90" count="66" type="stmt"/>
        <line num="91" count="66" type="stmt"/>
        <line num="92" count="66" type="stmt"/>
        <line num="93" count="66" type="stmt"/>
        <line num="96" count="5" type="stmt"/>
        <line num="97" count="5" type="stmt"/>
        <line num="98" count="5" type="stmt"/>
        <line num="99" count="5" type="stmt"/>
        <line num="100" count="5" type="stmt"/>
        <line num="101" count="5" type="stmt"/>
        <line num="105" count="100" type="stmt"/>
        <line num="106" count="5" type="stmt"/>
        <line num="110" count="7" type="stmt"/>
        <line num="117" count="45" type="stmt"/>
        <line num="118" count="136" type="stmt"/>
        <line num="121" count="54" type="stmt"/>
        <line num="129" count="54" type="stmt"/>
        <line num="136" count="45" type="stmt"/>
        <line num="143" count="47" type="stmt"/>
        <line num="146" count="12" type="stmt"/>
        <line num="148" count="12" type="stmt"/>
        <line num="149" count="12" type="stmt"/>
        <line num="151" count="12" type="stmt"/>
        <line num="152" count="12" type="stmt"/>
        <line num="154" count="12" type="stmt"/>
        <line num="159" count="58" type="stmt"/>
        <line num="172" count="0" type="stmt"/>
        <line num="183" count="0" type="stmt"/>
        <line num="184" count="0" type="cond" truecount="0" falsecount="2"/>
        <line num="185" count="0" type="stmt"/>
        <line num="186" count="0" type="stmt"/>
        <line num="187" count="0" type="stmt"/>
        <line num="188" count="0" type="stmt"/>
        <line num="191" count="0" type="cond" truecount="0" falsecount="2"/>
        <line num="192" count="0" type="stmt"/>
        <line num="197" count="0" type="stmt"/>
        <line num="199" count="0" type="stmt"/>
        <line num="200" count="0" type="stmt"/>
        <line num="211" count="39" type="stmt"/>
        <line num="212" count="39" type="stmt"/>
        <line num="213" count="39" type="stmt"/>
        <line num="215" count="39" type="stmt"/>
        <line num="216" count="39" type="stmt"/>
        <line num="217" count="39" type="stmt"/>
        <line num="218" count="39" type="stmt"/>
        <line num="219" count="39" type="stmt"/>
        <line num="220" count="39" type="stmt"/>
        <line num="221" count="39" type="stmt"/>
        <line num="222" count="39" type="stmt"/>
        <line num="223" count="39" type="stmt"/>
        <line num="224" count="39" type="stmt"/>
        <line num="225" count="39" type="stmt"/>
        <line num="226" count="39" type="stmt"/>
        <line num="227" count="39" type="stmt"/>
        <line num="228" count="39" type="stmt"/>
        <line num="229" count="39" type="stmt"/>
        <line num="230" count="39" type="stmt"/>
        <line num="231" count="39" type="stmt"/>
        <line num="233" count="39" type="stmt"/>
        <line num="234" count="39" type="stmt"/>
        <line num="235" count="39" type="stmt"/>
        <line num="237" count="39" type="cond" truecount="1" falsecount="1"/>
        <line num="238" count="0" type="stmt"/>
        <line num="239" count="0" type="stmt"/>
        <line num="242" count="39" type="stmt"/>
        <line num="246" count="39" type="stmt"/>
        <line num="247" count="115" type="stmt"/>
        <line num="250" count="39" type="stmt"/>
        <line num="258" count="0" type="stmt"/>
        <line num="259" count="0" type="stmt"/>
        <line num="260" count="0" type="stmt"/>
        <line num="262" count="0" type="stmt"/>
        <line num="265" count="0" type="stmt"/>
        <line num="268" count="0" type="stmt"/>
        <line num="272" count="0" type="stmt"/>
        <line num="275" count="0" type="stmt"/>
        <line num="279" count="0" type="stmt"/>
        <line num="280" count="0" type="stmt"/>
        <line num="287" count="39" type="stmt"/>
        <line num="289" count="39" type="stmt"/>
        <line num="291" count="115" type="stmt"/>
        <line num="292" count="115" type="stmt"/>
        <line num="293" count="115" type="stmt"/>
        <line num="295" count="115" type="stmt"/>
        <line num="296" count="115" type="stmt"/>
        <line num="299" count="39" type="stmt"/>
        <line num="306" count="76" type="stmt"/>
        <line num="308" count="224" type="cond" truecount="2" falsecount="0"/>
        <line num="309" count="6" type="stmt"/>
        <line num="311" count="6" type="cond" truecount="1" falsecount="1"/>
        <line num="312" count="6" type="stmt"/>
        <line num="314" count="0" type="stmt"/>
        <line num="327" count="141" type="stmt"/>
        <line num="328" count="141" type="stmt"/>
        <line num="330" count="141" type="stmt"/>
        <line num="335" count="141" type="cond" truecount="2" falsecount="0"/>
        <line num="338" count="8" type="cond" truecount="2" falsecount="0"/>
        <line num="339" count="5" type="stmt"/>
        <line num="340" count="95" type="cond" truecount="2" falsecount="0"/>
        <line num="341" count="76" type="stmt"/>
        <line num="344" count="144" type="stmt"/>
        <line num="350" count="8" type="cond" truecount="2" falsecount="0"/>
        <line num="354" count="3" type="stmt"/>
        <line num="355" count="3" type="stmt"/>
        <line num="357" count="3" type="cond" truecount="2" falsecount="0"/>
        <line num="358" count="38" type="stmt"/>
        <line num="360" count="3" type="cond" truecount="2" falsecount="0"/>
        <line num="361" count="19" type="stmt"/>
        <line num="366" count="8" type="cond" truecount="2" falsecount="0"/>
        <line num="367" count="5" type="stmt"/>
        <line num="368" count="37" type="cond" truecount="2" falsecount="0"/>
        <line num="374" count="8" type="stmt"/>
        <line num="375" count="57" type="stmt"/>
        <line num="378" count="14" type="stmt"/>
        <line num="382" count="133" type="cond" truecount="2" falsecount="0"/>
        <line num="384" count="14" type="stmt"/>
        <line num="385" count="14" type="cond" truecount="2" falsecount="0"/>
        <line num="386" count="11" type="stmt"/>
        <line num="387" count="39" type="cond" truecount="2" falsecount="0"/>
        <line num="388" count="22" type="stmt"/>
        <line num="391" count="83" type="stmt"/>
        <line num="395" count="14" type="cond" truecount="1" falsecount="1"/>
        <line num="398" count="14" type="cond" truecount="2" falsecount="0"/>
        <line num="399" count="10" type="stmt"/>
        <line num="400" count="27" type="cond" truecount="2" falsecount="0"/>
        <line num="406" count="14" type="stmt"/>
        <line num="407" count="40" type="stmt"/>
        <line num="410" count="3" type="stmt"/>
        <line num="417" count="141" type="stmt"/>
        <line num="427" count="128" type="stmt"/>
        <line num="428" count="128" type="stmt"/>
        <line num="430" count="128" type="stmt"/>
        <line num="433" count="128" type="stmt"/>
        <line num="434" count="230" type="stmt"/>
        <line num="437" count="128" type="cond" truecount="2" falsecount="0"/>
        <line num="438" count="112" type="cond" truecount="2" falsecount="0"/>
        <line num="439" count="24" type="stmt"/>
        <line num="441" count="88" type="stmt"/>
        <line num="446" count="128" type="stmt"/>
        <line num="454" count="43" type="stmt"/>
        <line num="457" count="43" type="stmt"/>
        <line num="459" count="85" type="stmt"/>
        <line num="462" count="43" type="stmt"/>
        <line num="464" count="43" type="stmt"/>
        <line num="465" count="124" type="stmt"/>
        <line num="467" count="124" type="stmt"/>
        <line num="468" count="124" type="stmt"/>
        <line num="469" count="124" type="stmt"/>
        <line num="477" count="148" type="cond" truecount="3" falsecount="0"/>
        <line num="479" count="64" type="cond" truecount="5" falsecount="0"/>
        <line num="481" count="7" type="stmt"/>
        <line num="482" count="7" type="stmt"/>
        <line num="485" count="6" type="stmt"/>
        <line num="486" count="6" type="stmt"/>
        <line num="489" count="6" type="stmt"/>
        <line num="490" count="6" type="stmt"/>
        <line num="494" count="45" type="stmt"/>
        <line num="495" count="45" type="stmt"/>
        <line num="497" count="64" type="stmt"/>
        <line num="500" count="45" type="stmt"/>
        <line num="501" count="45" type="stmt"/>
        <line num="504" count="39" type="stmt"/>
        <line num="505" count="39" type="stmt"/>
        <line num="510" count="45" type="stmt"/>
        <line num="512" count="45" type="stmt"/>
        <line num="514" count="45" type="stmt"/>
        <line num="515" count="45" type="stmt"/>
        <line num="516" count="45" type="stmt"/>
        <line num="520" count="695" type="cond" truecount="2" falsecount="0"/>
        <line num="521" count="187" type="stmt"/>
        <line num="523" count="508" type="cond" truecount="2" falsecount="0"/>
        <line num="524" count="45" type="stmt"/>
        <line num="527" count="463" type="stmt"/>
        <line num="530" count="695" type="cond" truecount="1" falsecount="1"/>
        <line num="531" count="0" type="stmt"/>
        <line num="533" count="0" type="cond" truecount="0" falsecount="2"/>
        <line num="534" count="0" type="stmt"/>
        <line num="536" count="0" type="cond" truecount="0" falsecount="2"/>
        <line num="537" count="0" type="stmt"/>
        <line num="540" count="0" type="stmt"/>
        <line num="541" count="0" type="stmt"/>
        <line num="542" count="0" type="stmt"/>
        <line num="547" count="4" type="stmt"/>
        <line num="551" count="14" type="stmt"/>
        <line num="552" count="14" type="stmt"/>
        <line num="556" count="14" type="stmt"/>
        <line num="567" count="14" type="stmt"/>
        <line num="568" count="0" type="stmt"/>
        <line num="569" count="0" type="stmt"/>
        <line num="573" count="14" type="cond" truecount="1" falsecount="1"/>
        <line num="574" count="0" type="stmt"/>
        <line num="575" count="0" type="stmt"/>
        <line num="578" count="14" type="stmt"/>
        <line num="579" count="14" type="stmt"/>
        <line num="583" count="53" type="stmt"/>
        <line num="584" count="163" type="stmt"/>
        <line num="586" count="163" type="cond" truecount="2" falsecount="0"/>
        <line num="587" count="27" type="cond" truecount="2" falsecount="0"/>
        <line num="588" count="1" type="stmt"/>
        <line num="591" count="162" type="stmt"/>
        <line num="596" count="14" type="cond" truecount="1" falsecount="1"/>
        <line num="597" count="14" type="cond" truecount="2" falsecount="0"/>
        <line num="598" count="7" type="stmt"/>
        <line num="600" count="7" type="cond" truecount="1" falsecount="1"/>
        <line num="601" count="0" type="stmt"/>
        <line num="604" count="0" type="stmt"/>
        <line num="607" count="7" type="stmt"/>
        <line num="614" count="0" type="stmt"/>
        <line num="619" count="39" type="stmt"/>
        <line num="621" count="39" type="stmt"/>
        <line num="623" count="39" type="stmt"/>
        <line num="624" count="39" type="stmt"/>
        <line num="625" count="39" type="stmt"/>
        <line num="627" count="39" type="stmt"/>
        <line num="628" count="39" type="stmt"/>
        <line num="629" count="115" type="cond" truecount="1" falsecount="1"/>
        <line num="634" count="45" type="stmt"/>
        <line num="636" count="45" type="stmt"/>
        <line num="638" count="45" type="stmt"/>
        <line num="639" count="45" type="stmt"/>
        <line num="640" count="45" type="stmt"/>
        <line num="642" count="45" type="stmt"/>
        <line num="643" count="45" type="stmt"/>
        <line num="644" count="135" type="cond" truecount="1" falsecount="1"/>
        <line num="649" count="7" type="stmt"/>
        <line num="651" count="7" type="stmt"/>
        <line num="655" count="6" type="stmt"/>
        <line num="657" count="6" type="stmt"/>
        <line num="659" count="6" type="stmt"/>
        <line num="660" count="6" type="stmt"/>
        <line num="661" count="6" type="stmt"/>
        <line num="662" count="6" type="stmt"/>
        <line num="664" count="6" type="stmt"/>
        <line num="665" count="6" type="stmt"/>
        <line num="666" count="22" type="cond" truecount="1" falsecount="1"/>
        <line num="671" count="6" type="stmt"/>
        <line num="673" count="6" type="stmt"/>
        <line num="675" count="6" type="stmt"/>
        <line num="677" count="6" type="cond" truecount="2" falsecount="0"/>
        <line num="678" count="1" type="stmt"/>
        <line num="679" count="1" type="stmt"/>
        <line num="680" count="3" type="cond" truecount="2" falsecount="0"/>
        <line num="681" count="2" type="cond" truecount="1" falsecount="1"/>
        <line num="689" count="1" type="stmt"/>
        <line num="691" count="1" type="cond" truecount="1" falsecount="1"/>
        <line num="692" count="0" type="stmt"/>
        <line num="693" count="0" type="stmt"/>
        <line num="694" count="0" type="stmt"/>
        <line num="696" count="0" type="stmt"/>
        <line num="699" count="1" type="stmt"/>
        <line num="703" count="1" type="stmt"/>
        <line num="705" count="1" type="stmt"/>
        <line num="708" count="1" type="stmt"/>
        <line num="710" count="1" type="stmt"/>
        <line num="711" count="1" type="stmt"/>
        <line num="712" count="1" type="stmt"/>
        <line num="714" count="1" type="stmt"/>
        <line num="718" count="1" type="stmt"/>
        <line num="722" count="1" type="stmt"/>
        <line num="723" count="2" type="stmt"/>
        <line num="724" count="2" type="stmt"/>
        <line num="727" count="1" type="stmt"/>
        <line num="731" count="1" type="stmt"/>
        <line num="732" count="1" type="stmt"/>
        <line num="734" count="1" type="cond" truecount="1" falsecount="1"/>
        <line num="735" count="0" type="stmt"/>
        <line num="737" count="1" type="cond" truecount="1" falsecount="1"/>
        <line num="738" count="0" type="stmt"/>
        <line num="740" count="1" type="cond" truecount="1" falsecount="1"/>
        <line num="741" count="0" type="stmt"/>
        <line num="743" count="1" type="cond" truecount="1" falsecount="1"/>
        <line num="744" count="1" type="stmt"/>
        <line num="747" count="1" type="stmt"/>
        <line num="754" count="1" type="cond" truecount="1" falsecount="1"/>
        <line num="755" count="0" type="stmt"/>
        <line num="756" count="0" type="stmt"/>
        <line num="757" count="0" type="stmt"/>
        <line num="759" count="0" type="stmt"/>
        <line num="764" count="6" type="stmt"/>
        <line num="766" count="6" type="stmt"/>
        <line num="768" count="6" type="stmt"/>
        <line num="772" count="6" type="stmt"/>
        <line num="774" count="6" type="cond" truecount="1" falsecount="1"/>
        <line num="775" count="0" type="stmt"/>
        <line num="777" count="6" type="cond" truecount="1" falsecount="1"/>
        <line num="778" count="0" type="stmt"/>
        <line num="780" count="6" type="cond" truecount="2" falsecount="0"/>
        <line num="781" count="5" type="stmt"/>
        <line num="784" count="1" type="stmt"/>
        <line num="787" count="6" type="stmt"/>
        <line num="793" count="0" type="cond" truecount="0" falsecount="2"/>
        <line num="795" count="0" type="stmt"/>
        <line num="796" count="0" type="stmt"/>
        <line num="797" count="0" type="stmt"/>
        <line num="798" count="0" type="stmt"/>
        <line num="803" count="0" type="stmt"/>
        <line num="812" count="0" type="stmt"/>
        <line num="816" count="0" type="stmt"/>
        <line num="817" count="0" type="stmt"/>
        <line num="819" count="0" type="stmt"/>
        <line num="824" count="141" type="cond" truecount="1" falsecount="1"/>
        <line num="827" count="0" type="stmt"/>
        <line num="828" count="0" type="stmt"/>
        <line num="829" count="0" type="stmt"/>
        <line num="830" count="0" type="stmt"/>
        <line num="831" count="0" type="stmt"/>
        <line num="832" count="0" type="stmt"/>
        <line num="835" count="0" type="stmt"/>
        <line num="838" count="0" type="stmt"/>
        <line num="848" count="0" type="stmt"/>
        <line num="862" count="0" type="stmt"/>
        <line num="868" count="45" type="stmt"/>
        <line num="869" count="45" type="stmt"/>
        <line num="870" count="45" type="stmt"/>
        <line num="871" count="45" type="stmt"/>
        <line num="873" count="45" type="stmt"/>
        <line num="875" count="45" type="stmt"/>
        <line num="877" count="45" type="stmt"/>
        <line num="878" count="57" type="stmt"/>
        <line num="880" count="57" type="stmt"/>
        <line num="881" count="57" type="stmt"/>
        <line num="882" count="57" type="stmt"/>
        <line num="883" count="57" type="stmt"/>
        <line num="885" count="57" type="stmt"/>
        <line num="886" count="57" type="cond" truecount="1" falsecount="1"/>
        <line num="888" count="0" type="stmt"/>
        <line num="891" count="0" type="stmt"/>
        <line num="892" count="0" type="stmt"/>
        <line num="894" count="0" type="stmt"/>
        <line num="898" count="57" type="stmt"/>
        <line num="906" count="57" type="stmt"/>
        <line num="914" count="57" type="cond" truecount="1" falsecount="1"/>
        <line num="915" count="0" type="stmt"/>
        <line num="916" count="0" type="stmt"/>
        <line num="919" count="57" type="stmt"/>
        <line num="920" count="57" type="stmt"/>
        <line num="922" count="57" type="cond" truecount="1" falsecount="1"/>
        <line num="923" count="57" type="stmt"/>
        <line num="925" count="57" type="stmt"/>
        <line num="926" count="57" type="stmt"/>
        <line num="928" count="57" type="stmt"/>
        <line num="929" count="57" type="stmt"/>
        <line num="931" count="57" type="cond" truecount="1" falsecount="1"/>
        <line num="933" count="57" type="stmt"/>
        <line num="934" count="59" type="stmt"/>
        <line num="936" count="59" type="stmt"/>
        <line num="943" count="59" type="stmt"/>
        <line num="946" count="57" type="stmt"/>
        <line num="949" count="57" type="stmt"/>
        <line num="954" count="14" type="stmt"/>
        <line num="955" count="0" type="stmt"/>
        <line num="956" count="0" type="stmt"/>
        <line num="958" count="0" type="stmt"/>
        <line num="959" count="0" type="stmt"/>
        <line num="964" count="8" type="stmt"/>
        <line num="966" count="8" type="stmt"/>
        <line num="970" count="8" type="stmt"/>
        <line num="975" count="45" type="stmt"/>
        <line num="977" count="45" type="stmt"/>
        <line num="979" count="45" type="stmt"/>
        <line num="983" count="45" type="stmt"/>
        <line num="987" count="0" type="stmt"/>
        <line num="988" count="0" type="stmt"/>
        <line num="993" count="0" type="stmt"/>
        <line num="994" count="0" type="cond" truecount="0" falsecount="2"/>
        <line num="995" count="0" type="stmt"/>
        <line num="996" count="0" type="cond" truecount="0" falsecount="2"/>
        <line num="997" count="0" type="stmt"/>
        <line num="999" count="0" type="cond" truecount="0" falsecount="2"/>
        <line num="1004" count="6" type="stmt"/>
        <line num="1005" count="6" type="stmt"/>
        <line num="1006" count="1" type="stmt"/>
        <line num="1009" count="6" type="cond" truecount="2" falsecount="0"/>
        <line num="1010" count="5" type="stmt"/>
        <line num="1013" count="5" type="stmt"/>
        <line num="1014" count="5" type="stmt"/>
        <line num="1017" count="1" type="stmt"/>
        <line num="1023" count="2" type="stmt"/>
        <line num="1029" count="2" type="stmt"/>
        <line num="1033" count="7" type="stmt"/>
        <line num="1035" count="7" type="stmt"/>
        <line num="1036" count="7" type="stmt"/>
        <line num="1037" count="7" type="stmt"/>
        <line num="1039" count="7" type="stmt"/>
        <line num="1040" count="4" type="stmt"/>
        <line num="1042" count="4" type="cond" truecount="1" falsecount="1"/>
        <line num="1043" count="0" type="stmt"/>
        <line num="1045" count="4" type="cond" truecount="2" falsecount="0"/>
        <line num="1046" count="2" type="stmt"/>
        <line num="1048" count="2" type="stmt"/>
        <line num="1050" count="4" type="cond" truecount="1" falsecount="1"/>
        <line num="1051" count="4" type="stmt"/>
        <line num="1052" count="4" type="stmt"/>
        <line num="1054" count="0" type="cond" truecount="0" falsecount="2"/>
        <line num="1055" count="0" type="stmt"/>
        <line num="1059" count="7" type="stmt"/>
        <line num="1063" count="1063" type="cond" truecount="2" falsecount="0"/>
        <line num="1064" count="931" type="stmt"/>
        <line num="1066" count="132" type="stmt"/>
        <line num="1071" count="257" type="stmt"/>
        <line num="1072" count="497" type="stmt"/>
        <line num="1077" count="8" type="stmt"/>
        <line num="1078" count="8" type="stmt"/>
        <line num="1080" count="8" type="stmt"/>
        <line num="1082" count="27" type="stmt"/>
        <line num="1083" count="27" type="stmt"/>
        <line num="1084" count="27" type="stmt"/>
        <line num="1086" count="27" type="cond" truecount="2" falsecount="0"/>
        <line num="1087" count="17" type="stmt"/>
        <line num="1089" count="10" type="stmt"/>
        <line num="1097" count="0" type="stmt"/>
        <line num="1101" count="0" type="stmt"/>
        <line num="1105" count="7" type="stmt"/>
        <line num="1109" count="6" type="stmt"/>
        <line num="1113" count="6" type="stmt"/>
        <line num="1117" count="1" type="stmt"/>
        <line num="1121" count="288" type="stmt"/>
        <line num="1125" count="14" type="stmt"/>
        <line num="1129" count="45" type="stmt"/>
        <line num="1131" count="45" type="stmt"/>
        <line num="1132" count="137" type="stmt"/>
        <line num="1134" count="137" type="stmt"/>
        <line num="1135" count="137" type="stmt"/>
        <line num="1136" count="137" type="stmt"/>
        <line num="1138" count="137" type="cond" truecount="1" falsecount="1"/>
        <line num="1139" count="137" type="stmt"/>
        <line num="1148" count="339" type="stmt"/>
        <line num="1149" count="339" type="stmt"/>
        <line num="1150" count="339" type="stmt"/>
        <line num="1152" count="339" type="cond" truecount="1" falsecount="1"/>
        <line num="1153" count="0" type="stmt"/>
        <line num="1155" count="339" type="stmt"/>
        <line num="1156" count="1217" type="cond" truecount="1" falsecount="1"/>
        <line num="1161" count="1217" type="cond" truecount="1" falsecount="1"/>
        <line num="1162" count="0" type="stmt"/>
        <line num="1166" count="1217" type="cond" truecount="2" falsecount="2"/>
        <line num="1167" count="0" type="stmt"/>
        <line num="1173" count="0" type="cond" truecount="0" falsecount="2"/>
        <line num="1174" count="0" type="stmt"/>
        <line num="1176" count="0" type="stmt"/>
        <line num="1177" count="0" type="cond" truecount="0" falsecount="2"/>
        <line num="1178" count="0" type="stmt"/>
        <line num="1179" count="0" type="stmt"/>
        <line num="1181" count="0" type="cond" truecount="0" falsecount="2"/>
        <line num="1182" count="0" type="stmt"/>
        <line num="1187" count="0" type="stmt"/>
        <line num="1191" count="0" type="stmt"/>
        <line num="1200" count="39" type="stmt"/>
        <line num="1202" count="39" type="cond" truecount="1" falsecount="1"/>
        <line num="1208" count="0" type="stmt"/>
        <line num="1211" count="39" type="stmt"/>
        <line num="1212" count="39" type="stmt"/>
        <line num="1214" count="39" type="cond" truecount="1" falsecount="1"/>
        <line num="1215" count="0" type="stmt"/>
        <line num="1217" count="39" type="stmt"/>
        <line num="1221" count="39" type="stmt"/>
        <line num="1225" count="39" type="cond" truecount="1" falsecount="1"/>
        <line num="1226" count="0" type="stmt"/>
        <line num="1228" count="39" type="stmt"/>
        <line num="1230" count="39" type="cond" truecount="1" falsecount="1"/>
        <line num="1231" count="0" type="stmt"/>
        <line num="1232" count="0" type="stmt"/>
        <line num="1237" count="9" type="stmt"/>
        <line num="1239" count="9" type="cond" truecount="2" falsecount="0"/>
        <line num="1245" count="2" type="stmt"/>
        <line num="1248" count="7" type="stmt"/>
        <line num="1249" count="7" type="stmt"/>
        <line num="1251" count="7" type="stmt"/>
        <line num="1252" count="0" type="stmt"/>
        <line num="1255" count="7" type="cond" truecount="1" falsecount="1"/>
        <line num="1256" count="0" type="stmt"/>
        <line num="1258" count="7" type="stmt"/>
        <line num="1259" count="7" type="stmt"/>
        <line num="1260" count="7" type="stmt"/>
        <line num="1261" count="7" type="stmt"/>
        <line num="1262" count="7" type="stmt"/>
        <line num="1263" count="7" type="stmt"/>
        <line num="1265" count="7" type="cond" truecount="1" falsecount="1"/>
        <line num="1266" count="0" type="stmt"/>
        <line num="1268" count="7" type="cond" truecount="1" falsecount="1"/>
        <line num="1269" count="0" type="stmt"/>
        <line num="1271" count="7" type="stmt"/>
        <line num="1275" count="7" type="stmt"/>
        <line num="1277" count="7" type="cond" truecount="1" falsecount="1"/>
        <line num="1284" count="0" type="stmt"/>
        <line num="1287" count="7" type="stmt"/>
        <line num="1288" count="7" type="stmt"/>
        <line num="1290" count="7" type="stmt"/>
        <line num="1291" count="7" type="stmt"/>
        <line num="1292" count="7" type="stmt"/>
        <line num="1296" count="7" type="stmt"/>
        <line num="1298" count="7" type="cond" truecount="1" falsecount="1"/>
        <line num="1299" count="0" type="stmt"/>
        <line num="1301" count="0" type="cond" truecount="0" falsecount="2"/>
        <line num="1307" count="0" type="stmt"/>
        <line num="1312" count="0" type="stmt"/>
        <line num="1314" count="0" type="stmt"/>
        <line num="1319" count="6" type="stmt"/>
        <line num="1321" count="6" type="cond" truecount="1" falsecount="1"/>
        <line num="1328" count="0" type="stmt"/>
        <line num="1331" count="6" type="stmt"/>
        <line num="1332" count="6" type="stmt"/>
        <line num="1334" count="6" type="cond" truecount="1" falsecount="1"/>
        <line num="1335" count="0" type="stmt"/>
        <line num="1337" count="6" type="stmt"/>
        <line num="1339" count="6" type="stmt"/>
        <line num="1342" count="6" type="cond" truecount="2" falsecount="0"/>
        <line num="1343" count="5" type="stmt"/>
        <line num="1344" count="5" type="stmt"/>
        <line num="1345" count="5" type="stmt"/>
        <line num="1348" count="1" type="stmt"/>
        <line num="1350" count="1" type="stmt"/>
        <line num="1351" count="1" type="stmt"/>
        <line num="1352" count="1" type="stmt"/>
        <line num="1355" count="1" type="stmt"/>
        <line num="1357" count="1" type="stmt"/>
        <line num="1359" count="1" type="cond" truecount="1" falsecount="1"/>
        <line num="1360" count="0" type="stmt"/>
        <line num="1362" count="0" type="cond" truecount="0" falsecount="2"/>
        <line num="1368" count="0" type="stmt"/>
        <line num="1373" count="0" type="stmt"/>
        <line num="1375" count="0" type="stmt"/>
        <line num="1380" count="1" type="stmt"/>
        <line num="1382" count="1" type="cond" truecount="1" falsecount="1"/>
        <line num="1389" count="0" type="stmt"/>
        <line num="1392" count="1" type="stmt"/>
        <line num="1393" count="1" type="stmt"/>
        <line num="1395" count="1" type="stmt"/>
        <line num="1397" count="1" type="stmt"/>
        <line num="1398" count="1" type="stmt"/>
        <line num="1400" count="1" type="cond" truecount="1" falsecount="1"/>
        <line num="1401" count="1" type="stmt"/>
        <line num="1404" count="1" type="stmt"/>
        <line num="1406" count="1" type="cond" truecount="1" falsecount="1"/>
        <line num="1407" count="0" type="stmt"/>
        <line num="1409" count="1" type="stmt"/>
        <line num="1410" count="1" type="stmt"/>
        <line num="1411" count="1" type="cond" truecount="1" falsecount="1"/>
        <line num="1412" count="0" type="stmt"/>
        <line num="1415" count="1" type="stmt"/>
        <line num="1420" count="45" type="stmt"/>
        <line num="1422" count="45" type="cond" truecount="1" falsecount="1"/>
        <line num="1428" count="0" type="stmt"/>
        <line num="1431" count="45" type="stmt"/>
        <line num="1432" count="45" type="stmt"/>
        <line num="1434" count="45" type="cond" truecount="1" falsecount="1"/>
        <line num="1435" count="0" type="stmt"/>
        <line num="1436" count="0" type="stmt"/>
        <line num="1438" count="45" type="stmt"/>
        <line num="1439" count="45" type="stmt"/>
        <line num="1441" count="45" type="stmt"/>
        <line num="1443" count="45" type="stmt"/>
        <line num="1445" count="45" type="cond" truecount="1" falsecount="1"/>
        <line num="1446" count="0" type="stmt"/>
        <line num="1448" count="0" type="cond" truecount="0" falsecount="2"/>
        <line num="1453" count="0" type="stmt"/>
        <line num="1458" count="0" type="stmt"/>
        <line num="1460" count="0" type="stmt"/>
        <line num="1466" count="0" type="stmt"/>
        <line num="1467" count="0" type="cond" truecount="0" falsecount="2"/>
        <line num="1468" count="0" type="stmt"/>
        <line num="1470" count="0" type="stmt"/>
        <line num="1471" count="0" type="stmt"/>
        <line num="1472" count="0" type="stmt"/>
        <line num="1474" count="0" type="cond" truecount="0" falsecount="2"/>
        <line num="1475" count="0" type="stmt"/>
        <line num="1477" count="0" type="cond" truecount="0" falsecount="2"/>
        <line num="1478" count="0" type="stmt"/>
        <line num="1481" count="0" type="stmt"/>
        <line num="1496" count="119" type="cond" truecount="3" falsecount="1"/>
        <line num="1497" count="0" type="cond" truecount="0" falsecount="2"/>
        <line num="1498" count="0" type="stmt"/>
        <line num="1499" count="0" type="stmt"/>
        <line num="1502" count="119" type="stmt"/>
        <line num="1503" count="119" type="cond" truecount="1" falsecount="1"/>
        <line num="1504" count="0" type="cond" truecount="0" falsecount="2"/>
        <line num="1505" count="0" type="stmt"/>
        <line num="1506" count="0" type="stmt"/>
        <line num="1509" count="119" type="cond" truecount="3" falsecount="1"/>
        <line num="1510" count="0" type="stmt"/>
        <line num="1512" count="0" type="stmt"/>
        <line num="1514" count="0" type="stmt"/>
        <line num="1515" count="0" type="stmt"/>
        <line num="1518" count="0" type="stmt"/>
        <line num="1519" count="0" type="stmt"/>
        <line num="1520" count="0" type="stmt"/>
        <line num="1523" count="119" type="stmt"/>
        <line num="1525" count="119" type="cond" truecount="1" falsecount="1"/>
        <line num="1526" count="119" type="stmt"/>
        <line num="1528" count="119" type="stmt"/>
        <line num="1529" count="119" type="stmt"/>
        <line num="1531" count="119" type="cond" truecount="1" falsecount="1"/>
        <line num="1532" count="0" type="stmt"/>
        <line num="1533" count="0" type="stmt"/>
        <line num="1534" count="0" type="stmt"/>
        <line num="1537" count="119" type="stmt"/>
        <line num="1541" count="119" type="stmt"/>
        <line num="1545" count="15" type="stmt"/>
        <line num="1547" count="15" type="stmt"/>
        <line num="1548" count="15" type="stmt"/>
        <line num="1549" count="15" type="stmt"/>
        <line num="1550" count="15" type="stmt"/>
        <line num="1551" count="15" type="stmt"/>
        <line num="1552" count="15" type="stmt"/>
        <line num="1553" count="15" type="stmt"/>
[...]
        <line num="18" count="8" type="stmt"/>
        <line num="22" count="0" type="stmt"/>
        <line num="26" count="0" type="stmt"/>
        <line num="33" count="121" type="stmt"/>
        <line num="37" count="119" type="stmt"/>
        <line num="38" count="119" type="stmt"/>
        <line num="39" count="119" type="stmt"/>
        <line num="48" count="916" type="stmt"/>
        <line num="55" count="770" type="stmt"/>
        <line num="59" count="0" type="stmt"/>
        <line num="63" count="205" type="stmt"/>
        <line num="67" count="3" type="stmt"/>
        <line num="71" count="0" type="stmt"/>
        <line num="75" count="27" type="stmt"/>
        <line num="79" count="0" type="stmt"/>
        <line num="83" count="24" type="stmt"/>
        <line num="87" count="771" type="stmt"/>
        <line num="91" count="0" type="stmt"/>
        <line num="95" count="0" type="stmt"/>
        <line num="99" count="118" type="stmt"/>
        <line num="100" count="118" type="stmt"/>
        <line num="101" count="372" type="cond" truecount="2" falsecount="0"/>
        <line num="102" count="370" type="stmt"/>
        <line num="105" count="118" type="stmt"/>
        <line num="109" count="0" type="stmt"/>
        <line num="113" count="0" type="stmt"/>
        <line num="114" count="0" type="stmt"/>
        <line num="115" count="0" type="stmt"/>
        <line num="117" count="0" type="stmt"/>
        <line num="119" count="0" type="cond" truecount="0" falsecount="2"/>
        <line num="120" count="0" type="stmt"/>
        <line num="121" count="0" type="stmt"/>
        <line num="124" count="0" type="stmt"/>
        <line num="129" count="0" type="stmt"/>
        <line num="130" count="0" type="stmt"/>
        <line num="135" count="45" type="stmt"/>
        <line num="136" count="106" type="stmt"/>
        <line num="141" count="40" type="stmt"/>
        <line num="142" count="105" type="stmt"/>
        <line num="147" count="5" type="stmt"/>
      </file>
      <file name="role.js" path="C:\Users\alexc\OneDrive\Documents\Code\repos\brobot\modules\rapid_discord_mafia\role.js">
        <metrics statements="29" coveredstatements="26" conditionals="19" coveredconditionals="16" methods="4" coveredmethods="3"/>
        <line num="1" count="5" type="stmt"/>
        <line num="2" count="5" type="stmt"/>
        <line num="6" count="100" type="stmt"/>
        <line num="7" count="100" type="stmt"/>
        <line num="8" count="100" type="stmt"/>
        <line num="9" count="100" type="stmt"/>
        <line num="10" count="100" type="stmt"/>
        <line num="11" count="100" type="stmt"/>
        <line num="12" count="100" type="stmt"/>
        <line num="13" count="100" type="stmt"/>
        <line num="14" count="100" type="stmt"/>
        <line num="15" count="100" type="stmt"/>
        <line num="20" count="236" type="stmt"/>
        <line num="21" count="236" type="stmt"/>
        <line num="22" count="236" type="stmt"/>
        <line num="23" count="236" type="cond" truecount="2" falsecount="0"/>
        <line num="26" count="236" type="cond" truecount="4" falsecount="0"/>
        <line num="27" count="234" type="stmt"/>
        <line num="30" count="234" type="stmt"/>
        <line num="31" count="304" type="stmt"/>
        <line num="35" count="236" type="cond" truecount="4" falsecount="0"/>
        <line num="36" count="30" type="stmt"/>
        <line num="37" count="40" type="stmt"/>
        <line num="41" count="236" type="stmt"/>
        <line num="50" count="236" type="stmt"/>
        <line num="54" count="0" type="cond" truecount="0" falsecount="2"/>
        <line num="55" count="0" type="stmt"/>
        <line num="58" count="0" type="stmt"/>
        <line num="63" count="5" type="stmt"/>
      </file>
      <file name="roles.js" path="C:\Users\alexc\OneDrive\Documents\Code\repos\brobot\modules\rapid_discord_mafia\roles.js">
        <metrics statements="5" coveredstatements="5" conditionals="0" coveredconditionals="0" methods="0" coveredmethods="0"/>
        <line num="1" count="5" type="stmt"/>
        <line num="2" count="5" type="stmt"/>
        <line num="3" count="5" type="stmt"/>
        <line num="5" count="5" type="stmt"/>
        <line num="253" count="5" type="stmt"/>
      </file>
    </package>
    <package name="unused.modules">
      <metrics statements="262" coveredstatements="34" conditionals="82" coveredconditionals="5" methods="27" coveredmethods="4"/>
      <file name="perform.js" path="C:\Users\alexc\OneDrive\Documents\Code\repos\brobot\unused\modules\perform.js">
        <metrics statements="262" coveredstatements="34" conditionals="82" coveredconditionals="5" methods="27" coveredmethods="4"/>
        <line num="2" count="1" type="stmt"/>
        <line num="3" count="1" type="stmt"/>
        <line num="4" count="4" type="stmt"/>
        <line num="5" count="4" type="stmt"/>
        <line num="7" count="4" type="cond" truecount="1" falsecount="1"/>
        <line num="8" count="4" type="cond" truecount="1" falsecount="1"/>
        <line num="9" count="4" type="stmt"/>
        <line num="11" count="4" type="stmt"/>
        <line num="14" count="4" type="stmt"/>
        <line num="22" count="4" type="stmt"/>
        <line num="25" count="1" type="stmt"/>
        <line num="26" count="2" type="stmt"/>
        <line num="27" count="2" type="stmt"/>
        <line num="29" count="2" type="cond" truecount="1" falsecount="1"/>
        <line num="30" count="2" type="stmt"/>
        <line num="31" count="2" type="stmt"/>
        <line num="34" count="0" type="stmt"/>
        <line num="38" count="1" type="stmt"/>
        <line num="39" count="0" type="stmt"/>
        <line num="42" count="0" type="cond" truecount="0" falsecount="2"/>
        <line num="43" count="0" type="stmt"/>
        <line num="45" count="0" type="stmt"/>
        <line num="47" count="0" type="stmt"/>
        <line num="48" count="0" type="stmt"/>
        <line num="50" count="0" type="stmt"/>
        <line num="51" count="0" type="cond" truecount="0" falsecount="4"/>
        <line num="52" count="0" type="stmt"/>
        <line num="54" count="0" type="stmt"/>
        <line num="65" count="0" type="stmt"/>
        <line num="67" count="0" type="stmt"/>
        <line num="69" count="0" type="stmt"/>
        <line num="70" count="0" type="stmt"/>
        <line num="71" count="0" type="stmt"/>
        <line num="75" count="0" type="cond" truecount="0" falsecount="2"/>
        <line num="76" count="0" type="stmt"/>
        <line num="78" count="0" type="stmt"/>
        <line num="79" count="0" type="stmt"/>
        <line num="80" count="0" type="stmt"/>
        <line num="82" count="0" type="stmt"/>
        <line num="84" count="0" type="cond" truecount="0" falsecount="2"/>
        <line num="85" count="0" type="stmt"/>
        <line num="87" count="0" type="stmt"/>
        <line num="88" count="0" type="stmt"/>
        <line num="93" count="0" type="stmt"/>
        <line num="94" count="0" type="stmt"/>
        <line num="100" count="1" type="stmt"/>
        <line num="106" count="0" type="stmt"/>
        <line num="107" count="0" type="stmt"/>
        <line num="108" count="0" type="stmt"/>
        <line num="109" count="0" type="stmt"/>
        <line num="110" count="0" type="stmt"/>
        <line num="112" count="0" type="cond" truecount="0" falsecount="4"/>
        <line num="113" count="0" type="stmt"/>
        <line num="114" count="0" type="stmt"/>
        <line num="117" count="0" type="stmt"/>
        <line num="120" count="0" type="cond" truecount="0" falsecount="2"/>
        <line num="122" count="0" type="stmt"/>
        <line num="124" count="0" type="stmt"/>
        <line num="126" count="0" type="stmt"/>
        <line num="133" count="0" type="stmt"/>
        <line num="134" count="0" type="stmt"/>
        <line num="137" count="0" type="stmt"/>
        <line num="138" count="0" type="stmt"/>
        <line num="145" count="0" type="stmt"/>
        <line num="146" count="0" type="stmt"/>
        <line num="148" count="0" type="stmt"/>
        <line num="149" count="0" type="stmt"/>
        <line num="156" count="0" type="stmt"/>
        <line num="157" count="0" type="stmt"/>
        <line num="158" count="0" type="stmt"/>
        <line num="159" count="0" type="stmt"/>
        <line num="161" count="0" type="stmt"/>
        <line num="163" count="0" type="stmt"/>
        <line num="170" count="2" type="stmt"/>
        <line num="171" count="2" type="stmt"/>
        <line num="173" count="2" type="stmt"/>
        <line num="175" count="2" type="stmt"/>
        <line num="182" count="0" type="stmt"/>
        <line num="183" count="0" type="stmt"/>
        <line num="184" count="0" type="stmt"/>
        <line num="185" count="0" type="stmt"/>
        <line num="187" count="0" type="cond" truecount="0" falsecount="2"/>
        <line num="188" count="0" type="stmt"/>
        <line num="189" count="0" type="stmt"/>
        <line num="196" count="0" type="stmt"/>
        <line num="199" count="0" type="stmt"/>
        <line num="200" count="0" type="stmt"/>
        <line num="207" count="0" type="stmt"/>
        <line num="215" count="0" type="stmt"/>
        <line num="216" count="0" type="stmt"/>
        <line num="217" count="0" type="stmt"/>
        <line num="218" count="0" type="stmt"/>
        <line num="220" count="0" type="stmt"/>
        <line num="222" count="0" type="stmt"/>
        <line num="229" count="0" type="stmt"/>
        <line num="230" count="0" type="stmt"/>
        <line num="231" count="0" type="stmt"/>
        <line num="232" count="0" type="stmt"/>
        <line num="234" count="0" type="stmt"/>
        <line num="235" count="0" type="stmt"/>
        <line num="242" count="0" type="stmt"/>
        <line num="243" count="0" type="stmt"/>
        <line num="245" count="0" type="stmt"/>
        <line num="246" count="0" type="stmt"/>
        <line num="253" count="0" type="stmt"/>
        <line num="254" count="0" type="stmt"/>
        <line num="255" count="0" type="stmt"/>
        <line num="256" count="0" type="stmt"/>
        <line num="258" count="0" type="stmt"/>
        <line num="259" count="0" type="stmt"/>
        <line num="266" count="0" type="stmt"/>
        <line num="267" count="0" type="stmt"/>
        <line num="268" count="0" type="stmt"/>
        <line num="269" count="0" type="stmt"/>
        <line num="270" count="0" type="stmt"/>
        <line num="272" count="0" type="stmt"/>
        <line num="274" count="0" type="cond" truecount="0" falsecount="2"/>
        <line num="275" count="0" type="stmt"/>
        <line num="276" count="0" type="stmt"/>
        <line num="278" count="0" type="cond" truecount="0" falsecount="2"/>
        <line num="282" count="0" type="stmt"/>
        <line num="283" count="0" type="stmt"/>
        <line num="286" count="0" type="stmt"/>
        <line num="287" count="0" type="stmt"/>
        <line num="290" count="0" type="stmt"/>
        <line num="291" count="0" type="stmt"/>
        <line num="293" count="0" type="stmt"/>
        <line num="294" count="0" type="stmt"/>
        <line num="301" count="2" type="stmt"/>
        <line num="302" count="2" type="stmt"/>
        <line num="303" count="2" type="stmt"/>
        <line num="304" count="2" type="stmt"/>
        <line num="305" count="2" type="stmt"/>
        <line num="307" count="2" type="stmt"/>
        <line num="309" count="2" type="stmt"/>
        <line num="311" count="2" type="cond" truecount="2" falsecount="2"/>
        <line num="312" count="0" type="stmt"/>
        <line num="314" count="2" type="stmt"/>
        <line num="316" count="2" type="stmt"/>
        <line num="317" count="2" type="stmt"/>
        <line num="324" count="0" type="stmt"/>
        <line num="325" count="0" type="stmt"/>
        <line num="326" count="0" type="stmt"/>
        <line num="327" count="0" type="stmt"/>
        <line num="329" count="0" type="stmt"/>
        <line num="331" count="0" type="stmt"/>
        <line num="333" count="0" type="stmt"/>
        <line num="334" count="0" type="cond" truecount="0" falsecount="2"/>
        <line num="335" count="0" type="stmt"/>
        <line num="338" count="0" type="stmt"/>
        <line num="340" count="0" type="cond" truecount="0" falsecount="2"/>
        <line num="344" count="0" type="stmt"/>
        <line num="348" count="0" type="cond" truecount="0" falsecount="2"/>
        <line num="349" count="0" type="stmt"/>
        <line num="351" count="0" type="stmt"/>
        <line num="353" count="0" type="stmt"/>
        <line num="360" count="0" type="stmt"/>
        <line num="361" count="0" type="stmt"/>
        <line num="362" count="0" type="stmt"/>
        <line num="363" count="0" type="stmt"/>
        <line num="364" count="0" type="stmt"/>
        <line num="366" count="0" type="stmt"/>
        <line num="367" count="0" type="stmt"/>
        <line num="374" count="0" type="stmt"/>
        <line num="375" count="0" type="stmt"/>
        <line num="376" count="0" type="stmt"/>
        <line num="377" count="0" type="stmt"/>
        <line num="379" count="0" type="stmt"/>
        <line num="381" count="0" type="stmt"/>
        <line num="383" count="0" type="stmt"/>
        <line num="385" count="0" type="stmt"/>
        <line num="392" count="0" type="stmt"/>
        <line num="393" count="0" type="stmt"/>
        <line num="395" count="0" type="stmt"/>
        <line num="397" count="0" type="stmt"/>
        <line num="404" count="0" type="stmt"/>
        <line num="405" count="0" type="stmt"/>
        <line num="406" count="0" type="stmt"/>
        <line num="408" count="0" type="stmt"/>
        <line num="410" count="0" type="stmt"/>
        <line num="411" count="0" type="stmt"/>
        <line num="412" count="0" type="stmt"/>
        <line num="413" count="0" type="stmt"/>
        <line num="416" count="0" type="cond" truecount="0" falsecount="2"/>
        <line num="417" count="0" type="stmt"/>
        <line num="421" count="0" type="cond" truecount="0" falsecount="2"/>
        <line num="422" count="0" type="stmt"/>
        <line num="425" count="0" type="stmt"/>
        <line num="427" count="0" type="cond" truecount="0" falsecount="2"/>
        <line num="440" count="0" type="stmt"/>
        <line num="442" count="0" type="stmt"/>
        <line num="443" count="0" type="stmt"/>
        <line num="444" count="0" type="stmt"/>
        <line num="448" count="0" type="cond" truecount="0" falsecount="2"/>
        <line num="449" count="0" type="cond" truecount="0" falsecount="2"/>
        <line num="451" count="0" type="cond" truecount="0" falsecount="2"/>
        <line num="452" count="0" type="stmt"/>
        <line num="454" count="0" type="stmt"/>
        <line num="457" count="0" type="stmt"/>
        <line num="463" count="0" type="stmt"/>
        <line num="465" count="0" type="stmt"/>
        <line num="466" count="0" type="stmt"/>
        <line num="467" count="0" type="stmt"/>
        <line num="474" count="0" type="stmt"/>
        <line num="475" count="0" type="stmt"/>
        <line num="476" count="0" type="stmt"/>
        <line num="477" count="0" type="stmt"/>
        <line num="478" count="0" type="stmt"/>
        <line num="480" count="0" type="stmt"/>
        <line num="482" count="0" type="cond" truecount="0" falsecount="2"/>
        <line num="483" count="0" type="stmt"/>
        <line num="487" count="0" type="stmt"/>
        <line num="488" count="0" type="stmt"/>
        <line num="489" count="0" type="stmt"/>
        <line num="491" count="0" type="cond" truecount="0" falsecount="2"/>
        <line num="492" count="0" type="stmt"/>
        <line num="494" count="0" type="cond" truecount="0" falsecount="2"/>
        <line num="495" count="0" type="stmt"/>
        <line num="497" count="0" type="cond" truecount="0" falsecount="2"/>
        <line num="498" count="0" type="stmt"/>
        <line num="501" count="0" type="stmt"/>
        <line num="502" count="0" type="stmt"/>
        <line num="503" count="0" type="stmt"/>
        <line num="505" count="0" type="stmt"/>
        <line num="506" count="0" type="stmt"/>
        <line num="509" count="0" type="stmt"/>
        <line num="511" count="0" type="stmt"/>
        <line num="518" count="0" type="stmt"/>
        <line num="519" count="0" type="stmt"/>
        <line num="520" count="0" type="stmt"/>
        <line num="521" count="0" type="stmt"/>
        <line num="523" count="0" type="stmt"/>
        <line num="526" count="0" type="cond" truecount="0" falsecount="2"/>
        <line num="527" count="0" type="stmt"/>
        <line num="529" count="0" type="stmt"/>
        <line num="531" count="0" type="stmt"/>
        <line num="532" count="0" type="stmt"/>
        <line num="534" count="0" type="stmt"/>
        <line num="538" count="0" type="stmt"/>
        <line num="546" count="0" type="stmt"/>
        <line num="547" count="0" type="stmt"/>
        <line num="548" count="0" type="stmt"/>
        <line num="549" count="0" type="stmt"/>
        <line num="550" count="0" type="stmt"/>
        <line num="552" count="0" type="stmt"/>
        <line num="554" count="0" type="stmt"/>
        <line num="556" count="0" type="cond" truecount="0" falsecount="2"/>
        <line num="557" count="0" type="stmt"/>
        <line num="558" count="0" type="stmt"/>
        <line num="560" count="0" type="stmt"/>
        <line num="561" count="0" type="stmt"/>
        <line num="563" count="0" type="stmt"/>
        <line num="566" count="0" type="stmt"/>
        <line num="569" count="0" type="cond" truecount="0" falsecount="2"/>
        <line num="573" count="0" type="stmt"/>
        <line num="574" count="0" type="stmt"/>
        <line num="577" count="0" type="stmt"/>
        <line num="580" count="0" type="stmt"/>
        <line num="581" count="0" type="stmt"/>
        <line num="582" count="0" type="stmt"/>
        <line num="584" count="0" type="stmt"/>
        <line num="588" count="1" type="stmt"/>
      </file>
    </package>
    <package name="utilities">
      <metrics statements="26" coveredstatements="6" conditionals="18" coveredconditionals="2" methods="8" coveredmethods="1"/>
      <file name="validator.js" path="C:\Users\alexc\OneDrive\Documents\Code\repos\brobot\utilities\validator.js">
        <metrics statements="26" coveredstatements="6" conditionals="18" coveredconditionals="2" methods="8" coveredmethods="1"/>
        <line num="1" count="5" type="stmt"/>
        <line num="3" count="119" type="stmt"/>
        <line num="5" count="119" type="cond" truecount="1" falsecount="1"/>
        <line num="6" count="0" type="stmt"/>
        <line num="10" count="119" type="cond" truecount="1" falsecount="1"/>
        <line num="11" count="0" type="stmt"/>
        <line num="14" count="119" type="stmt"/>
        <line num="17" count="0" type="stmt"/>
        <line num="25" count="0" type="stmt"/>
        <line num="32" count="0" type="stmt"/>
        <line num="35" count="0" type="stmt"/>
        <line num="36" count="0" type="stmt"/>
        <line num="39" count="0" type="cond" truecount="0" falsecount="2"/>
        <line num="40" count="0" type="stmt"/>
        <line num="42" count="0" type="cond" truecount="0" falsecount="2"/>
        <line num="43" count="0" type="stmt"/>
        <line num="45" count="0" type="stmt"/>
        <line num="46" count="0" type="cond" truecount="0" falsecount="2"/>
        <line num="47" count="0" type="stmt"/>
        <line num="51" count="0" type="stmt"/>
        <line num="54" count="0" type="stmt"/>
        <line num="56" count="0" type="cond" truecount="0" falsecount="2"/>
        <line num="57" count="0" type="stmt"/>
        <line num="59" count="0" type="stmt"/>
        <line num="62" count="0" type="stmt"/>
        <line num="66" count="5" type="stmt"/>
      </file>
    </package>
  </project>
</coverage>
