{"C:\\Users\\alexc\\OneDrive\\Documents\\Code\\repos\\brobot\\modules\\enums.js": {"path":"C:\\Users\\alexc\\OneDrive\\Documents\\Code\\repos\\brobot\\modules\\enums.js","statementMap":{"0":{"start":{"line":1,"column":51},"end":{"line":1,"column":73}},"1":{"start":{"line":2,"column":12},"end":{"line":2,"column":39}},"2":{"start":{"line":4,"column":14},"end":{"line":660,"column":1}},"3":{"start":{"line":21,"column":3},"end":{"line":22,"column":103}},"4":{"start":{"line":22,"column":4},"end":{"line":22,"column":103}},"5":{"start":{"line":23,"column":3},"end":{"line":23,"column":16}},"6":{"start":{"line":30,"column":3},"end":{"line":31,"column":105}},"7":{"start":{"line":31,"column":4},"end":{"line":31,"column":105}},"8":{"start":{"line":32,"column":3},"end":{"line":32,"column":55}},"9":{"start":{"line":101,"column":27},"end":{"line":101,"column":43}},"10":{"start":{"line":108,"column":27},"end":{"line":108,"column":43}},"11":{"start":{"line":236,"column":3},"end":{"line":238,"column":126}},"12":{"start":{"line":240,"column":3},"end":{"line":242,"column":126}},"13":{"start":{"line":244,"column":3},"end":{"line":246,"column":78}},"14":{"start":{"line":248,"column":3},"end":{"line":250,"column":66}},"15":{"start":{"line":252,"column":3},"end":{"line":252,"column":132}},"16":{"start":{"line":254,"column":3},"end":{"line":254,"column":90}},"17":{"start":{"line":256,"column":3},"end":{"line":258,"column":69}},"18":{"start":{"line":258,"column":44},"end":{"line":258,"column":59}},"19":{"start":{"line":260,"column":3},"end":{"line":261,"column":83}},"20":{"start":{"line":261,"column":47},"end":{"line":261,"column":73}},"21":{"start":{"line":278,"column":54},"end":{"line":283,"column":3}},"22":{"start":{"line":282,"column":50},"end":{"line":282,"column":63}},"23":{"start":{"line":284,"column":21},"end":{"line":288,"column":3}},"24":{"start":{"line":289,"column":41},"end":{"line":293,"column":3}},"25":{"start":{"line":294,"column":21},"end":{"line":298,"column":3}},"26":{"start":{"line":302,"column":3},"end":{"line":302,"column":82}},"27":{"start":{"line":306,"column":49},"end":{"line":306,"column":102}},"28":{"start":{"line":307,"column":33},"end":{"line":307,"column":65}},"29":{"start":{"line":309,"column":3},"end":{"line":309,"column":64}},"30":{"start":{"line":310,"column":35},"end":{"line":314,"column":3}},"31":{"start":{"line":316,"column":3},"end":{"line":316,"column":131}},"32":{"start":{"line":318,"column":3},"end":{"line":318,"column":80}},"33":{"start":{"line":320,"column":3},"end":{"line":320,"column":109}},"34":{"start":{"line":322,"column":3},"end":{"line":322,"column":56}},"35":{"start":{"line":324,"column":3},"end":{"line":324,"column":95}},"36":{"start":{"line":326,"column":3},"end":{"line":326,"column":104}},"37":{"start":{"line":327,"column":45},"end":{"line":333,"column":3}},"38":{"start":{"line":335,"column":3},"end":{"line":335,"column":70}},"39":{"start":{"line":339,"column":26},"end":{"line":339,"column":92}},"40":{"start":{"line":340,"column":36},"end":{"line":340,"column":88}},"41":{"start":{"line":341,"column":32},"end":{"line":341,"column":61}},"42":{"start":{"line":342,"column":37},"end":{"line":342,"column":89}},"43":{"start":{"line":344,"column":4},"end":{"line":344,"column":48}},"44":{"start":{"line":346,"column":3},"end":{"line":346,"column":61}},"45":{"start":{"line":348,"column":3},"end":{"line":348,"column":33}},"46":{"start":{"line":350,"column":3},"end":{"line":350,"column":63}},"47":{"start":{"line":352,"column":39},"end":{"line":354,"column":4}},"48":{"start":{"line":353,"column":12},"end":{"line":353,"column":25}},"49":{"start":{"line":355,"column":36},"end":{"line":355,"column":85}},"50":{"start":{"line":356,"column":35},"end":{"line":358,"column":4}},"51":{"start":{"line":357,"column":12},"end":{"line":357,"column":25}},"52":{"start":{"line":359,"column":37},"end":{"line":359,"column":82}},"53":{"start":{"line":361,"column":3},"end":{"line":364,"column":4}},"54":{"start":{"line":367,"column":3},"end":{"line":367,"column":81}},"55":{"start":{"line":369,"column":3},"end":{"line":369,"column":171}},"56":{"start":{"line":371,"column":3},"end":{"line":371,"column":60}},"57":{"start":{"line":373,"column":3},"end":{"line":373,"column":75}},"58":{"start":{"line":375,"column":3},"end":{"line":375,"column":96}},"59":{"start":{"line":377,"column":3},"end":{"line":377,"column":178}},"60":{"start":{"line":382,"column":4},"end":{"line":385,"column":73}},"61":{"start":{"line":385,"column":46},"end":{"line":385,"column":61}},"62":{"start":{"line":387,"column":3},"end":{"line":387,"column":69}},"63":{"start":{"line":392,"column":3},"end":{"line":392,"column":74}},"64":{"start":{"line":401,"column":41},"end":{"line":401,"column":82}},"65":{"start":{"line":402,"column":48},"end":{"line":402,"column":94}},"66":{"start":{"line":404,"column":3},"end":{"line":410,"column":4}},"67":{"start":{"line":406,"column":5},"end":{"line":406,"column":75}},"68":{"start":{"line":409,"column":5},"end":{"line":409,"column":52}},"69":{"start":{"line":412,"column":42},"end":{"line":412,"column":86}},"70":{"start":{"line":414,"column":64},"end":{"line":414,"column":140}},"71":{"start":{"line":415,"column":48},"end":{"line":415,"column":110}},"72":{"start":{"line":416,"column":56},"end":{"line":416,"column":119}},"73":{"start":{"line":417,"column":49},"end":{"line":417,"column":105}},"74":{"start":{"line":419,"column":3},"end":{"line":419,"column":71}},"75":{"start":{"line":428,"column":3},"end":{"line":428,"column":59}},"76":{"start":{"line":428,"column":38},"end":{"line":428,"column":58}},"77":{"start":{"line":429,"column":3},"end":{"line":429,"column":126}},"78":{"start":{"line":431,"column":72},"end":{"line":431,"column":169}},"79":{"start":{"line":432,"column":54},"end":{"line":432,"column":136}},"80":{"start":{"line":433,"column":39},"end":{"line":433,"column":126}},"81":{"start":{"line":434,"column":39},"end":{"line":434,"column":96}},"82":{"start":{"line":435,"column":45},"end":{"line":435,"column":114}},"83":{"start":{"line":436,"column":41},"end":{"line":436,"column":132}},"84":{"start":{"line":437,"column":41},"end":{"line":437,"column":120}},"85":{"start":{"line":438,"column":68},"end":{"line":438,"column":175}},"86":{"start":{"line":440,"column":3},"end":{"line":443,"column":124}},"87":{"start":{"line":444,"column":23},"end":{"line":444,"column":78}},"88":{"start":{"line":446,"column":3},"end":{"line":446,"column":76}},"89":{"start":{"line":448,"column":3},"end":{"line":448,"column":168}},"90":{"start":{"line":450,"column":3},"end":{"line":450,"column":178}},"91":{"start":{"line":452,"column":3},"end":{"line":452,"column":182}},"92":{"start":{"line":454,"column":3},"end":{"line":454,"column":129}},"93":{"start":{"line":458,"column":3},"end":{"line":458,"column":103}},"94":{"start":{"line":460,"column":3},"end":{"line":460,"column":58}},"95":{"start":{"line":462,"column":3},"end":{"line":462,"column":129}},"96":{"start":{"line":464,"column":3},"end":{"line":464,"column":187}},"97":{"start":{"line":473,"column":3},"end":{"line":473,"column":99}},"98":{"start":{"line":475,"column":3},"end":{"line":475,"column":96}},"99":{"start":{"line":662,"column":0},"end":{"line":662,"column":23}}},"fnMap":{"0":{"name":"(anonymous_0)","decl":{"start":{"line":20,"column":10},"end":{"line":20,"column":11}},"loc":{"start":{"line":20,"column":22},"end":{"line":24,"column":3}},"line":20},"1":{"name":"(anonymous_1)","decl":{"start":{"line":29,"column":10},"end":{"line":29,"column":11}},"loc":{"start":{"line":29,"column":29},"end":{"line":33,"column":3}},"line":29},"2":{"name":"(anonymous_2)","decl":{"start":{"line":101,"column":10},"end":{"line":101,"column":11}},"loc":{"start":{"line":101,"column":27},"end":{"line":101,"column":43}},"line":101},"3":{"name":"(anonymous_3)","decl":{"start":{"line":108,"column":10},"end":{"line":108,"column":11}},"loc":{"start":{"line":108,"column":27},"end":{"line":108,"column":43}},"line":108},"4":{"name":"(anonymous_4)","decl":{"start":{"line":235,"column":16},"end":{"line":235,"column":17}},"loc":{"start":{"line":236,"column":3},"end":{"line":238,"column":126}},"line":236},"5":{"name":"(anonymous_5)","decl":{"start":{"line":239,"column":19},"end":{"line":239,"column":20}},"loc":{"start":{"line":240,"column":3},"end":{"line":242,"column":126}},"line":240},"6":{"name":"(anonymous_6)","decl":{"start":{"line":243,"column":24},"end":{"line":243,"column":25}},"loc":{"start":{"line":244,"column":3},"end":{"line":246,"column":78}},"line":244},"7":{"name":"(anonymous_7)","decl":{"start":{"line":247,"column":17},"end":{"line":247,"column":18}},"loc":{"start":{"line":248,"column":3},"end":{"line":250,"column":66}},"line":248},"8":{"name":"(anonymous_8)","decl":{"start":{"line":251,"column":20},"end":{"line":251,"column":21}},"loc":{"start":{"line":252,"column":3},"end":{"line":252,"column":132}},"line":252},"9":{"name":"(anonymous_9)","decl":{"start":{"line":253,"column":13},"end":{"line":253,"column":14}},"loc":{"start":{"line":254,"column":3},"end":{"line":254,"column":90}},"line":254},"10":{"name":"(anonymous_10)","decl":{"start":{"line":255,"column":17},"end":{"line":255,"column":18}},"loc":{"start":{"line":256,"column":3},"end":{"line":258,"column":69}},"line":256},"11":{"name":"(anonymous_11)","decl":{"start":{"line":258,"column":36},"end":{"line":258,"column":37}},"loc":{"start":{"line":258,"column":44},"end":{"line":258,"column":59}},"line":258},"12":{"name":"(anonymous_12)","decl":{"start":{"line":259,"column":12},"end":{"line":259,"column":13}},"loc":{"start":{"line":260,"column":3},"end":{"line":261,"column":83}},"line":260},"13":{"name":"(anonymous_13)","decl":{"start":{"line":261,"column":33},"end":{"line":261,"column":34}},"loc":{"start":{"line":261,"column":47},"end":{"line":261,"column":73}},"line":261},"14":{"name":"(anonymous_14)","decl":{"start":{"line":278,"column":15},"end":{"line":278,"column":16}},"loc":{"start":{"line":278,"column":54},"end":{"line":283,"column":3}},"line":278},"15":{"name":"(anonymous_15)","decl":{"start":{"line":282,"column":40},"end":{"line":282,"column":41}},"loc":{"start":{"line":282,"column":50},"end":{"line":282,"column":63}},"line":282},"16":{"name":"(anonymous_16)","decl":{"start":{"line":284,"column":15},"end":{"line":284,"column":16}},"loc":{"start":{"line":284,"column":21},"end":{"line":288,"column":3}},"line":284},"17":{"name":"(anonymous_17)","decl":{"start":{"line":289,"column":12},"end":{"line":289,"column":13}},"loc":{"start":{"line":289,"column":41},"end":{"line":293,"column":3}},"line":289},"18":{"name":"(anonymous_18)","decl":{"start":{"line":294,"column":15},"end":{"line":294,"column":16}},"loc":{"start":{"line":294,"column":21},"end":{"line":298,"column":3}},"line":294},"19":{"name":"(anonymous_19)","decl":{"start":{"line":301,"column":14},"end":{"line":301,"column":15}},"loc":{"start":{"line":302,"column":3},"end":{"line":302,"column":82}},"line":302},"20":{"name":"(anonymous_20)","decl":{"start":{"line":306,"column":23},"end":{"line":306,"column":24}},"loc":{"start":{"line":306,"column":49},"end":{"line":306,"column":102}},"line":306},"21":{"name":"(anonymous_21)","decl":{"start":{"line":307,"column":20},"end":{"line":307,"column":21}},"loc":{"start":{"line":307,"column":33},"end":{"line":307,"column":65}},"line":307},"22":{"name":"(anonymous_22)","decl":{"start":{"line":308,"column":28},"end":{"line":308,"column":29}},"loc":{"start":{"line":309,"column":3},"end":{"line":309,"column":64}},"line":309},"23":{"name":"(anonymous_23)","decl":{"start":{"line":310,"column":14},"end":{"line":310,"column":15}},"loc":{"start":{"line":310,"column":35},"end":{"line":314,"column":3}},"line":310},"24":{"name":"(anonymous_24)","decl":{"start":{"line":315,"column":23},"end":{"line":315,"column":24}},"loc":{"start":{"line":316,"column":3},"end":{"line":316,"column":131}},"line":316},"25":{"name":"(anonymous_25)","decl":{"start":{"line":317,"column":13},"end":{"line":317,"column":14}},"loc":{"start":{"line":318,"column":3},"end":{"line":318,"column":80}},"line":318},"26":{"name":"(anonymous_26)","decl":{"start":{"line":319,"column":19},"end":{"line":319,"column":20}},"loc":{"start":{"line":320,"column":3},"end":{"line":320,"column":109}},"line":320},"27":{"name":"(anonymous_27)","decl":{"start":{"line":321,"column":23},"end":{"line":321,"column":24}},"loc":{"start":{"line":322,"column":3},"end":{"line":322,"column":56}},"line":322},"28":{"name":"(anonymous_28)","decl":{"start":{"line":323,"column":24},"end":{"line":323,"column":25}},"loc":{"start":{"line":324,"column":3},"end":{"line":324,"column":95}},"line":324},"29":{"name":"(anonymous_29)","decl":{"start":{"line":325,"column":22},"end":{"line":325,"column":23}},"loc":{"start":{"line":326,"column":3},"end":{"line":326,"column":104}},"line":326},"30":{"name":"(anonymous_30)","decl":{"start":{"line":327,"column":14},"end":{"line":327,"column":15}},"loc":{"start":{"line":327,"column":45},"end":{"line":333,"column":3}},"line":327},"31":{"name":"(anonymous_31)","decl":{"start":{"line":334,"column":26},"end":{"line":334,"column":27}},"loc":{"start":{"line":335,"column":3},"end":{"line":335,"column":70}},"line":335},"32":{"name":"(anonymous_32)","decl":{"start":{"line":339,"column":14},"end":{"line":339,"column":15}},"loc":{"start":{"line":339,"column":26},"end":{"line":339,"column":92}},"line":339},"33":{"name":"(anonymous_33)","decl":{"start":{"line":340,"column":24},"end":{"line":340,"column":25}},"loc":{"start":{"line":340,"column":36},"end":{"line":340,"column":88}},"line":340},"34":{"name":"(anonymous_34)","decl":{"start":{"line":341,"column":19},"end":{"line":341,"column":20}},"loc":{"start":{"line":341,"column":32},"end":{"line":341,"column":61}},"line":341},"35":{"name":"(anonymous_35)","decl":{"start":{"line":342,"column":15},"end":{"line":342,"column":16}},"loc":{"start":{"line":342,"column":37},"end":{"line":342,"column":89}},"line":342},"36":{"name":"(anonymous_36)","decl":{"start":{"line":343,"column":19},"end":{"line":343,"column":20}},"loc":{"start":{"line":344,"column":4},"end":{"line":344,"column":48}},"line":344},"37":{"name":"(anonymous_37)","decl":{"start":{"line":345,"column":26},"end":{"line":345,"column":27}},"loc":{"start":{"line":346,"column":3},"end":{"line":346,"column":61}},"line":346},"38":{"name":"(anonymous_38)","decl":{"start":{"line":347,"column":20},"end":{"line":347,"column":21}},"loc":{"start":{"line":348,"column":3},"end":{"line":348,"column":33}},"line":348},"39":{"name":"(anonymous_39)","decl":{"start":{"line":349,"column":17},"end":{"line":349,"column":18}},"loc":{"start":{"line":350,"column":3},"end":{"line":350,"column":63}},"line":350},"40":{"name":"(anonymous_40)","decl":{"start":{"line":351,"column":23},"end":{"line":351,"column":24}},"loc":{"start":{"line":351,"column":67},"end":{"line":365,"column":3}},"line":351},"41":{"name":"(anonymous_41)","decl":{"start":{"line":353,"column":4},"end":{"line":353,"column":5}},"loc":{"start":{"line":353,"column":12},"end":{"line":353,"column":25}},"line":353},"42":{"name":"(anonymous_42)","decl":{"start":{"line":357,"column":4},"end":{"line":357,"column":5}},"loc":{"start":{"line":357,"column":12},"end":{"line":357,"column":25}},"line":357},"43":{"name":"(anonymous_43)","decl":{"start":{"line":366,"column":11},"end":{"line":366,"column":12}},"loc":{"start":{"line":367,"column":3},"end":{"line":367,"column":81}},"line":367},"44":{"name":"(anonymous_44)","decl":{"start":{"line":368,"column":14},"end":{"line":368,"column":15}},"loc":{"start":{"line":369,"column":3},"end":{"line":369,"column":171}},"line":369},"45":{"name":"(anonymous_45)","decl":{"start":{"line":370,"column":23},"end":{"line":370,"column":24}},"loc":{"start":{"line":371,"column":3},"end":{"line":371,"column":60}},"line":371},"46":{"name":"(anonymous_46)","decl":{"start":{"line":372,"column":24},"end":{"line":372,"column":25}},"loc":{"start":{"line":373,"column":3},"end":{"line":373,"column":75}},"line":373},"47":{"name":"(anonymous_47)","decl":{"start":{"line":374,"column":23},"end":{"line":374,"column":24}},"loc":{"start":{"line":375,"column":3},"end":{"line":375,"column":96}},"line":375},"48":{"name":"(anonymous_48)","decl":{"start":{"line":376,"column":18},"end":{"line":376,"column":19}},"loc":{"start":{"line":377,"column":3},"end":{"line":377,"column":178}},"line":377},"49":{"name":"(anonymous_49)","decl":{"start":{"line":381,"column":30},"end":{"line":381,"column":31}},"loc":{"start":{"line":382,"column":4},"end":{"line":385,"column":73}},"line":382},"50":{"name":"(anonymous_50)","decl":{"start":{"line":385,"column":36},"end":{"line":385,"column":37}},"loc":{"start":{"line":385,"column":46},"end":{"line":385,"column":61}},"line":385},"51":{"name":"(anonymous_51)","decl":{"start":{"line":386,"column":24},"end":{"line":386,"column":25}},"loc":{"start":{"line":387,"column":3},"end":{"line":387,"column":69}},"line":387},"52":{"name":"(anonymous_52)","decl":{"start":{"line":391,"column":21},"end":{"line":391,"column":22}},"loc":{"start":{"line":392,"column":3},"end":{"line":392,"column":74}},"line":392},"53":{"name":"(anonymous_53)","decl":{"start":{"line":401,"column":27},"end":{"line":401,"column":28}},"loc":{"start":{"line":401,"column":41},"end":{"line":401,"column":82}},"line":401},"54":{"name":"(anonymous_54)","decl":{"start":{"line":402,"column":34},"end":{"line":402,"column":35}},"loc":{"start":{"line":402,"column":48},"end":{"line":402,"column":94}},"line":402},"55":{"name":"(anonymous_55)","decl":{"start":{"line":403,"column":24},"end":{"line":403,"column":25}},"loc":{"start":{"line":403,"column":34},"end":{"line":411,"column":3}},"line":403},"56":{"name":"(anonymous_56)","decl":{"start":{"line":412,"column":31},"end":{"line":412,"column":32}},"loc":{"start":{"line":412,"column":42},"end":{"line":412,"column":86}},"line":412},"57":{"name":"(anonymous_57)","decl":{"start":{"line":414,"column":27},"end":{"line":414,"column":28}},"loc":{"start":{"line":414,"column":63},"end":{"line":414,"column":141}},"line":414},"58":{"name":"(anonymous_58)","decl":{"start":{"line":415,"column":24},"end":{"line":415,"column":25}},"loc":{"start":{"line":415,"column":47},"end":{"line":415,"column":111}},"line":415},"59":{"name":"(anonymous_59)","decl":{"start":{"line":416,"column":27},"end":{"line":416,"column":28}},"loc":{"start":{"line":416,"column":55},"end":{"line":416,"column":120}},"line":416},"60":{"name":"(anonymous_60)","decl":{"start":{"line":417,"column":25},"end":{"line":417,"column":26}},"loc":{"start":{"line":417,"column":48},"end":{"line":417,"column":106}},"line":417},"61":{"name":"(anonymous_61)","decl":{"start":{"line":418,"column":23},"end":{"line":418,"column":24}},"loc":{"start":{"line":419,"column":3},"end":{"line":419,"column":71}},"line":419},"62":{"name":"(anonymous_62)","decl":{"start":{"line":426,"column":21},"end":{"line":426,"column":22}},"loc":{"start":{"line":426,"column":62},"end":{"line":430,"column":3}},"line":426},"63":{"name":"(anonymous_63)","decl":{"start":{"line":428,"column":28},"end":{"line":428,"column":29}},"loc":{"start":{"line":428,"column":38},"end":{"line":428,"column":58}},"line":428},"64":{"name":"(anonymous_64)","decl":{"start":{"line":431,"column":25},"end":{"line":431,"column":26}},"loc":{"start":{"line":431,"column":71},"end":{"line":431,"column":170}},"line":431},"65":{"name":"(anonymous_65)","decl":{"start":{"line":432,"column":28},"end":{"line":432,"column":29}},"loc":{"start":{"line":432,"column":53},"end":{"line":432,"column":137}},"line":432},"66":{"name":"(anonymous_66)","decl":{"start":{"line":433,"column":16},"end":{"line":433,"column":17}},"loc":{"start":{"line":433,"column":38},"end":{"line":433,"column":127}},"line":433},"67":{"name":"(anonymous_67)","decl":{"start":{"line":434,"column":16},"end":{"line":434,"column":17}},"loc":{"start":{"line":434,"column":38},"end":{"line":434,"column":97}},"line":434},"68":{"name":"(anonymous_68)","decl":{"start":{"line":435,"column":22},"end":{"line":435,"column":23}},"loc":{"start":{"line":435,"column":44},"end":{"line":435,"column":115}},"line":435},"69":{"name":"(anonymous_69)","decl":{"start":{"line":436,"column":18},"end":{"line":436,"column":19}},"loc":{"start":{"line":436,"column":40},"end":{"line":436,"column":133}},"line":436},"70":{"name":"(anonymous_70)","decl":{"start":{"line":437,"column":17},"end":{"line":437,"column":18}},"loc":{"start":{"line":437,"column":40},"end":{"line":437,"column":121}},"line":437},"71":{"name":"(anonymous_71)","decl":{"start":{"line":438,"column":20},"end":{"line":438,"column":21}},"loc":{"start":{"line":438,"column":67},"end":{"line":438,"column":176}},"line":438},"72":{"name":"(anonymous_72)","decl":{"start":{"line":439,"column":21},"end":{"line":439,"column":22}},"loc":{"start":{"line":440,"column":3},"end":{"line":443,"column":124}},"line":440},"73":{"name":"(anonymous_73)","decl":{"start":{"line":444,"column":11},"end":{"line":444,"column":12}},"loc":{"start":{"line":444,"column":23},"end":{"line":444,"column":78}},"line":444},"74":{"name":"(anonymous_74)","decl":{"start":{"line":445,"column":15},"end":{"line":445,"column":16}},"loc":{"start":{"line":446,"column":3},"end":{"line":446,"column":76}},"line":446},"75":{"name":"(anonymous_75)","decl":{"start":{"line":447,"column":33},"end":{"line":447,"column":34}},"loc":{"start":{"line":448,"column":3},"end":{"line":448,"column":168}},"line":448},"76":{"name":"(anonymous_76)","decl":{"start":{"line":449,"column":27},"end":{"line":449,"column":28}},"loc":{"start":{"line":450,"column":3},"end":{"line":450,"column":178}},"line":450},"77":{"name":"(anonymous_77)","decl":{"start":{"line":451,"column":30},"end":{"line":451,"column":31}},"loc":{"start":{"line":452,"column":3},"end":{"line":452,"column":182}},"line":452},"78":{"name":"(anonymous_78)","decl":{"start":{"line":453,"column":22},"end":{"line":453,"column":23}},"loc":{"start":{"line":454,"column":3},"end":{"line":454,"column":129}},"line":454},"79":{"name":"(anonymous_79)","decl":{"start":{"line":457,"column":18},"end":{"line":457,"column":19}},"loc":{"start":{"line":458,"column":3},"end":{"line":458,"column":103}},"line":458},"80":{"name":"(anonymous_80)","decl":{"start":{"line":459,"column":17},"end":{"line":459,"column":18}},"loc":{"start":{"line":460,"column":3},"end":{"line":460,"column":58}},"line":460},"81":{"name":"(anonymous_81)","decl":{"start":{"line":461,"column":19},"end":{"line":461,"column":20}},"loc":{"start":{"line":462,"column":3},"end":{"line":462,"column":129}},"line":462},"82":{"name":"(anonymous_82)","decl":{"start":{"line":463,"column":29},"end":{"line":463,"column":30}},"loc":{"start":{"line":464,"column":3},"end":{"line":464,"column":187}},"line":464},"83":{"name":"(anonymous_83)","decl":{"start":{"line":472,"column":19},"end":{"line":472,"column":20}},"loc":{"start":{"line":473,"column":3},"end":{"line":473,"column":99}},"line":473},"84":{"name":"(anonymous_84)","decl":{"start":{"line":474,"column":18},"end":{"line":474,"column":19}},"loc":{"start":{"line":475,"column":3},"end":{"line":475,"column":96}},"line":475}},"branchMap":{"0":{"loc":{"start":{"line":21,"column":3},"end":{"line":22,"column":103}},"type":"if","locations":[{"start":{"line":21,"column":3},"end":{"line":22,"column":103}},{"start":{},"end":{}}],"line":21},"1":{"loc":{"start":{"line":21,"column":8},"end":{"line":21,"column":48}},"type":"binary-expr","locations":[{"start":{"line":21,"column":8},"end":{"line":21,"column":33}},{"start":{"line":21,"column":37},"end":{"line":21,"column":48}}],"line":21},"2":{"loc":{"start":{"line":30,"column":3},"end":{"line":31,"column":105}},"type":"if","locations":[{"start":{"line":30,"column":3},"end":{"line":31,"column":105}},{"start":{},"end":{}}],"line":30},"3":{"loc":{"start":{"line":30,"column":8},"end":{"line":30,"column":62}},"type":"binary-expr","locations":[{"start":{"line":30,"column":8},"end":{"line":30,"column":40}},{"start":{"line":30,"column":44},"end":{"line":30,"column":62}}],"line":30},"4":{"loc":{"start":{"line":404,"column":3},"end":{"line":410,"column":4}},"type":"switch","locations":[{"start":{"line":405,"column":4},"end":{"line":406,"column":75}},{"start":{"line":408,"column":4},"end":{"line":409,"column":52}}],"line":404}},"s":{"0":6,"1":6,"2":6,"3":124,"4":0,"5":124,"6":0,"7":0,"8":0,"9":0,"10":0,"11":0,"12":0,"13":0,"14":0,"15":0,"16":6,"17":53,"18":163,"19":0,"20":0,"21":39,"22":546,"23":39,"24":8,"25":7,"26":6,"27":1,"28":0,"29":1,"30":1,"31":1,"32":1,"33":0,"34":0,"35":0,"36":1,"37":45,"38":0,"39":2,"40":0,"41":0,"42":0,"43":1,"44":0,"45":2,"46":0,"47":0,"48":0,"49":0,"50":0,"51":0,"52":0,"53":0,"54":0,"55":0,"56":0,"57":0,"58":0,"59":7,"60":0,"61":0,"62":2,"63":9,"64":3,"65":2,"66":3,"67":0,"68":3,"69":4,"70":6,"71":2,"72":4,"73":2,"74":4,"75":3,"76":3,"77":3,"78":3,"79":6,"80":1,"81":6,"82":0,"83":0,"84":4,"85":4,"86":0,"87":0,"88":0,"89":5,"90":2,"91":2,"92":2,"93":2,"94":2,"95":4,"96":2,"97":1,"98":0,"99":6},"f":{"0":124,"1":0,"2":0,"3":0,"4":0,"5":0,"6":0,"7":0,"8":0,"9":6,"10":53,"11":163,"12":0,"13":0,"14":39,"15":546,"16":39,"17":8,"18":7,"19":6,"20":1,"21":0,"22":1,"23":1,"24":1,"25":1,"26":0,"27":0,"28":0,"29":1,"30":45,"31":0,"32":2,"33":0,"34":0,"35":0,"36":1,"37":0,"38":2,"39":0,"40":0,"41":0,"42":0,"43":0,"44":0,"45":0,"46":0,"47":0,"48":7,"49":0,"50":0,"51":2,"52":9,"53":3,"54":2,"55":3,"56":4,"57":6,"58":2,"59":4,"60":2,"61":4,"62":3,"63":3,"64":3,"65":6,"66":1,"67":6,"68":0,"69":0,"70":4,"71":4,"72":0,"73":0,"74":0,"75":5,"76":2,"77":2,"78":2,"79":2,"80":2,"81":4,"82":2,"83":1,"84":0},"b":{"0":[0,124],"1":[124,124],"2":[0,0],"3":[0,0],"4":[0,3]},"_coverageSchema":"1a1c01bbd47fc00a2c39e90264f33305004495a9","hash":"efef27ceb01f22cd780ca7d813fbaf2061a7dd70"}
,"C:\\Users\\alexc\\OneDrive\\Documents\\Code\\repos\\brobot\\modules\\functions.js": {"path":"C:\\Users\\alexc\\OneDrive\\Documents\\Code\\repos\\brobot\\modules\\functions.js","statementMap":{"0":{"start":{"line":1,"column":12},"end":{"line":1,"column":39}},"1":{"start":{"line":2,"column":26},"end":{"line":2,"column":50}},"2":{"start":{"line":3,"column":126},"end":{"line":3,"column":147}},"3":{"start":{"line":5,"column":18},"end":{"line":755,"column":1}},"4":{"start":{"line":7,"column":2},"end":{"line":12,"column":4}},"5":{"start":{"line":10,"column":4},"end":{"line":10,"column":69}},"6":{"start":{"line":16,"column":17},"end":{"line":16,"column":30}},"7":{"start":{"line":17,"column":11},"end":{"line":17,"column":34}},"8":{"start":{"line":19,"column":2},"end":{"line":19,"column":39}},"9":{"start":{"line":21,"column":2},"end":{"line":24,"column":3}},"10":{"start":{"line":22,"column":3},"end":{"line":22,"column":24}},"11":{"start":{"line":23,"column":3},"end":{"line":23,"column":14}},"12":{"start":{"line":26,"column":2},"end":{"line":27,"column":21}},"13":{"start":{"line":27,"column":3},"end":{"line":27,"column":21}},"14":{"start":{"line":29,"column":2},"end":{"line":33,"column":3}},"15":{"start":{"line":37,"column":27},"end":{"line":37,"column":47}},"16":{"start":{"line":39,"column":2},"end":{"line":39,"column":71}},"17":{"start":{"line":42,"column":2},"end":{"line":54,"column":3}},"18":{"start":{"line":43,"column":3},"end":{"line":46,"column":42}},"19":{"start":{"line":44,"column":4},"end":{"line":44,"column":44}},"20":{"start":{"line":46,"column":4},"end":{"line":46,"column":42}},"21":{"start":{"line":48,"column":3},"end":{"line":48,"column":17}},"22":{"start":{"line":52,"column":3},"end":{"line":53,"column":36}},"23":{"start":{"line":53,"column":4},"end":{"line":53,"column":36}},"24":{"start":{"line":58,"column":2},"end":{"line":62,"column":3}},"25":{"start":{"line":66,"column":22},"end":{"line":66,"column":34}},"26":{"start":{"line":70,"column":2},"end":{"line":79,"column":3}},"27":{"start":{"line":73,"column":3},"end":{"line":73,"column":60}},"28":{"start":{"line":74,"column":3},"end":{"line":74,"column":19}},"29":{"start":{"line":77,"column":3},"end":{"line":78,"column":48}},"30":{"start":{"line":81,"column":2},"end":{"line":81,"column":15}},"31":{"start":{"line":85,"column":37},"end":{"line":85,"column":43}},"32":{"start":{"line":87,"column":2},"end":{"line":88,"column":15}},"33":{"start":{"line":88,"column":3},"end":{"line":88,"column":15}},"34":{"start":{"line":90,"column":2},"end":{"line":99,"column":3}},"35":{"start":{"line":91,"column":22},"end":{"line":91,"column":65}},"36":{"start":{"line":93,"column":3},"end":{"line":98,"column":4}},"37":{"start":{"line":94,"column":4},"end":{"line":94,"column":52}},"38":{"start":{"line":97,"column":4},"end":{"line":97,"column":16}},"39":{"start":{"line":101,"column":2},"end":{"line":101,"column":43}},"40":{"start":{"line":103,"column":2},"end":{"line":106,"column":14}},"41":{"start":{"line":104,"column":3},"end":{"line":104,"column":15}},"42":{"start":{"line":106,"column":3},"end":{"line":106,"column":14}},"43":{"start":{"line":111,"column":2},"end":{"line":113,"column":3}},"44":{"start":{"line":112,"column":4},"end":{"line":112,"column":16}},"45":{"start":{"line":114,"column":2},"end":{"line":114,"column":42}},"46":{"start":{"line":119,"column":2},"end":{"line":119,"column":51}},"47":{"start":{"line":123,"column":21},"end":{"line":123,"column":63}},"48":{"start":{"line":124,"column":23},"end":{"line":124,"column":40}},"49":{"start":{"line":125,"column":2},"end":{"line":125,"column":21}},"50":{"start":{"line":129,"column":2},"end":{"line":133,"column":4}},"51":{"start":{"line":131,"column":4},"end":{"line":131,"column":39}},"52":{"start":{"line":137,"column":2},"end":{"line":137,"column":102}},"53":{"start":{"line":137,"column":43},"end":{"line":137,"column":100}},"54":{"start":{"line":141,"column":17},"end":{"line":141,"column":19}},"55":{"start":{"line":143,"column":2},"end":{"line":154,"column":3}},"56":{"start":{"line":144,"column":3},"end":{"line":145,"column":13}},"57":{"start":{"line":145,"column":4},"end":{"line":145,"column":13}},"58":{"start":{"line":147,"column":3},"end":{"line":153,"column":39}},"59":{"start":{"line":148,"column":4},"end":{"line":151,"column":56}},"60":{"start":{"line":149,"column":5},"end":{"line":149,"column":73}},"61":{"start":{"line":151,"column":5},"end":{"line":151,"column":56}},"62":{"start":{"line":153,"column":4},"end":{"line":153,"column":39}},"63":{"start":{"line":156,"column":2},"end":{"line":156,"column":18}},"64":{"start":{"line":160,"column":21},"end":{"line":160,"column":49}},"65":{"start":{"line":162,"column":2},"end":{"line":166,"column":4}},"66":{"start":{"line":164,"column":4},"end":{"line":164,"column":63}},"67":{"start":{"line":170,"column":2},"end":{"line":170,"column":48}},"68":{"start":{"line":175,"column":25},"end":{"line":178,"column":33}},"69":{"start":{"line":180,"column":24},"end":{"line":183,"column":35}},"70":{"start":{"line":185,"column":21},"end":{"line":186,"column":48}},"71":{"start":{"line":188,"column":2},"end":{"line":191,"column":5}},"72":{"start":{"line":193,"column":26},"end":{"line":193,"column":96}},"73":{"start":{"line":193,"column":47},"end":{"line":193,"column":96}},"74":{"start":{"line":195,"column":2},"end":{"line":212,"column":3}},"75":{"start":{"line":196,"column":24},"end":{"line":196,"column":116}},"76":{"start":{"line":199,"column":3},"end":{"line":208,"column":4}},"77":{"start":{"line":200,"column":4},"end":{"line":200,"column":28}},"78":{"start":{"line":201,"column":4},"end":{"line":201,"column":88}},"79":{"start":{"line":202,"column":4},"end":{"line":202,"column":16}},"80":{"start":{"line":204,"column":10},"end":{"line":208,"column":4}},"81":{"start":{"line":205,"column":4},"end":{"line":205,"column":28}},"82":{"start":{"line":206,"column":4},"end":{"line":206,"column":87}},"83":{"start":{"line":207,"column":4},"end":{"line":207,"column":17}},"84":{"start":{"line":211,"column":3},"end":{"line":211,"column":91}},"85":{"start":{"line":216,"column":2},"end":{"line":216,"column":51}},"86":{"start":{"line":221,"column":2},"end":{"line":221,"column":73}},"87":{"start":{"line":225,"column":2},"end":{"line":225,"column":52}},"88":{"start":{"line":235,"column":2},"end":{"line":235,"column":44}},"89":{"start":{"line":239,"column":2},"end":{"line":239,"column":50}},"90":{"start":{"line":243,"column":18},"end":{"line":243,"column":43}},"91":{"start":{"line":245,"column":2},"end":{"line":245,"column":63}},"92":{"start":{"line":245,"column":38},"end":{"line":245,"column":61}},"93":{"start":{"line":249,"column":2},"end":{"line":249,"column":42}},"94":{"start":{"line":253,"column":2},"end":{"line":253,"column":60}},"95":{"start":{"line":257,"column":2},"end":{"line":257,"column":63}},"96":{"start":{"line":261,"column":2},"end":{"line":261,"column":66}},"97":{"start":{"line":265,"column":2},"end":{"line":284,"column":3}},"98":{"start":{"line":266,"column":3},"end":{"line":283,"column":4}},"99":{"start":{"line":267,"column":4},"end":{"line":270,"column":7}},"100":{"start":{"line":272,"column":8},"end":{"line":283,"column":4}},"101":{"start":{"line":273,"column":4},"end":{"line":276,"column":7}},"102":{"start":{"line":279,"column":4},"end":{"line":282,"column":7}},"103":{"start":{"line":288,"column":2},"end":{"line":290,"column":3}},"104":{"start":{"line":289,"column":3},"end":{"line":289,"column":51}},"105":{"start":{"line":294,"column":2},"end":{"line":316,"column":3}},"106":{"start":{"line":295,"column":3},"end":{"line":299,"column":6}},"107":{"start":{"line":302,"column":3},"end":{"line":315,"column":4}},"108":{"start":{"line":303,"column":4},"end":{"line":307,"column":7}},"109":{"start":{"line":310,"column":4},"end":{"line":314,"column":7}},"110":{"start":{"line":327,"column":21},"end":{"line":327,"column":37}},"111":{"start":{"line":328,"column":17},"end":{"line":328,"column":48}},"112":{"start":{"line":329,"column":24},"end":{"line":329,"column":39}},"113":{"start":{"line":331,"column":2},"end":{"line":331,"column":53}},"114":{"start":{"line":331,"column":40},"end":{"line":331,"column":53}},"115":{"start":{"line":333,"column":23},"end":{"line":333,"column":43}},"116":{"start":{"line":334,"column":28},"end":{"line":334,"column":53}},"117":{"start":{"line":335,"column":25},"end":{"line":335,"column":59}},"118":{"start":{"line":337,"column":14},"end":{"line":337,"column":86}},"119":{"start":{"line":338,"column":2},"end":{"line":338,"column":13}},"120":{"start":{"line":342,"column":14},"end":{"line":342,"column":23}},"121":{"start":{"line":345,"column":2},"end":{"line":353,"column":3}},"122":{"start":{"line":347,"column":4},"end":{"line":347,"column":28}},"123":{"start":{"line":348,"column":4},"end":{"line":348,"column":10}},"124":{"start":{"line":351,"column":4},"end":{"line":351,"column":28}},"125":{"start":{"line":352,"column":4},"end":{"line":352,"column":10}},"126":{"start":{"line":355,"column":2},"end":{"line":355,"column":45}},"127":{"start":{"line":364,"column":21},"end":{"line":364,"column":22}},"128":{"start":{"line":366,"column":2},"end":{"line":392,"column":3}},"129":{"start":{"line":370,"column":4},"end":{"line":370,"column":48}},"130":{"start":{"line":371,"column":4},"end":{"line":371,"column":10}},"131":{"start":{"line":378,"column":4},"end":{"line":378,"column":43}},"132":{"start":{"line":379,"column":4},"end":{"line":379,"column":10}},"133":{"start":{"line":386,"column":4},"end":{"line":386,"column":38}},"134":{"start":{"line":387,"column":4},"end":{"line":387,"column":10}},"135":{"start":{"line":390,"column":4},"end":{"line":390,"column":31}},"136":{"start":{"line":391,"column":4},"end":{"line":391,"column":10}},"137":{"start":{"line":394,"column":2},"end":{"line":396,"column":4}},"138":{"start":{"line":395,"column":14},"end":{"line":395,"column":59}},"139":{"start":{"line":405,"column":2},"end":{"line":405,"column":45}},"140":{"start":{"line":409,"column":22},"end":{"line":409,"column":32}},"141":{"start":{"line":410,"column":2},"end":{"line":410,"column":29}},"142":{"start":{"line":412,"column":18},"end":{"line":412,"column":39}},"143":{"start":{"line":414,"column":2},"end":{"line":414,"column":52}},"144":{"start":{"line":416,"column":18},"end":{"line":416,"column":38}},"145":{"start":{"line":417,"column":18},"end":{"line":417,"column":38}},"146":{"start":{"line":418,"column":16},"end":{"line":418,"column":34}},"147":{"start":{"line":419,"column":21},"end":{"line":419,"column":38}},"148":{"start":{"line":420,"column":16},"end":{"line":420,"column":34}},"149":{"start":{"line":421,"column":20},"end":{"line":421,"column":36}},"150":{"start":{"line":424,"column":25},"end":{"line":424,"column":93}},"151":{"start":{"line":425,"column":2},"end":{"line":425,"column":24}},"152":{"start":{"line":429,"column":25},"end":{"line":429,"column":92}},"153":{"start":{"line":429,"column":45},"end":{"line":429,"column":90}},"154":{"start":{"line":430,"column":24},"end":{"line":430,"column":72}},"155":{"start":{"line":430,"column":43},"end":{"line":430,"column":70}},"156":{"start":{"line":431,"column":27},"end":{"line":431,"column":86}},"157":{"start":{"line":431,"column":52},"end":{"line":431,"column":84}},"158":{"start":{"line":432,"column":30},"end":{"line":432,"column":109}},"159":{"start":{"line":432,"column":49},"end":{"line":432,"column":107}},"160":{"start":{"line":432,"column":76},"end":{"line":432,"column":106}},"161":{"start":{"line":434,"column":2},"end":{"line":435,"column":16}},"162":{"start":{"line":435,"column":3},"end":{"line":435,"column":16}},"163":{"start":{"line":437,"column":2},"end":{"line":438,"column":16}},"164":{"start":{"line":438,"column":3},"end":{"line":438,"column":16}},"165":{"start":{"line":440,"column":2},"end":{"line":441,"column":16}},"166":{"start":{"line":441,"column":3},"end":{"line":441,"column":16}},"167":{"start":{"line":443,"column":2},"end":{"line":444,"column":16}},"168":{"start":{"line":444,"column":3},"end":{"line":444,"column":16}},"169":{"start":{"line":446,"column":2},"end":{"line":463,"column":3}},"170":{"start":{"line":448,"column":4},"end":{"line":449,"column":18}},"171":{"start":{"line":449,"column":5},"end":{"line":449,"column":18}},"172":{"start":{"line":451,"column":4},"end":{"line":451,"column":10}},"173":{"start":{"line":455,"column":4},"end":{"line":457,"column":5}},"174":{"start":{"line":456,"column":5},"end":{"line":456,"column":18}},"175":{"start":{"line":459,"column":4},"end":{"line":461,"column":5}},"176":{"start":{"line":460,"column":5},"end":{"line":460,"column":18}},"177":{"start":{"line":465,"column":2},"end":{"line":465,"column":13}},"178":{"start":{"line":469,"column":27},"end":{"line":469,"column":52}},"179":{"start":{"line":471,"column":2},"end":{"line":490,"column":4}},"180":{"start":{"line":475,"column":22},"end":{"line":475,"column":54}},"181":{"start":{"line":477,"column":6},"end":{"line":485,"column":7}},"182":{"start":{"line":478,"column":7},"end":{"line":478,"column":45}},"183":{"start":{"line":481,"column":7},"end":{"line":481,"column":36}},"184":{"start":{"line":482,"column":7},"end":{"line":482,"column":53}},"185":{"start":{"line":483,"column":7},"end":{"line":483,"column":34}},"186":{"start":{"line":484,"column":7},"end":{"line":484,"column":85}},"187":{"start":{"line":494,"column":18},"end":{"line":494,"column":36}},"188":{"start":{"line":495,"column":14},"end":{"line":495,"column":16}},"189":{"start":{"line":497,"column":2},"end":{"line":499,"column":3}},"190":{"start":{"line":497,"column":15},"end":{"line":497,"column":16}},"191":{"start":{"line":498,"column":3},"end":{"line":498,"column":52}},"192":{"start":{"line":501,"column":2},"end":{"line":501,"column":15}},"193":{"start":{"line":505,"column":22},"end":{"line":505,"column":58}},"194":{"start":{"line":507,"column":2},"end":{"line":507,"column":21}},"195":{"start":{"line":511,"column":4},"end":{"line":513,"column":5}},"196":{"start":{"line":512,"column":8},"end":{"line":512,"column":55}},"197":{"start":{"line":515,"column":4},"end":{"line":517,"column":5}},"198":{"start":{"line":516,"column":8},"end":{"line":516,"column":29}},"199":{"start":{"line":519,"column":4},"end":{"line":528,"column":5}},"200":{"start":{"line":521,"column":12},"end":{"line":521,"column":33}},"201":{"start":{"line":523,"column":12},"end":{"line":523,"column":33}},"202":{"start":{"line":525,"column":12},"end":{"line":525,"column":33}},"203":{"start":{"line":527,"column":12},"end":{"line":527,"column":33}},"204":{"start":{"line":532,"column":4},"end":{"line":534,"column":5}},"205":{"start":{"line":533,"column":8},"end":{"line":533,"column":55}},"206":{"start":{"line":536,"column":21},"end":{"line":539,"column":5}},"207":{"start":{"line":541,"column":25},"end":{"line":543,"column":5}},"208":{"start":{"line":545,"column":23},"end":{"line":547,"column":5}},"209":{"start":{"line":549,"column":4},"end":{"line":551,"column":5}},"210":{"start":{"line":550,"column":8},"end":{"line":550,"column":32}},"211":{"start":{"line":553,"column":22},"end":{"line":553,"column":33}},"212":{"start":{"line":554,"column":17},"end":{"line":554,"column":40}},"213":{"start":{"line":556,"column":4},"end":{"line":558,"column":5}},"214":{"start":{"line":557,"column":8},"end":{"line":557,"column":34}},"215":{"start":{"line":560,"column":4},"end":{"line":560,"column":56}},"216":{"start":{"line":565,"column":11},"end":{"line":565,"column":27}},"217":{"start":{"line":566,"column":11},"end":{"line":566,"column":23}},"218":{"start":{"line":567,"column":10},"end":{"line":567,"column":27}},"219":{"start":{"line":568,"column":10},"end":{"line":568,"column":29}},"220":{"start":{"line":569,"column":24},"end":{"line":569,"column":46}},"221":{"start":{"line":572,"column":2},"end":{"line":601,"column":3}},"222":{"start":{"line":575,"column":4},"end":{"line":582,"column":5}},"223":{"start":{"line":585,"column":3},"end":{"line":597,"column":5}},"224":{"start":{"line":600,"column":3},"end":{"line":600,"column":24}},"225":{"start":{"line":606,"column":11},"end":{"line":606,"column":27}},"226":{"start":{"line":607,"column":11},"end":{"line":607,"column":23}},"227":{"start":{"line":608,"column":10},"end":{"line":608,"column":27}},"228":{"start":{"line":609,"column":10},"end":{"line":609,"column":29}},"229":{"start":{"line":614,"column":3},"end":{"line":624,"column":5}},"230":{"start":{"line":623,"column":4},"end":{"line":623,"column":23}},"231":{"start":{"line":627,"column":22},"end":{"line":627,"column":68}},"232":{"start":{"line":628,"column":15},"end":{"line":628,"column":40}},"233":{"start":{"line":630,"column":2},"end":{"line":630,"column":16}},"234":{"start":{"line":634,"column":2},"end":{"line":635,"column":12}},"235":{"start":{"line":635,"column":3},"end":{"line":635,"column":12}},"236":{"start":{"line":637,"column":2},"end":{"line":638,"column":24}},"237":{"start":{"line":638,"column":3},"end":{"line":638,"column":24}},"238":{"start":{"line":640,"column":2},"end":{"line":641,"column":39}},"239":{"start":{"line":641,"column":3},"end":{"line":641,"column":39}},"240":{"start":{"line":643,"column":28},"end":{"line":643,"column":46}},"241":{"start":{"line":644,"column":23},"end":{"line":644,"column":44}},"242":{"start":{"line":645,"column":2},"end":{"line":645,"column":64}},"243":{"start":{"line":649,"column":17},"end":{"line":649,"column":19}},"244":{"start":{"line":650,"column":2},"end":{"line":663,"column":3}},"245":{"start":{"line":651,"column":23},"end":{"line":651,"column":68}},"246":{"start":{"line":653,"column":20},"end":{"line":653,"column":40}},"247":{"start":{"line":654,"column":14},"end":{"line":654,"column":45}},"248":{"start":{"line":655,"column":3},"end":{"line":658,"column":4}},"249":{"start":{"line":656,"column":4},"end":{"line":656,"column":20}},"250":{"start":{"line":657,"column":4},"end":{"line":657,"column":43}},"251":{"start":{"line":660,"column":3},"end":{"line":660,"column":58}},"252":{"start":{"line":661,"column":3},"end":{"line":661,"column":57}},"253":{"start":{"line":662,"column":3},"end":{"line":662,"column":32}},"254":{"start":{"line":664,"column":2},"end":{"line":664,"column":30}},"255":{"start":{"line":666,"column":2},"end":{"line":666,"column":18}},"256":{"start":{"line":682,"column":2},"end":{"line":682,"column":34}},"257":{"start":{"line":682,"column":27},"end":{"line":682,"column":34}},"258":{"start":{"line":684,"column":20},"end":{"line":684,"column":48}},"259":{"start":{"line":685,"column":19},"end":{"line":685,"column":51}},"260":{"start":{"line":686,"column":24},"end":{"line":686,"column":60}},"261":{"start":{"line":688,"column":28},"end":{"line":691,"column":33}},"262":{"start":{"line":693,"column":39},"end":{"line":694,"column":36}},"263":{"start":{"line":696,"column":23},"end":{"line":699,"column":4}},"264":{"start":{"line":701,"column":16},"end":{"line":703,"column":19}},"265":{"start":{"line":706,"column":21},"end":{"line":713,"column":38}},"266":{"start":{"line":715,"column":26},"end":{"line":715,"column":74}},"267":{"start":{"line":718,"column":2},"end":{"line":718,"column":39}},"268":{"start":{"line":721,"column":2},"end":{"line":744,"column":3}},"269":{"start":{"line":722,"column":26},"end":{"line":722,"column":31}},"270":{"start":{"line":723,"column":27},"end":{"line":723,"column":32}},"271":{"start":{"line":725,"column":3},"end":{"line":739,"column":4}},"272":{"start":{"line":726,"column":4},"end":{"line":731,"column":5}},"273":{"start":{"line":728,"column":5},"end":{"line":728,"column":94}},"274":{"start":{"line":729,"column":5},"end":{"line":730,"column":30}},"275":{"start":{"line":730,"column":6},"end":{"line":730,"column":30}},"276":{"start":{"line":733,"column":4},"end":{"line":733,"column":52}},"277":{"start":{"line":736,"column":4},"end":{"line":736,"column":93}},"278":{"start":{"line":737,"column":4},"end":{"line":738,"column":30}},"279":{"start":{"line":738,"column":5},"end":{"line":738,"column":30}},"280":{"start":{"line":742,"column":3},"end":{"line":742,"column":93}},"281":{"start":{"line":743,"column":3},"end":{"line":743,"column":20}},"282":{"start":{"line":747,"column":24},"end":{"line":747,"column":88}},"283":{"start":{"line":749,"column":16},"end":{"line":749,"column":65}},"284":{"start":{"line":750,"column":2},"end":{"line":750,"column":17}},"285":{"start":{"line":751,"column":2},"end":{"line":751,"column":24}},"286":{"start":{"line":753,"column":2},"end":{"line":753,"column":23}},"287":{"start":{"line":757,"column":0},"end":{"line":757,"column":27}}},"fnMap":{"0":{"name":"(anonymous_0)","decl":{"start":{"line":6,"column":1},"end":{"line":6,"column":2}},"loc":{"start":{"line":6,"column":21},"end":{"line":13,"column":2}},"line":6},"1":{"name":"(anonymous_1)","decl":{"start":{"line":9,"column":3},"end":{"line":9,"column":4}},"loc":{"start":{"line":9,"column":17},"end":{"line":11,"column":4}},"line":9},"2":{"name":"changeAttrValue","decl":{"start":{"line":15,"column":27},"end":{"line":15,"column":42}},"loc":{"start":{"line":15,"column":63},"end":{"line":34,"column":2}},"line":15},"3":{"name":"pushItemToObj","decl":{"start":{"line":36,"column":41},"end":{"line":36,"column":54}},"loc":{"start":{"line":36,"column":94},"end":{"line":63,"column":2}},"line":36},"4":{"name":"(anonymous_4)","decl":{"start":{"line":65,"column":1},"end":{"line":65,"column":2}},"loc":{"start":{"line":65,"column":21},"end":{"line":82,"column":2}},"line":65},"5":{"name":"(anonymous_5)","decl":{"start":{"line":84,"column":1},"end":{"line":84,"column":2}},"loc":{"start":{"line":84,"column":42},"end":{"line":107,"column":2}},"line":84},"6":{"name":"(anonymous_6)","decl":{"start":{"line":110,"column":1},"end":{"line":110,"column":2}},"loc":{"start":{"line":110,"column":17},"end":{"line":115,"column":2}},"line":110},"7":{"name":"(anonymous_7)","decl":{"start":{"line":118,"column":1},"end":{"line":118,"column":2}},"loc":{"start":{"line":118,"column":17},"end":{"line":120,"column":2}},"line":118},"8":{"name":"(anonymous_8)","decl":{"start":{"line":122,"column":1},"end":{"line":122,"column":2}},"loc":{"start":{"line":122,"column":25},"end":{"line":126,"column":2}},"line":122},"9":{"name":"(anonymous_9)","decl":{"start":{"line":128,"column":1},"end":{"line":128,"column":2}},"loc":{"start":{"line":128,"column":28},"end":{"line":134,"column":2}},"line":128},"10":{"name":"(anonymous_10)","decl":{"start":{"line":130,"column":3},"end":{"line":130,"column":4}},"loc":{"start":{"line":130,"column":16},"end":{"line":132,"column":4}},"line":130},"11":{"name":"(anonymous_11)","decl":{"start":{"line":136,"column":1},"end":{"line":136,"column":2}},"loc":{"start":{"line":136,"column":36},"end":{"line":138,"column":2}},"line":136},"12":{"name":"(anonymous_12)","decl":{"start":{"line":137,"column":28},"end":{"line":137,"column":29}},"loc":{"start":{"line":137,"column":43},"end":{"line":137,"column":100}},"line":137},"13":{"name":"getJSONFromObj","decl":{"start":{"line":140,"column":26},"end":{"line":140,"column":40}},"loc":{"start":{"line":140,"column":46},"end":{"line":157,"column":2}},"line":140},"14":{"name":"(anonymous_14)","decl":{"start":{"line":159,"column":1},"end":{"line":159,"column":2}},"loc":{"start":{"line":159,"column":47},"end":{"line":167,"column":2}},"line":159},"15":{"name":"(anonymous_15)","decl":{"start":{"line":163,"column":3},"end":{"line":163,"column":4}},"loc":{"start":{"line":163,"column":16},"end":{"line":165,"column":4}},"line":163},"16":{"name":"(anonymous_16)","decl":{"start":{"line":169,"column":1},"end":{"line":169,"column":2}},"loc":{"start":{"line":169,"column":37},"end":{"line":171,"column":2}},"line":169},"17":{"name":"(anonymous_17)","decl":{"start":{"line":173,"column":1},"end":{"line":173,"column":2}},"loc":{"start":{"line":173,"column":109},"end":{"line":213,"column":2}},"line":173},"18":{"name":"(anonymous_18)","decl":{"start":{"line":193,"column":26},"end":{"line":193,"column":27}},"loc":{"start":{"line":193,"column":47},"end":{"line":193,"column":96}},"line":193},"19":{"name":"(anonymous_19)","decl":{"start":{"line":215,"column":1},"end":{"line":215,"column":2}},"loc":{"start":{"line":215,"column":40},"end":{"line":217,"column":2}},"line":215},"20":{"name":"(anonymous_20)","decl":{"start":{"line":220,"column":1},"end":{"line":220,"column":2}},"loc":{"start":{"line":220,"column":21},"end":{"line":222,"column":2}},"line":220},"21":{"name":"(anonymous_21)","decl":{"start":{"line":224,"column":1},"end":{"line":224,"column":2}},"loc":{"start":{"line":224,"column":26},"end":{"line":226,"column":2}},"line":224},"22":{"name":"(anonymous_22)","decl":{"start":{"line":234,"column":1},"end":{"line":234,"column":2}},"loc":{"start":{"line":234,"column":38},"end":{"line":236,"column":2}},"line":234},"23":{"name":"(anonymous_23)","decl":{"start":{"line":238,"column":1},"end":{"line":238,"column":2}},"loc":{"start":{"line":238,"column":24},"end":{"line":240,"column":2}},"line":238},"24":{"name":"(anonymous_24)","decl":{"start":{"line":242,"column":1},"end":{"line":242,"column":2}},"loc":{"start":{"line":242,"column":33},"end":{"line":246,"column":2}},"line":242},"25":{"name":"(anonymous_25)","decl":{"start":{"line":245,"column":30},"end":{"line":245,"column":31}},"loc":{"start":{"line":245,"column":38},"end":{"line":245,"column":61}},"line":245},"26":{"name":"(anonymous_26)","decl":{"start":{"line":248,"column":1},"end":{"line":248,"column":2}},"loc":{"start":{"line":248,"column":35},"end":{"line":250,"column":2}},"line":248},"27":{"name":"(anonymous_27)","decl":{"start":{"line":252,"column":1},"end":{"line":252,"column":2}},"loc":{"start":{"line":252,"column":35},"end":{"line":254,"column":2}},"line":252},"28":{"name":"(anonymous_28)","decl":{"start":{"line":256,"column":1},"end":{"line":256,"column":2}},"loc":{"start":{"line":256,"column":38},"end":{"line":258,"column":2}},"line":256},"29":{"name":"(anonymous_29)","decl":{"start":{"line":260,"column":1},"end":{"line":260,"column":2}},"loc":{"start":{"line":260,"column":43},"end":{"line":262,"column":2}},"line":260},"30":{"name":"(anonymous_30)","decl":{"start":{"line":264,"column":1},"end":{"line":264,"column":2}},"loc":{"start":{"line":264,"column":75},"end":{"line":285,"column":2}},"line":264},"31":{"name":"(anonymous_31)","decl":{"start":{"line":287,"column":1},"end":{"line":287,"column":2}},"loc":{"start":{"line":287,"column":56},"end":{"line":291,"column":2}},"line":287},"32":{"name":"(anonymous_32)","decl":{"start":{"line":293,"column":1},"end":{"line":293,"column":2}},"loc":{"start":{"line":293,"column":48},"end":{"line":317,"column":2}},"line":293},"33":{"name":"(anonymous_33)","decl":{"start":{"line":326,"column":1},"end":{"line":326,"column":2}},"loc":{"start":{"line":326,"column":39},"end":{"line":339,"column":2}},"line":326},"34":{"name":"(anonymous_34)","decl":{"start":{"line":341,"column":1},"end":{"line":341,"column":2}},"loc":{"start":{"line":341,"column":26},"end":{"line":356,"column":2}},"line":341},"35":{"name":"(anonymous_35)","decl":{"start":{"line":363,"column":1},"end":{"line":363,"column":2}},"loc":{"start":{"line":363,"column":32},"end":{"line":397,"column":2}},"line":363},"36":{"name":"(anonymous_36)","decl":{"start":{"line":395,"column":3},"end":{"line":395,"column":4}},"loc":{"start":{"line":395,"column":14},"end":{"line":395,"column":59}},"line":395},"37":{"name":"(anonymous_37)","decl":{"start":{"line":404,"column":1},"end":{"line":404,"column":2}},"loc":{"start":{"line":404,"column":37},"end":{"line":406,"column":2}},"line":404},"38":{"name":"(anonymous_38)","decl":{"start":{"line":408,"column":1},"end":{"line":408,"column":2}},"loc":{"start":{"line":408,"column":28},"end":{"line":426,"column":2}},"line":408},"39":{"name":"doesValueMatchType","decl":{"start":{"line":428,"column":29},"end":{"line":428,"column":47}},"loc":{"start":{"line":428,"column":61},"end":{"line":466,"column":2}},"line":428},"40":{"name":"(anonymous_40)","decl":{"start":{"line":429,"column":25},"end":{"line":429,"column":26}},"loc":{"start":{"line":429,"column":43},"end":{"line":429,"column":92}},"line":429},"41":{"name":"(anonymous_41)","decl":{"start":{"line":430,"column":24},"end":{"line":430,"column":25}},"loc":{"start":{"line":430,"column":41},"end":{"line":430,"column":72}},"line":430},"42":{"name":"(anonymous_42)","decl":{"start":{"line":431,"column":27},"end":{"line":431,"column":28}},"loc":{"start":{"line":431,"column":50},"end":{"line":431,"column":86}},"line":431},"43":{"name":"(anonymous_43)","decl":{"start":{"line":432,"column":30},"end":{"line":432,"column":31}},"loc":{"start":{"line":432,"column":47},"end":{"line":432,"column":109}},"line":432},"44":{"name":"(anonymous_44)","decl":{"start":{"line":432,"column":68},"end":{"line":432,"column":69}},"loc":{"start":{"line":432,"column":76},"end":{"line":432,"column":106}},"line":432},"45":{"name":"(anonymous_45)","decl":{"start":{"line":468,"column":19},"end":{"line":468,"column":20}},"loc":{"start":{"line":468,"column":43},"end":{"line":491,"column":2}},"line":468},"46":{"name":"(anonymous_46)","decl":{"start":{"line":475,"column":9},"end":{"line":475,"column":10}},"loc":{"start":{"line":475,"column":20},"end":{"line":475,"column":56}},"line":475},"47":{"name":"(anonymous_47)","decl":{"start":{"line":476,"column":9},"end":{"line":476,"column":10}},"loc":{"start":{"line":476,"column":29},"end":{"line":486,"column":6}},"line":476},"48":{"name":"(anonymous_48)","decl":{"start":{"line":493,"column":31},"end":{"line":493,"column":32}},"loc":{"start":{"line":493,"column":42},"end":{"line":502,"column":2}},"line":493},"49":{"name":"(anonymous_49)","decl":{"start":{"line":504,"column":26},"end":{"line":504,"column":27}},"loc":{"start":{"line":504,"column":37},"end":{"line":508,"column":2}},"line":504},"50":{"name":"(anonymous_50)","decl":{"start":{"line":510,"column":1},"end":{"line":510,"column":2}},"loc":{"start":{"line":510,"column":19},"end":{"line":529,"column":2}},"line":510},"51":{"name":"(anonymous_51)","decl":{"start":{"line":531,"column":1},"end":{"line":531,"column":2}},"loc":{"start":{"line":531,"column":23},"end":{"line":561,"column":2}},"line":531},"52":{"name":"(anonymous_52)","decl":{"start":{"line":563,"column":1},"end":{"line":563,"column":2}},"loc":{"start":{"line":563,"column":49},"end":{"line":602,"column":2}},"line":563},"53":{"name":"(anonymous_53)","decl":{"start":{"line":604,"column":1},"end":{"line":604,"column":2}},"loc":{"start":{"line":604,"column":42},"end":{"line":631,"column":2}},"line":604},"54":{"name":"(anonymous_54)","decl":{"start":{"line":622,"column":10},"end":{"line":622,"column":11}},"loc":{"start":{"line":622,"column":17},"end":{"line":624,"column":4}},"line":622},"55":{"name":"(anonymous_55)","decl":{"start":{"line":633,"column":1},"end":{"line":633,"column":2}},"loc":{"start":{"line":633,"column":29},"end":{"line":646,"column":2}},"line":633},"56":{"name":"(anonymous_56)","decl":{"start":{"line":648,"column":1},"end":{"line":648,"column":2}},"loc":{"start":{"line":648,"column":57},"end":{"line":667,"column":2}},"line":648},"57":{"name":"(anonymous_57)","decl":{"start":{"line":674,"column":1},"end":{"line":674,"column":2}},"loc":{"start":{"line":681,"column":4},"end":{"line":754,"column":2}},"line":681}},"branchMap":{"0":{"loc":{"start":{"line":21,"column":2},"end":{"line":24,"column":3}},"type":"if","locations":[{"start":{"line":21,"column":2},"end":{"line":24,"column":3}},{"start":{},"end":{}}],"line":21},"1":{"loc":{"start":{"line":26,"column":2},"end":{"line":27,"column":21}},"type":"if","locations":[{"start":{"line":26,"column":2},"end":{"line":27,"column":21}},{"start":{},"end":{}}],"line":26},"2":{"loc":{"start":{"line":42,"column":2},"end":{"line":54,"column":3}},"type":"if","locations":[{"start":{"line":42,"column":2},"end":{"line":54,"column":3}},{"start":{"line":51,"column":7},"end":{"line":54,"column":3}}],"line":42},"3":{"loc":{"start":{"line":43,"column":3},"end":{"line":46,"column":42}},"type":"if","locations":[{"start":{"line":43,"column":3},"end":{"line":46,"column":42}},{"start":{"line":46,"column":4},"end":{"line":46,"column":42}}],"line":43},"4":{"loc":{"start":{"line":52,"column":3},"end":{"line":53,"column":36}},"type":"if","locations":[{"start":{"line":52,"column":3},"end":{"line":53,"column":36}},{"start":{},"end":{}}],"line":52},"5":{"loc":{"start":{"line":87,"column":2},"end":{"line":88,"column":15}},"type":"if","locations":[{"start":{"line":87,"column":2},"end":{"line":88,"column":15}},{"start":{},"end":{}}],"line":87},"6":{"loc":{"start":{"line":93,"column":3},"end":{"line":98,"column":4}},"type":"if","locations":[{"start":{"line":93,"column":3},"end":{"line":98,"column":4}},{"start":{"line":96,"column":8},"end":{"line":98,"column":4}}],"line":93},"7":{"loc":{"start":{"line":103,"column":2},"end":{"line":106,"column":14}},"type":"if","locations":[{"start":{"line":103,"column":2},"end":{"line":106,"column":14}},{"start":{"line":106,"column":3},"end":{"line":106,"column":14}}],"line":103},"8":{"loc":{"start":{"line":111,"column":2},"end":{"line":113,"column":3}},"type":"if","locations":[{"start":{"line":111,"column":2},"end":{"line":113,"column":3}},{"start":{},"end":{}}],"line":111},"9":{"loc":{"start":{"line":144,"column":3},"end":{"line":145,"column":13}},"type":"if","locations":[{"start":{"line":144,"column":3},"end":{"line":145,"column":13}},{"start":{},"end":{}}],"line":144},"10":{"loc":{"start":{"line":144,"column":7},"end":{"line":144,"column":55}},"type":"binary-expr","locations":[{"start":{"line":144,"column":7},"end":{"line":144,"column":31}},{"start":{"line":144,"column":35},"end":{"line":144,"column":55}}],"line":144},"11":{"loc":{"start":{"line":147,"column":3},"end":{"line":153,"column":39}},"type":"if","locations":[{"start":{"line":147,"column":3},"end":{"line":153,"column":39}},{"start":{"line":153,"column":4},"end":{"line":153,"column":39}}],"line":147},"12":{"loc":{"start":{"line":148,"column":4},"end":{"line":151,"column":56}},"type":"if","locations":[{"start":{"line":148,"column":4},"end":{"line":151,"column":56}},{"start":{"line":151,"column":5},"end":{"line":151,"column":56}}],"line":148},"13":{"loc":{"start":{"line":164,"column":11},"end":{"line":164,"column":63}},"type":"binary-expr","locations":[{"start":{"line":164,"column":11},"end":{"line":164,"column":42}},{"start":{"line":164,"column":46},"end":{"line":164,"column":63}}],"line":164},"14":{"loc":{"start":{"line":199,"column":3},"end":{"line":208,"column":4}},"type":"if","locations":[{"start":{"line":199,"column":3},"end":{"line":208,"column":4}},{"start":{"line":204,"column":10},"end":{"line":208,"column":4}}],"line":199},"15":{"loc":{"start":{"line":204,"column":10},"end":{"line":208,"column":4}},"type":"if","locations":[{"start":{"line":204,"column":10},"end":{"line":208,"column":4}},{"start":{},"end":{}}],"line":204},"16":{"loc":{"start":{"line":264,"column":37},"end":{"line":264,"column":73}},"type":"default-arg","locations":[{"start":{"line":264,"column":53},"end":{"line":264,"column":73}}],"line":264},"17":{"loc":{"start":{"line":265,"column":2},"end":{"line":284,"column":3}},"type":"if","locations":[{"start":{"line":265,"column":2},"end":{"line":284,"column":3}},{"start":{},"end":{}}],"line":265},"18":{"loc":{"start":{"line":266,"column":3},"end":{"line":283,"column":4}},"type":"if","locations":[{"start":{"line":266,"column":3},"end":{"line":283,"column":4}},{"start":{"line":272,"column":8},"end":{"line":283,"column":4}}],"line":266},"19":{"loc":{"start":{"line":272,"column":8},"end":{"line":283,"column":4}},"type":"if","locations":[{"start":{"line":272,"column":8},"end":{"line":283,"column":4}},{"start":{"line":278,"column":8},"end":{"line":283,"column":4}}],"line":272},"20":{"loc":{"start":{"line":288,"column":2},"end":{"line":290,"column":3}},"type":"if","locations":[{"start":{"line":288,"column":2},"end":{"line":290,"column":3}},{"start":{},"end":{}}],"line":288},"21":{"loc":{"start":{"line":288,"column":6},"end":{"line":288,"column":66}},"type":"binary-expr","locations":[{"start":{"line":288,"column":6},"end":{"line":288,"column":17}},{"start":{"line":288,"column":22},"end":{"line":288,"column":41}},{"start":{"line":288,"column":45},"end":{"line":288,"column":65}}],"line":288},"22":{"loc":{"start":{"line":331,"column":2},"end":{"line":331,"column":53}},"type":"if","locations":[{"start":{"line":331,"column":2},"end":{"line":331,"column":53}},{"start":{},"end":{}}],"line":331},"23":{"loc":{"start":{"line":331,"column":6},"end":{"line":331,"column":38}},"type":"binary-expr","locations":[{"start":{"line":331,"column":6},"end":{"line":331,"column":19}},{"start":{"line":331,"column":23},"end":{"line":331,"column":38}}],"line":331},"24":{"loc":{"start":{"line":345,"column":2},"end":{"line":353,"column":3}},"type":"switch","locations":[{"start":{"line":346,"column":3},"end":{"line":348,"column":10}},{"start":{"line":350,"column":3},"end":{"line":352,"column":10}}],"line":345},"25":{"loc":{"start":{"line":363,"column":19},"end":{"line":363,"column":30}},"type":"default-arg","locations":[{"start":{"line":363,"column":26},"end":{"line":363,"column":30}}],"line":363},"26":{"loc":{"start":{"line":366,"column":2},"end":{"line":392,"column":3}},"type":"switch","locations":[{"start":{"line":367,"column":3},"end":{"line":367,"column":12}},{"start":{"line":368,"column":3},"end":{"line":368,"column":15}},{"start":{"line":369,"column":3},"end":{"line":371,"column":10}},{"start":{"line":373,"column":3},"end":{"line":373,"column":12}},{"start":{"line":374,"column":3},"end":{"line":374,"column":14}},{"start":{"line":375,"column":3},"end":{"line":375,"column":15}},{"start":{"line":376,"column":3},"end":{"line":376,"column":17}},{"start":{"line":377,"column":3},"end":{"line":379,"column":10}},{"start":{"line":381,"column":3},"end":{"line":381,"column":12}},{"start":{"line":382,"column":3},"end":{"line":382,"column":14}},{"start":{"line":383,"column":3},"end":{"line":383,"column":15}},{"start":{"line":384,"column":3},"end":{"line":384,"column":17}},{"start":{"line":385,"column":3},"end":{"line":387,"column":10}},{"start":{"line":389,"column":3},"end":{"line":391,"column":10}}],"line":366},"27":{"loc":{"start":{"line":404,"column":18},"end":{"line":404,"column":35}},"type":"default-arg","locations":[{"start":{"line":404,"column":25},"end":{"line":404,"column":35}}],"line":404},"28":{"loc":{"start":{"line":429,"column":53},"end":{"line":429,"column":89}},"type":"binary-expr","locations":[{"start":{"line":429,"column":53},"end":{"line":429,"column":69}},{"start":{"line":429,"column":73},"end":{"line":429,"column":89}}],"line":429},"29":{"loc":{"start":{"line":434,"column":2},"end":{"line":435,"column":16}},"type":"if","locations":[{"start":{"line":434,"column":2},"end":{"line":435,"column":16}},{"start":{},"end":{}}],"line":434},"30":{"loc":{"start":{"line":437,"column":2},"end":{"line":438,"column":16}},"type":"if","locations":[{"start":{"line":437,"column":2},"end":{"line":438,"column":16}},{"start":{},"end":{}}],"line":437},"31":{"loc":{"start":{"line":437,"column":6},"end":{"line":437,"column":55}},"type":"binary-expr","locations":[{"start":{"line":437,"column":6},"end":{"line":437,"column":17}},{"start":{"line":437,"column":21},"end":{"line":437,"column":55}}],"line":437},"32":{"loc":{"start":{"line":440,"column":2},"end":{"line":441,"column":16}},"type":"if","locations":[{"start":{"line":440,"column":2},"end":{"line":441,"column":16}},{"start":{},"end":{}}],"line":440},"33":{"loc":{"start":{"line":440,"column":6},"end":{"line":440,"column":53}},"type":"binary-expr","locations":[{"start":{"line":440,"column":6},"end":{"line":440,"column":16}},{"start":{"line":440,"column":20},"end":{"line":440,"column":53}}],"line":440},"34":{"loc":{"start":{"line":443,"column":2},"end":{"line":444,"column":16}},"type":"if","locations":[{"start":{"line":443,"column":2},"end":{"line":444,"column":16}},{"start":{},"end":{}}],"line":443},"35":{"loc":{"start":{"line":443,"column":6},"end":{"line":443,"column":56}},"type":"binary-expr","locations":[{"start":{"line":443,"column":6},"end":{"line":443,"column":16}},{"start":{"line":443,"column":20},"end":{"line":443,"column":56}}],"line":443},"36":{"loc":{"start":{"line":446,"column":2},"end":{"line":463,"column":3}},"type":"switch","locations":[{"start":{"line":447,"column":3},"end":{"line":452,"column":4}},{"start":{"line":454,"column":3},"end":{"line":462,"column":4}}],"line":446},"37":{"loc":{"start":{"line":448,"column":4},"end":{"line":449,"column":18}},"type":"if","locations":[{"start":{"line":448,"column":4},"end":{"line":449,"column":18}},{"start":{},"end":{}}],"line":448},"38":{"loc":{"start":{"line":455,"column":4},"end":{"line":457,"column":5}},"type":"if","locations":[{"start":{"line":455,"column":4},"end":{"line":457,"column":5}},{"start":{},"end":{}}],"line":455},"39":{"loc":{"start":{"line":459,"column":4},"end":{"line":461,"column":5}},"type":"if","locations":[{"start":{"line":459,"column":4},"end":{"line":461,"column":5}},{"start":{},"end":{}}],"line":459},"40":{"loc":{"start":{"line":477,"column":6},"end":{"line":485,"column":7}},"type":"if","locations":[{"start":{"line":477,"column":6},"end":{"line":485,"column":7}},{"start":{"line":480,"column":11},"end":{"line":485,"column":7}}],"line":477},"41":{"loc":{"start":{"line":511,"column":4},"end":{"line":513,"column":5}},"type":"if","locations":[{"start":{"line":511,"column":4},"end":{"line":513,"column":5}},{"start":{},"end":{}}],"line":511},"42":{"loc":{"start":{"line":511,"column":8},"end":{"line":511,"column":51}},"type":"binary-expr","locations":[{"start":{"line":511,"column":8},"end":{"line":511,"column":34}},{"start":{"line":511,"column":38},"end":{"line":511,"column":51}}],"line":511},"43":{"loc":{"start":{"line":515,"column":4},"end":{"line":517,"column":5}},"type":"if","locations":[{"start":{"line":515,"column":4},"end":{"line":517,"column":5}},{"start":{},"end":{}}],"line":515},"44":{"loc":{"start":{"line":515,"column":8},"end":{"line":515,"column":48}},"type":"binary-expr","locations":[{"start":{"line":515,"column":8},"end":{"line":515,"column":26}},{"start":{"line":515,"column":30},"end":{"line":515,"column":48}}],"line":515},"45":{"loc":{"start":{"line":519,"column":4},"end":{"line":528,"column":5}},"type":"switch","locations":[{"start":{"line":520,"column":8},"end":{"line":521,"column":33}},{"start":{"line":522,"column":8},"end":{"line":523,"column":33}},{"start":{"line":524,"column":8},"end":{"line":525,"column":33}},{"start":{"line":526,"column":8},"end":{"line":527,"column":33}}],"line":519},"46":{"loc":{"start":{"line":532,"column":4},"end":{"line":534,"column":5}},"type":"if","locations":[{"start":{"line":532,"column":4},"end":{"line":534,"column":5}},{"start":{},"end":{}}],"line":532},"47":{"loc":{"start":{"line":532,"column":8},"end":{"line":532,"column":51}},"type":"binary-expr","locations":[{"start":{"line":532,"column":8},"end":{"line":532,"column":34}},{"start":{"line":532,"column":38},"end":{"line":532,"column":51}}],"line":532},"48":{"loc":{"start":{"line":549,"column":4},"end":{"line":551,"column":5}},"type":"if","locations":[{"start":{"line":549,"column":4},"end":{"line":551,"column":5}},{"start":{},"end":{}}],"line":549},"49":{"loc":{"start":{"line":556,"column":4},"end":{"line":558,"column":5}},"type":"if","locations":[{"start":{"line":556,"column":4},"end":{"line":558,"column":5}},{"start":{},"end":{}}],"line":556},"50":{"loc":{"start":{"line":634,"column":2},"end":{"line":635,"column":12}},"type":"if","locations":[{"start":{"line":634,"column":2},"end":{"line":635,"column":12}},{"start":{},"end":{}}],"line":634},"51":{"loc":{"start":{"line":634,"column":6},"end":{"line":634,"column":33}},"type":"binary-expr","locations":[{"start":{"line":634,"column":6},"end":{"line":634,"column":12}},{"start":{"line":634,"column":16},"end":{"line":634,"column":33}}],"line":634},"52":{"loc":{"start":{"line":637,"column":2},"end":{"line":638,"column":24}},"type":"if","locations":[{"start":{"line":637,"column":2},"end":{"line":638,"column":24}},{"start":{},"end":{}}],"line":637},"53":{"loc":{"start":{"line":640,"column":2},"end":{"line":641,"column":39}},"type":"if","locations":[{"start":{"line":640,"column":2},"end":{"line":641,"column":39}},{"start":{},"end":{}}],"line":640},"54":{"loc":{"start":{"line":655,"column":10},"end":{"line":655,"column":41}},"type":"binary-expr","locations":[{"start":{"line":655,"column":10},"end":{"line":655,"column":25}},{"start":{"line":655,"column":29},"end":{"line":655,"column":41}}],"line":655},"55":{"loc":{"start":{"line":676,"column":2},"end":{"line":676,"column":10}},"type":"default-arg","locations":[{"start":{"line":676,"column":8},"end":{"line":676,"column":10}}],"line":676},"56":{"loc":{"start":{"line":677,"column":2},"end":{"line":677,"column":16}},"type":"default-arg","locations":[{"start":{"line":677,"column":14},"end":{"line":677,"column":16}}],"line":677},"57":{"loc":{"start":{"line":678,"column":2},"end":{"line":678,"column":11}},"type":"default-arg","locations":[{"start":{"line":678,"column":9},"end":{"line":678,"column":11}}],"line":678},"58":{"loc":{"start":{"line":679,"column":2},"end":{"line":679,"column":16}},"type":"default-arg","locations":[{"start":{"line":679,"column":14},"end":{"line":679,"column":16}}],"line":679},"59":{"loc":{"start":{"line":680,"column":2},"end":{"line":680,"column":36}},"type":"default-arg","locations":[{"start":{"line":680,"column":23},"end":{"line":680,"column":36}}],"line":680},"60":{"loc":{"start":{"line":682,"column":2},"end":{"line":682,"column":34}},"type":"if","locations":[{"start":{"line":682,"column":2},"end":{"line":682,"column":34}},{"start":{},"end":{}}],"line":682},"61":{"loc":{"start":{"line":729,"column":5},"end":{"line":730,"column":30}},"type":"if","locations":[{"start":{"line":729,"column":5},"end":{"line":730,"column":30}},{"start":{},"end":{}}],"line":729},"62":{"loc":{"start":{"line":737,"column":4},"end":{"line":738,"column":30}},"type":"if","locations":[{"start":{"line":737,"column":4},"end":{"line":738,"column":30}},{"start":{},"end":{}}],"line":737}},"s":{"0":7,"1":7,"2":7,"3":7,"4":46,"5":46,"6":0,"7":0,"8":0,"9":0,"10":0,"11":0,"12":0,"13":0,"14":0,"15":11,"16":11,"17":11,"18":5,"19":2,"20":3,"21":5,"22":6,"23":4,"24":6,"25":78,"26":78,"27":230,"28":230,"29":230,"30":78,"31":5,"32":5,"33":2,"34":3,"35":8,"36":8,"37":7,"38":1,"39":2,"40":2,"41":0,"42":2,"43":11,"44":3,"45":8,"46":2,"47":134,"48":134,"49":134,"50":0,"51":0,"52":0,"53":0,"54":0,"55":0,"56":0,"57":0,"58":0,"59":0,"60":0,"61":0,"62":0,"63":0,"64":0,"65":0,"66":0,"67":0,"68":0,"69":0,"70":0,"71":0,"72":0,"73":0,"74":0,"75":0,"76":0,"77":0,"78":0,"79":0,"80":0,"81":0,"82":0,"83":0,"84":0,"85":0,"86":0,"87":0,"88":0,"89":0,"90":0,"91":0,"92":0,"93":0,"94":0,"95":0,"96":0,"97":0,"98":0,"99":0,"100":0,"101":0,"102":0,"103":0,"104":0,"105":0,"106":0,"107":0,"108":0,"109":0,"110":0,"111":0,"112":0,"113":0,"114":0,"115":0,"116":0,"117":0,"118":0,"119":0,"120":232,"121":232,"122":45,"123":45,"124":187,"125":187,"126":232,"127":0,"128":0,"129":0,"130":0,"131":0,"132":0,"133":0,"134":0,"135":0,"136":0,"137":0,"138":0,"139":92,"140":0,"141":0,"142":0,"143":0,"144":0,"145":0,"146":0,"147":0,"148":0,"149":0,"150":0,"151":0,"152":0,"153":0,"154":0,"155":0,"156":0,"157":0,"158":0,"159":0,"160":0,"161":0,"162":0,"163":0,"164":0,"165":0,"166":0,"167":0,"168":0,"169":0,"170":0,"171":0,"172":0,"173":0,"174":0,"175":0,"176":0,"177":0,"178":0,"179":0,"180":0,"181":0,"182":0,"183":0,"184":0,"185":0,"186":0,"187":0,"188":0,"189":0,"190":0,"191":0,"192":0,"193":0,"194":0,"195":8,"196":0,"197":8,"198":1,"199":7,"200":2,"201":2,"202":2,"203":1,"204":10,"205":0,"206":10,"207":10,"208":10,"209":10,"210":6,"211":4,"212":4,"213":4,"214":1,"215":3,"216":0,"217":0,"218":0,"219":0,"220":0,"221":0,"222":0,"223":0,"224":0,"225":0,"226":0,"227":0,"228":0,"229":0,"230":0,"231":0,"232":0,"233":0,"234":9,"235":2,"236":7,"237":4,"238":3,"239":1,"240":2,"241":2,"242":2,"243":1,"244":1,"245":4,"246":4,"247":4,"248":4,"249":5,"250":5,"251":4,"252":4,"253":4,"254":1,"255":1,"256":0,"257":0,"258":0,"259":0,"260":0,"261":0,"262":0,"263":0,"264":0,"265":0,"266":0,"267":0,"268":0,"269":0,"270":0,"271":0,"272":0,"273":0,"274":0,"275":0,"276":0,"277":0,"278":0,"279":0,"280":0,"281":0,"282":0,"283":0,"284":0,"285":0,"286":0,"287":7},"f":{"0":46,"1":46,"2":0,"3":11,"4":78,"5":5,"6":11,"7":2,"8":134,"9":0,"10":0,"11":0,"12":0,"13":0,"14":0,"15":0,"16":0,"17":0,"18":0,"19":0,"20":0,"21":0,"22":0,"23":0,"24":0,"25":0,"26":0,"27":0,"28":0,"29":0,"30":0,"31":0,"32":0,"33":0,"34":232,"35":0,"36":0,"37":92,"38":0,"39":0,"40":0,"41":0,"42":0,"43":0,"44":0,"45":0,"46":0,"47":0,"48":0,"49":0,"50":8,"51":10,"52":0,"53":0,"54":0,"55":9,"56":1,"57":0},"b":{"0":[0,0],"1":[0,0],"2":[5,6],"3":[2,3],"4":[4,2],"5":[2,3],"6":[7,1],"7":[0,2],"8":[3,8],"9":[0,0],"10":[0,0],"11":[0,0],"12":[0,0],"13":[0,0],"14":[0,0],"15":[0,0],"16":[0],"17":[0,0],"18":[0,0],"19":[0,0],"20":[0,0],"21":[0,0,0],"22":[0,0],"23":[0,0],"24":[45,187],"25":[0],"26":[0,0,0,0,0,0,0,0,0,0,0,0,0,0],"27":[92],"28":[0,0],"29":[0,0],"30":[0,0],"31":[0,0],"32":[0,0],"33":[0,0],"34":[0,0],"35":[0,0],"36":[0,0],"37":[0,0],"38":[0,0],"39":[0,0],"40":[0,0],"41":[0,8],"42":[8,8],"43":[1,7],"44":[8,4],"45":[2,2,2,1],"46":[0,10],"47":[10,10],"48":[6,4],"49":[1,3],"50":[2,7],"51":[9,8],"52":[4,3],"53":[1,2],"54":[9,9],"55":[0],"56":[0],"57":[0],"58":[0],"59":[0],"60":[0,0],"61":[0,0],"62":[0,0]},"_coverageSchema":"1a1c01bbd47fc00a2c39e90264f33305004495a9","hash":"9ecc20b2421ca239b6dfa71fd6f619fd161aeaf3"}
,"C:\\Users\\alexc\\OneDrive\\Documents\\Code\\repos\\brobot\\modules\\token.js": {"path":"C:\\Users\\alexc\\OneDrive\\Documents\\Code\\repos\\brobot\\modules\\token.js","statementMap":{"0":{"start":{"line":1,"column":0},"end":{"line":2,"column":26}}},"fnMap":{},"branchMap":{},"s":{"0":5},"f":{},"b":{},"_coverageSchema":"1a1c01bbd47fc00a2c39e90264f33305004495a9","hash":"33d397bfd3383e7d40ea45dc4a1922feb669588c"}
,"C:\\Users\\alexc\\OneDrive\\Documents\\Code\\repos\\brobot\\modules\\rapid_discord_mafia\\Ability.js": {"path":"C:\\Users\\alexc\\OneDrive\\Documents\\Code\\repos\\brobot\\modules\\rapid_discord_mafia\\Ability.js","statementMap":{"0":{"start":{"line":1,"column":160},"end":{"line":1,"column":182}},"1":{"start":{"line":2,"column":23},"end":{"line":2,"column":52}},"2":{"start":{"line":3,"column":12},"end":{"line":3,"column":31}},"3":{"start":{"line":75,"column":15},"end":{"line":75,"column":17}},"4":{"start":{"line":83,"column":2},"end":{"line":83,"column":19}},"5":{"start":{"line":84,"column":2},"end":{"line":84,"column":19}},"6":{"start":{"line":85,"column":2},"end":{"line":85,"column":27}},"7":{"start":{"line":86,"column":2},"end":{"line":86,"column":19}},"8":{"start":{"line":87,"column":2},"end":{"line":87,"column":27}},"9":{"start":{"line":88,"column":2},"end":{"line":88,"column":39}},"10":{"start":{"line":89,"column":2},"end":{"line":89,"column":33}},"11":{"start":{"line":90,"column":2},"end":{"line":90,"column":27}},"12":{"start":{"line":91,"column":2},"end":{"line":91,"column":17}},"13":{"start":{"line":92,"column":2},"end":{"line":92,"column":25}},"14":{"start":{"line":94,"column":29},"end":{"line":94,"column":33}},"15":{"start":{"line":96,"column":2},"end":{"line":103,"column":3}},"16":{"start":{"line":97,"column":3},"end":{"line":100,"column":4}},"17":{"start":{"line":98,"column":4},"end":{"line":98,"column":33}},"18":{"start":{"line":99,"column":4},"end":{"line":99,"column":23}},"19":{"start":{"line":102,"column":3},"end":{"line":102,"column":23}},"20":{"start":{"line":105,"column":2},"end":{"line":106,"column":20}},"21":{"start":{"line":106,"column":3},"end":{"line":106,"column":20}},"22":{"start":{"line":111,"column":17},"end":{"line":111,"column":19}},"23":{"start":{"line":112,"column":19},"end":{"line":112,"column":21}},"24":{"start":{"line":113,"column":25},"end":{"line":113,"column":92}},"25":{"start":{"line":116,"column":2},"end":{"line":133,"column":3}},"26":{"start":{"line":118,"column":4},"end":{"line":118,"column":37}},"27":{"start":{"line":119,"column":4},"end":{"line":119,"column":10}},"28":{"start":{"line":122,"column":4},"end":{"line":122,"column":28}},"29":{"start":{"line":123,"column":4},"end":{"line":123,"column":48}},"30":{"start":{"line":124,"column":4},"end":{"line":124,"column":10}},"31":{"start":{"line":127,"column":4},"end":{"line":127,"column":28}},"32":{"start":{"line":128,"column":4},"end":{"line":128,"column":10}},"33":{"start":{"line":131,"column":4},"end":{"line":131,"column":40}},"34":{"start":{"line":132,"column":4},"end":{"line":132,"column":10}},"35":{"start":{"line":135,"column":2},"end":{"line":138,"column":34}},"36":{"start":{"line":140,"column":2},"end":{"line":140,"column":21}},"37":{"start":{"line":145,"column":0},"end":{"line":145,"column":25}}},"fnMap":{"0":{"name":"(anonymous_0)","decl":{"start":{"line":71,"column":1},"end":{"line":71,"column":2}},"loc":{"start":{"line":82,"column":4},"end":{"line":107,"column":2}},"line":82},"1":{"name":"(anonymous_1)","decl":{"start":{"line":75,"column":11},"end":{"line":75,"column":12}},"loc":{"start":{"line":75,"column":15},"end":{"line":75,"column":17}},"line":75},"2":{"name":"(anonymous_2)","decl":{"start":{"line":109,"column":1},"end":{"line":109,"column":2}},"loc":{"start":{"line":109,"column":12},"end":{"line":142,"column":2}},"line":109}},"branchMap":{"0":{"loc":{"start":{"line":75,"column":2},"end":{"line":75,"column":17}},"type":"default-arg","locations":[{"start":{"line":75,"column":11},"end":{"line":75,"column":17}}],"line":75},"1":{"loc":{"start":{"line":76,"column":2},"end":{"line":76,"column":31}},"type":"default-arg","locations":[{"start":{"line":76,"column":17},"end":{"line":76,"column":31}}],"line":76},"2":{"loc":{"start":{"line":79,"column":2},"end":{"line":79,"column":14}},"type":"default-arg","locations":[{"start":{"line":79,"column":11},"end":{"line":79,"column":14}}],"line":79},"3":{"loc":{"start":{"line":80,"column":2},"end":{"line":80,"column":9}},"type":"default-arg","locations":[{"start":{"line":80,"column":7},"end":{"line":80,"column":9}}],"line":80},"4":{"loc":{"start":{"line":81,"column":2},"end":{"line":81,"column":12}},"type":"default-arg","locations":[{"start":{"line":81,"column":10},"end":{"line":81,"column":12}}],"line":81},"5":{"loc":{"start":{"line":97,"column":3},"end":{"line":100,"column
[...]
","decl":{"start":{"line":251,"column":1},"end":{"line":251,"column":2}},"loc":{"start":{"line":251,"column":38},"end":{"line":260,"column":2}},"line":251},"14":{"name":"(anonymous_14)","decl":{"start":{"line":264,"column":1},"end":{"line":264,"column":2}},"loc":{"start":{"line":264,"column":35},"end":{"line":295,"column":2}},"line":264},"15":{"name":"(anonymous_15)","decl":{"start":{"line":299,"column":1},"end":{"line":299,"column":2}},"loc":{"start":{"line":299,"column":32},"end":{"line":318,"column":2}},"line":299},"16":{"name":"(anonymous_16)","decl":{"start":{"line":322,"column":1},"end":{"line":322,"column":2}},"loc":{"start":{"line":322,"column":34},"end":{"line":354,"column":2}},"line":322},"17":{"name":"(anonymous_17)","decl":{"start":{"line":333,"column":46},"end":{"line":333,"column":47}},"loc":{"start":{"line":333,"column":56},"end":{"line":346,"column":3}},"line":333},"18":{"name":"(anonymous_18)","decl":{"start":{"line":358,"column":1},"end":{"line":358,"column":2}},"loc":{"start":{"line":358,"column":38},"end":{"line":368,"column":2}},"line":358},"19":{"name":"(anonymous_19)","decl":{"start":{"line":372,"column":1},"end":{"line":372,"column":2}},"loc":{"start":{"line":372,"column":32},"end":{"line":386,"column":2}},"line":372},"20":{"name":"(anonymous_20)","decl":{"start":{"line":390,"column":1},"end":{"line":390,"column":2}},"loc":{"start":{"line":390,"column":36},"end":{"line":398,"column":2}},"line":390},"21":{"name":"(anonymous_21)","decl":{"start":{"line":402,"column":1},"end":{"line":402,"column":2}},"loc":{"start":{"line":402,"column":34},"end":{"line":468,"column":2}},"line":402},"22":{"name":"(anonymous_22)","decl":{"start":{"line":417,"column":37},"end":{"line":417,"column":38}},"loc":{"start":{"line":417,"column":44},"end":{"line":417,"column":77}},"line":417},"23":{"name":"(anonymous_23)","decl":{"start":{"line":422,"column":37},"end":{"line":422,"column":38}},"loc":{"start":{"line":422,"column":44},"end":{"line":422,"column":77}},"line":422},"24":{"name":"(anonymous_24)","decl":{"start":{"line":472,"column":1},"end":{"line":472,"column":2}},"loc":{"start":{"line":472,"column":34},"end":{"line":512,"column":2}},"line":472},"25":{"name":"(anonymous_25)","decl":{"start":{"line":516,"column":1},"end":{"line":516,"column":2}},"loc":{"start":{"line":516,"column":34},"end":{"line":540,"column":2}},"line":516},"26":{"name":"(anonymous_26)","decl":{"start":{"line":544,"column":1},"end":{"line":544,"column":2}},"loc":{"start":{"line":544,"column":33},"end":{"line":585,"column":2}},"line":544}},"branchMap":{"0":{"loc":{"start":{"line":7,"column":1},"end":{"line":12,"column":2}},"type":"if","locations":[{"start":{"line":7,"column":1},"end":{"line":12,"column":2}},{"start":{},"end":{}}],"line":7},"1":{"loc":{"start":{"line":8,"column":2},"end":{"line":10,"column":3}},"type":"if","locations":[{"start":{"line":8,"column":2},"end":{"line":10,"column":3}},{"start":{},"end":{}}],"line":8},"2":{"loc":{"start":{"line":29,"column":1},"end":{"line":35,"column":2}},"type":"if","locations":[{"start":{"line":29,"column":1},"end":{"line":35,"column":2}},{"start":{"line":33,"column":6},"end":{"line":35,"column":2}}],"line":29},"3":{"loc":{"start":{"line":42,"column":1},"end":{"line":95,"column":2}},"type":"if","locations":[{"start":{"line":42,"column":1},"end":{"line":95,"column":2}},{"start":{"line":64,"column":6},"end":{"line":95,"column":2}}],"line":42},"4":{"loc":{"start":{"line":51,"column":2},"end":{"line":61,"column":3}},"type":"if","locations":[{"start":{"line":51,"column":2},"end":{"line":61,"column":3}},{"start":{},"end":{}}],"line":51},"5":{"loc":{"start":{"line":51,"column":6},"end":{"line":51,"column":91}},"type":"binary-expr","locations":[{"start":{"line":51,"column":6},"end":{"line":51,"column":50}},{"start":{"line":51,"column":54},"end":{"line":51,"column":91}}],"line":51},"6":{"loc":{"start":{"line":75,"column":2},"end":{"line":91,"column":3}},"type":"if","locations":[{"start":{"line":75,"column":2},"end":{"line":91,"column":3}},{"start":{},"end":{}}],"line":75},"7":{"loc":{"start":{"line":84,"column":4},"end":{"line":89,"column":5}},"type":"if","locations":[{"start":{"line":84,"column":4},"end":{"line":89,"column":5}},{"start":{},"end":{}}],"line":84},"8":{"loc":{"start":{"line":112,"column":2},"end":{"line":118,"column":3}},"type":"if","locations":[{"start":{"line":112,"column":2},"end":{"line":118,"column":3}},{"start":{"line":116,"column":7},"end":{"line":118,"column":3}}],"line":112},"9":{"loc":{"start":{"line":112,"column":9},"end":{"line":112,"column":112}},"type":"binary-expr","locations":[{"start":{"line":112,"column":9},"end":{"line":112,"column":43}},{"start":{"line":112,"column":47},"end":{"line":112,"column":112}}],"line":112},"10":{"loc":{"start":{"line":120,"column":2},"end":{"line":135,"column":3}},"type":"if","locations":[{"start":{"line":120,"column":2},"end":{"line":135,"column":3}},{"start":{},"end":{}}],"line":120},"11":{"loc":{"start":{"line":121,"column":3},"end":{"line":122,"column":77}},"type":"binary-expr","locations":[{"start":{"line":121,"column":3},"end":{"line":121,"column":51}},{"start":{"line":122,"column":3},"end":{"line":122,"column":77}}],"line":121},"12":{"loc":{"start":{"line":187,"column":2},"end":{"line":208,"column":3}},"type":"if","locations":[{"start":{"line":187,"column":2},"end":{"line":208,"column":3}},{"start":{"line":198,"column":7},"end":{"line":208,"column":3}}],"line":187},"13":{"loc":{"start":{"line":274,"column":2},"end":{"line":288,"column":3}},"type":"if","locations":[{"start":{"line":274,"column":2},"end":{"line":288,"column":3}},{"start":{"line":278,"column":7},"end":{"line":288,"column":3}}],"line":274},"14":{"loc":{"start":{"line":278,"column":7},"end":{"line":288,"column":3}},"type":"if","locations":[{"start":{"line":278,"column":7},"end":{"line":288,"column":3}},{"start":{"line":285,"column":7},"end":{"line":288,"column":3}}],"line":278},"15":{"loc":{"start":{"line":279,"column":3},"end":{"line":280,"column":83}},"type":"binary-expr","locations":[{"start":{"line":279,"column":3},"end":{"line":279,"column":54}},{"start":{"line":280,"column":4},"end":{"line":280,"column":40}},{"start":{"line":280,"column":44},"end":{"line":280,"column":82}}],"line":279},"16":{"loc":{"start":{"line":311,"column":2},"end":{"line":314,"column":69}},"type":"if","locations":[{"start":{"line":311,"column":2},"end":{"line":314,"column":69}},{"start":{"line":314,"column":3},"end":{"line":314,"column":69}}],"line":311},"17":{"loc":{"start":{"line":311,"column":6},"end":{"line":311,"column":74}},"type":"binary-expr","locations":[{"start":{"line":311,"column":6},"end":{"line":311,"column":26}},{"start":{"line":311,"column":30},"end":{"line":311,"column":74}}],"line":311},"18":{"loc":{"start":{"line":334,"column":3},"end":{"line":336,"column":4}},"type":"if","locations":[{"start":{"line":334,"column":3},"end":{"line":336,"column":4}},{"start":{},"end":{}}],"line":334},"19":{"loc":{"start":{"line":340,"column":3},"end":{"line":345,"column":4}},"type":"if","locations":[{"start":{"line":340,"column":3},"end":{"line":345,"column":4}},{"start":{},"end":{}}],"line":340},"20":{"loc":{"start":{"line":341,"column":4},"end":{"line":342,"column":39}},"type":"binary-expr","locations":[{"start":{"line":341,"column":4},"end":{"line":341,"column":47}},{"start":{"line":342,"column":4},"end":{"line":342,"column":39}}],"line":341},"21":{"loc":{"start":{"line":348,"column":2},"end":{"line":351,"column":75}},"type":"if","locations":[{"start":{"line":348,"column":2},"end":{"line":351,"column":75}},{"start":{"line":351,"column":3},"end":{"line":351,"column":75}}],"line":348},"22":{"loc":{"start":{"line":416,"column":4},"end":{"line":418,"column":6}},"type":"cond-expr","locations":[{"start":{"line":417,"column":5},"end":{"line":417,"column":85}},{"start":{"line":418,"column":5},"end":{"line":418,"column":6}}],"line":416},"23":{"loc":{"start":{"line":421,"column":4},"end":{"line":423,"column":6}},"type":"cond-expr","locations":[{"start":{"line":422,"column":5},"end":{"line":422,"column":85}},{"start":{"line":423,"column":5},"end":{"line":423,"column":6}}],"line":421},"24":{"loc":{"start":{"line":427,"column":2},"end":{"line":445,"column":3}},"type":"if","locations":[{"start":{"line":427,"column":2},"end":{"line":445,"column":3}},{"start":{},"end":{}}],"line":427},"25":{"loc":{"start":{"line":428,"column":3},"end":{"line":438,"column":66}},"type":"binary-expr","locations":[{"start":{"line":428,"column":3},"end":{"line":428,"column":23}},{"start":{"line":429,"column":3},"end":{"line":429,"column":33}},{"start":{"line":430,"column":3},"end":{"line":430,"column":61}},{"start":{"line":432,"column":4},"end":{"line":432,"column":53}},{"start":{"line":433,"column":4},"end":{"line":433,"column":54}},{"start":{"line":434,"column":4},"end":{"line":434,"column":81}},{"start":{"line":436,"column":3},"end":{"line":436,"column":22}},{"start":{"line":437,"column":3},"end":{"line":437,"column":26}},{"start":{"line":438,"column":3},"end":{"line":438,"column":66}}],"line":428},"26":{"loc":{"start":{"line":448,"column":30},"end":{"line":448,"column":135}},"type":"binary-expr","locations":[{"start":{"line":448,"column":30},"end":{"line":448,"column":59}},{"start":{"line":448,"column":63},"end":{"line":448,"column":135}}],"line":448},"27":{"loc":{"start":{"line":449,"column":23},"end":{"line":449,"column":85}},"type":"cond-expr","locations":[{"start":{"line":449,"column":50},"end":{"line":449,"column":80}},{"start":{"line":449,"column":83},"end":{"line":449,"column":85}}],"line":449},"28":{"loc":{"start":{"line":451,"column":2},"end":{"line":455,"column":3}},"type":"if","locations":[{"start":{"line":451,"column":2},"end":{"line":455,"column":3}},{"start":{},"end":{}}],"line":451},"29":{"loc":{"start":{"line":482,"column":2},"end":{"line":507,"column":3}},"type":"if","locations":[{"start":{"line":482,"column":2},"end":{"line":507,"column":3}},{"start":{"line":485,"column":7},"end":{"line":507,"column":3}}],"line":482},"30":{"loc":{"start":{"line":491,"column":3},"end":{"line":499,"column":4}},"type":"if","locations":[{"start":{"line":491,"column":3},"end":{"line":499,"column":4}},{"start":{"line":494,"column":8},"end":{"line":499,"column":4}}],"line":491},"31":{"loc":{"start":{"line":494,"column":8},"end":{"line":499,"column":4}},"type":"if","locations":[{"start":{"line":494,"column":8},"end":{"line":499,"column":4}},{"start":{"line":497,"column":8},"end":{"line":499,"column":4}}],"line":494},"32":{"loc":{"start":{"line":497,"column":8},"end":{"line":499,"column":4}},"type":"if","locations":[{"start":{"line":497,"column":8},"end":{"line":499,"column":4}},{"start":{},"end":{}}],"line":497},"33":{"loc":{"start":{"line":526,"column":2},"end":{"line":539,"column":3}},"type":"if","locations":[{"start":{"line":526,"column":2},"end":{"line":539,"column":3}},{"start":{"line":537,"column":7},"end":{"line":539,"column":3}}],"line":526},"34":{"loc":{"start":{"line":556,"column":2},"end":{"line":567,"column":3}},"type":"if","locations":[{"start":{"line":556,"column":2},"end":{"line":567,"column":3}},{"start":{"line":565,"column":7},"end":{"line":567,"column":3}}],"line":556},"35":{"loc":{"start":{"line":569,"column":2},"end":{"line":578,"column":3}},"type":"if","locations":[{"start":{"line":569,"column":2},"end":{"line":578,"column":3}},{"start":{"line":576,"column":7},"end":{"line":578,"column":3}}],"line":569},"36":{"loc":{"start":{"line":570,"column":5},"end":{"line":571,"column":67}},"type":"binary-expr","locations":[{"start":{"line":570,"column":5},"end":{"line":570,"column":32}},{"start":{"line":571,"column":4},"end":{"line":571,"column":67}}],"line":570}},"s":{"0":1,"1":1,"2":4,"3":4,"4":4,"5":4,"6":4,"7":4,"8":4,"9":4,"10":1,"11":2,"12":2,"13":2,"14":2,"15":2,"16":0,"17":1,"18":0,"19":0,"20":0,"21":0,"22":0,"23":0,"24":0,"25":0,"26":0,"27":0,"28":0,"29":0,"30":0,"31":0,"32":0,"33":0,"34":0,"35":0,"36":0,"37":0,"38":0,"39":0,"40":0,"41":0,"42":0,"43":0,"44":0,"45":1,"46":0,"47":0,"48":0,"49":0,"50":0,"51":0,"52":0,"53":0,"54":0,"55":0,"56":0,"57":0,"58":0,"59":0,"60":0,"61":0,"62":0,"63":0,"64":0,"65":0,"66":0,"67":0,"68":0,"69":0,"70":0,"71":0,"72":0,"73":2,"74":2,"75":2,"76":2,"77":0,"78":0,"79":0,"80":0,"81":0,"82":0,"83":0,"84":0,"85":0,"86":0,"87":0,"88":0,"89":0,"90":0,"91":0,"92":0,"93":0,"94":0,"95":0,"96":0,"97":0,"98":0,"99":0,"100":0,"101":0,"102":0,"103":0,"104":0,"105":0,"106":0,"107":0,"108":0,"109":0,"110":0,"111":0,"112":0,"113":0,"114":0,"115":0,"116":0,"117":0,"118":0,"119":0,"120":0,"121":0,"122":0,"123":0,"124":0,"125":0,"126":0,"127":0,"128":2,"129":2,"130":2,"131":2,"132":2,"133":2,"134":2,"135":2,"136":0,"137":2,"138":2,"139":2,"140":0,"141":0,"142":0,"143":0,"144":0,"145":0,"146":0,"147":0,"148":0,"149":0,"150":0,"151":0,"152":0,"153":0,"154":0,"155":0,"156":0,"157":0,"158":0,"159":0,"160":0,"161":0,"162":0,"163":0,"164":0,"165":0,"166":0,"167":0,"168":0,"169":0,"170":0,"171":0,"172":0,"173":0,"174":0,"175":0,"176":0,"177":0,"178":0,"179":0,"180":0,"181":0,"182":0,"183":0,"184":0,"185":0,"186":0,"187":0,"188":0,"189":0,"190":0,"191":0,"192":0,"193":0,"194":0,"195":0,"196":0,"197":0,"198":0,"199":0,"200":0,"201":0,"202":0,"203":0,"204":0,"205":0,"206":0,"207":0,"208":0,"209":0,"210":0,"211":0,"212":0,"213":0,"214":0,"215":0,"216":0,"217":0,"218":0,"219":0,"220":0,"221":0,"222":0,"223":0,"224":0,"225":0,"226":0,"227":0,"228":0,"229":0,"230":0,"231":0,"232":0,"233":0,"234":0,"235":0,"236":0,"237":0,"238":0,"239":0,"240":0,"241":0,"242":0,"243":0,"244":0,"245":0,"246":0,"247":0,"248":0,"249":0,"250":0,"251":0,"252":0,"253":0,"254":0,"255":0,"256":0,"257":0,"258":0,"259":0,"260":0,"261":1},"f":{"0":4,"1":2,"2":0,"3":0,"4":0,"5":0,"6":0,"7":0,"8":2,"9":0,"10":0,"11":0,"12":0,"13":0,"14":0,"15":2,"16":0,"17":0,"18":0,"19":0,"20":0,"21":0,"22":0,"23":0,"24":0,"25":0,"26":0},"b":{"0":[4,0],"1":[4,0],"2":[2,0],"3":[0,0],"4":[0,0],"5":[0,0],"6":[0,0],"7":[0,0],"8":[0,0],"9":[0,0],"10":[0,0],"11":[0,0],"12":[0,0],"13":[0,0],"14":[0,0],"15":[0,0,0],"16":[0,2],"17":[2,0],"18":[0,0],"19":[0,0],"20":[0,0],"21":[0,0],"22":[0,0],"23":[0,0],"24":[0,0],"25":[0,0,0,0,0,0,0,0,0],"26":[0,0],"27":[0,0],"28":[0,0],"29":[0,0],"30":[0,0],"31":[0,0],"32":[0,0],"33":[0,0],"34":[0,0],"35":[0,0],"36":[0,0]},"_coverageSchema":"1a1c01bbd47fc00a2c39e90264f33305004495a9","hash":"04516e8f5657531b9e65cce694d47a8e334066a3"}
,"C:\\Users\\alexc\\OneDrive\\Documents\\Code\\repos\\brobot\\utilities\\validator.js": {"path":"C:\\Users\\alexc\\OneDrive\\Documents\\Code\\repos\\brobot\\utilities\\validator.js","statementMap":{"0":{"start":{"line":1,"column":18},"end":{"line":64,"column":1}},"1":{"start":{"line":3,"column":20},"end":{"line":3,"column":37}},"2":{"start":{"line":5,"column":2},"end":{"line":7,"column":3}},"3":{"start":{"line":6,"column":3},"end":{"line":6,"column":92}},"4":{"start":{"line":10,"column":2},"end":{"line":12,"column":3}},"5":{"start":{"line":11,"column":3},"end":{"line":11,"column":64}},"6":{"start":{"line":14,"column":2},"end":{"line":14,"column":14}},"7":{"start":{"line":17,"column":2},"end":{"line":21,"column":3}},"8":{"start":{"line":25,"column":2},"end":{"line":29,"column":3}},"9":{"start":{"line":32,"column":2},"end":{"line":32,"column":30}},"10":{"start":{"line":35,"column":22},"end":{"line":35,"column":45}},"11":{"start":{"line":36,"column":2},"end":{"line":36,"column":37}},"12":{"start":{"line":39,"column":2},"end":{"line":40,"column":16}},"13":{"start":{"line":40,"column":3},"end":{"line":40,"column":16}},"14":{"start":{"line":42,"column":2},"end":{"line":43,"column":15}},"15":{"start":{"line":43,"column":3},"end":{"line":43,"column":15}},"16":{"start":{"line":45,"column":2},"end":{"line":49,"column":3}},"17":{"start":{"line":46,"column":3},"end":{"line":48,"column":4}},"18":{"start":{"line":47,"column":4},"end":{"line":47,"column":17}},"19":{"start":{"line":51,"column":2},"end":{"line":51,"column":14}},"20":{"start":{"line":54,"column":19},"end":{"line":54,"column":38}},"21":{"start":{"line":56,"column":2},"end":{"line":60,"column":3}},"22":{"start":{"line":57,"column":22},"end":{"line":57,"column":44}},"23":{"start":{"line":59,"column":3},"end":{"line":59,"column":16}},"24":{"start":{"line":62,"column":2},"end":{"line":62,"column":13}},"25":{"start":{"line":66,"column":0},"end":{"line":66,"column":27}}},"fnMap":{"0":{"name":"(anonymous_0)","decl":{"start":{"line":2,"column":1},"end":{"line":2,"column":2}},"loc":{"start":{"line":2,"column":20},"end":{"line":15,"column":2}},"line":2},"1":{"name":"(anonymous_1)","decl":{"start":{"line":16,"column":1},"end":{"line":16,"column":2}},"loc":{"start":{"line":16,"column":18},"end":{"line":22,"column":2}},"line":16},"2":{"name":"(anonymous_2)","decl":{"start":{"line":24,"column":1},"end":{"line":24,"column":2}},"loc":{"start":{"line":24,"column":17},"end":{"line":30,"column":2}},"line":24},"3":{"name":"(anonymous_3)","decl":{"start":{"line":31,"column":1},"end":{"line":31,"column":2}},"loc":{"start":{"line":31,"column":16},"end":{"line":33,"column":2}},"line":31},"4":{"name":"(anonymous_4)","decl":{"start":{"line":34,"column":1},"end":{"line":34,"column":2}},"loc":{"start":{"line":34,"column":30},"end":{"line":37,"column":2}},"line":34},"5":{"name":"(anonymous_5)","decl":{"start":{"line":38,"column":1},"end":{"line":38,"column":2}},"loc":{"start":{"line":38,"column":46},"end":{"line":52,"column":2}},"line":38},"6":{"name":"(anonymous_6)","decl":{"start":{"line":53,"column":1},"end":{"line":53,"column":2}},"loc":{"start":{"line":53,"column":37},"end":{"line":63,"column":2}},"line":53},"7":{"name":"(anonymous_7)","decl":{"start":{"line":57,"column":15},"end":{"line":57,"column":16}},"loc":{"start":{"line":57,"column":22},"end":{"line":57,"column":44}},"line":57}},"branchMap":{"0":{"loc":{"start":{"line":5,"column":2},"end":{"line":7,"column":3}},"type":"if","locations":[{"start":{"line":5,"column":2},"end":{"line":7,"column":3}},{"start":{},"end":{}}],"line":5},"1":{"loc":{"start":{"line":10,"column":2},"end":{"line":12,"column":3}},"type":"if","locations":[{"start":{"line":10,"column":2},"end":{"line":12,"column":3}},{"start":{},"end":{}}],"line":10},"2":{"loc":{"start":{"line":18,"column":3},"end":{"line":20,"column":13}},"type":"binary-expr","locations":[{"start":{"line":18,"column":3},"end":{"line":18,"column":28}},{"start":{"line":19,"column":3},"end":{"line":19,"column":26}},{"start":{"line":20,"column":3},"end":{"line":20,"column":13}}],"line":18},"3":{"loc":{"start":{"line":26,"column":3},"end":{"line":28,"column":24}},"type":"binary-expr","locations":[{"start":{"line":26,"column":3},"end":{"line":26,"column":28}},{"start":{"line":27,"column":3},"end":{"line":27,"column":17}},{"start":{"line":28,"column":3},"end":{"line":28,"column":24}}],"line":26},"4":{"loc":{"start":{"line":39,"column":2},"end":{"line":40,"column":16}},"type":"if","locations":[{"start":{"line":39,"column":2},"end":{"line":40,"column":16}},{"start":{},"end":{}}],"line":39},"5":{"loc":{"start":{"line":42,"column":2},"end":{"line":43,"column":15}},"type":"if","locations":[{"start":{"line":42,"column":2},"end":{"line":43,"column":15}},{"start":{},"end":{}}],"line":42},"6":{"loc":{"start":{"line":46,"column":3},"end":{"line":48,"column":4}},"type":"if","locations":[{"start":{"line":46,"column":3},"end":{"line":48,"column":4}},{"start":{},"end":{}}],"line":46},"7":{"loc":{"start":{"line":56,"column":2},"end":{"line":60,"column":3}},"type":"if","locations":[{"start":{"line":56,"column":2},"end":{"line":60,"column":3}},{"start":{},"end":{}}],"line":56}},"s":{"0":5,"1":119,"2":119,"3":0,"4":119,"5":0,"6":119,"7":0,"8":0,"9":0,"10":0,"11":0,"12":0,"13":0,"14":0,"15":0,"16":0,"17":0,"18":0,"19":0,"20":0,"21":0,"22":0,"23":0,"24":0,"25":5},"f":{"0":119,"1":0,"2":0,"3":0,"4":0,"5":0,"6":0,"7":0},"b":{"0":[0,119],"1":[0,119],"2":[0,0,0],"3":[0,0,0],"4":[0,0],"5":[0,0],"6":[0,0],"7":[0,0]},"_coverageSchema":"1a1c01bbd47fc00a2c39e90264f33305004495a9","hash":"7f8ccba0995705fd3fb14c7479f9f85f55ea5f82"}
}
