{"C:\\Users\\alexc\\Code\\repos\\brobot\\utilities\\logging-utils.js": {"path":"C:\\Users\\alexc\\Code\\repos\\brobot\\utilities\\logging-utils.js","statementMap":{"0":{"start":{"line":1,"column":17},"end":{"line":9,"column":2}},"1":{"start":{"line":11,"column":27},"end":{"line":41,"column":1}},"2":{"start":{"line":12,"column":1},"end":{"line":14,"column":2}},"3":{"start":{"line":13,"column":2},"end":{"line":13,"column":16}},"4":{"start":{"line":16,"column":1},"end":{"line":18,"column":2}},"5":{"start":{"line":17,"column":2},"end":{"line":17,"column":31}},"6":{"start":{"line":20,"column":1},"end":{"line":22,"column":2}},"7":{"start":{"line":21,"column":2},"end":{"line":21,"column":37}},"8":{"start":{"line":24,"column":1},"end":{"line":26,"column":2}},"9":{"start":{"line":25,"column":2},"end":{"line":25,"column":41}},"10":{"start":{"line":28,"column":1},"end":{"line":30,"column":2}},"11":{"start":{"line":29,"column":2},"end":{"line":29,"column":21}},"12":{"start":{"line":32,"column":1},"end":{"line":34,"column":2}},"13":{"start":{"line":33,"column":2},"end":{"line":33,"column":26}},"14":{"start":{"line":36,"column":1},"end":{"line":38,"column":2}},"15":{"start":{"line":37,"column":2},"end":{"line":37,"column":34}},"16":{"start":{"line":40,"column":1},"end":{"line":40,"column":25}},"17":{"start":{"line":49,"column":21},"end":{"line":62,"column":1}},"18":{"start":{"line":50,"column":1},"end":{"line":51,"column":40}},"19":{"start":{"line":51,"column":2},"end":{"line":51,"column":40}},"20":{"start":{"line":53,"column":1},"end":{"line":54,"column":49}},"21":{"start":{"line":54,"column":2},"end":{"line":54,"column":49}},"22":{"start":{"line":56,"column":1},"end":{"line":57,"column":57}},"23":{"start":{"line":57,"column":2},"end":{"line":57,"column":57}},"24":{"start":{"line":59,"column":20},"end":{"line":59,"column":29}},"25":{"start":{"line":60,"column":20},"end":{"line":60,"column":36}},"26":{"start":{"line":61,"column":1},"end":{"line":61,"column":53}},"27":{"start":{"line":77,"column":22},"end":{"line":128,"column":1}},"28":{"start":{"line":78,"column":1},"end":{"line":78,"column":37}},"29":{"start":{"line":80,"column":1},"end":{"line":81,"column":51}},"30":{"start":{"line":81,"column":2},"end":{"line":81,"column":51}},"31":{"start":{"line":84,"column":1},"end":{"line":91,"column":2}},"32":{"start":{"line":85,"column":15},"end":{"line":85,"column":29}},"33":{"start":{"line":87,"column":2},"end":{"line":88,"column":39}},"34":{"start":{"line":88,"column":3},"end":{"line":88,"column":39}},"35":{"start":{"line":90,"column":2},"end":{"line":90,"column":26}},"36":{"start":{"line":93,"column":1},"end":{"line":94,"column":55}},"37":{"start":{"line":94,"column":2},"end":{"line":94,"column":55}},"38":{"start":{"line":97,"column":1},"end":{"line":102,"column":98}},"39":{"start":{"line":98,"column":2},"end":{"line":100,"column":50}},"40":{"start":{"line":102,"column":2},"end":{"line":102,"column":98}},"41":{"start":{"line":105,"column":1},"end":{"line":112,"column":4}},"42":{"start":{"line":106,"column":14},"end":{"line":106,"column":27}},"43":{"start":{"line":108,"column":2},"end":{"line":109,"column":37}},"44":{"start":{"line":109,"column":3},"end":{"line":109,"column":37}},"45":{"start":{"line":111,"column":2},"end":{"line":111,"column":32}},"46":{"start":{"line":115,"column":26},"end":{"line":115,"column":28}},"47":{"start":{"line":116,"column":1},"end":{"line":124,"column":2}},"48":{"start":{"line":117,"column":15},"end":{"line":117,"column":29}},"49":{"start":{"line":118,"column":19},"end":{"line":118,"column":37}},"50":{"start":{"line":120,"column":2},"end":{"line":123,"column":82}},"51":{"start":{"line":121,"column":3},"end":{"line":121,"column":33}},"52":{"start":{"line":123,"column":3},"end":{"line":123,"column":82}},"53":{"start":{"line":127,"column":1},"end":{"line":127,"column":40}},"54":{"start":{"line":137,"column":17},"end":{"line":149,"column":1}},"55":{"start":{"line":138,"column":19},"end":{"line":138,"column":43}},"56":{"start":{"line":139,"column":21},"end":{"line":139,"column":44}},"57":{"start":{"line":141,"column":1},"end":{"line":141,"column":57}},"58":{"start":{"line":143,"column":1},"end":{"line":146,"column":2}},"59":{"start":{"line":144,"column":2},"end":{"line":144,"column":45}},"60":{"start":{"line":145,"column":2},"end":{"line":145,"column":29}},"61":{"start":{"line":148,"column":1},"end":{"line":148,"column":34}},"62":{"start":{"line":151,"column":20},"end":{"line":165,"column":1}},"63":{"start":{"line":152,"column":1},"end":{"line":153,"column":54}},"64":{"start":{"line":153,"column":4},"end":{"line":153,"column":54}},"65":{"start":{"line":155,"column":2},"end":{"line":156,"column":40}},"66":{"start":{"line":156,"column":2},"end":{"line":156,"column":40}},"67":{"start":{"line":158,"column":1},"end":{"line":159,"column":57}},"68":{"start":{"line":159,"column":2},"end":{"line":159,"column":57}},"69":{"start":{"line":161,"column":2},"end":{"line":162,"column":11}},"70":{"start":{"line":162,"column":4},"end":{"line":162,"column":11}},"71":{"start":{"line":164,"column":2},"end":{"line":164,"column":64}},"72":{"start":{"line":172,"column":19},"end":{"line":174,"column":1}},"73":{"start":{"line":173,"column":1},"end":{"line":173,"column":50}},"74":{"start":{"line":181,"column":16},"end":{"line":183,"column":1}},"75":{"start":{"line":182,"column":1},"end":{"line":182,"column":45}},"76":{"start":{"line":190,"column":19},"end":{"line":192,"column":1}},"77":{"start":{"line":191,"column":1},"end":{"line":191,"column":49}},"78":{"start":{"line":199,"column":17},"end":{"line":203,"column":1}},"79":{"start":{"line":200,"column":1},"end":{"line":200,"column":49}},"80":{"start":{"line":202,"column":1},"end":{"line":202,"column":52}},"81":{"start":{"line":202,"column":19},"end":{"line":202,"column":52}},"82":{"start":{"line":205,"column":0},"end":{"line":205,"column":112}}},"fnMap":{"0":{"name":"(anonymous_0)","decl":{"start":{"line":11,"column":27},"end":{"line":11,"column":28}},"loc":{"start":{"line":11,"column":38},"end":{"line":41,"column":1}},"line":11},"1":{"name":"(anonymous_1)","decl":{"start":{"line":49,"column":21},"end":{"line":49,"column":22}},"loc":{"start":{"line":49,"column":41},"end":{"line":62,"column":1}},"line":49},"2":{"name":"(anonymous_2)","decl":{"start":{"line":77,"column":22},"end":{"line":77,"column":23}},"loc":{"start":{"line":77,"column":51},"end":{"line":128,"column":1}},"line":77},"3":{"name":"(anonymous_3)","decl":{"start":{"line":97,"column":22},"end":{"line":97,"column":23}},"loc":{"start":{"line":98,"column":2},"end":{"line":100,"column":50}},"line":98},"4":{"name":"(anonymous_4)","decl":{"start":{"line":105,"column":31},"end":{"line":105,"column":32}},"loc":{"start":{"line":105,"column":45},"end":{"line":112,"column":2}},"line":105},"5":{"name":"(anonymous_5)","decl":{"start":{"line":137,"column":17},"end":{"line":137,"column":18}},"loc":{"start":{"line":137,"column":44},"end":{"line":149,"column":1}},"line":137},"6":{"name":"(anonymous_6)","decl":{"start":{"line":151,"column":20},"end":{"line":151,"column":21}},"loc":{"start":{"line":151,"column":50},"end":{"line":165,"column":1}},"line":151},"7":{"name":"(anonymous_7)","decl":{"start":{"line":172,"column":19},"end":{"line":172,"column":20}},"loc":{"start":{"line":172,"column":32},"end":{"line":174,"column":1}},"line":172},"8":{"name":"(anonymous_8)","decl":{"start":{"line":181,"column":16},"end":{"line":181,"column":17}},"loc":{"start":{"line":181,"column":29},"end":{"line":183,"column":1}},"line":181},"9":{"name":"(anonymous_9)","decl":{"start":{"line":190,"column":19},"end":{"line":190,"column":20}},"loc":{"start":{"line":190,"column":32},"end":{"line":192,"column":1}},"line":190},"10":{"name":"(anonymous_10)","decl":{"start":{"line":199,"column":17},"end":{"line":199,"column":18}},"loc":{"start":{"line":199,"column":52},"end":{"line":203,"column":1}},"line":199}},"branchMap":{"0":{"loc":{"start":{"line":12,"column":1},"end":{"line":14,"column":2}},"type":"if","locations":[{"start":{"line":12,"column":1},"end":{"line":14,"column":2}},{"start":{},"end":{}}],"line":12},"1":{"loc":{"start":{"line":16,"column":1},"end":{"line":18,"column":2}},"type":"if","locations":[{"start":{"line":16,"column":1},"end":{"line":18,"column":2}},{"start":{},"end":{}}],"line":16},"2":{"loc":{"start":{"line":20,"column":1},"end":{"line":22,"column":2}},"type":"if","locations":[{"start":{"line":20,"column":1},"end":{"line":22,"column":2}},{"start":{},"end":{}}],"line":20},"3":{"loc":{"start":{"line":24,"column":1},"end":{"line":26,"column":2}},"type":"if","locations":[{"start":{"line":24,"column":1},"end":{"line":26,"column":2}},{"start":{},"end":{}}],"line":24},"4":{"loc":{"start":{"line":28,"column":1},"end":{"line":30,"column":2}},"type":"if","locations":[{"start":{"line":28,"column":1},"end":{"line":30,"column":2}},{"start":{},"end":{}}],"line":28},"5":{"loc":{"start":{"line":32,"column":1},"end":{"line":34,"column":2}},"type":"if","locations":[{"start":{"line":32,"column":1},"end":{"line":34,"column":2}},{"start":{},"end":{}}],"line":32},"6":{"loc":{"start":{"line":36,"column":1},"end":{"line":38,"column":2}},"type":"if","locations":[{"start":{"line":36,"column":1},"end":{"line":38,"column":2}},{"start":{},"end":{}}],"line":36},"7":{"loc":{"start":{"line":37,"column":9},"end":{"line":37,"column":33}},"type":"cond-expr","locations":[{"start":{"line":37,"column":17},"end":{"line":37,"column":23}},{"start":{"line":37,"column":26},"end":{"line":37,"column":33}}],"line":37},"8":{"loc":{"start":{"line":50,"column":1},"end":{"line":51,"column":40}},"type":"if","locations":[{"start":{"line":50,"column":1},"end":{"line":51,"column":40}},{"start":{},"end":{}}],"line":50},"9":{"loc":{"start":{"line":53,"column":1},"end":{"line":54,"column":49}},"type":"if","locations":[{"start":{"line":53,"column":1},"end":{"line":54,"column":49}},{"start":{},"end":{}}],"line":53},"10":{"loc":{"start":{"line":56,"column":1},"end":{"line":57,"column":57}},"type":"if","locations":[{"start":{"line":56,"column":1},"end":{"line":57,"column":57}},{"start":{},"end":{}}],"line":56},"11":{"loc":{"start":{"line":80,"column":1},"end":{"line":81,"column":51}},"type":"if","locations":[{"start":{"line":80,"column":1},"end":{"line":81,"column":51}},{"start":{},"end":{}}],"line":80},"12":{"loc":{"start":{"line":87,"column":2},"end":{"line":88,"column":39}},"type":"if","locations":[{"start":{"line":87,"column":2},"end":{"line":88,"column":39}},{"start":{},"end":{}}],"line":87},"13":{"loc":{"start":{"line":93,"column":1},"end":{"line":94,"column":55}},"type":"if","locations":[{"start":{"line":93,"column":1},"end":{"line":94,"column":55}},{"start":{},"end":{}}],"line":93},"14":{"loc":{"start":{"line":97,"column":1},"end":{"line":102,"column":98}},"type":"if","locations":[{"start":{"line":97,"column":1},"end":{"line":102,"column":98}},{"start":{},"end":{}}],"line":97},"15":{"loc":{"start":{"line":98,"column":2},"end":{"line":100,"column":50}},"type":"binary-expr","locations":[{"start":{"line":98,"column":2},"end":{"line":98,"column":28}},{"start":{"line":99,"column":2},"end":{"line":99,"column":25}},{"start":{"line":100,"column":2},"end":{"line":100,"column":50}}],"line":98},"16":{"loc":{"start":{"line":108,"column":2},"end":{"line":109,"column":37}},"type":"if","locations":[{"start":{"line":108,"column":2},"end":{"line":109,"column":37}},{"start":{},"end":{}}],"line":108},"17":{"loc":{"start":{"line":120,"column":2},"end":{"line":123,"column":82}},"type":"if","locations":[{"start":{"line":120,"column":2},"end":{"line":123,"column":82}},{"start":{"line":123,"column":3},"end":{"line":123,"column":82}}],"line":120},"18":{"loc":{"start":{"line":137,"column":27},"end":{"line":137,"column":39}},"type":"default-arg","locations":[{"start":{"line":137,"column":35},"end":{"line":137,"column":39}}],"line":137},"19":{"loc":{"start":{"line":143,"column":1},"end":{"line":146,"column":2}},"type":"if","locations":[{"start":{"line":143,"column":1},"end":{"line":146,"column":2}},{"start":{},"end":{}}],"line":143},"20":{"loc":{"start":{"line":143,"column":5},"end":{"line":143,"column":36}},"type":"binary-expr","locations":[{"start":{"line":143,"column":5},"end":{"line":143,"column":10}},{"start":{"line":143,"column":14},"end":{"line":143,"column":36}}],"line":143},"21":{"loc":{"start":{"line":152,"column":1},"end":{"line":153,"column":54}},"type":"if","locations":[{"start":{"line":152,"column":1},"end":{"line":153,"column":54}},{"start":{},"end":{}}],"line":152},"22":{"loc":{"start":{"line":155,"column":2},"end":{"line":156,"column":40}},"type":"if","locations":[{"start":{"line":155,"column":2},"end":{"line":156,"column":40}},{"start":{},"end":{}}],"line":155},"23":{"loc":{"start":{"line":158,"column":1},"end":{"line":159,"column":57}},"type":"if","locations":[{"start":{"line":158,"column":1},"end":{"line":159,"column":57}},{"start":{},"end":{}}],"line":158},"24":{"loc":{"start":{"line":161,"column":2},"end":{"line":162,"column":11}},"type":"if","locations":[{"start":{"line":161,"column":2},"end":{"line":162,"column":11}},{"start":{},"end":{}}],"line":161},"25":{"loc":{"start":{"line":199,"column":27},"end":{"line":199,"column":47}},"type":"default-arg","locations":[{"start":{"line":199,"column":42},"end":{"line":199,"column":47}}],"line":199},"26":{"loc":{"start":{"line":202,"column":1},"end":{"line":202,"column":52}},"type":"if","locations":[{"start":{"line":202,"column":1},"end":{"line":202,"column":52}},{"start":{},"end":{}}],"line":202}},"s":{"0":1,"1":1,"2":0,"3":0,"4":0,"5":0,"6":0,"7":0,"8":0,"9":0,"10":0,"11":0,"12":0,"13":0,"14":0,"15":0,"16":0,"17":1,"18":0,"19":0,"20":0,"21":0,"22":0,"23":0,"24":0,"25":0,"26":0,"27":1,"28":1,"29":1,"30":1,"31":0,"32":0,"33":0,"34":0,"35":0,"36":0,"37":0,"38":0,"39":0,"40":0,"41":0,"42":0,"43":0,"44":0,"45":0,"46":0,"47":0,"48":0,"49":0,"50":0,"51":0,"52":0,"53":0,"54":1,"55":0,"56":0,"57":0,"58":0,"59":0,"60":0,"61":0,"62":1,"63":0,"64":0,"65":0,"66":0,"67":0,"68":0,"69":0,"70":0,"71":0,"72":1,"73":0,"74":1,"75":0,"76":1,"77":0,"78":1,"79":0,"80":0,"81":0,"82":1},"f":{"0":0,"1":0,"2":1,"3":0,"4":0,"5":0,"6":0,"7":0,"8":0,"9":0,"10":0},"b":{"0":[0,0],"1":[0,0],"2":[0,0],"3":[0,0],"4":[0,0],"5":[0,0],"6":[0,0],"7":[0,0],"8":[0,0],"9":[0,0],"10":[0,0],"11":[1,0],"12":[0,0],"13":[0,0],"14":[0,0],"15":[0,0,0],"16":[0,0],"17":[0,0],"18":[0],"19":[0,0],"20":[0,0],"21":[0,0],"22":[0,0],"23":[0,0],"24":[0,0],"25":[0],"26":[0,0]},"_coverageSchema":"1a1c01bbd47fc00a2c39e90264f33305004495a9","hash":"a5ee77d7d18f16cab9b1b09bba087d2ad259920f"}
}
