TN:
SF:modules\enums.js
FN:20,(anonymous_0)
FN:29,(anonymous_1)
FN:101,(anonymous_2)
FN:108,(anonymous_3)
FN:235,(anonymous_4)
FN:239,(anonymous_5)
FN:243,(anonymous_6)
FN:247,(anonymous_7)
FN:251,(anonymous_8)
FN:253,(anonymous_9)
FN:255,(anonymous_10)
FN:258,(anonymous_11)
FN:259,(anonymous_12)
FN:261,(anonymous_13)
FN:278,(anonymous_14)
FN:282,(anonymous_15)
FN:284,(anonymous_16)
FN:289,(anonymous_17)
FN:294,(anonymous_18)
FN:301,(anonymous_19)
FN:306,(anonymous_20)
FN:307,(anonymous_21)
FN:308,(anonymous_22)
FN:310,(anonymous_23)
FN:315,(anonymous_24)
FN:317,(anonymous_25)
FN:319,(anonymous_26)
FN:321,(anonymous_27)
FN:323,(anonymous_28)
FN:325,(anonymous_29)
FN:327,(anonymous_30)
FN:334,(anonymous_31)
FN:339,(anonymous_32)
FN:340,(anonymous_33)
FN:341,(anonymous_34)
FN:342,(anonymous_35)
FN:343,(anonymous_36)
FN:345,(anonymous_37)
FN:347,(anonymous_38)
FN:349,(anonymous_39)
FN:351,(anonymous_40)
FN:353,(anonymous_41)
FN:357,(anonymous_42)
FN:366,(anonymous_43)
FN:368,(anonymous_44)
FN:370,(anonymous_45)
FN:372,(anonymous_46)
FN:374,(anonymous_47)
FN:376,(anonymous_48)
FN:381,(anonymous_49)
FN:385,(anonymous_50)
FN:386,(anonymous_51)
FN:391,(anonymous_52)
FN:401,(anonymous_53)
FN:402,(anonymous_54)
FN:403,(anonymous_55)
FN:412,(anonymous_56)
FN:414,(anonymous_57)
FN:415,(anonymous_58)
FN:416,(anonymous_59)
FN:417,(anonymous_60)
FN:418,(anonymous_61)
FN:426,(anonymous_62)
FN:428,(anonymous_63)
FN:431,(anonymous_64)
FN:432,(anonymous_65)
FN:433,(anonymous_66)
FN:434,(anonymous_67)
FN:435,(anonymous_68)
FN:436,(anonymous_69)
FN:437,(anonymous_70)
FN:438,(anonymous_71)
FN:439,(anonymous_72)
FN:444,(anonymous_73)
FN:445,(anonymous_74)
FN:447,(anonymous_75)
FN:449,(anonymous_76)
FN:451,(anonymous_77)
FN:453,(anonymous_78)
FN:457,(anonymous_79)
FN:459,(anonymous_80)
FN:461,(anonymous_81)
FN:463,(anonymous_82)
FN:472,(anonymous_83)
FN:474,(anonymous_84)
FNF:85
FNH:49
FNDA:124,(anonymous_0)
FNDA:0,(anonymous_1)
FNDA:0,(anonymous_2)
FNDA:0,(anonymous_3)
FNDA:0,(anonymous_4)
FNDA:0,(anonymous_5)
FNDA:0,(anonymous_6)
FNDA:0,(anonymous_7)
FNDA:0,(anonymous_8)
FNDA:6,(anonymous_9)
FNDA:53,(anonymous_10)
FNDA:163,(anonymous_11)
FNDA:0,(anonymous_12)
FNDA:0,(anonymous_13)
FNDA:39,(anonymous_14)
FNDA:546,(anonymous_15)
FNDA:39,(anonymous_16)
FNDA:8,(anonymous_17)
FNDA:7,(anonymous_18)
FNDA:6,(anonymous_19)
FNDA:1,(anonymous_20)
FNDA:0,(anonymous_21)
FNDA:1,(anonymous_22)
FNDA:1,(anonymous_23)
FNDA:1,(anonymous_24)
FNDA:1,(anonymous_25)
FNDA:0,(anonymous_26)
FNDA:0,(anonymous_27)
FNDA:0,(anonymous_28)
FNDA:1,(anonymous_29)
FNDA:45,(anonymous_30)
FNDA:0,(anonymous_31)
FNDA:2,(anonymous_32)
FNDA:0,(anonymous_33)
FNDA:0,(anonymous_34)
FNDA:0,(anonymous_35)
FNDA:1,(anonymous_36)
FNDA:0,(anonymous_37)
FNDA:2,(anonymous_38)
FNDA:0,(anonymous_39)
FNDA:0,(anonymous_40)
FNDA:0,(anonymous_41)
FNDA:0,(anonymous_42)
FNDA:0,(anonymous_43)
FNDA:0,(anonymous_44)
FNDA:0,(anonymous_45)
FNDA:0,(anonymous_46)
FNDA:0,(anonymous_47)
FNDA:7,(anonymous_48)
FNDA:0,(anonymous_49)
FNDA:0,(anonymous_50)
FNDA:2,(anonymous_51)
FNDA:9,(anonymous_52)
FNDA:3,(anonymous_53)
FNDA:2,(anonymous_54)
FNDA:3,(anonymous_55)
FNDA:4,(anonymous_56)
FNDA:6,(anonymous_57)
FNDA:2,(anonymous_58)
FNDA:4,(anonymous_59)
FNDA:2,(anonymous_60)
FNDA:4,(anonymous_61)
FNDA:3,(anonymous_62)
FNDA:3,(anonymous_63)
FNDA:3,(anonymous_64)
FNDA:6,(anonymous_65)
FNDA:1,(anonymous_66)
FNDA:6,(anonymous_67)
FNDA:0,(anonymous_68)
FNDA:0,(anonymous_69)
FNDA:4,(anonymous_70)
FNDA:4,(anonymous_71)
FNDA:0,(anonymous_72)
FNDA:0,(anonymous_73)
FNDA:0,(anonymous_74)
FNDA:5,(anonymous_75)
FNDA:2,(anonymous_76)
FNDA:2,(anonymous_77)
FNDA:2,(anonymous_78)
FNDA:2,(anonymous_79)
FNDA:2,(anonymous_80)
FNDA:4,(anonymous_81)
FNDA:2,(anonymous_82)
FNDA:1,(anonymous_83)
FNDA:0,(anonymous_84)
DA:1,5
DA:2,5
DA:4,5
DA:21,124
DA:22,0
DA:23,124
DA:30,0
DA:31,0
DA:32,0
DA:101,0
DA:108,0
DA:236,0
DA:240,0
DA:244,0
DA:248,0
DA:252,0
DA:254,6
DA:256,53
DA:258,163
DA:260,0
DA:261,0
DA:278,39
DA:282,546
DA:284,39
DA:289,8
DA:294,7
DA:302,6
DA:306,1
DA:307,0
DA:309,1
DA:310,1
DA:316,1
DA:318,1
DA:320,0
DA:322,0
DA:324,0
DA:326,1
DA:327,45
DA:335,0
DA:339,2
DA:340,0
DA:341,0
DA:342,0
DA:344,1
DA:346,0
DA:348,2
DA:350,0
DA:352,0
DA:353,0
DA:355,0
DA:356,0
DA:357,0
DA:359,0
DA:361,0
DA:367,0
DA:369,0
DA:371,0
DA:373,0
DA:375,0
DA:377,7
DA:382,0
DA:385,0
DA:387,2
DA:392,9
DA:401,3
DA:402,2
DA:404,3
DA:406,0
DA:409,3
DA:412,4
DA:414,6
DA:415,2
DA:416,4
DA:417,2
DA:419,4
DA:428,3
DA:429,3
DA:431,3
DA:432,6
DA:433,1
DA:434,6
DA:435,0
DA:436,0
DA:437,4
DA:438,4
DA:440,0
DA:444,0
DA:446,0
DA:448,5
DA:450,2
DA:452,2
DA:454,2
DA:458,2
DA:460,2
DA:462,4
DA:464,2
DA:473,1
DA:475,0
DA:662,5
LF:99
LH:55
BRDA:21,0,0,0
BRDA:21,0,1,124
BRDA:21,1,0,124
BRDA:21,1,1,124
BRDA:30,2,0,0
BRDA:30,2,1,0
BRDA:30,3,0,0
BRDA:30,3,1,0
BRDA:404,4,0,0
BRDA:404,4,1,3
BRF:10
BRH:4
end_of_record
TN:
SF:modules\functions.js
FN:6,(anonymous_0)
FN:9,(anonymous_1)
FN:15,changeAttrValue
FN:36,pushItemToObj
FN:65,(anonymous_4)
FN:84,(anonymous_5)
FN:110,(anonymous_6)
FN:118,(anonymous_7)
FN:122,(anonymous_8)
FN:128,(anonymous_9)
FN:130,(anonymous_10)
FN:136,(anonymous_11)
FN:137,(anonymous_12)
FN:140,getJSONFromObj
FN:159,(anonymous_14)
FN:163,(anonymous_15)
FN:169,(anonymous_16)
FN:173,(anonymous_17)
FN:193,(anonymous_18)
FN:215,(anonymous_19)
FN:220,(anonymous_20)
FN:224,(anonymous_21)
FN:234,(anonymous_22)
FN:238,(anonymous_23)
FN:242,(anonymous_24)
FN:245,(anonymous_25)
FN:248,(anonymous_26)
FN:252,(anonymous_27)
FN:256,(anonymous_28)
FN:260,(anonymous_29)
FN:264,(anonymous_30)
FN:287,(anonymous_31)
FN:293,(anonymous_32)
FN:326,(anonymous_33)
FN:341,(anonymous_34)
FN:363,(anonymous_35)
FN:395,(anonymous_36)
FN:404,(anonymous_37)
FN:408,(anonymous_38)
FN:428,doesValueMatchType
FN:429,(anonymous_40)
FN:430,(anonymous_41)
FN:431,(anonymous_42)
FN:432,(anonymous_43)
FN:432,(anonymous_44)
FN:468,(anonymous_45)
FN:475,(anonymous_46)
FN:476,(anonymous_47)
FN:493,(anonymous_48)
FN:504,(anonymous_49)
FN:510,(anonymous_50)
FN:531,(anonymous_51)
FN:563,(anonymous_52)
FN:604,(anonymous_53)
FN:622,(anonymous_54)
FN:633,(anonymous_55)
FN:648,(anonymous_56)
FN:674,(anonymous_57)
FNF:58
FNH:14
FNDA:46,(anonymous_0)
FNDA:46,(anonymous_1)
FNDA:0,changeAttrValue
FNDA:11,pushItemToObj
FNDA:78,(anonymous_4)
FNDA:5,(anonymous_5)
FNDA:11,(anonymous_6)
FNDA:2,(anonymous_7)
FNDA:134,(anonymous_8)
FNDA:0,(anonymous_9)
FNDA:0,(anonymous_10)
FNDA:0,(anonymous_11)
FNDA:0,(anonymous_12)
FNDA:0,getJSONFromObj
FNDA:0,(anonymous_14)
FNDA:0,(anonymous_15)
FNDA:0,(anonymous_16)
FNDA:0,(anonymous_17)
FNDA:0,(anonymous_18)
FNDA:0,(anonymous_19)
FNDA:0,(anonymous_20)
FNDA:0,(anonymous_21)
FNDA:0,(anonymous_22)
FNDA:0,(anonymous_23)
FNDA:0,(anonymous_24)
FNDA:0,(anonymous_25)
FNDA:0,(anonymous_26)
FNDA:0,(anonymous_27)
FNDA:0,(anonymous_28)
FNDA:0,(anonymous_29)
FNDA:0,(anonymous_30)
FNDA:0,(anonymous_31)
FNDA:0,(anonymous_32)
FNDA:0,(anonymous_33)
FNDA:232,(anonymous_34)
FNDA:0,(anonymous_35)
FNDA:0,(anonymous_36)
FNDA:92,(anonymous_37)
FNDA:0,(anonymous_38)
FNDA:0,doesValueMatchType
FNDA:0,(anonymous_40)
FNDA:0,(anonymous_41)
FNDA:0,(anonymous_42)
FNDA:0,(anonymous_43)
FNDA:0,(anonymous_44)
FNDA:0,(anonymous_45)
FNDA:0,(anonymous_46)
FNDA:0,(anonymous_47)
FNDA:0,(anonymous_48)
FNDA:0,(anonymous_49)
FNDA:8,(anonymous_50)
FNDA:10,(anonymous_51)
FNDA:0,(anonymous_52)
FNDA:0,(anonymous_53)
FNDA:0,(anonymous_54)
FNDA:9,(anonymous_55)
FNDA:1,(anonymous_56)
FNDA:0,(anonymous_57)
DA:1,6
DA:2,6
DA:3,6
DA:5,6
DA:7,46
DA:10,46
DA:16,0
DA:17,0
DA:19,0
DA:21,0
DA:22,0
DA:23,0
DA:26,0
DA:27,0
DA:29,0
DA:37,11
DA:39,11
DA:42,11
DA:43,5
DA:44,2
DA:46,3
DA:48,5
DA:52,6
DA:53,4
DA:58,6
DA:66,78
DA:70,78
DA:73,230
DA:74,230
DA:77,230
DA:81,78
DA:85,5
DA:87,5
DA:88,2
DA:90,3
DA:91,8
DA:93,8
DA:94,7
DA:97,1
DA:101,2
DA:103,2
DA:104,0
DA:106,2
DA:111,11
DA:112,3
DA:114,8
DA:119,2
DA:123,134
DA:124,134
DA:125,134
DA:129,0
DA:131,0
DA:137,0
DA:141,0
DA:143,0
DA:144,0
DA:145,0
DA:147,0
DA:148,0
DA:149,0
DA:151,0
DA:153,0
DA:156,0
DA:160,0
DA:162,0
DA:164,0
DA:170,0
DA:175,0
DA:180,0
DA:185,0
DA:188,0
DA:193,0
DA:195,0
DA:196,0
DA:199,0
DA:200,0
DA:201,0
DA:202,0
DA:204,0
DA:205,0
DA:206,0
DA:207,0
DA:211,0
DA:216,0
DA:221,0
DA:225,0
DA:235,0
DA:239,0
DA:243,0
DA:245,0
DA:249,0
DA:253,0
DA:257,0
DA:261,0
DA:265,0
DA:266,0
DA:267,0
DA:272,0
DA:273,0
DA:279,0
DA:288,0
DA:289,0
DA:294,0
DA:295,0
DA:302,0
DA:303,0
DA:310,0
DA:327,0
DA:328,0
DA:329,0
DA:331,0
DA:333,0
DA:334,0
DA:335,0
DA:337,0
DA:338,0
DA:342,232
DA:345,232
DA:347,45
DA:348,45
DA:351,187
DA:352,187
DA:355,232
DA:364,0
DA:366,0
DA:370,0
DA:371,0
DA:378,0
DA:379,0
DA:386,0
DA:387,0
DA:390,0
DA:391,0
DA:394,0
DA:395,0
DA:405,92
DA:409,0
DA:410,0
DA:412,0
DA:414,0
DA:416,0
DA:417,0
DA:418,0
DA:419,0
DA:420,0
DA:421,0
DA:424,0
DA:425,0
DA:429,0
DA:430,0
DA:431,0
DA:432,0
DA:434,0
DA:435,0
DA:437,0
DA:438,0
DA:440,0
DA:441,0
DA:443,0
DA:444,0
DA:446,0
DA:448,0
DA:449,0
DA:451,0
DA:455,0
DA:456,0
DA:459,0
DA:460,0
DA:465,0
DA:469,0
DA:471,0
DA:475,0
DA:477,0
DA:478,0
DA:481,0
DA:482,0
DA:483,0
DA:484,0
DA:494,0
DA:495,0
DA:497,0
DA:498,0
DA:501,0
DA:505,0
DA:507,0
DA:511,8
DA:512,0
DA:515,8
DA:516,1
DA:519,7
DA:521,2
DA:523,2
DA:525,2
DA:527,1
DA:532,10
DA:533,0
DA:536,10
DA:541,10
DA:545,10
DA:549,10
DA:550,6
DA:553,4
DA:554,4
DA:556,4
DA:557,1
DA:560,3
DA:565,0
DA:566,0
DA:567,0
DA:568,0
DA:569,0
DA:572,0
DA:575,0
DA:585,0
DA:600,0
DA:606,0
DA:607,0
DA:608,0
DA:609,0
DA:614,0
DA:623,0
DA:627,0
DA:628,0
DA:630,0
DA:634,9
DA:635,2
DA:637,7
DA:638,4
DA:640,3
DA:641,1
DA:643,2
DA:644,2
DA:645,2
DA:649,1
DA:650,1
DA:651,4
DA:653,4
DA:654,4
DA:655,4
DA:656,5
DA:657,5
DA:660,4
DA:661,4
DA:662,4
DA:664,1
DA:666,1
DA:682,0
DA:684,0
DA:685,0
DA:686,0
DA:688,0
DA:693,0
DA:696,0
DA:701,0
DA:706,0
DA:715,0
DA:718,0
DA:721,0
DA:722,0
DA:723,0
DA:725,0
DA:726,0
DA:728,0
DA:729,0
DA:730,0
DA:733,0
DA:736,0
DA:737,0
DA:738,0
DA:742,0
DA:743,0
DA:747,0
DA:749,0
DA:750,0
DA:751,0
DA:753,0
DA:757,6
LF:277
LH:90
BRDA:21,0,0,0
BRDA:21,0,1,0
BRDA:26,1,0,0
BRDA:26,1,1,0
BRDA:42,2,0,5
BRDA:42,2,1,6
BRDA:43,3,0,2
BRDA:43,3,1,3
BRDA:52,4,0,4
BRDA:52,4,1,2
BRDA:87,5,0,2
BRDA:87,5,1,3
BRDA:93,6,0,7
BRDA:93,6,1,1
BRDA:103,7,0,0
BRDA:103,7,1,2
BRDA:111,8,0,3
BRDA:111,8,1,8
BRDA:144,9,0,0
BRDA:144,9,1,0
BRDA:144,10,0,0
BRDA:144,10,1,0
BRDA:147,11,0,0
BRDA:147,11,1,0
BRDA:148,12,0,0
BRDA:148,12,1,0
BRDA:164,13,0,0
BRDA:164,13,1,0
BRDA:199,14,0,0
BRDA:199,14,1,0
BRDA:204,15,0,0
BRDA:204,15,1,0
BRDA:264,16,0,0
BRDA:265,17,0,0
BRDA:265,17,1,0
BRDA:266,18,0,0
BRDA:266,18,1,0
BRDA:272,19,0,0
BRDA:272,19,1,0
BRDA:288,20,0,0
BRDA:288,20,1,0
BRDA:288,21,0,0
BRDA:288,21,1,0
BRDA:288,21,2,0
BRDA:331,22,0,0
BRDA:331,22,1,0
BRDA:331,23,0,0
BRDA:331,23,1,0
BRDA:345,24,0,45
BRDA:345,24,1,187
BRDA:363,25,0,0
BRDA:366,26,0,0
BRDA:366,26,1,0
BRDA:366,26,2,0
BRDA:366,26,3,0
BRDA:366,26,4,0
BRDA:366,26,5,0
BRDA:366,26,6,0
BRDA:366,26,7,0
BRDA:366,26,8,0
BRDA:366,26,9,0
BRDA:366,26,10,0
BRDA:366,26,11,0
BRDA:366,26,12,0
BRDA:366,26,13,0
BRDA:404,27,0,92
BRDA:429,28,0,0
BRDA:429,28,1,0
BRDA:434,29,0,0
BRDA:434,29,1,0
BRDA:437,30,0,0
BRDA:437,30,1,0
BRDA:437,31,0,0
BRDA:437,31,1,0
BRDA:440,32,0,0
BRDA:440,32,1,0
BRDA:440,33,0,0
BRDA:440,33,1,0
BRDA:443,34,0,0
BRDA:443,34,1,0
BRDA:443,35,0,0
BRDA:443,35,1,0
BRDA:446,36,0,0
BRDA:446,36,1,0
BRDA:448,37,0,0
BRDA:448,37,1,0
BRDA:455,38,0,0
BRDA:455,38,1,0
BRDA:459,39,0,0
BRDA:459,39,1,0
BRDA:477,40,0,0
BRDA:477,40,1,0
BRDA:511,41,0,0
BRDA:511,41,1,8
BRDA:511,42,0,8
BRDA:511,42,1,8
BRDA:515,43,0,1
BRDA:515,43,1,7
BRDA:515,44,0,8
BRDA:515,44,1,4
BRDA:519,45,0,2
BRDA:519,45,1,2
BRDA:519,45,2,2
BRDA:519,45,3,1
BRDA:532,46,0,0
BRDA:532,46,1,10
BRDA:532,47,0,10
BRDA:532,47,1,10
BRDA:549,48,0,6
BRDA:549,48,1,4
BRDA:556,49,0,1
BRDA:556,49,1,3
BRDA:634,50,0,2
BRDA:634,50,1,7
BRDA:634,51,0,9
BRDA:634,51,1,8
BRDA:637,52,0,4
BRDA:637,52,1,3
BRDA:640,53,0,1
BRDA:640,53,1,2
BRDA:655,54,0,9
BRDA:655,54,1,9
BRDA:676,55,0,0
BRDA:677,56,0,0
BRDA:678,57,0,0
BRDA:679,58,0,0
BRDA:680,59,0,0
BRDA:682,60,0,0
BRDA:682,60,1,0
BRDA:729,61,0,0
BRDA:729,61,1,0
BRDA:737,62,0,0
BRDA:737,62,1,0
BRF:133
BRH:44
end_of_record
TN:
SF:modules\token.js
FNF:0
FNH:0
DA:1,5
LF:1
LH:1
BRF:0
BRH:0
end_of_record
TN:
SF:modules\rapid_discord_mafia\Ability.js
FN:16,(anonymous_0)
FN:16,(anonymous_1)
FN:44,(anonymous_2)
FN:67,(anonymous_3)
FN:81,(anonymous_4)
FN:103,(anonymous_5)
FN:125,(anonymous_6)
FN:148,(anonymous_7)
FN:171,(anonymous_8)
FN:217,(anonymous_9)
FN:240,(anonymous_10)
FN:263,(anonymous_11)
FN:285,(anonymous_12)
FN:306,(anonymous_13)
FN:319,(anonymous_14)
FN:340,(anonymous_15)
FN:353,(anonymous_16)
FN:366,(anonymous_17)
FN:389,(anonymous_18)
FN:402,(anonymous_19)
FN:423,(anonymous_20)
FN:448,(anonymous_21)
FN:474,(anonymous_22)
FN:505,(anonymous_23)
FN:527,(anonymous_24)
FN:541,(anonymous_25)
FNF:26
FNH:23
FNDA:120,(anonymous_0)
FNDA:0,(anonymous_1)
FNDA:14,(anonymous_2)
FNDA:11,(anonymous_3)
FNDA:12,(anonymous_4)
FNDA:10,(anonymous_5)
FNDA:10,(anonymous_6)
FNDA:14,(anonymous_7)
FNDA:3,(anonymous_8)
FNDA:3,(anonymous_9)
FNDA:9,(anonymous_10)
FNDA:0,(anonymous_11)
FNDA:3,(anonymous_12)
FNDA:3,(anonymous_13)
FNDA:3,(anonymous_14)
FNDA:8,(anonymous_15)
FNDA:0,(anonymous_16)
FNDA:2,(anonymous_17)
FNDA:8,(anonymous_18)
FNDA:3,(anonymous_19)
FNDA:3,(anonymous_20)
FNDA:12,(anonymous_21)
FNDA:21,(anonymous_22)
FNDA:6,(anonymous_23)
FNDA:12,(anonymous_24)
FNDA:304,(anonymous_25)
DA:1,5
DA:2,5
DA:3,5
DA:16,0
DA:17,120
DA:18,120
DA:19,120
DA:20,120
DA:21,120
DA:22,120
DA:23,120
DA:24,120
DA:25,120
DA:26,120
DA:27,120
DA:28,90
DA:32,5
DA:45,14
DA:68,11
DA:82,12
DA:104,10
DA:126,10
DA:149,14
DA:172,3
DA:218,3
DA:241,9
DA:264,0
DA:285,3
DA:306,3
DA:319,3
DA:340,8
DA:353,0
DA:367,2
DA:389,8
DA:402,3
DA:423,3
DA:448,12
DA:475,21
DA:476,21
DA:478,21
DA:479,9
DA:482,12
DA:506,6
DA:528,12
DA:543,304
DA:544,304
DA:545,304
DA:548,304
DA:550,220
DA:551,220
DA:554,0
DA:555,0
DA:556,0
DA:559,70
DA:560,70
DA:563,14
DA:564,14
DA:567,304
DA:572,304
DA:577,5
LF:60
LH:54
BRDA:16,0,0,5
BRDA:16,1,0,0
BRDA:16,2,0,35
BRDA:16,3,0,35
BRDA:16,4,0,0
BRDA:44,5,0,0
BRDA:44,6,0,4
BRDA:45,7,0,4
BRDA:45,7,1,10
BRDA:67,8,0,0
BRDA:67,9,0,5
BRDA:68,10,0,5
BRDA:68,10,1,6
BRDA:68,11,0,0
BRDA:68,11,1,11
BRDA:81,12,0,0
BRDA:81,13,0,4
BRDA:82,14,0,4
BRDA:82,14,1,8
BRDA:103,15,0,0
BRDA:103,16,0,4
BRDA:104,17,0,4
BRDA:104,17,1,6
BRDA:125,18,0,0
BRDA:125,19,0,4
BRDA:126,20,0,4
BRDA:126,20,1,6
BRDA:148,21,0,0
BRDA:148,22,0,4
BRDA:149,23,0,4
BRDA:149,23,1,10
BRDA:171,24,0,0
BRDA:171,25,0,1
BRDA:172,26,0,1
BRDA:172,26,1,2
BRDA:217,27,0,0
BRDA:217,28,0,1
BRDA:218,29,0,1
BRDA:218,29,1,2
BRDA:240,30,0,0
BRDA:240,31,0,3
BRDA:241,32,0,3
BRDA:241,32,1,6
BRDA:263,33,0,0
BRDA:263,34,0,0
BRDA:264,35,0,0
BRDA:264,35,1,0
BRDA:285,36,0,0
BRDA:285,37,0,1
BRDA:285,38,0,1
BRDA:285,38,1,2
BRDA:306,39,0,0
BRDA:306,40,0,1
BRDA:306,41,0,1
BRDA:306,41,1,2
BRDA:306,42,0,1
BRDA:306,42,1,2
BRDA:319,43,0,0
BRDA:319,44,0,1
BRDA:319,45,0,1
BRDA:319,45,1,2
BRDA:340,46,0,0
BRDA:340,47,0,2
BRDA:340,48,0,2
BRDA:340,48,1,6
BRDA:340,49,0,2
BRDA:340,49,1,6
BRDA:353,50,0,0
BRDA:353,51,0,0
BRDA:353,52,0,0
BRDA:353,52,1,0
BRDA:366,53,0,0
BRDA:366,54,0,0
BRDA:367,55,0,0
BRDA:367,55,1,2
BRDA:389,56,0,0
BRDA:389,57,0,2
BRDA:389,58,0,2
BRDA:389,58,1,6
BRDA:402,59,0,0
BRDA:402,60,0,1
BRDA:402,61,0,1
BRDA:402,61,1,2
BRDA:423,62,0,0
BRDA:423,63,0,1
BRDA:423,64,0,1
BRDA:423,64,1,2
BRDA:423,65,0,1
BRDA:423,65,1,2
BRDA:448,66,0,0
BRDA:448,67,0,4
BRDA:448,68,0,4
BRDA:448,68,1,8
BRDA:474,69,0,0
BRDA:474,70,0,7
BRDA:478,71,0,9
BRDA:478,71,1,12
BRDA:479,72,0,3
BRDA:479,72,1,6
BRDA:479,73,0,3
BRDA:479,73,1,6
BRDA:482,74,0,4
BRDA:482,74,1,8
BRDA:505,75,0,0
BRDA:505,76,0,2
BRDA:506,77,0,2
BRDA:506,77,1,4
BRDA:527,78,0,0
BRDA:527,79,0,4
BRDA:528,80,0,4
BRDA:528,80,1,8
BRDA:548,81,0,220
BRDA:548,81,1,0
BRDA:548,81,2,70
BRDA:548,81,3,14
BRF:115
BRH:80
end_of_record
TN:
SF:modules\rapid_discord_mafia\Contestant.js
FN:2,(anonymous_0)
FN:8,(anonymous_1)
FNF:2
FNH:0
FNDA:0,(anonymous_0)
FNDA:0,(anonymous_1)
DA:5,0
DA:9,0
DA:13,4
LF:3
LH:1
BRDA:3,0,0,0
BRF:1
BRH:0
end_of_record
TN:
SF:modules\rapid_discord_mafia\Effect.js
FN:24,(anonymous_0)
FNF:1
FNH:1
FNDA:90,(anonymous_0)
DA:28,90
DA:29,90
DA:33,5
LF:3
LH:3
BRF:0
BRH:0
end_of_record
TN:
SF:modules\rapid_discord_mafia\EffectManager.js
FN:13,(anonymous_0)
FN:47,(anonymous_1)
FN:72,(anonymous_2)
FN:96,(anonymous_3)
FN:104,(anonymous_4)
FN:117,(anonymous_5)
FN:158,(anonymous_6)
FN:171,(anonymous_7)
FN:184,(anonymous_8)
FN:193,(anonymous_9)
FN:206,(anonymous_10)
FN:249,(anonymous_11)
FN:277,(anonymous_12)
FN:287,(anonymous_13)
FN:314,(anonymous_14)
FN:328,(anonymous_15)
FN:345,(anonymous_16)
FN:353,(anonymous_17)
FN:372,(anonymous_18)
FN:457,(anonymous_19)
FN:502,(anonymous_20)
FN:529,(anonymous_21)
FN:580,(anonymous_22)
FN:593,(anonymous_23)
FNF:24
FNH:24
FNDA:66,(anonymous_0)
FNDA:5,(anonymous_1)
FNDA:2,(anonymous_2)
FNDA:3,(anonymous_3)
FNDA:5,(anonymous_4)
FNDA:3,(anonymous_5)
FNDA:6,(anonymous_6)
FNDA:3,(anonymous_7)
FNDA:1,(anonymous_8)
FNDA:3,(anonymous_9)
FNDA:4,(anonymous_10)
FNDA:3,(anonymous_11)
FNDA:3,(anonymous_12)
FNDA:9,(anonymous_13)
FNDA:1,(anonymous_14)
FNDA:1,(anonymous_15)
FNDA:1,(anonymous_16)
FNDA:4,(anonymous_17)
FNDA:3,(anonymous_18)
FNDA:7,(anonymous_19)
FNDA:2,(anonymous_20)
FNDA:4,(anonymous_21)
FNDA:59,(anonymous_22)
FNDA:59,(anonymous_23)
DA:1,5
DA:2,5
DA:3,5
DA:14,66
DA:15,66
DA:16,66
DA:19,5
DA:44,5
DA:48,5
DA:50,5
DA:51,5
DA:52,5
DA:54,5
DA:56,5
DA:62,1
DA:63,1
DA:66,4
DA:69,5
DA:72,2
DA:75,1
DA:77,1
DA:84,1
DA:85,1
DA:88,5
DA:90,5
DA:97,3
DA:98,3
DA:106,5
DA:107,5
DA:109,5
DA:111,5
DA:118,3
DA:119,3
DA:160,6
DA:161,6
DA:163,6
DA:165,6
DA:173,3
DA:174,3
DA:176,3
DA:178,3
DA:185,1
DA:187,1
DA:195,3
DA:196,3
DA:198,3
DA:200,3
DA:208,4
DA:209,4
DA:210,4
DA:213,4
DA:216,4
DA:220,4
DA:222,4
DA:223,1
DA:224,1
DA:226,3
DA:230,2
DA:231,2
DA:234,1
DA:235,1
DA:238,4
DA:239,4
DA:241,4
DA:243,4
DA:251,3
DA:252,3
DA:253,3
DA:255,3
DA:257,3
DA:259,3
DA:263,1
DA:266,2
DA:269,3
DA:271,3
DA:280,3
DA:281,3
DA:283,3
DA:285,3
DA:287,3
DA:288,9
DA:290,9
DA:291,9
DA:292,9
DA:294,9
DA:299,1
DA:303,3
DA:304,1
DA:306,2
DA:308,3
DA:316,1
DA:317,1
DA:318,1
DA:320,1
DA:322,1
DA:330,1
DA:331,1
DA:333,1
DA:335,1
DA:337,1
DA:339,1
DA:346,1
DA:347,1
DA:355,4
DA:356,4
DA:357,4
DA:358,4
DA:359,4
DA:361,4
DA:363,4
DA:365,4
DA:366,4
DA:367,4
DA:369,4
DA:371,4
DA:372,3
DA:374,4
DA:375,4
DA:377,4
DA:379,4
DA:388,4
DA:399,4
DA:406,2
DA:408,2
DA:411,2
DA:415,2
DA:417,2
DA:418,2
DA:419,1
DA:421,1
DA:423,1
DA:425,1
DA:426,1
DA:428,1
DA:432,2
DA:434,2
DA:440,2
DA:442,2
DA:446,2
DA:459,7
DA:460,7
DA:461,7
DA:462,7
DA:463,7
DA:465,7
DA:467,7
DA:468,4
DA:472,3
DA:473,3
DA:474,3
DA:476,3
DA:477,1
DA:479,2
DA:480,1
DA:482,1
DA:483,1
DA:486,3
DA:487,3
DA:488,3
DA:490,3
DA:491,3
DA:494,7
DA:496,7
DA:504,2
DA:505,2
DA:507,2
DA:510,2
DA:511,1
DA:513,1
DA:515,1
DA:516,1
DA:518,1
DA:522,1
DA:531,4
DA:532,4
DA:533,4
DA:535,4
DA:537,4
DA:539,4
DA:541,4
DA:542,1
DA:543,1
DA:545,1
DA:548,3
DA:551,4
DA:555,3
DA:556,3
DA:559,1
DA:562,4
DA:564,4
DA:565,4
DA:567,4
DA:568,4
DA:569,4
DA:581,59
DA:594,59
DA:595,59
DA:597,59
DA:598,59
DA:603,5
LF:200
LH:200
BRDA:56,0,0,1
BRDA:56,0,1,4
BRDA:58,1,0,5
BRDA:58,1,1,5
BRDA:69,2,0,1
BRDA:69,2,1,4
BRDA:70,3,0,5
BRDA:70,3,1,3
BRDA:216,4,0,4
BRDA:216,4,1,2
BRDA:222,5,0,1
BRDA:222,5,1,3
BRDA:226,6,0,2
BRDA:226,6,1,1
BRDA:227,7,0,3
BRDA:227,7,1,2
BRDA:259,8,0,1
BRDA:259,8,1,2
BRDA:260,9,0,3
BRDA:260,9,1,1
BRDA:294,10,0,1
BRDA:294,10,1,8
BRDA:295,11,0,9
BRDA:295,11,1,6
BRDA:295,11,2,3
BRDA:303,12,0,1
BRDA:303,12,1,2
BRDA:361,13,0,4
BRDA:361,13,1,4
BRDA:369,14,0,4
BRDA:369,14,1,0
BRDA:377,15,0,4
BRDA:377,15,1,3
BRDA:380,16,0,4
BRDA:380,16,1,4
BRDA:380,16,2,2
BRDA:399,17,0,2
BRDA:399,17,1,2
BRDA:400,18,0,4
BRDA:400,18,1,4
BRDA:400,18,2,3
BRDA:400,18,3,2
BRDA:400,18,4,2
BRDA:418,19,0,1
BRDA:418,19,1,1
BRDA:425,20,0,1
BRDA:425,20,1,0
BRDA:432,21,0,1
BRDA:432,21,1,1
BRDA:467,22,0,4
BRDA:467,22,1,3
BRDA:476,23,0,1
BRDA:476,23,1,2
BRDA:479,24,0,1
BRDA:479,24,1,1
BRDA:482,25,0,1
BRDA:482,25,1,0
BRDA:510,26,0,1
BRDA:510,26,1,1
BRDA:541,27,0,1
BRDA:541,27,1,3
BRDA:551,28,0,3
BRDA:551,28,1,1
BRDA:552,29,0,4
BRDA:552,29,1,4
BRDA:593,30,0,0
BRDA:597,31,0,59
BRDA:597,31,1,0
BRF:68
BRH:63
end_of_record
TN:
SF:modules\rapid_discord_mafia\Logger.js
FN:2,(anonymous_0)
FNF:1
FNH:0
FNDA:0,(anonymous_0)
DA:3,0
DA:7,5
LF:2
LH:1
BRF:0
BRH:0
end_of_record
TN:
SF:modules\rapid_discord_mafia\RapidDiscordMafia.js
FN:10,(anonymous_0)
FN:14,(anonymous_1)
FN:31,(anonymous_2)
FN:39,(anonymous_3)
FN:40,(anonymous_4)
FN:56,(anonymous_5)
FN:59,(anonymous_6)
FN:63,(anonymous_7)
FN:71,(anonymous_8)
FN:82,(anonymous_9)
FNF:10
FNH:8
FNDA:43,(anonymous_0)
FNDA:43,(anonymous_1)
FNDA:23,(anonymous_2)
FNDA:37,(anonymous_3)
FNDA:109,(anonymous_4)
FNDA:107,(anonymous_5)
FNDA:332,(anonymous_6)
FNDA:109,(anonymous_7)
FNDA:0,(anonymous_8)
FNDA:0,(anonymous_9)
DA:1,4
DA:2,4
DA:3,4
DA:4,4
DA:5,4
DA:6,4
DA:7,4
DA:11,43
DA:15,43
DA:16,43
DA:17,43
DA:22,43
DA:24,43
DA:25,0
DA:26,0
DA:27,0
DA:32,23
DA:40,37
DA:41,109
DA:42,109
DA:43,109
DA:45,109
DA:46,2
DA:47,2
DA:50,109
DA:53,37
DA:54,37
DA:56,37
DA:57,107
DA:59,107
DA:60,332
DA:63,107
DA:64,109
DA:68,37
DA:72,0
DA:74,0
DA:75,0
DA:76,0
DA:79,0
DA:83,0
DA:84,0
DA:85,0
DA:87,0
DA:88,0
DA:89,0
DA:91,0
DA:95,0
DA:101,4
LF:48
LH:32
BRDA:14,0,0,0
BRDA:24,1,0,0
BRDA:24,1,1,43
BRDA:31,2,0,23
BRDA:74,3,0,0
BRDA:74,3,1,0
BRDA:84,4,0,0
BRDA:84,4,1,0
BRF:8
BRH:2
end_of_record
TN:
SF:modules\rapid_discord_mafia\RoleIdentifier.js
FN:10,(anonymous_0)
FN:16,(anonymous_1)
FN:21,(anonymous_2)
FN:22,(anonymous_3)
FN:25,(anonymous_4)
FN:32,(anonymous_5)
FN:39,(anonymous_6)
FN:55,(anonymous_7)
FN:59,(anonymous_8)
FN:69,(anonymous_9)
FN:72,(anonymous_10)
FN:88,(anonymous_11)
FN:90,(anonymous_12)
FN:94,(anonymous_13)
FN:98,(anonymous_14)
FN:103,(anonymous_15)
FN:111,(anonymous_16)
FN:116,(anonymous_17)
FN:124,(anonymous_18)
FN:128,(anonymous_19)
FN:131,(anonymous_20)
FN:139,(anonymous_21)
FN:147,(anonymous_22)
FNF:23
FNH:23
FNDA:238,(anonymous_0)
FNDA:8,(anonymous_1)
FNDA:246,(anonymous_2)
FNDA:4920,(anonymous_3)
FNDA:2617,(anonymous_4)
FNDA:185,(anonymous_5)
FNDA:93,(anonymous_6)
FNDA:238,(anonymous_7)
FNDA:257,(anonymous_8)
FNDA:238,(anonymous_9)
FNDA:952,(anonymous_10)
FNDA:60,(anonymous_11)
FNDA:188,(anonymous_12)
FNDA:6,(anonymous_13)
FNDA:1065,(anonymous_14)
FNDA:2486,(anonymous_15)
FNDA:215,(anonymous_16)
FNDA:845,(anonymous_17)
FNDA:383,(anonymous_18)
FNDA:2126,(anonymous_19)
FNDA:560,(anonymous_20)
FNDA:500,(anonymous_21)
FNDA:700,(anonymous_22)
DA:1,5
DA:2,5
DA:3,5
DA:11,238
DA:12,238
DA:13,238
DA:17,8
DA:18,8
DA:22,4920
DA:24,246
DA:26,2617
DA:29,174
DA:31,72
DA:33,185
DA:36,40
DA:37,19
DA:38,21
DA:40,93
DA:43,20
DA:45,1
DA:47,32
DA:48,27
DA:51,5
DA:56,238
DA:58,238
DA:59,238
DA:60,257
DA:63,238
DA:64,5
DA:66,238
DA:72,238
DA:73,952
DA:75,952
DA:76,236
DA:80,238
DA:89,60
DA:90,188
DA:95,6
DA:99,1065
DA:100,2
DA:103,1063
DA:104,2486
DA:107,1063
DA:112,215
DA:113,3
DA:116,212
DA:117,845
DA:120,212
DA:125,383
DA:127,383
DA:128,2126
DA:130,90
DA:131,28
DA:132,560
DA:138,62
DA:139,25
DA:140,500
DA:146,37
DA:147,700
DA:150,383
DA:154,5
LF:61
LH:61
BRDA:24,0,0,174
BRDA:24,0,1,72
BRDA:31,1,0,40
BRDA:31,1,1,32
BRDA:36,2,0,19
BRDA:36,2,1,21
BRDA:38,3,0,20
BRDA:38,3,1,1
BRDA:47,4,0,27
BRDA:47,4,1,5
BRDA:63,5,0,5
BRDA:63,5,1,233
BRDA:63,6,0,238
BRDA:63,6,1,20
BRDA:75,7,0,236
BRDA:75,7,1,716
BRDA:99,8,0,2
BRDA:99,8,1,1063
BRDA:112,9,0,3
BRDA:112,9,1,212
BRDA:127,10,0,293
BRDA:127,10,1,90
BRDA:130,11,0,28
BRDA:130,11,1,62
BRDA:133,12,0,560
BRDA:133,12,1,210
BRDA:138,13,0,25
BRDA:138,13,1,37
BRDA:141,14,0,500
BRDA:141,14,1,176
BRDA:146,15,0,35
BRDA:146,15,1,2
BRDA:147,16,0,700
BRDA:147,16,1,280
BRF:34
BRH:34
end_of_record
TN:
SF:modules\rapid_discord_mafia\arg.js
FN:2,(anonymous_0)
FNF:1
FNH:1
FNDA:180,(anonymous_0)
DA:3,180
DA:4,180
DA:5,180
DA:6,180
DA:7,180
DA:11,5
LF:6
LH:6
BRDA:2,0,0,90
BRF:1
BRH:1
end_of_record
TN:
SF:modules\rapid_discord_mafia\death.js
FN:11,(anonymous_0)
FN:19,(anonymous_1)
FN:30,(anonymous_2)
FN:38,(anonymous_3)
FN:39,(anonymous_4)
FNF:5
FNH:5
FNDA:6,(anonymous_0)
FNDA:6,(anonymous_1)
FNDA:1,(anonymous_2)
FNDA:1,(anonymous_3)
FNDA:1,(anonymous_4)
DA:1,5
DA:15,6
DA:16,6
DA:20,6
DA:21,6
DA:22,6
DA:24,6
DA:25,0
DA:27,6
DA:31,1
DA:35,1
DA:39,1
DA:40,1
DA:45,5
LF:14
LH:13
BRDA:13,0,0,6
BRDA:24,1,0,0
BRDA:24,1,1,6
BRF:3
BRH:2
end_of_record
TN:
SF:modules\rapid_discord_mafia\game.js
FN:50,(anonymous_0)
FN:94,(anonymous_1)
FN:95,(anonymous_2)
FN:98,(anonymous_3)
FN:105,(anonymous_4)
FN:107,(anonymous_5)
FN:109,(anonymous_6)
FN:117,(anonymous_7)
FN:131,(anonymous_8)
FN:134,(anonymous_9)
FN:136,(anonymous_10)
FN:137,(anonymous_11)
FN:146,(anonymous_12)
FN:159,(anonymous_13)
FN:170,(anonymous_14)
FN:197,(anonymous_15)
FN:234,(anonymous_16)
FN:245,(anonymous_17)
FN:255,(anonymous_18)
FN:256,(anonymous_19)
FN:262,(anonymous_20)
FN:263,(anonymous_21)
FN:274,(anonymous_22)
FN:293,(anonymous_23)
FN:313,(anonymous_24)
FN:327,(anonymous_25)
FN:328,(anonymous_26)
FN:331,(anonymous_27)
FN:346,(anonymous_28)
FN:349,(anonymous_29)
FN:355,(anonymous_30)
FN:362,(anonymous_31)
FN:366,(anonymous_32)
FN:374,(anonymous_33)
FN:375,(anonymous_34)
FN:378,(anonymous_35)
FN:387,(anonymous_36)
FN:394,(anonymous_37)
FN:398,(anonymous_38)
FN:414,(anonymous_39)
FN:421,(anonymous_40)
FN:441,(anonymous_41)
FN:446,(anonymous_42)
FN:464,(anonymous_43)
FN:497,(anonymous_44)
FN:507,(anonymous_45)
FN:534,(anonymous_46)
FN:538,(anonymous_47)
FN:570,(anonymous_48)
FN:583,(anonymous_49)
FN:606,(anonymous_50)
FN:616,(anonymous_51)
FN:621,(anonymous_52)
FN:631,(anonymous_53)
FN:636,(anonymous_54)
FN:642,(anonymous_55)
FN:653,(anonymous_56)
FN:658,(anonymous_57)
FN:667,(anonymous_58)
FN:676,(anonymous_59)
FN:690,(anonymous_60)
FN:705,(anonymous_61)
FN:718,(anonymous_62)
FN:741,(anonymous_63)
FN:751,(anonymous_64)
FN:780,(anonymous_65)
FN:799,(anonymous_66)
FN:811,(anonymous_67)
FN:855,(anonymous_68)
FN:871,(anonymous_69)
FN:878,(anonymous_70)
FN:917,(anonymous_71)
FN:943,(anonymous_72)
FN:953,(anonymous_73)
FN:964,(anonymous_74)
FN:976,(anonymous_75)
FN:977,(anonymous_76)
FN:982,(anonymous_77)
FN:983,(anonymous_78)
FN:993,(anonymous_79)
FN:996,(anonymous_80)
FN:1012,(anonymous_81)
FN:1022,(anonymous_82)
FN:1052,(anonymous_83)
FN:1060,(anonymous_84)
FN:1061,(anonymous_85)
FN:1066,(anonymous_86)
FN:1086,(anonymous_87)
FN:1090,(anonymous_88)
FN:1094,(anonymous_89)
FN:1098,(anonymous_90)
FN:1102,(anonymous_91)
FN:1106,(anonymous_92)
FN:1110,(anonymous_93)
FN:1114,(anonymous_94)
FN:1118,(anonymous_95)
FN:1137,(anonymous_96)
FN:1162,(anonymous_97)
FN:1176,(anonymous_98)
FN:1180,(anonymous_99)
FN:1189,(anonymous_100)
FN:1226,(anonymous_101)
FN:1264,(anonymous_102)
FN:1308,(anonymous_103)
FN:1369,(anonymous_104)
FN:1409,(anonymous_105)
FN:1454,(anonymous_106)
FN:1461,(anonymous_107)
FN:1462,(anonymous_108)
FN:1483,(anonymous_109)
FN:1534,(anonymous_110)
FN:1605,(anonymous_111)
FN:1608,(anonymous_112)
FN:1645,(anonymous_113)
FN:1648,(anonymous_114)
FN:1662,(anonymous_115)
FN:1663,(anonymous_116)
FN:1667,(anonymous_117)
FN:1684,(anonymous_118)
FN:1685,(anonymous_119)
FN:1689,(anonymous_120)
FN:1720,(anonymous_121)
FN:1791,(anonymous_122)
FN:1815,(anonymous_123)
FN:1830,(anonymous_124)
FN:1837,(anonymous_125)
FN:1842,(anonymous_126)
FN:1885,(anonymous_127)
FN:1892,(anonymous_128)
FN:1900,(anonymous_129)
FN:1907,(anonymous_130)
FN:1914,(anonymous_131)
FN:1920,(anonymous_132)
FN:1938,(anonymous_133)
FN:1968,(anonymous_134)
FN:1991,(anonymous_135)
FN:1997,(anonymous_136)
FN:2010,(anonymous_137)
FN:2016,(anonymous_138)
FN:2030,(anonymous_139)
FN:2037,(anonymous_140)
FN:2052,(anonymous_141)
FN:2060,(anonymous_142)
FN:2075,(anonymous_143)
FN:2098,(anonymous_144)
FN:2121,(anonymous_145)
FN:2173,(anonymous_146)
FN:2206,(anonymous_147)
FN:2224,(anonymous_148)
FN:2253,(anonymous_149)
FN:2290,(anonymous_150)
FN:2353,(anonymous_151)
FN:2365,(anonymous_152)
FNF:153
FNH:92
FNDA:66,(anonymous_0)
FNDA:100,(anonymous_1)
FNDA:5,(anonymous_2)
FNDA:7,(anonymous_3)
FNDA:45,(anonymous_4)
FNDA:136,(anonymous_5)
FNDA:54,(anonymous_6)
FNDA:54,(anonymous_7)
FNDA:47,(anonymous_8)
FNDA:12,(anonymous_9)
FNDA:87,(anonymous_10)
FNDA:128,(anonymous_11)
FNDA:58,(anonymous_12)
FNDA:0,(anonymous_13)
FNDA:0,(anonymous_14)
FNDA:39,(anonymous_15)
FNDA:115,(anonymous_16)
FNDA:0,(anonymous_17)
FNDA:0,(anonymous_18)
FNDA:0,(anonymous_19)
FNDA:0,(anonymous_20)
FNDA:0,(anonymous_21)
FNDA:39,(anonymous_22)
FNDA:76,(anonymous_23)
FNDA:141,(anonymous_24)
FNDA:95,(anonymous_25)
FNDA:76,(anonymous_26)
FNDA:144,(anonymous_27)
FNDA:38,(anonymous_28)
FNDA:19,(anonymous_29)
FNDA:37,(anonymous_30)
FNDA:57,(anonymous_31)
FNDA:14,(anonymous_32)
FNDA:39,(anonymous_33)
FNDA:22,(anonymous_34)
FNDA:83,(anonymous_35)
FNDA:27,(anonymous_36)
FNDA:40,(anonymous_37)
FNDA:3,(anonymous_38)
FNDA:128,(anonymous_39)
FNDA:230,(anonymous_40)
FNDA:43,(anonymous_41)
FNDA:85,(anonymous_42)
FNDA:148,(anonymous_43)
FNDA:45,(anonymous_44)
FNDA:695,(anonymous_45)
FNDA:4,(anonymous_46)
FNDA:14,(anonymous_47)
FNDA:53,(anonymous_48)
FNDA:14,(anonymous_49)
FNDA:39,(anonymous_50)
FNDA:115,(anonymous_51)
FNDA:45,(anonymous_52)
FNDA:135,(anonymous_53)
FNDA:7,(anonymous_54)
FNDA:6,(anonymous_55)
FNDA:22,(anonymous_56)
FNDA:6,(anonymous_57)
FNDA:3,(anonymous_58)
FNDA:1,(anonymous_59)
FNDA:1,(anonymous_60)
FNDA:1,(anonymous_61)
FNDA:1,(anonymous_62)
FNDA:1,(anonymous_63)
FNDA:6,(anonymous_64)
FNDA:0,(anonymous_65)
FNDA:0,(anonymous_66)
FNDA:141,(anonymous_67)
FNDA:45,(anonymous_68)
FNDA:684,(anonymous_69)
FNDA:0,(anonymous_70)
FNDA:684,(anonymous_71)
FNDA:14,(anonymous_72)
FNDA:8,(anonymous_73)
FNDA:45,(anonymous_74)
FNDA:0,(anonymous_75)
FNDA:0,(anonymous_76)
FNDA:0,(anonymous_77)
FNDA:0,(anonymous_78)
FNDA:6,(anonymous_79)
FNDA:1,(anonymous_80)
FNDA:2,(anonymous_81)
FNDA:7,(anonymous_82)
FNDA:1063,(anonymous_83)
FNDA:257,(anonymous_84)
FNDA:497,(anonymous_85)
FNDA:8,(anonymous_86)
FNDA:0,(anonymous_87)
FNDA:0,(anonymous_88)
FNDA:7,(anonymous_89)
FNDA:6,(anonymous_90)
FNDA:6,(anonymous_91)
FNDA:1,(anonymous_92)
FNDA:288,(anonymous_93)
FNDA:14,(anonymous_94)
FNDA:45,(anonymous_95)
FNDA:339,(anonymous_96)
FNDA:0,(anonymous_97)
FNDA:0,(anonymous_98)
FNDA:0,(anonymous_99)
FNDA:39,(anonymous_100)
FNDA:9,(anonymous_101)
FNDA:7,(anonymous_102)
FNDA:6,(anonymous_103)
FNDA:1,(anonymous_104)
FNDA:45,(anonymous_105)
FNDA:0,(anonymous_106)
FNDA:0,(anonymous_107)
FNDA:0,(anonymous_108)
FNDA:119,(anonymous_109)
FNDA:15,(anonymous_110)
FNDA:0,(anonymous_111)
FNDA:0,(anonymous_112)
FNDA:0,(anonymous_113)
FNDA:0,(anonymous_114)
FNDA:0,(anonymous_115)
FNDA:0,(anonymous_116)
FNDA:0,(anonymous_117)
FNDA:0,(anonymous_118)
FNDA:0,(anonymous_119)
FNDA:0,(anonymous_120)
FNDA:2,(anonymous_121)
FNDA:45,(anonymous_122)
FNDA:0,(anonymous_123)
FNDA:0,(anonymous_124)
FNDA:0,(anonymous_125)
FNDA:0,(anonymous_126)
FNDA:0,(anonymous_127)
FNDA:0,(anonymous_128)
FNDA:0,(anonymous_129)
FNDA:0,(anonymous_130)
FNDA:0,(anonymous_131)
FNDA:0,(anonymous_132)
FNDA:0,(anonymous_133)
FNDA:0,(anonymous_134)
FNDA:0,(anonymous_135)
FNDA:0,(anonymous_136)
FNDA:0,(anonymous_137)
FNDA:0,(anonymous_138)
FNDA:0,(anonymous_139)
FNDA:0,(anonymous_140)
FNDA:0,(anonymous_141)
FNDA:0,(anonymous_142)
FNDA:0,(anonymous_143)
FNDA:0,(anonymous_144)
FNDA:0,(anonymous_145)
FNDA:0,(anonymous_146)
FNDA:0,(anonymous_147)
FNDA:0,(anonymous_148)
FNDA:0,(anonymous_149)
FNDA:0,(anonymous_150)
FNDA:0,(anonymous_151)
FNDA:2,(anonymous_152)
DA:1,5
DA:2,5
DA:3,5
DA:4,5
DA:5,5
DA:6,5
DA:7,5
DA:8,5
DA:9,5
DA:10,5
DA:11,5
DA:12,5
DA:13,5
DA:51,66
DA:52,66
DA:54,66
DA:55,66
DA:56,66
DA:57,66
DA:58,66
DA:59,66
DA:60,66
DA:61,66
DA:62,66
DA:63,66
DA:73,66
DA:74,66
DA:75,66
DA:76,66
DA:77,66
DA:78,66
DA:79,66
DA:80,66
DA:81,66
DA:82,66
DA:85,5
DA:86,5
DA:87,5
DA:88,5
DA:89,5
DA:90,5
DA:94,100
DA:95,5
DA:99,7
DA:106,45
DA:107,136
DA:110,54
DA:118,54
DA:125,45
DA:132,47
DA:135,12
DA:136,87
DA:137,128
DA:139,12
DA:140,12
DA:142,12
DA:147,58
DA:160,0
DA:171,0
DA:172,0
DA:173,0
DA:174,0
DA:175,0
DA:176,0
DA:179,0
DA:180,0
DA:185,0
DA:187,0
DA:188,0
DA:199,39
DA:200,39
DA:201,39
DA:203,39
DA:204,39
DA:205,39
DA:206,39
DA:207,39
DA:208,39
DA:209,39
DA:210,39
DA:211,39
DA:212,39
DA:213,39
DA:214,39
DA:215,39
DA:216,39
DA:217,39
DA:218,39
DA:219,39
DA:221,39
DA:222,39
DA:223,39
DA:225,39
DA:226,0
DA:227,0
DA:230,39
DA:234,39
DA:235,115
DA:238,39
DA:246,0
DA:247,0
DA:248,0
DA:250,0
DA:253,0
DA:256,0
DA:260,0
DA:263,0
DA:267,0
DA:268,0
DA:275,39
DA:277,39
DA:279,115
DA:280,115
DA:281,115
DA:283,115
DA:284,115
DA:287,39
DA:294,76
DA:296,224
DA:297,6
DA:299,6
DA:300,6
DA:302,0
DA:315,141
DA:316,141
DA:318,141
DA:323,141
DA:326,8
DA:327,5
DA:328,95
DA:329,76
DA:332,144
DA:338,8
DA:342,3
DA:343,3
DA:345,3
DA:346,38
DA:348,3
DA:349,19
DA:354,8
DA:355,5
DA:356,37
DA:362,8
DA:363,57
DA:366,14
DA:370,133
DA:372,14
DA:373,14
DA:374,11
DA:375,39
DA:376,22
DA:379,83
DA:383,14
DA:386,14
DA:387,10
DA:388,27
DA:394,14
DA:395,40
DA:398,3
DA:405,141
DA:415,128
DA:416,128
DA:418,128
DA:421,128
DA:422,230
DA:425,128
DA:426,112
DA:427,24
DA:429,88
DA:434,128
DA:442,43
DA:445,43
DA:447,85
DA:450,43
DA:452,43
DA:453,124
DA:455,124
DA:456,124
DA:457,124
DA:465,148
DA:467,64
DA:469,7
DA:470,7
DA:473,6
DA:474,6
DA:477,6
DA:478,6
DA:482,45
DA:483,45
DA:485,64
DA:488,45
DA:489,45
DA:492,39
DA:493,39
DA:498,45
DA:500,45
DA:502,45
DA:503,45
DA:504,45
DA:508,695
DA:509,187
DA:511,508
DA:512,45
DA:515,463
DA:518,695
DA:519,0
DA:521,0
DA:522,0
DA:524,0
DA:525,0
DA:528,0
DA:529,0
DA:530,0
DA:535,4
DA:539,14
DA:540,14
DA:544,14
DA:555,14
DA:556,0
DA:557,0
DA:561,14
DA:562,0
DA:563,0
DA:566,14
DA:567,14
DA:571,53
DA:572,163
DA:574,163
DA:575,27
DA:576,1
DA:579,162
DA:584,14
DA:585,14
DA:586,7
DA:588,7
DA:589,0
DA:592,0
DA:595,7
DA:602,0
DA:607,39
DA:609,39
DA:611,39
DA:612,39
DA:613,39
DA:615,39
DA:616,39
DA:617,115
DA:622,45
DA:624,45
DA:626,45
DA:627,45
DA:628,45
DA:630,45
DA:631,45
DA:632,135
DA:637,7
DA:639,7
DA:643,6
DA:645,6
DA:647,6
DA:648,6
DA:649,6
DA:650,6
DA:652,6
DA:653,6
DA:654,22
DA:659,6
DA:661,6
DA:663,6
DA:665,6
DA:666,1
DA:667,1
DA:668,3
DA:669,2
DA:677,1
DA:679,1
DA:680,0
DA:681,0
DA:682,0
DA:684,0
DA:687,1
DA:691,1
DA:693,1
DA:696,1
DA:698,1
DA:699,1
DA:700,1
DA:702,1
DA:706,1
DA:710,1
DA:711,2
DA:712,2
DA:715,1
DA:719,1
DA:720,1
DA:722,1
DA:723,0
DA:725,1
DA:726,0
DA:728,1
DA:729,0
DA:731,1
DA:732,1
DA:735,1
DA:742,1
DA:743,0
DA:744,0
DA:745,0
DA:747,0
DA:752,6
DA:754,6
DA:756,6
DA:760,6
DA:762,6
DA:763,0
DA:765,6
DA:766,0
DA:768,6
DA:769,5
DA:772,1
DA:775,6
DA:781,0
DA:783,0
DA:784,0
DA:785,0
DA:786,0
DA:791,0
DA:800,0
DA:804,0
DA:805,0
DA:807,0
DA:812,141
DA:815,0
DA:816,0
DA:817,0
DA:818,0
DA:819,0
DA:820,0
DA:823,0
DA:826,0
DA:836,0
DA:850,0
DA:856,45
DA:857,45
DA:858,45
DA:859,45
DA:861,45
DA:863,45
DA:865,45
DA:866,57
DA:868,57
DA:869,57
DA:870,57
DA:871,684
DA:873,57
DA:874,57
DA:876,0
DA:879,0
DA:880,0
DA:882,0
DA:886,57
DA:894,57
DA:902,57
DA:903,0
DA:904,0
DA:907,57
DA:908,57
DA:910,57
DA:911,57
DA:913,57
DA:914,57
DA:916,57
DA:917,57
DA:918,684
DA:921,57
DA:923,57
DA:924,59
DA:926,59
DA:933,59
DA:936,57
DA:939,57
DA:944,14
DA:945,0
DA:946,0
DA:948,0
DA:949,0
DA:954,8
DA:956,8
DA:960,8
DA:965,45
DA:967,45
DA:969,45
DA:973,45
DA:977,0
DA:978,0
DA:983,0
DA:984,0
DA:985,0
DA:986,0
DA:987,0
DA:989,0
DA:994,6
DA:995,6
DA:996,1
DA:999,6
DA:1000,5
DA:1003,5
DA:1004,5
DA:1007,1
DA:1013,2
DA:1019,2
DA:1023,7
DA:1025,7
DA:1026,7
DA:1027,7
DA:1029,7
DA:1030,4
DA:1032,4
DA:1033,0
DA:1035,4
DA:1036,2
DA:1038,2
DA:1040,4
DA:1041,4
DA:1042,4
DA:1044,0
DA:1045,0
DA:1049,7
DA:1053,1063
DA:1054,931
DA:1056,132
DA:1061,257
DA:1062,497
DA:1067,8
DA:1068,8
DA:1070,8
DA:1072,27
DA:1073,27
DA:1074,27
DA:1076,27
DA:1077,17
DA:1079,10
DA:1087,0
DA:1091,0
DA:1095,7
DA:1099,6
DA:1103,6
DA:1107,1
DA:1111,288
DA:1115,14
DA:1119,45
DA:1121,45
DA:1122,137
DA:1124,137
DA:1125,137
DA:1126,137
DA:1128,137
DA:1129,137
DA:1138,339
DA:1139,339
DA:1140,339
DA:1142,339
DA:1143,0
DA:1145,339
DA:1146,1217
DA:1151,1217
DA:1152,0
DA:1156,1217
DA:1157,0
DA:1163,0
DA:1164,0
DA:1166,0
DA:1167,0
DA:1168,0
DA:1169,0
DA:1171,0
DA:1172,0
DA:1177,0
DA:1181,0
DA:1190,39
DA:1192,39
DA:1198,0
DA:1201,39
DA:1202,39
DA:1204,39
DA:1205,0
DA:1207,39
DA:1211,39
DA:1215,39
DA:1216,0
DA:1218,39
DA:1220,39
DA:1221,0
DA:1222,0
DA:1227,9
DA:1229,9
DA:1235,2
DA:1238,7
DA:1239,7
DA:1241,7
DA:1242,0
DA:1245,7
DA:1246,0
DA:1248,7
DA:1249,7
DA:1250,7
DA:1251,7
DA:1252,7
DA:1253,7
DA:1255,7
DA:1256,0
DA:1258,7
DA:1259,0
DA:1261,7
DA:1265,7
DA:1267,7
DA:1274,0
DA:1277,7
DA:1278,7
DA:1280,7
DA:1281,7
DA:1282,7
DA:1286,7
DA:1288,7
DA:1289,0
DA:1291,0
DA:1297,0
DA:1302,0
DA:1304,0
DA:1309,6
DA:1311,6
DA:1318,0
DA:1321,6
DA:1322,6
DA:1324,6
DA:1325,0
DA:1327,6
DA:1329,6
DA:1332,6
DA:1333,5
DA:1334,5
DA:1335,5
DA:1338,1
DA:1340,1
DA:1341,1
DA:1342,1
DA:1345,1
DA:1347,1
DA:1349,1
DA:1350,0
DA:1352,0
DA:1358,0
DA:1363,0
DA:1365,0
DA:1370,1
DA:1372,1
DA:1379,0
DA:1382,1
DA:1383,1
DA:1385,1
DA:1387,1
DA:1388,1
DA:1390,1
DA:1391,1
DA:1394,1
DA:1396,1
DA:1397,0
DA:1399,1
DA:1400,1
DA:1401,1
DA:1402,0
DA:1405,1
DA:1410,45
DA:1412,45
DA:1418,0
DA:1421,45
DA:1422,45
DA:1424,45
DA:1425,0
DA:1426,0
DA:1428,45
DA:1429,45
DA:1431,45
DA:1433,45
DA:1435,45
DA:1436,0
DA:1438,0
DA:1443,0
DA:1448,0
DA:1450,0
DA:1456,0
DA:1457,0
DA:1458,0
DA:1460,0
DA:1461,0
DA:1462,0
DA:1464,0
DA:1465,0
DA:1467,0
DA:1468,0
DA:1471,0
DA:1486,119
DA:1487,0
DA:1488,0
DA:1489,0
DA:1492,119
DA:1493,119
DA:1494,0
DA:1495,0
DA:1496,0
DA:1499,119
DA:1500,0
DA:1502,0
DA:1504,0
DA:1505,0
DA:1508,0
DA:1509,0
DA:1510,0
DA:1513,119
DA:1515,119
DA:1516,119
DA:1518,119
DA:1519,119
DA:1521,119
DA:1522,0
DA:1523,0
DA:1524,0
DA:1527,119
DA:1531,119
DA:1535,15
DA:1537,15
DA:1538,15
DA:1539,15
DA:1540,15
DA:1541,15
DA:1542,15
DA:1543,15
DA:1545,15
DA:1546,50
DA:1549,50
DA:1550,1
DA:1551,1
DA:1554,49
DA:1555,0
DA:1556,0
DA:1559,49
DA:1560,2
DA:1561,2
DA:1565,47
DA:1566,43
DA:1567,29
DA:1571,15
DA:1573,15
DA:1574,0
DA:1576,15
DA:1577,15
DA:1579,29
DA:1581,29
DA:1582,29
DA:1584,29
DA:1585,62
DA:1586,62
DA:1587,62
DA:1589,62
DA:1591,62
DA:1595,29
DA:1596,29
DA:1600,29
DA:1601,0
DA:1602,0
DA:1606,0
DA:1608,0
DA:1610,0
DA:1616,15
DA:1618,1
DA:1620,1
DA:1622,1
DA:1624,1
DA:1625,1
DA:1626,1
DA:1627,1
DA:1629,1
DA:1631,1
DA:1635,1
DA:1636,1
DA:1640,1
DA:1641,0
DA:1642,0
DA:1646,0
DA:1648,0
DA:1650,0
DA:1656,15
DA:1658,0
DA:1659,0
DA:1662,0
DA:1663,0
DA:1666,0
DA:1667,0
DA:1669,0
DA:1670,0
DA:1676,15
DA:1678,0
DA:1680,0
DA:1681,0
DA:1684,0
DA:1685,0
DA:1688,0
DA:1689,0
DA:1691,0
DA:1692,0
DA:1697,15
DA:1698,0
DA:1699,0
DA:1700,0
DA:1703,0
DA:1704,0
DA:1711,15
DA:1721,2
DA:1722,2
DA:1723,2
DA:1726,2
DA:1727,1
DA:1730,1
DA:1731,2
DA:1733,2
DA:1734,0
DA:1736,2
DA:1739,1
DA:1740,1
DA:1744,0
DA:1749,1
DA:1750,0
DA:1754,1
DA:1759,2
DA:1760,0
DA:1764,1
DA:1765,1
DA:1770,2
DA:1771,0
DA:1773,2
DA:1774,2
DA:1777,0
DA:1781,2
DA:1782,0
DA:1785,2
DA:1788,2
DA:1792,45
DA:1793,40
DA:1797,0
DA:1799,0
DA:1800,0
DA:1802,0
DA:1803,0
DA:1804,0
DA:1806,0
DA:1809,0
DA:1816,0
DA:1817,0
DA:1819,0
DA:1820,0
DA:1825,0
DA:1830,0
DA:1831,0
DA:1832,0
DA:1835,0
DA:1837,0
DA:1842,0
DA:1843,0
DA:1844,0
DA:1845,0
DA:1847,0
DA:1849,0
DA:1854,0
DA:1856,0
DA:1857,0
DA:1858,0
DA:1859,0
DA:1862,0
DA:1866,0
DA:1867,0
DA:1868,0
DA:1870,0
DA:1871,0
DA:1873,0
DA:1879,0
DA:1880,0
DA:1882,0
DA:1886,0
DA:1887,0
DA:1889,0
DA:1890,0
DA:1892,0
DA:1893,0
DA:1894,0
DA:1895,0
DA:1902,0
DA:1903,0
DA:1904,0
DA:1906,0
DA:1909,0
DA:1915,0
DA:1916,0
DA:1917,0
DA:1919,0
DA:1921,0
DA:1940,0
DA:1941,0
DA:1942,0
DA:1944,0
DA:1949,0
DA:1954,0
DA:1955,0
DA:1961,0
DA:1963,0
DA:1970,0
DA:1971,0
DA:1972,0
DA:1974,0
DA:1976,0
DA:1981,0
DA:1982,0
DA:1988,0
DA:1992,0
DA:1993,0
DA:1994,0
DA:1996,0
DA:1998,0
DA:2005,0
DA:2011,0
DA:2012,0
DA:2013,0
DA:2015,0
DA:2018,0
DA:2025,0
DA:2031,0
DA:2032,0
DA:2033,0
DA:2034,0
DA:2036,0
DA:2038,0
DA:2054,0
DA:2055,0
DA:2056,0
DA:2057,0
DA:2059,0
DA:2061,0
DA:2077,0
DA:2078,0
DA:2079,0
DA:2080,0
DA:2082,0
DA:2100,0
DA:2101,0
DA:2102,0
DA:2103,0
DA:2105,0
DA:2123,0
DA:2124,0
DA:2125,0
DA:2127,0
DA:2175,0
DA:2176,0
DA:2177,0
DA:2179,0
DA:2180,0
DA:2192,0
DA:2208,0
DA:2209,0
DA:2210,0
DA:2212,0
DA:2226,0
DA:2227,0
DA:2228,0
DA:2230,0
DA:2231,0
DA:2242,0
DA:2254,0
DA:2255,0
DA:2256,0
DA:2257,0
DA:2258,0
DA:2259,0
DA:2260,0
DA:2261,0
DA:2262,0
DA:2263,0
DA:2264,0
DA:2265,0
DA:2266,0
DA:2267,0
DA:2268,0
DA:2269,0
DA:2270,0
DA:2271,0
DA:2272,0
DA:2276,0
DA:2277,0
DA:2278,0
DA:2279,0
DA:2280,0
DA:2281,0
DA:2287,0
DA:2291,0
DA:2292,0
DA:2293,0
DA:2295,0
DA:2303,0
DA:2305,0
DA:2307,0
DA:2308,0
DA:2310,0
DA:2317,0
DA:2319,0
DA:2320,0
DA:2322,0
DA:2329,0
DA:2330,0
DA:2331,0
DA:2334,0
DA:2336,0
DA:2337,0
DA:2341,0
DA:2344,0
DA:2347,0
DA:2350,0
DA:2354,0
DA:2355,0
DA:2366,2
DA:2367,2
DA:2368,0
DA:2372,2
DA:2373,1
DA:2374,1
DA:2378,1
DA:2379,1
DA:2380,1
DA:2381,1
DA:2382,1
DA:2386,0
DA:2390,5
LF:940
LH:548
BRDA:50,0,0,0
BRDA:172,1,0,0
BRDA:172,1,1,0
BRDA:179,2,0,0
BRDA:179,2,1,0
BRDA:225,3,0,0
BRDA:225,3,1,39
BRDA:296,4,0,6
BRDA:296,4,1,218
BRDA:299,5,0,6
BRDA:299,5,1,0
BRDA:323,6,0,8
BRDA:323,6,1,133
BRDA:326,7,0,5
BRDA:326,7,1,3
BRDA:328,8,0,95
BRDA:328,8,1,67
BRDA:338,9,0,3
BRDA:338,9,1,5
BRDA:339,10,0,8
BRDA:339,10,1,3
BRDA:345,11,0,2
BRDA:345,11,1,1
BRDA:348,12,0,1
BRDA:348,12,1,2
BRDA:354,13,0,5
BRDA:354,13,1,3
BRDA:356,14,0,37
BRDA:356,14,1,25
BRDA:364,15,0,57
BRDA:364,15,1,6
BRDA:364,15,2,5
BRDA:370,16,0,14
BRDA:370,16,1,119
BRDA:373,17,0,11
BRDA:373,17,1,3
BRDA:375,18,0,39
BRDA:375,18,1,39
BRDA:383,19,0,0
BRDA:383,19,1,14
BRDA:386,20,0,10
BRDA:386,20,1,4
BRDA:388,21,0,27
BRDA:388,21,1,5
BRDA:396,22,0,40
BRDA:396,22,1,1
BRDA:396,22,2,1
BRDA:425,23,0,112
BRDA:425,23,1,16
BRDA:426,24,0,24
BRDA:426,24,1,88
BRDA:465,25,0,64
BRDA:465,25,1,45
BRDA:465,25,2,39
BRDA:467,26,0,7
BRDA:467,26,1,6
BRDA:467,26,2,6
BRDA:467,26,3,6
BRDA:467,26,4,45
BRDA:507,27,0,459
BRDA:508,28,0,187
BRDA:508,28,1,508
BRDA:511,29,0,45
BRDA:511,29,1,463
BRDA:518,30,0,0
BRDA:518,30,1,695
BRDA:521,31,0,0
BRDA:521,31,1,0
BRDA:524,32,0,0
BRDA:524,32,1,0
BRDA:534,33,0,4
BRDA:561,34,0,0
BRDA:561,34,1,14
BRDA:570,35,0,45
BRDA:574,36,0,27
BRDA:574,36,1,136
BRDA:575,37,0,1
BRDA:575,37,1,26
BRDA:584,38,0,14
BRDA:584,38,1,0
BRDA:585,39,0,7
BRDA:585,39,1,7
BRDA:588,40,0,0
BRDA:588,40,1,7
BRDA:617,41,0,0
BRDA:617,41,1,115
BRDA:632,42,0,0
BRDA:632,42,1,135
BRDA:654,43,0,0
BRDA:654,43,1,22
BRDA:665,44,0,1
BRDA:665,44,1,5
BRDA:668,45,0,2
BRDA:668,45,1,1
BRDA:669,46,0,0
BRDA:669,46,1,2
BRDA:679,47,0,0
BRDA:679,47,1,1
BRDA:722,48,0,0
BRDA:722,48,1,1
BRDA:725,49,0,0
BRDA:725,49,1,1
BRDA:728,50,0,0
BRDA:728,50,1,1
BRDA:731,51,0,1
BRDA:731,51,1,0
BRDA:742,52,0,0
BRDA:742,52,1,1
BRDA:762,53,0,0
BRDA:762,53,1,6
BRDA:765,54,0,0
BRDA:765,54,1,6
BRDA:768,55,0,5
BRDA:768,55,1,1
BRDA:781,56,0,0
BRDA:781,56,1,0
BRDA:812,57,0,0
BRDA:812,57,1,141
BRDA:874,58,0,0
BRDA:874,58,1,57
BRDA:902,59,0,0
BRDA:902,59,1,57
BRDA:910,60,0,57
BRDA:910,60,1,0
BRDA:921,61,0,57
BRDA:921,61,1,0
BRDA:984,62,0,0
BRDA:984,62,1,0
BRDA:986,63,0,0
BRDA:986,63,1,0
BRDA:989,64,0,0
BRDA:989,64,1,0
BRDA:999,65,0,5
BRDA:999,65,1,1
BRDA:1032,66,0,0
BRDA:1032,66,1,4
BRDA:1035,67,0,2
BRDA:1035,67,1,2
BRDA:1040,68,0,4
BRDA:1040,68,1,0
BRDA:1044,69,0,0
BRDA:1044,69,1,0
BRDA:1053,70,0,931
BRDA:1053,70,1,132
BRDA:1076,71,0,17
BRDA:1076,71,1,10
BRDA:1128,72,0,137
BRDA:1128,72,1,0
BRDA:1142,73,0,0
BRDA:1142,73,1,339
BRDA:1146,74,0,1217
BRDA:1146,74,1,0
BRDA:1147,75,0,1217
BRDA:1147,75,1,1217
BRDA:1147,75,2,1217
BRDA:1151,76,0,0
BRDA:1151,76,1,1217
BRDA:1156,77,0,0
BRDA:1156,77,1,1217
BRDA:1156,78,0,1217
BRDA:1156,78,1,0
BRDA:1163,79,0,0
BRDA:1163,79,1,0
BRDA:1167,80,0,0
BRDA:1167,80,1,0
BRDA:1171,81,0,0
BRDA:1171,81,1,0
BRDA:1182,82,0,0
BRDA:1182,82,1,0
BRDA:1182,82,2,0
BRDA:1182,82,3,0
BRDA:1192,83,0,0
BRDA:1192,83,1,39
BRDA:1193,84,0,39
BRDA:1193,84,1,39
BRDA:1193,84,2,39
BRDA:1193,84,3,39
BRDA:1204,85,0,0
BRDA:1204,85,1,39
BRDA:1215,86,0,0
BRDA:1215,86,1,39
BRDA:1220,87,0,0
BRDA:1220,87,1,39
BRDA:1229,88,0,2
BRDA:1229,88,1,7
BRDA:1230,89,0,9
BRDA:1230,89,1,5
BRDA:1230,89,2,3
BRDA:1230,89,3,3
BRDA:1245,90,0,0
BRDA:1245,90,1,7
BRDA:1255,91,0,0
BRDA:1255,91,1,7
BRDA:1258,92,0,0
BRDA:1258,92,1,7
BRDA:1267,93,0,0
BRDA:1267,93,1,7
BRDA:1268,94,0,7
BRDA:1268,94,1,7
BRDA:1268,94,2,7
BRDA:1268,94,3,7
BRDA:1268,94,4,7
BRDA:1288,95,0,0
BRDA:1288,95,1,7
BRDA:1291,96,0,0
BRDA:1291,96,1,0
BRDA:1292,97,0,0
BRDA:1292,97,1,0
BRDA:1292,97,2,0
BRDA:1292,97,3,0
BRDA:1311,98,0,0
BRDA:1311,98,1,6
BRDA:1312,99,0,6
BRDA:1312,99,1,2
BRDA:1312,99,2,2
BRDA:1312,99,3,2
BRDA:1312,99,4,2
BRDA:1324,100,0,0
BRDA:1324,100,1,6
BRDA:1332,101,0,5
BRDA:1332,101,1,1
BRDA:1349,102,0,0
BRDA:1349,102,1,1
BRDA:1352,103,0,0
BRDA:1352,103,1,0
BRDA:1353,104,0,0
BRDA:1353,104,1,0
BRDA:1353,104,2,0
BRDA:1353,104,3,0
BRDA:1372,105,0,0
BRDA:1372,105,1,1
BRDA:1373,106,0,1
BRDA:1373,106,1,1
BRDA:1373,106,2,1
BRDA:1373,106,3,1
BRDA:1373,106,4,1
BRDA:1390,107,0,1
BRDA:1390,107,1,0
BRDA:1396,108,0,0
BRDA:1396,108,1,1
BRDA:1401,109,0,0
BRDA:1401,109,1,1
BRDA:1412,110,0,0
BRDA:1412,110,1,45
BRDA:1413,111,0,45
BRDA:1413,111,1,45
BRDA:1413,111,2,45
BRDA:1413,111,3,45
BRDA:1424,112,0,0
BRDA:1424,112,1,45
BRDA:1435,113,0,0
BRDA:1435,113,1,45
BRDA:1438,114,0,0
BRDA:1438,114,1,0
BRDA:1439,115,0,0
BRDA:1439,115,1,0
BRDA:1439,115,2,0
BRDA:1457,116,0,0
BRDA:1457,116,1,0
BRDA:1464,117,0,0
BRDA:1464,117,1,0
BRDA:1467,118,0,0
BRDA:1467,118,1,0
BRDA:1483,119,0,119
BRDA:1486,120,0,0
BRDA:1486,120,1,119
BRDA:1486,121,0,119
BRDA:1486,121,1,119
BRDA:1487,122,0,0
BRDA:1487,122,1,0
BRDA:1493,123,0,0
BRDA:1493,123,1,119
BRDA:1494,124,0,0
BRDA:1494,124,1,0
BRDA:1499,125,0,0
BRDA:1499,125,1,119
BRDA:1499,126,0,119
BRDA:1499,126,1,119
BRDA:1515,127,0,119
BRDA:1515,127,1,0
BRDA:1521,128,0,0
BRDA:1521,128,1,119
BRDA:1549,129,0,1
BRDA:1549,129,1,49
BRDA:1550,130,0,1
BRDA:1550,130,1,0
BRDA:1554,131,0,0
BRDA:1554,131,1,49
BRDA:1555,132,0,0
BRDA:1555,132,1,0
BRDA:1559,133,0,2
BRDA:1559,133,1,47
BRDA:1560,134,0,2
BRDA:1560,134,1,0
BRDA:1565,135,0,43
BRDA:1565,135,1,4
BRDA:1566,136,0,29
BRDA:1566,136,1,14
BRDA:1573,137,0,0
BRDA:1573,137,1,15
BRDA:1581,138,0,0
BRDA:1581,138,1,29
BRDA:1591,139,0,29
BRDA:1591,139,1,33
BRDA:1592,140,0,62
BRDA:1592,140,1,39
BRDA:1600,141,0,0
BRDA:1600,141,1,29
BRDA:1606,142,0,0
BRDA:1606,142,1,0
BRDA:1620,143,0,0
BRDA:1620,143,1,1
BRDA:1631,144,0,1
BRDA:1631,144,1,0
BRDA:1632,145,0,1
BRDA:1632,145,1,1
BRDA:1640,146,0,0
BRDA:1640,146,1,1
BRDA:1646,147,0,0
BRDA:1646,147,1,0
BRDA:1662,148,0,0
BRDA:1662,148,1,0
BRDA:1666,149,0,0
BRDA:1666,149,1,0
BRDA:1669,150,0,0
BRDA:1669,150,1,0
BRDA:1680,151,0,0
BRDA:1680,151,1,0
BRDA:1684,152,0,0
BRDA:1684,152,1,0
BRDA:1688,153,0,0
BRDA:1688,153,1,0
BRDA:1691,154,0,0
BRDA:1691,154,1,0
BRDA:1697,155,0,0
BRDA:1697,155,1,15
BRDA:1698,156,0,0
BRDA:1698,156,1,0
BRDA:1720,157,0,1
BRDA:1726,158,0,1
BRDA:1726,158,1,1
BRDA:1733,159,0,0
BRDA:1733,159,1,2
BRDA:1736,160,0,1
BRDA:1736,160,1,1
BRDA:1739,161,0,1
BRDA:1739,161,1,0
BRDA:1749,162,0,0
BRDA:1749,162,1,1
BRDA:1759,163,0,0
BRDA:1759,163,1,2
BRDA:1759,164,0,2
BRDA:1759,164,1,2
BRDA:1764,165,0,1
BRDA:1764,165,1,0
BRDA:1770,166,0,0
BRDA:1770,166,1,2
BRDA:1773,167,0,2
BRDA:1773,167,1,0
BRDA:1781,168,0,0
BRDA:1781,168,1,2
BRDA:1792,169,0,40
BRDA:1792,169,1,5
BRDA:1793,170,0,0
BRDA:1793,170,1,40
BRDA:1794,171,0,40
BRDA:1794,171,1,0
BRDA:1802,172,0,0
BRDA:1802,172,1,0
BRDA:1815,173,0,0
BRDA:1819,174,0,0
BRDA:1819,174,1,0
BRDA:1870,175,0,0
BRDA:1870,175,1,0
BRDA:1870,176,0,0
BRDA:1870,176,1,0
BRDA:1879,177,0,0
BRDA:1879,177,1,0
BRDA:1954,178,0,0
BRDA:1954,178,1,0
BRDA:1981,179,0,0
BRDA:1981,179,1,0
BRDA:2179,180,0,0
BRDA:2179,180,1,0
BRDA:2230,181,0,0
BRDA:2230,181,1,0
BRDA:2254,182,0,0
BRDA:2254,182,1,0
BRDA:2303,183,0,0
BRDA:2303,183,1,0
BRDA:2308,184,0,0
BRDA:2308,184,1,0
BRDA:2320,185,0,0
BRDA:2320,185,1,0
BRDA:2331,186,0,0
BRDA:2331,186,1,0
BRDA:2336,187,0,0
BRDA:2336,187,1,0
BRDA:2366,188,0,2
BRDA:2366,188,1,0
BRDA:2367,189,0,0
BRDA:2367,189,1,2
BRDA:2372,190,0,1
BRDA:2372,190,1,1
BRDA:2373,191,0,1
BRDA:2373,191,1,0
BRDA:2378,192,0,1
BRDA:2378,192,1,0
BRDA:2381,193,0,1
BRDA:2381,193,1,0
BRF:410
BRH:220
end_of_record
TN:
SF:modules\rapid_discord_mafia\perform.js
FN:3,(anonymous_0)
FN:25,(anonymous_1)
FN:38,(anonymous_2)
FN:68,(anonymous_3)
FN:104,(anonymous_4)
FN:122,(anonymous_5)
FN:143,(anonymous_6)
FN:154,(anonymous_7)
FN:168,(anonymous_8)
FN:180,(anonymous_9)
FN:213,(anonymous_10)
FN:227,(anonymous_11)
FN:240,(anonymous_12)
FN:251,(anonymous_13)
FN:264,(anonymous_14)
FN:299,(anonymous_15)
FN:322,(anonymous_16)
FN:333,(anonymous_17)
FN:358,(anonymous_18)
FN:372,(anonymous_19)
FN:390,(anonymous_20)
FN:402,(anonymous_21)
FN:417,(anonymous_22)
FN:422,(anonymous_23)
FN:472,(anonymous_24)
FN:516,(anonymous_25)
FN:544,(anonymous_26)
FNF:27
FNH:4
FNDA:4,(anonymous_0)
FNDA:2,(anonymous_1)
FNDA:0,(anonymous_2)
FNDA:0,(anonymous_3)
FNDA:0,(anonymous_4)
FNDA:0,(anonymous_5)
FNDA:0,(anonymous_6)
FNDA:0,(anonymous_7)
FNDA:2,(anonymous_8)
FNDA:0,(anonymous_9)
FNDA:0,(anonymous_10)
FNDA:0,(anonymous_11)
FNDA:0,(anonymous_12)
FNDA:0,(anonymous_13)
FNDA:0,(anonymous_14)
FNDA:2,(anonymous_15)
FNDA:0,(anonymous_16)
FNDA:0,(anonymous_17)
FNDA:0,(anonymous_18)
FNDA:0,(anonymous_19)
FNDA:0,(anonymous_20)
FNDA:0,(anonymous_21)
FNDA:0,(anonymous_22)
FNDA:0,(anonymous_23)
FNDA:0,(anonymous_24)
FNDA:0,(anonymous_25)
FNDA:0,(anonymous_26)
DA:2,1
DA:3,1
DA:4,4
DA:5,4
DA:7,4
DA:8,4
DA:9,4
DA:11,4
DA:14,4
DA:22,4
DA:25,1
DA:26,2
DA:27,2
DA:29,2
DA:30,2
DA:31,2
DA:34,0
DA:38,1
DA:39,0
DA:42,0
DA:43,0
DA:45,0
DA:47,0
DA:48,0
DA:50,0
DA:51,0
DA:52,0
DA:54,0
DA:65,0
DA:67,0
DA:69,0
DA:70,0
DA:71,0
DA:75,0
DA:76,0
DA:78,0
DA:79,0
DA:80,0
DA:82,0
DA:84,0
DA:85,0
DA:87,0
DA:88,0
DA:93,0
DA:94,0
DA:100,1
DA:106,0
DA:107,0
DA:108,0
DA:109,0
DA:110,0
DA:112,0
DA:113,0
DA:114,0
DA:117,0
DA:120,0
DA:122,0
DA:124,0
DA:126,0
DA:133,0
DA:134,0
DA:137,0
DA:138,0
DA:145,0
DA:146,0
DA:148,0
DA:149,0
DA:156,0
DA:157,0
DA:158,0
DA:159,0
DA:161,0
DA:163,0
DA:170,2
DA:171,2
DA:173,2
DA:175,2
DA:182,0
DA:183,0
DA:184,0
DA:185,0
DA:187,0
DA:188,0
DA:189,0
DA:196,0
DA:199,0
DA:200,0
DA:207,0
DA:215,0
DA:216,0
DA:217,0
DA:218,0
DA:220,0
DA:222,0
DA:229,0
DA:230,0
DA:231,0
DA:232,0
DA:234,0
DA:235,0
DA:242,0
DA:243,0
DA:245,0
DA:246,0
DA:253,0
DA:254,0
DA:255,0
DA:256,0
DA:258,0
DA:259,0
DA:266,0
DA:267,0
DA:268,0
DA:269,0
DA:270,0
DA:272,0
DA:274,0
DA:275,0
DA:276,0
DA:278,0
DA:282,0
DA:283,0
DA:286,0
DA:287,0
DA:290,0
DA:291,0
DA:293,0
DA:294,0
DA:301,2
DA:302,2
DA:303,2
DA:304,2
DA:305,2
DA:307,2
DA:309,2
DA:311,2
DA:312,0
DA:314,2
DA:316,2
DA:317,2
DA:324,0
DA:325,0
DA:326,0
DA:327,0
DA:329,0
DA:331,0
DA:333,0
DA:334,0
DA:335,0
DA:338,0
DA:340,0
DA:344,0
DA:348,0
DA:349,0
DA:351,0
DA:353,0
DA:360,0
DA:361,0
DA:362,0
DA:363,0
DA:364,0
DA:366,0
DA:367,0
DA:374,0
DA:375,0
DA:376,0
DA:377,0
DA:379,0
DA:381,0
DA:383,0
DA:385,0
DA:392,0
DA:393,0
DA:395,0
DA:397,0
DA:404,0
DA:405,0
DA:406,0
DA:408,0
DA:410,0
DA:411,0
DA:412,0
DA:413,0
DA:416,0
DA:417,0
DA:421,0
DA:422,0
DA:425,0
DA:427,0
DA:440,0
DA:442,0
DA:443,0
DA:444,0
DA:448,0
DA:449,0
DA:451,0
DA:452,0
DA:454,0
DA:457,0
DA:463,0
DA:465,0
DA:466,0
DA:467,0
DA:474,0
DA:475,0
DA:476,0
DA:477,0
DA:478,0
DA:480,0
DA:482,0
DA:483,0
DA:487,0
DA:488,0
DA:489,0
DA:491,0
DA:492,0
DA:494,0
DA:495,0
DA:497,0
DA:498,0
DA:501,0
DA:502,0
DA:503,0
DA:505,0
DA:506,0
DA:509,0
DA:511,0
DA:518,0
DA:519,0
DA:520,0
DA:521,0
DA:523,0
DA:526,0
DA:527,0
DA:529,0
DA:531,0
DA:532,0
DA:534,0
DA:538,0
DA:546,0
DA:547,0
DA:548,0
DA:549,0
DA:550,0
DA:552,0
DA:554,0
DA:556,0
DA:557,0
DA:558,0
DA:560,0
DA:561,0
DA:563,0
DA:566,0
DA:569,0
DA:573,0
DA:574,0
DA:577,0
DA:580,0
DA:581,0
DA:582,0
DA:584,0
DA:588,1
LF:262
LH:34
BRDA:7,0,0,4
BRDA:7,0,1,0
BRDA:8,1,0,4
BRDA:8,1,1,0
BRDA:29,2,0,2
BRDA:29,2,1,0
BRDA:42,3,0,0
BRDA:42,3,1,0
BRDA:51,4,0,0
BRDA:51,4,1,0
BRDA:51,5,0,0
BRDA:51,5,1,0
BRDA:75,6,0,0
BRDA:75,6,1,0
BRDA:84,7,0,0
BRDA:84,7,1,0
BRDA:112,8,0,0
BRDA:112,8,1,0
BRDA:112,9,0,0
BRDA:112,9,1,0
BRDA:120,10,0,0
BRDA:120,10,1,0
BRDA:121,11,0,0
BRDA:121,11,1,0
BRDA:187,12,0,0
BRDA:187,12,1,0
BRDA:274,13,0,0
BRDA:274,13,1,0
BRDA:278,14,0,0
BRDA:278,14,1,0
BRDA:279,15,0,0
BRDA:279,15,1,0
BRDA:279,15,2,0
BRDA:311,16,0,0
BRDA:311,16,1,2
BRDA:311,17,0,2
BRDA:311,17,1,0
BRDA:334,18,0,0
BRDA:334,18,1,0
BRDA:340,19,0,0
BRDA:340,19,1,0
BRDA:341,20,0,0
BRDA:341,20,1,0
BRDA:348,21,0,0
BRDA:348,21,1,0
BRDA:416,22,0,0
BRDA:416,22,1,0
BRDA:421,23,0,0
BRDA:421,23,1,0
BRDA:427,24,0,0
BRDA:427,24,1,0
BRDA:428,25,0,0
BRDA:428,25,1,0
BRDA:428,25,2,0
BRDA:428,25,3,0
BRDA:428,25,4,0
BRDA:428,25,5,0
BRDA:428,25,6,0
BRDA:428,25,7,0
BRDA:428,25,8,0
BRDA:448,26,0,0
BRDA:448,26,1,0
BRDA:449,27,0,0
BRDA:449,27,1,0
BRDA:451,28,0,0
BRDA:451,28,1,0
BRDA:482,29,0,0
BRDA:482,29,1,0
BRDA:491,30,0,0
BRDA:491,30,1,0
BRDA:494,31,0,0
BRDA:494,31,1,0
BRDA:497,32,0,0
BRDA:497,32,1,0
BRDA:526,33,0,0
BRDA:526,33,1,0
BRDA:556,34,0,0
BRDA:556,34,1,0
BRDA:569,35,0,0
BRDA:569,35,1,0
BRDA:570,36,0,0
BRDA:570,36,1,0
BRF:82
BRH:5
end_of_record
TN:
SF:modules\rapid_discord_mafia\player.js
FN:67,(anonymous_0)
FN:129,(anonymous_1)
FN:155,(anonymous_2)
FN:159,(anonymous_3)
FN:189,(anonymous_4)
FN:219,(anonymous_5)
FN:223,(anonymous_6)
FN:230,(anonymous_7)
FN:234,(anonymous_8)
FN:250,(anonymous_9)
FN:256,(anonymous_10)
FN:286,(anonymous_11)
FN:291,(anonymous_12)
FN:304,(anonymous_13)
FN:308,(anonymous_14)
FN:316,(anonymous_15)
FN:320,(anonymous_16)
FN:324,(anonymous_17)
FN:328,(anonymous_18)
FN:336,(anonymous_19)
FN:348,(anonymous_20)
FN:353,(anonymous_21)
FN:357,(anonymous_22)
FN:364,(anonymous_23)
FN:377,(anonymous_24)
FN:390,(anonymous_25)
FN:417,(anonymous_26)
FN:456,(anonymous_27)
FN:465,(anonymous_28)
FN:466,(anonymous_29)
FN:502,(anonymous_30)
FN:514,(anonymous_31)
FN:518,(anonymous_32)
FN:522,(anonymous_33)
FN:529,(anonymous_34)
FN:536,(anonymous_35)
FN:545,(anonymous_36)
FN:551,(anonymous_37)
FN:559,(anonymous_38)
FN:569,(anonymous_39)
FN:573,(anonymous_40)
FN:579,(anonymous_41)
FN:629,(anonymous_42)
FN:638,(anonymous_43)
FN:662,(anonymous_44)
FN:667,(anonymous_45)
FN:690,(anonymous_46)
FN:695,(anonymous_47)
FN:700,(anonymous_48)
FN:706,(anonymous_49)
FN:714,(anonymous_50)
FN:727,(anonymous_51)
FN:729,(anonymous_52)
FN:738,(anonymous_53)
FN:748,(anonymous_54)
FN:762,(anonymous_55)
FN:772,(anonymous_56)
FN:778,(anonymous_57)
FN:839,(anonymous_58)
FN:844,(anonymous_59)
FN:856,(anonymous_60)
FN:874,(anonymous_61)
FN:892,(anonymous_62)
FN:913,(anonymous_63)
FN:915,(anonymous_64)
FN:957,(anonymous_65)
FN:978,(anonymous_66)
FN:981,(anonymous_67)
FN:1024,(anonymous_68)
FN:1062,(anonymous_69)
FNF:70
FNH:45
FNDA:122,(anonymous_0)
FNDA:115,(anonymous_1)
FNDA:60,(anonymous_2)
FNDA:4,(anonymous_3)
FNDA:1,(anonymous_4)
FNDA:4,(anonymous_5)
FNDA:1,(anonymous_6)
FNDA:1,(anonymous_7)
FNDA:0,(anonymous_8)
FNDA:0,(anonymous_9)
FNDA:0,(anonymous_10)
FNDA:0,(anonymous_11)
FNDA:417,(anonymous_12)
FNDA:74,(anonymous_13)
FNDA:136,(anonymous_14)
FNDA:137,(anonymous_15)
FNDA:137,(anonymous_16)
FNDA:137,(anonymous_17)
FNDA:0,(anonymous_18)
FNDA:235,(anonymous_19)
FNDA:6,(anonymous_20)
FNDA:45,(anonymous_21)
FNDA:0,(anonymous_22)
FNDA:53,(anonymous_23)
FNDA:53,(anonymous_24)
FNDA:7,(anonymous_25)
FNDA:1,(anonymous_26)
FNDA:1,(anonymous_27)
FNDA:2,(anonymous_28)
FNDA:2,(anonymous_29)
FNDA:0,(anonymous_30)
FNDA:0,(anonymous_31)
FNDA:0,(anonymous_32)
FNDA:23,(anonymous_33)
FNDA:14,(anonymous_34)
FNDA:2,(anonymous_35)
FNDA:56,(anonymous_36)
FNDA:104,(anonymous_37)
FNDA:0,(anonymous_38)
FNDA:0,(anonymous_39)
FNDA:0,(anonymous_40)
FNDA:0,(anonymous_41)
FNDA:56,(anonymous_42)
FNDA:643,(anonymous_43)
FNDA:0,(anonymous_44)
FNDA:0,(anonymous_45)
FNDA:0,(anonymous_46)
FNDA:0,(anonymous_47)
FNDA:235,(anonymous_48)
FNDA:1,(anonymous_49)
FNDA:14,(anonymous_50)
FNDA:1,(anonymous_51)
FNDA:2,(anonymous_52)
FNDA:0,(anonymous_53)
FNDA:0,(anonymous_54)
FNDA:0,(anonymous_55)
FNDA:137,(anonymous_56)
FNDA:47,(anonymous_57)
FNDA:10,(anonymous_58)
FNDA:9,(anonymous_59)
FNDA:0,(anonymous_60)
FNDA:0,(anonymous_61)
FNDA:0,(anonymous_62)
FNDA:2,(anonymous_63)
FNDA:6,(anonymous_64)
FNDA:0,(anonymous_65)
FNDA:2,(anonymous_66)
FNDA:6,(anonymous_67)
FNDA:0,(anonymous_68)
FNDA:7,(anonymous_69)
DA:1,5
DA:2,5
DA:3,5
DA:4,5
DA:7,5
DA:8,5
DA:9,5
DA:96,122
DA:97,122
DA:98,122
DA:99,122
DA:100,122
DA:101,122
DA:102,122
DA:103,122
DA:104,122
DA:105,122
DA:106,122
DA:107,122
DA:108,122
DA:109,122
DA:110,122
DA:111,122
DA:112,122
DA:113,122
DA:114,122
DA:115,122
DA:116,122
DA:117,122
DA:118,122
DA:119,122
DA:120,122
DA:121,122
DA:122,122
DA:125,5
DA:126,5
DA:127,5
DA:130,115
DA:131,115
DA:132,115
DA:133,115
DA:134,115
DA:135,115
DA:136,115
DA:137,115
DA:138,115
DA:139,115
DA:140,115
DA:141,115
DA:142,115
DA:143,115
DA:144,115
DA:145,115
DA:146,115
DA:147,115
DA:148,115
DA:149,115
DA:150,115
DA:151,115
DA:152,115
DA:156,60
DA:160,4
DA:162,4
DA:164,0
DA:165,0
DA:166,0
DA:167,0
DA:169,0
DA:177,0
DA:186,4
DA:190,1
DA:192,1
DA:194,0
DA:195,0
DA:196,0
DA:197,0
DA:199,0
DA:207,0
DA:216,1
DA:220,4
DA:224,1
DA:231,1
DA:235,0
DA:236,0
DA:238,0
DA:239,0
DA:241,0
DA:245,0
DA:246,0
DA:251,0
DA:252,0
DA:253,0
DA:257,0
DA:259,0
DA:264,0
DA:267,0
DA:285,0
DA:286,0
DA:288,0
DA:292,417
DA:293,0
DA:294,0
DA:296,0
DA:297,0
DA:305,74
DA:309,136
DA:317,137
DA:321,137
DA:325,137
DA:329,0
DA:337,235
DA:338,235
DA:339,235
DA:341,235
DA:343,235
DA:344,0
DA:349,6
DA:350,6
DA:354,45
DA:358,0
DA:365,53
DA:366,47
DA:369,53
DA:378,53
DA:379,53
DA:381,53
DA:391,7
DA:394,7
DA:395,6
DA:397,6
DA:399,6
DA:400,6
DA:402,6
DA:403,6
DA:407,0
DA:409,0
DA:414,1
DA:416,1
DA:418,1
DA:419,1
DA:420,1
DA:424,1
DA:425,1
DA:427,1
DA:428,1
DA:429,1
DA:431,1
DA:433,1
DA:434,0
DA:436,0
DA:437,0
DA:442,1
DA:443,1
DA:457,1
DA:459,1
DA:460,1
DA:461,1
DA:462,1
DA:464,1
DA:465,2
DA:466,2
DA:468,1
DA:469,1
DA:470,1
DA:472,1
DA:473,1
DA:476,1
DA:478,1
DA:479,1
DA:480,0
DA:482,0
DA:483,0
DA:485,0
DA:486,0
DA:487,0
DA:492,1
DA:493,1
DA:494,0
DA:495,0
DA:496,0
DA:499,0
DA:500,0
DA:502,0
DA:504,0
DA:505,0
DA:510,0
DA:515,0
DA:519,0
DA:523,23
DA:524,2
DA:526,21
DA:530,14
DA:531,0
DA:533,14
DA:537,2
DA:546,56
DA:551,104
DA:552,3
DA:560,0
DA:570,0
DA:571,0
DA:573,0
DA:574,0
DA:576,0
DA:579,0
DA:580,0
DA:584,0
DA:585,0
DA:589,0
DA:594,0
DA:597,0
DA:603,0
DA:608,0
DA:609,0
DA:610,0
DA:612,0
DA:614,0
DA:616,0
DA:617,0
DA:621,0
DA:630,56
DA:632,56
DA:633,0
DA:634,0
DA:637,56
DA:638,56
DA:639,643
DA:642,56
DA:644,56
DA:645,49
DA:646,49
DA:648,49
DA:650,49
DA:651,45
DA:655,56
DA:657,56
DA:659,56
DA:663,0
DA:664,0
DA:668,0
DA:670,0
DA:674,0
DA:675,0
DA:676,0
DA:677,0
DA:678,0
DA:680,0
DA:681,0
DA:683,0
DA:684,0
DA:687,0
DA:691,0
DA:692,0
DA:696,0
DA:697,0
DA:701,235
DA:702,235
DA:703,235
DA:707,1
DA:708,1
DA:715,14
DA:717,14
DA:718,14
DA:720,14
DA:723,0
DA:728,1
DA:729,2
DA:730,1
DA:732,1
DA:734,1
DA:735,1
DA:737,1
DA:738,0
DA:739,0
DA:741,0
DA:742,0
DA:744,0
DA:749,0
DA:751,0
DA:753,0
DA:754,0
DA:756,0
DA:758,0
DA:764,0
DA:765,0
DA:767,0
DA:769,0
DA:773,137
DA:774,3
DA:775,3
DA:776,3
DA:778,3
DA:779,47
DA:782,3
DA:785,3
DA:786,1
DA:788,2
DA:790,2
DA:791,2
DA:794,2
DA:797,2
DA:799,0
DA:800,0
DA:804,1
DA:805,1
DA:809,1
DA:810,1
DA:814,0
DA:818,0
DA:820,0
DA:821,0
DA:822,0
DA:826,2
DA:827,1
DA:828,1
DA:829,1
DA:830,1
DA:831,1
DA:834,2
DA:840,10
DA:841,10
DA:842,1
DA:844,9
DA:846,1
DA:847,1
DA:849,1
DA:850,1
DA:857,0
DA:858,0
DA:859,0
DA:861,0
DA:865,0
DA:866,0
DA:869,0
DA:875,0
DA:877,0
DA:878,0
DA:880,0
DA:881,0
DA:883,0
DA:884,0
DA:893,0
DA:894,0
DA:897,0
DA:898,0
DA:901,0
DA:902,0
DA:905,0
DA:914,2
DA:915,6
DA:918,2
DA:920,2
DA:921,0
DA:923,0
DA:925,0
DA:928,2
DA:930,2
DA:932,2
DA:935,2
DA:936,2
DA:938,2
DA:939,0
DA:940,0
DA:942,0
DA:944,0
DA:945,0
DA:949,2
DA:958,0
DA:959,0
DA:962,0
DA:963,0
DA:966,0
DA:967,0
DA:970,0
DA:979,2
DA:980,2
DA:981,6
DA:985,2
DA:987,2
DA:988,0
DA:990,0
DA:992,0
DA:995,2
DA:997,2
DA:999,2
DA:1002,2
DA:1003,2
DA:1005,2
DA:1006,0
DA:1007,0
DA:1009,0
DA:1010,0
DA:1014,2
DA:1025,0
DA:1027,0
DA:1028,0
DA:1032,0
DA:1033,0
DA:1035,0
DA:1036,0
DA:1038,0
DA:1042,0
DA:1044,0
DA:1045,0
DA:1047,0
DA:1049,0
DA:1050,0
DA:1051,0
DA:1056,0
DA:1063,7
DA:1067,5
LF:411
LH:228
BRDA:68,0,0,122
BRDA:70,1,0,122
BRDA:71,2,0,122
BRDA:72,3,0,122
BRDA:73,4,0,122
BRDA:74,5,0,122
BRDA:75,6,0,122
BRDA:76,7,0,120
BRDA:77,8,0,122
BRDA:78,9,0,122
BRDA:79,10,0,122
BRDA:80,11,0,122
BRDA:81,12,0,122
BRDA:82,13,0,122
BRDA:83,14,0,122
BRDA:84,15,0,122
BRDA:85,16,0,122
BRDA:86,17,0,122
BRDA:87,18,0,122
BRDA:88,19,0,122
BRDA:89,20,0,122
BRDA:90,21,0,122
BRDA:91,22,0,122
BRDA:92,23,0,122
BRDA:93,24,0,122
BRDA:94,25,0,3
BRDA:162,26,0,0
BRDA:162,26,1,4
BRDA:192,27,0,0
BRDA:192,27,1,1
BRDA:238,28,0,0
BRDA:238,28,1,0
BRDA:241,29,0,0
BRDA:241,29,1,0
BRDA:242,30,0,0
BRDA:242,30,1,0
BRDA:291,31,0,175
BRDA:292,32,0,0
BRDA:292,32,1,417
BRDA:296,33,0,0
BRDA:296,33,1,0
BRDA:310,34,0,136
BRDA:310,34,1,54
BRDA:310,34,2,54
BRDA:343,35,0,0
BRDA:343,35,1,235
BRDA:343,36,0,235
BRDA:343,36,1,90
BRDA:365,37,0,47
BRDA:365,37,1,6
BRDA:394,38,0,6
BRDA:394,38,1,1
BRDA:403,39,0,0
BRDA:403,39,1,6
BRDA:404,40,0,6
BRDA:404,40,1,2
BRDA:424,41,0,1
BRDA:424,41,1,0
BRDA:433,42,0,0
BRDA:433,42,1,1
BRDA:459,43,0,1
BRDA:459,43,1,0
BRDA:460,44,0,1
BRDA:460,44,1,0
BRDA:482,45,0,0
BRDA:482,45,1,0
BRDA:493,46,0,0
BRDA:493,46,1,1
BRDA:504,47,0,0
BRDA:504,47,1,0
BRDA:523,48,0,2
BRDA:523,48,1,21
BRDA:523,49,0,23
BRDA:523,49,1,23
BRDA:530,50,0,0
BRDA:530,50,1,14
BRDA:530,51,0,14
BRDA:530,51,1,14
BRDA:551,52,0,3
BRDA:551,52,1,53
BRDA:551,53,0,104
BRDA:551,53,1,104
BRDA:570,54,0,0
BRDA:570,54,1,0
BRDA:579,55,0,0
BRDA:579,55,1,0
BRDA:584,56,0,0
BRDA:584,56,1,0
BRDA:585,57,0,0
BRDA:585,57,1,0
BRDA:586,58,0,0
BRDA:586,58,1,0
BRDA:594,59,0,0
BRDA:594,59,1,0
BRDA:597,60,0,0
BRDA:597,60,1,0
BRDA:599,61,0,0
BRDA:599,61,1,0
BRDA:616,62,0,0
BRDA:616,62,1,0
BRDA:629,63,0,9
BRDA:632,64,0,0
BRDA:632,64,1,56
BRDA:650,65,0,45
BRDA:650,65,1,4
BRDA:674,66,0,0
BRDA:674,66,1,0
BRDA:717,67,0,14
BRDA:717,67,1,0
BRDA:737,68,0,0
BRDA:737,68,1,1
BRDA:741,69,0,0
BRDA:741,69,1,0
BRDA:751,70,0,0
BRDA:751,70,1,0
BRDA:785,71,0,1
BRDA:785,71,1,2
BRDA:785,72,0,3
BRDA:785,72,1,3
BRDA:794,73,0,2
BRDA:794,73,1,0
BRDA:797,74,0,0
BRDA:797,74,1,1
BRDA:797,74,2,1
BRDA:797,74,3,0
BRDA:797,74,4,0
BRDA:826,75,0,1
BRDA:826,75,1,1
BRDA:840,76,0,10
BRDA:840,76,1,0
BRDA:846,77,0,1
BRDA:846,77,1,0
BRDA:857,78,0,0
BRDA:857,78,1,0
BRDA:880,79,0,0
BRDA:880,79,1,0
BRDA:883,80,0,0
BRDA:883,80,1,0
BRDA:893,81,0,0
BRDA:893,81,1,0
BRDA:897,82,0,0
BRDA:897,82,1,0
BRDA:901,83,0,0
BRDA:901,83,1,0
BRDA:920,84,0,0
BRDA:920,84,1,2
BRDA:938,85,0,0
BRDA:938,85,1,2
BRDA:944,86,0,0
BRDA:944,86,1,0
BRDA:944,87,0,0
BRDA:944,87,1,0
BRDA:958,88,0,0
BRDA:958,88,1,0
BRDA:962,89,0,0
BRDA:962,89,1,0
BRDA:966,90,0,0
BRDA:966,90,1,0
BRDA:981,91,0,6
BRDA:981,91,1,4
BRDA:987,92,0,0
BRDA:987,92,1,2
BRDA:1005,93,0,0
BRDA:1005,93,1,2
BRDA:1009,94,0,0
BRDA:1009,94,1,0
BRDA:1009,95,0,0
BRDA:1009,95,1,0
BRDA:1032,96,0,0
BRDA:1032,96,1,0
BRDA:1038,97,0,0
BRDA:1038,97,1,0
BRDA:1039,98,0,0
BRDA:1039,98,1,0
BRDA:1044,99,0,0
BRDA:1044,99,1,0
BRDA:1049,100,0,0
BRDA:1049,100,1,0
BRF:178
BRH:82
end_of_record
TN:
SF:modules\rapid_discord_mafia\players.js
FN:6,(anonymous_0)
FN:11,(anonymous_1)
FN:17,(anonymous_2)
FN:21,(anonymous_3)
FN:22,(anonymous_4)
FN:25,(anonymous_5)
FN:26,(anonymous_6)
FN:32,(anonymous_7)
FN:36,(anonymous_8)
FN:47,(anonymous_9)
FN:54,(anonymous_10)
FN:58,(anonymous_11)
FN:62,(anonymous_12)
FN:66,(anonymous_13)
FN:67,(anonymous_14)
FN:70,(anonymous_15)
FN:71,(anonymous_16)
FN:74,(anonymous_17)
FN:75,(anonymous_18)
FN:78,(anonymous_19)
FN:79,(anonymous_20)
FN:82,(anonymous_21)
FN:83,(anonymous_22)
FN:86,(anonymous_23)
FN:87,(anonymous_24)
FN:90,(anonymous_25)
FN:91,(anonymous_26)
FN:94,(anonymous_27)
FN:95,(anonymous_28)
FN:98,(anonymous_29)
FN:108,(anonymous_30)
FN:112,(anonymous_31)
FN:134,(anonymous_32)
FN:135,(anonymous_33)
FN:140,(anonymous_34)
FN:141,(anonymous_35)
FNF:36
FNH:21
FNDA:66,(anonymous_0)
FNDA:39,(anonymous_1)
FNDA:8,(anonymous_2)
FNDA:0,(anonymous_3)
FNDA:0,(anonymous_4)
FNDA:0,(anonymous_5)
FNDA:0,(anonymous_6)
FNDA:121,(anonymous_7)
FNDA:119,(anonymous_8)
FNDA:916,(anonymous_9)
FNDA:770,(anonymous_10)
FNDA:0,(anonymous_11)
FNDA:205,(anonymous_12)
FNDA:1,(anonymous_13)
FNDA:3,(anonymous_14)
FNDA:0,(anonymous_15)
FNDA:0,(anonymous_16)
FNDA:8,(anonymous_17)
FNDA:27,(anonymous_18)
FNDA:0,(anonymous_19)
FNDA:0,(anonymous_20)
FNDA:6,(anonymous_21)
FNDA:24,(anonymous_22)
FNDA:251,(anonymous_23)
FNDA:771,(anonymous_24)
FNDA:0,(anonymous_25)
FNDA:0,(anonymous_26)
FNDA:0,(anonymous_27)
FNDA:0,(anonymous_28)
FNDA:118,(anonymous_29)
FNDA:0,(anonymous_30)
FNDA:0,(anonymous_31)
FNDA:45,(anonymous_32)
FNDA:106,(anonymous_33)
FNDA:40,(anonymous_34)
FNDA:105,(anonymous_35)
DA:1,5
DA:2,5
DA:3,5
DA:7,66
DA:8,66
DA:12,39
DA:13,115
DA:18,8
DA:22,0
DA:26,0
DA:33,121
DA:37,119
DA:38,119
DA:39,119
DA:48,916
DA:55,770
DA:59,0
DA:63,205
DA:67,3
DA:71,0
DA:75,27
DA:79,0
DA:83,24
DA:87,771
DA:91,0
DA:95,0
DA:99,118
DA:100,118
DA:101,372
DA:102,370
DA:105,118
DA:109,0
DA:113,0
DA:114,0
DA:115,0
DA:117,0
DA:119,0
DA:120,0
DA:121,0
DA:124,0
DA:129,0
DA:130,0
DA:135,45
DA:136,106
DA:141,40
DA:142,105
DA:147,5
LF:47
LH:29
BRDA:6,0,0,23
BRDA:6,1,0,23
BRDA:101,2,0,370
BRDA:101,2,1,2
BRDA:119,3,0,0
BRDA:119,3,1,0
BRF:6
BRH:4
end_of_record
TN:
SF:modules\rapid_discord_mafia\role.js
FN:5,(anonymous_0)
FN:18,(anonymous_1)
FN:37,(anonymous_2)
FN:53,(anonymous_3)
FNF:4
FNH:3
FNDA:100,(anonymous_0)
FNDA:236,(anonymous_1)
FNDA:40,(anonymous_2)
FNDA:0,(anonymous_3)
DA:1,5
DA:2,5
DA:6,100
DA:7,100
DA:8,100
DA:9,100
DA:10,100
DA:11,100
DA:12,100
DA:13,100
DA:14,100
DA:15,100
DA:20,236
DA:21,236
DA:22,236
DA:23,236
DA:26,236
DA:27,234
DA:30,234
DA:31,304
DA:35,236
DA:36,30
DA:37,40
DA:41,236
DA:50,236
DA:54,0
DA:55,0
DA:58,0
DA:63,5
LF:29
LH:26
BRDA:5,0,0,95
BRDA:5,1,0,80
BRDA:5,2,0,5
BRDA:5,3,0,80
BRDA:18,4,0,236
BRDA:23,5,0,92
BRDA:23,5,1,144
BRDA:26,6,0,234
BRDA:26,6,1,2
BRDA:26,7,0,236
BRDA:26,7,1,236
BRDA:35,8,0,30
BRDA:35,8,1,206
BRDA:35,9,0,236
BRDA:35,9,1,236
BRDA:42,10,0,0
BRDA:42,10,1,236
BRDA:54,11,0,0
BRDA:54,11,1,0
BRF:19
BRH:16
end_of_record
TN:
SF:modules\rapid_discord_mafia\roles.js
FNF:0
FNH:0
DA:1,5
DA:2,5
DA:3,5
DA:5,5
DA:251,5
LF:5
LH:5
BRF:0
BRH:0
end_of_record
TN:
SF:utilities\validator.js
FN:2,(anonymous_0)
FN:16,(anonymous_1)
FN:24,(anonymous_2)
FN:31,(anonymous_3)
FN:34,(anonymous_4)
FN:38,(anonymous_5)
FN:53,(anonymous_6)
FN:57,(anonymous_7)
FNF:8
FNH:1
FNDA:119,(anonymous_0)
FNDA:0,(anonymous_1)
FNDA:0,(anonymous_2)
FNDA:0,(anonymous_3)
FNDA:0,(anonymous_4)
FNDA:0,(anonymous_5)
FNDA:0,(anonymous_6)
FNDA:0,(anonymous_7)
DA:1,5
DA:3,119
DA:5,119
DA:6,0
DA:10,119
DA:11,0
DA:14,119
DA:17,0
DA:25,0
DA:32,0
DA:35,0
DA:36,0
DA:39,0
DA:40,0
DA:42,0
DA:43,0
DA:45,0
DA:46,0
DA:47,0
DA:51,0
DA:54,0
DA:56,0
DA:57,0
DA:59,0
DA:62,0
DA:66,5
LF:26
LH:6
BRDA:5,0,0,0
BRDA:5,0,1,119
BRDA:10,1,0,0
BRDA:10,1,1,119
BRDA:18,2,0,0
BRDA:18,2,1,0
BRDA:18,2,2,0
BRDA:26,3,0,0
BRDA:26,3,1,0
BRDA:26,3,2,0
BRDA:39,4,0,0
BRDA:39,4,1,0
BRDA:42,5,0,0
BRDA:42,5,1,0
BRDA:46,6,0,0
BRDA:46,6,1,0
BRDA:56,7,0,0
BRDA:56,7,1,0
BRF:18
BRH:2
end_of_record
