TN:
SF:modules\enums.js
FN:20,(anonymous_0)
FN:29,(anonymous_1)
FN:101,(anonymous_2)
FN:108,(anonymous_3)
FN:235,(anonymous_4)
FN:239,(anonymous_5)
FN:243,(anonymous_6)
FN:247,(anonymous_7)
FN:251,(anonymous_8)
FN:253,(anonymous_9)
FN:255,(anonymous_10)
FN:258,(anonymous_11)
FN:259,(anonymous_12)
FN:261,(anonymous_13)
FN:278,(anonymous_14)
FN:282,(anonymous_15)
FN:284,(anonymous_16)
FN:289,(anonymous_17)
FN:294,(anonymous_18)
FN:301,(anonymous_19)
FN:306,(anonymous_20)
FN:307,(anonymous_21)
FN:308,(anonymous_22)
FN:310,(anonymous_23)
FN:315,(anonymous_24)
FN:317,(anonymous_25)
FN:319,(anonymous_26)
FN:321,(anonymous_27)
FN:323,(anonymous_28)
FN:325,(anonymous_29)
FN:327,(anonymous_30)
FN:334,(anonymous_31)
FN:339,(anonymous_32)
FN:340,(anonymous_33)
FN:341,(anonymous_34)
FN:342,(anonymous_35)
FN:343,(anonymous_36)
FN:345,(anonymous_37)
FN:347,(anonymous_38)
FN:349,(anonymous_39)
FN:351,(anonymous_40)
FN:353,(anonymous_41)
FN:357,(anonymous_42)
FN:366,(anonymous_43)
FN:368,(anonymous_44)
FN:370,(anonymous_45)
FN:372,(anonymous_46)
FN:374,(anonymous_47)
FN:376,(anonymous_48)
FN:381,(anonymous_49)
FN:385,(anonymous_50)
FN:386,(anonymous_51)
FN:391,(anonymous_52)
FN:401,(anonymous_53)
FN:402,(anonymous_54)
FN:403,(anonymous_55)
FN:412,(anonymous_56)
FN:414,(anonymous_57)
FN:415,(anonymous_58)
FN:416,(anonymous_59)
FN:417,(anonymous_60)
FN:418,(anonymous_61)
FN:426,(anonymous_62)
FN:428,(anonymous_63)
FN:431,(anonymous_64)
FN:432,(anonymous_65)
FN:433,(anonymous_66)
FN:434,(anonymous_67)
FN:435,(anonymous_68)
FN:436,(anonymous_69)
FN:437,(anonymous_70)
FN:438,(anonymous_71)
FN:439,(anonymous_72)
FN:444,(anonymous_73)
FN:445,(anonymous_74)
FN:447,(anonymous_75)
FN:449,(anonymous_76)
FN:451,(anonymous_77)
FN:453,(anonymous_78)
FN:457,(anonymous_79)
FN:459,(anonymous_80)
FN:461,(anonymous_81)
FN:463,(anonymous_82)
FN:472,(anonymous_83)
FN:474,(anonymous_84)
FNF:85
FNH:49
FNDA:124,(anonymous_0)
FNDA:0,(anonymous_1)
FNDA:0,(anonymous_2)
FNDA:0,(anonymous_3)
FNDA:0,(anonymous_4)
FNDA:0,(anonymous_5)
FNDA:0,(anonymous_6)
FNDA:0,(anonymous_7)
FNDA:0,(anonymous_8)
FNDA:6,(anonymous_9)
FNDA:53,(anonymous_10)
FNDA:163,(anonymous_11)
FNDA:0,(anonymous_12)
FNDA:0,(anonymous_13)
FNDA:39,(anonymous_14)
FNDA:546,(anonymous_15)
FNDA:39,(anonymous_16)
FNDA:8,(anonymous_17)
FNDA:7,(anonymous_18)
FNDA:6,(anonymous_19)
FNDA:1,(anonymous_20)
FNDA:0,(anonymous_21)
FNDA:1,(anonymous_22)
FNDA:1,(anonymous_23)
FNDA:1,(anonymous_24)
FNDA:1,(anonymous_25)
FNDA:0,(anonymous_26)
FNDA:0,(anonymous_27)
FNDA:0,(anonymous_28)
FNDA:1,(anonymous_29)
FNDA:45,(anonymous_30)
FNDA:0,(anonymous_31)
FNDA:2,(anonymous_32)
FNDA:0,(anonymous_33)
FNDA:0,(anonymous_34)
FNDA:0,(anonymous_35)
FNDA:1,(anonymous_36)
FNDA:0,(anonymous_37)
FNDA:2,(anonymous_38)
FNDA:0,(anonymous_39)
FNDA:0,(anonymous_40)
FNDA:0,(anonymous_41)
FNDA:0,(anonymous_42)
FNDA:0,(anonymous_43)
FNDA:0,(anonymous_44)
FNDA:0,(anonymous_45)
FNDA:0,(anonymous_46)
FNDA:0,(anonymous_47)
FNDA:7,(anonymous_48)
FNDA:0,(anonymous_49)
FNDA:0,(anonymous_50)
FNDA:2,(anonymous_51)
FNDA:9,(anonymous_52)
FNDA:3,(anonymous_53)
FNDA:2,(anonymous_54)
FNDA:3,(anonymous_55)
FNDA:4,(anonymous_56)
FNDA:6,(anonymous_57)
FNDA:2,(anonymous_58)
FNDA:4,(anonymous_59)
FNDA:2,(anonymous_60)
FNDA:4,(anonymous_61)
FNDA:3,(anonymous_62)
FNDA:3,(anonymous_63)
FNDA:3,(anonymous_64)
FNDA:6,(anonymous_65)
FNDA:1,(anonymous_66)
FNDA:6,(anonymous_67)
FNDA:0,(anonymous_68)
FNDA:0,(anonymous_69)
FNDA:4,(anonymous_70)
FNDA:4,(anonymous_71)
FNDA:0,(anonymous_72)
FNDA:0,(anonymous_73)
FNDA:0,(anonymous_74)
FNDA:5,(anonymous_75)
FNDA:2,(anonymous_76)
FNDA:2,(anonymous_77)
FNDA:2,(anonymous_78)
FNDA:2,(anonymous_79)
FNDA:2,(anonymous_80)
FNDA:4,(anonymous_81)
FNDA:2,(anonymous_82)
FNDA:1,(anonymous_83)
FNDA:0,(anonymous_84)
DA:1,6
DA:2,6
DA:4,6
DA:21,124
DA:22,0
DA:23,124
DA:30,0
DA:31,0
DA:32,0
DA:101,0
DA:108,0
DA:236,0
DA:240,0
DA:244,0
DA:248,0
DA:252,0
DA:254,6
DA:256,53
DA:258,163
DA:260,0
DA:261,0
DA:278,39
DA:282,546
DA:284,39
DA:289,8
DA:294,7
DA:302,6
DA:306,1
DA:307,0
DA:309,1
DA:310,1
DA:316,1
DA:318,1
DA:320,0
DA:322,0
DA:324,0
DA:326,1
DA:327,45
DA:335,0
DA:339,2
DA:340,0
DA:341,0
DA:342,0
DA:344,1
DA:346,0
DA:348,2
DA:350,0
DA:352,0
DA:353,0
DA:355,0
DA:356,0
DA:357,0
DA:359,0
DA:361,0
DA:367,0
DA:369,0
DA:371,0
DA:373,0
DA:375,0
DA:377,7
DA:382,0
DA:385,0
DA:387,2
DA:392,9
DA:401,3
DA:402,2
DA:404,3
DA:406,0
DA:409,3
DA:412,4
DA:414,6
DA:415,2
DA:416,4
DA:417,2
DA:419,4
DA:428,3
DA:429,3
DA:431,3
DA:432,6
DA:433,1
DA:434,6
DA:435,0
DA:436,0
DA:437,4
DA:438,4
DA:440,0
DA:444,0
DA:446,0
DA:448,5
DA:450,2
DA:452,2
DA:454,2
DA:458,2
DA:460,2
DA:462,4
DA:464,2
DA:473,1
DA:475,0
DA:662,6
LF:99
LH:55
BRDA:21,0,0,0
BRDA:21,0,1,124
BRDA:21,1,0,124
BRDA:21,1,1,124
BRDA:30,2,0,0
BRDA:30,2,1,0
BRDA:30,3,0,0
BRDA:30,3,1,0
BRDA:404,4,0,0
BRDA:404,4,1,3
BRF:10
BRH:4
end_of_record
TN:
SF:modules\functions.js
FN:6,(anonymous_0)
FN:9,(anonymous_1)
FN:15,changeAttrValue
FN:36,pushItemToObj
FN:65,(anonymous_4)
FN:84,(anonymous_5)
FN:110,(anonymous_6)
FN:118,(anonymous_7)
FN:122,(anonymous_8)
FN:128,(anonymous_9)
FN:130,(anonymous_10)
FN:136,(anonymous_11)
FN:137,(anonymous_12)
FN:140,getJSONFromObj
FN:159,(anonymous_14)
FN:163,(anonymous_15)
FN:169,(anonymous_16)
FN:173,(anonymous_17)
FN:193,(anonymous_18)
FN:215,(anonymous_19)
FN:220,(anonymous_20)
FN:224,(anonymous_21)
FN:234,(anonymous_22)
FN:238,(anonymous_23)
FN:242,(anonymous_24)
FN:245,(anonymous_25)
FN:248,(anonymous_26)
FN:252,(anonymous_27)
FN:256,(anonymous_28)
FN:260,(anonymous_29)
FN:264,(anonymous_30)
FN:287,(anonymous_31)
FN:293,(anonymous_32)
FN:326,(anonymous_33)
FN:341,(anonymous_34)
FN:363,(anonymous_35)
FN:395,(anonymous_36)
FN:404,(anonymous_37)
FN:408,(anonymous_38)
FN:428,doesValueMatchType
FN:429,(anonymous_40)
FN:430,(anonymous_41)
FN:431,(anonymous_42)
FN:432,(anonymous_43)
FN:432,(anonymous_44)
FN:468,(anonymous_45)
FN:475,(anonymous_46)
FN:476,(anonymous_47)
FN:493,(anonymous_48)
FN:504,(anonymous_49)
FN:510,(anonymous_50)
FN:531,(anonymous_51)
FN:563,(anonymous_52)
FN:604,(anonymous_53)
FN:622,(anonymous_54)
FN:633,(anonymous_55)
FN:648,(anonymous_56)
FN:674,(anonymous_57)
FNF:58
FNH:14
FNDA:46,(anonymous_0)
FNDA:46,(anonymous_1)
FNDA:0,changeAttrValue
FNDA:11,pushItemToObj
FNDA:78,(anonymous_4)
FNDA:5,(anonymous_5)
FNDA:11,(anonymous_6)
FNDA:2,(anonymous_7)
FNDA:134,(anonymous_8)
FNDA:0,(anonymous_9)
FNDA:0,(anonymous_10)
FNDA:0,(anonymous_11)
FNDA:0,(anonymous_12)
FNDA:0,getJSONFromObj
FNDA:0,(anonymous_14)
FNDA:0,(anonymous_15)
FNDA:0,(anonymous_16)
FNDA:0,(anonymous_17)
FNDA:0,(anonymous_18)
FNDA:0,(anonymous_19)
FNDA:0,(anonymous_20)
FNDA:0,(anonymous_21)
FNDA:0,(anonymous_22)
FNDA:0,(anonymous_23)
FNDA:0,(anonymous_24)
FNDA:0,(anonymous_25)
FNDA:0,(anonymous_26)
FNDA:0,(anonymous_27)
FNDA:0,(anonymous_28)
FNDA:0,(anonymous_29)
FNDA:0,(anonymous_30)
FNDA:0,(anonymous_31)
FNDA:0,(anonymous_32)
FNDA:0,(anonymous_33)
FNDA:232,(anonymous_34)
FNDA:0,(anonymous_35)
FNDA:0,(anonymous_36)
FNDA:92,(anonymous_37)
FNDA:0,(anonymous_38)
FNDA:0,doesValueMatchType
FNDA:0,(anonymous_40)
FNDA:0,(anonymous_41)
FNDA:0,(anonymous_42)
FNDA:0,(anonymous_43)
FNDA:0,(anonymous_44)
FNDA:0,(anonymous_45)
FNDA:0,(anonymous_46)
FNDA:0,(anonymous_47)
FNDA:0,(anonymous_48)
FNDA:0,(anonymous_49)
FNDA:8,(anonymous_50)
FNDA:10,(anonymous_51)
FNDA:0,(anonymous_52)
FNDA:0,(anonymous_53)
FNDA:0,(anonymous_54)
FNDA:9,(anonymous_55)
FNDA:1,(anonymous_56)
FNDA:0,(anonymous_57)
DA:1,7
DA:2,7
DA:3,7
DA:5,7
DA:7,46
DA:10,46
DA:16,0
DA:17,0
DA:19,0
DA:21,0
DA:22,0
DA:23,0
DA:26,0
DA:27,0
DA:29,0
DA:37,11
DA:39,11
DA:42,11
DA:43,5
DA:44,2
DA:46,3
DA:48,5
DA:52,6
DA:53,4
DA:58,6
DA:66,78
DA:70,78
DA:73,230
DA:74,230
DA:77,230
DA:81,78
DA:85,5
DA:87,5
DA:88,2
DA:90,3
DA:91,8
DA:93,8
DA:94,7
DA:97,1
DA:101,2
DA:103,2
DA:104,0
DA:106,2
DA:111,11
DA:112,3
DA:114,8
DA:119,2
DA:123,134
DA:124,134
DA:125,134
DA:129,0
DA:131,0
DA:137,0
DA:141,0
DA:143,0
DA:144,0
DA:145,0
DA:147,0
DA:148,0
DA:149,0
DA:151,0
DA:153,0
DA:156,0
DA:160,0
DA:162,0
DA:164,0
DA:170,0
DA:175,0
DA:180,0
DA:185,0
DA:188,0
DA:193,0
DA:195,0
DA:196,0
DA:199,0
DA:200,0
DA:201,0
DA:202,0
DA:204,0
DA:205,0
DA:206,0
DA:207,0
DA:211,0
DA:216,0
DA:221,0
DA:225,0
DA:235,0
DA:239,0
DA:243,0
DA:245,0
DA:249,0
DA:253,0
DA:257,0
DA:261,0
DA:265,0
DA:266,0
DA:267,0
DA:272,0
DA:273,0
DA:279,0
DA:288,0
DA:289,0
DA:294,0
DA:295,0
DA:302,0
DA:303,0
DA:310,0
DA:327,0
DA:328,0
DA:329,0
DA:331,0
DA:333,0
DA:334,0
DA:335,0
DA:337,0
DA:338,0
DA:342,232
DA:345,232
DA:347,45
DA:348,45
DA:351,187
DA:352,187
DA:355,232
DA:364,0
DA:366,0
DA:370,0
DA:371,0
DA:378,0
DA:379,0
DA:386,0
DA:387,0
DA:390,0
DA:391,0
DA:394,0
DA:395,0
DA:405,92
DA:409,0
DA:410,0
DA:412,0
DA:414,0
DA:416,0
DA:417,0
DA:418,0
DA:419,0
DA:420,0
DA:421,0
DA:424,0
DA:425,0
DA:429,0
DA:430,0
DA:431,0
DA:432,0
DA:434,0
DA:435,0
DA:437,0
DA:438,0
DA:440,0
DA:441,0
DA:443,0
DA:444,0
DA:446,0
DA:448,0
DA:449,0
DA:451,0
DA:455,0
DA:456,0
DA:459,0
DA:460,0
DA:465,0
DA:469,0
DA:471,0
DA:475,0
DA:477,0
DA:478,0
DA:481,0
DA:482,0
DA:483,0
DA:484,0
DA:494,0
DA:495,0
DA:497,0
DA:498,0
DA:501,0
DA:505,0
DA:507,0
DA:511,8
DA:512,0
DA:515,8
DA:516,1
DA:519,7
DA:521,2
DA:523,2
DA:525,2
DA:527,1
DA:532,10
DA:533,0
DA:536,10
DA:541,10
DA:545,10
DA:549,10
DA:550,6
DA:553,4
DA:554,4
DA:556,4
DA:557,1
DA:560,3
DA:565,0
DA:566,0
DA:567,0
DA:568,0
DA:569,0
DA:572,0
DA:575,0
DA:585,0
DA:600,0
DA:606,0
DA:607,0
DA:608,0
DA:609,0
DA:614,0
DA:623,0
DA:627,0
DA:628,0
DA:630,0
DA:634,9
DA:635,2
DA:637,7
DA:638,4
DA:640,3
DA:641,1
DA:643,2
DA:644,2
DA:645,2
DA:649,1
DA:650,1
DA:651,4
DA:653,4
DA:654,4
DA:655,4
DA:656,5
DA:657,5
DA:660,4
DA:661,4
DA:662,4
DA:664,1
DA:666,1
DA:682,0
DA:684,0
DA:685,0
DA:686,0
DA:688,0
DA:693,0
DA:696,0
DA:701,0
DA:706,0
DA:715,0
DA:718,0
DA:721,0
DA:722,0
DA:723,0
DA:725,0
DA:726,0
DA:728,0
DA:729,0
DA:730,0
DA:733,0
DA:736,0
DA:737,0
DA:738,0
DA:742,0
DA:743,0
DA:747,0
DA:749,0
DA:750,0
DA:751,0
DA:753,0
DA:757,7
LF:277
LH:90
BRDA:21,0,0,0
BRDA:21,0,1,0
BRDA:26,1,0,0
BRDA:26,1,1,0
BRDA:42,2,0,5
BRDA:42,2,1,6
BRDA:43,3,0,2
BRDA:43,3,1,3
BRDA:52,4,0,4
BRDA:52,4,1,2
BRDA:87,5,0,2
BRDA:87,5,1,3
BRDA:93,6,0,7
BRDA:93,6,1,1
BRDA:103,7,0,0
BRDA:103,7,1,2
BRDA:111,8,0,3
BRDA:111,8,1,8
BRDA:144,9,0,0
BRDA:144,9,1,0
BRDA:144,10,0,0
BRDA:144,10,1,0
BRDA:147,11,0,0
BRDA:147,11,1,0
BRDA:148,12,0,0
BRDA:148,12,1,0
BRDA:164,13,0,0
BRDA:164,13,1,0
BRDA:199,14,0,0
BRDA:199,14,1,0
BRDA:204,15,0,0
BRDA:204,15,1,0
BRDA:264,16,0,0
BRDA:265,17,0,0
BRDA:265,17,1,0
BRDA:266,18,0,0
BRDA:266,18,1,0
BRDA:272,19,0,0
BRDA:272,19,1,0
BRDA:288,20,0,0
BRDA:288,20,1,0
BRDA:288,21,0,0
BRDA:288,21,1,0
BRDA:288,21,2,0
BRDA:331,22,0,0
BRDA:331,22,1,0
BRDA:331,23,0,0
BRDA:331,23,1,0
BRDA:345,24,0,45
BRDA:345,24,1,187
BRDA:363,25,0,0
BRDA:366,26,0,0
BRDA:366,26,1,0
BRDA:366,26,2,0
BRDA:366,26,3,0
BRDA:366,26,4,0
BRDA:366,26,5,0
BRDA:366,26,6,0
BRDA:366,26,7,0
BRDA:366,26,8,0
BRDA:366,26,9,0
BRDA:366,26,10,0
BRDA:366,26,11,0
BRDA:366,26,12,0
BRDA:366,26,13,0
BRDA:404,27,0,92
BRDA:429,28,0,0
BRDA:429,28,1,0
BRDA:434,29,0,0
BRDA:434,29,1,0
BRDA:437,30,0,0
BRDA:437,30,1,0
BRDA:437,31,0,0
BRDA:437,31,1,0
BRDA:440,32,0,0
BRDA:440,32,1,0
BRDA:440,33,0,0
BRDA:440,33,1,0
BRDA:443,34,0,0
BRDA:443,34,1,0
BRDA:443,35,0,0
BRDA:443,35,1,0
BRDA:446,36,0,0
BRDA:446,36,1,0
BRDA:448,37,0,0
BRDA:448,37,1,0
BRDA:455,38,0,0
BRDA:455,38,1,0
BRDA:459,39,0,0
BRDA:459,39,1,0
BRDA:477,40,0,0
BRDA:477,40,1,0
BRDA:511,41,0,0
BRDA:511,41,1,8
BRDA:511,42,0,8
BRDA:511,42,1,8
BRDA:515,43,0,1
BRDA:515,43,1,7
BRDA:515,44,0,8
BRDA:515,44,1,4
BRDA:519,45,0,2
BRDA:519,45,1,2
BRDA:519,45,2,2
BRDA:519,45,3,1
BRDA:532,46,0,0
BRDA:532,46,1,10
BRDA:532,47,0,10
BRDA:532,47,1,10
BRDA:549,48,0,6
BRDA:549,48,1,4
BRDA:556,49,0,1
BRDA:556,49,1,3
BRDA:634,50,0,2
BRDA:634,50,1,7
BRDA:634,51,0,9
BRDA:634,51,1,8
BRDA:637,52,0,4
BRDA:637,52,1,3
BRDA:640,53,0,1
BRDA:640,53,1,2
BRDA:655,54,0,9
BRDA:655,54,1,9
BRDA:676,55,0,0
BRDA:677,56,0,0
BRDA:678,57,0,0
BRDA:679,58,0,0
BRDA:680,59,0,0
BRDA:682,60,0,0
BRDA:682,60,1,0
BRDA:729,61,0,0
BRDA:729,61,1,0
BRDA:737,62,0,0
BRDA:737,62,1,0
BRF:133
BRH:44
end_of_record
TN:
SF:modules\token.js
FNF:0
FNH:0
DA:1,5
LF:1
LH:1
BRF:0
BRH:0
end_of_record
TN:
SF:modules\rapid_discord_mafia\Ability.js
FN:71,(anonymous_0)
FN:75,(anonymous_1)
FN:109,(anonymous_2)
FNF:3
FNH:2
FNDA:124,(anonymous_0)
FNDA:0,(anonymous_1)
FNDA:304,(anonymous_2)
DA:1,6
DA:2,6
DA:3,6
DA:75,0
DA:83,124
DA:84,124
DA:85,124
DA:86,124
DA:87,124
DA:88,124
DA:89,124
DA:90,124
DA:91,124
DA:92,124
DA:94,124
DA:96,124
DA:97,94
DA:98,2
DA:99,2
DA:102,94
DA:105,124
DA:106,122
DA:111,304
DA:112,304
DA:113,304
DA:116,304
DA:118,220
DA:119,220
DA:122,0
DA:123,0
DA:124,0
DA:127,70
DA:128,70
DA:131,14
DA:132,14
DA:135,304
DA:140,304
DA:145,6
LF:38
LH:34
BRDA:75,0,0,5
BRDA:76,1,0,0
BRDA:79,2,0,35
BRDA:80,3,0,35
BRDA:81,4,0,0
BRDA:97,5,0,2
BRDA:97,5,1,92
BRDA:105,6,0,122
BRDA:105,6,1,2
BRDA:116,7,0,220
BRDA:116,7,1,0
BRDA:116,7,2,70
BRDA:116,7,3,14
BRF:13
BRH:10
end_of_record
TN:
SF:modules\rapid_discord_mafia\AbilityManager.js
FN:7,(anonymous_0)
FN:49,(anonymous_1)
FN:73,(anonymous_2)
FN:88,(anonymous_3)
FN:111,(anonymous_4)
FN:134,(anonymous_5)
FN:158,(anonymous_6)
FN:182,(anonymous_7)
FN:230,(anonymous_8)
FN:254,(anonymous_9)
FN:278,(anonymous_10)
FN:301,(anonymous_11)
FN:323,(anonymous_12)
FN:337,(anonymous_13)
FN:359,(anonymous_14)
FN:373,(anonymous_15)
FN:387,(anonymous_16)
FN:411,(anonymous_17)
FN:425,(anonymous_18)
FN:447,(anonymous_19)
FN:474,(anonymous_20)
FN:501,(anonymous_21)
FN:533,(anonymous_22)
FN:556,(anonymous_23)
FN:574,(anonymous_24)
FNF:25
FNH:23
FNDA:66,(anonymous_0)
FNDA:14,(anonymous_1)
FNDA:11,(anonymous_2)
FNDA:12,(anonymous_3)
FNDA:10,(anonymous_4)
FNDA:10,(anonymous_5)
FNDA:14,(anonymous_6)
FNDA:3,(anonymous_7)
FNDA:3,(anonymous_8)
FNDA:9,(anonymous_9)
FNDA:0,(anonymous_10)
FNDA:3,(anonymous_11)
FNDA:3,(anonymous_12)
FNDA:3,(anonymous_13)
FNDA:8,(anonymous_14)
FNDA:0,(anonymous_15)
FNDA:2,(anonymous_16)
FNDA:8,(anonymous_17)
FNDA:3,(anonymous_18)
FNDA:3,(anonymous_19)
FNDA:12,(anonymous_20)
FNDA:21,(anonymous_21)
FNDA:6,(anonymous_22)
FNDA:12,(anonymous_23)
FNDA:199,(anonymous_24)
DA:1,5
DA:2,5
DA:3,5
DA:4,5
DA:9,5
DA:37,5
DA:50,14
DA:74,11
DA:89,12
DA:112,10
DA:135,10
DA:159,14
DA:183,3
DA:231,3
DA:255,9
DA:279,0
DA:301,3
DA:323,3
DA:337,3
DA:359,8
DA:373,0
DA:388,2
DA:411,8
DA:425,3
DA:447,3
DA:474,12
DA:502,21
DA:503,21
DA:505,21
DA:506,9
DA:509,12
DA:534,6
DA:557,12
DA:575,199
DA:579,5
LF:35
LH:33
BRDA:49,0,0,0
BRDA:49,1,0,4
BRDA:50,2,0,4
BRDA:50,2,1,10
BRDA:73,3,0,0
BRDA:73,4,0,5
BRDA:74,5,0,5
BRDA:74,5,1,6
BRDA:74,6,0,0
BRDA:74,6,1,11
BRDA:88,7,0,0
BRDA:88,8,0,4
BRDA:89,9,0,4
BRDA:89,9,1,8
BRDA:111,10,0,0
BRDA:111,11,0,4
BRDA:112,12,0,4
BRDA:112,12,1,6
BRDA:134,13,0,0
BRDA:134,14,0,4
BRDA:135,15,0,4
BRDA:135,15,1,6
BRDA:158,16,0,0
BRDA:158,17,0,4
BRDA:159,18,0,4
BRDA:159,18,1,10
BRDA:182,19,0,0
BRDA:182,20,0,1
BRDA:183,21,0,1
BRDA:183,21,1,2
BRDA:230,22,0,0
BRDA:230,23,0,1
BRDA:231,24,0,1
BRDA:231,24,1,2
BRDA:254,25,0,0
BRDA:254,26,0,3
BRDA:255,27,0,3
BRDA:255,27,1,6
BRDA:278,28,0,0
BRDA:278,29,0,0
BRDA:279,30,0,0
BRDA:279,30,1,0
BRDA:301,31,0,0
BRDA:301,32,0,1
BRDA:301,33,0,1
BRDA:301,33,1,2
BRDA:323,34,0,0
BRDA:323,35,0,1
BRDA:323,36,0,1
BRDA:323,36,1,2
BRDA:323,37,0,1
BRDA:323,37,1,2
BRDA:337,38,0,0
BRDA:337,39,0,1
BRDA:337,40,0,1
BRDA:337,40,1,2
BRDA:359,41,0,0
BRDA:359,42,0,2
BRDA:359,43,0,2
BRDA:359,43,1,6
BRDA:359,44,0,2
BRDA:359,44,1,6
BRDA:373,45,0,0
BRDA:373,46,0,0
BRDA:373,47,0,0
BRDA:373,47,1,0
BRDA:387,48,0,0
BRDA:387,49,0,0
BRDA:388,50,0,0
BRDA:388,50,1,2
BRDA:411,51,0,0
BRDA:411,52,0,2
BRDA:411,53,0,2
BRDA:411,53,1,6
BRDA:425,54,0,0
BRDA:425,55,0,1
BRDA:425,56,0,1
BRDA:425,56,1,2
BRDA:447,57,0,0
BRDA:447,58,0,1
BRDA:447,59,0,1
BRDA:447,59,1,2
BRDA:447,60,0,1
BRDA:447,60,1,2
BRDA:474,61,0,0
BRDA:474,62,0,4
BRDA:474,63,0,4
BRDA:474,63,1,8
BRDA:501,64,0,0
BRDA:501,65,0,7
BRDA:505,66,0,9
BRDA:505,66,1,12
BRDA:506,67,0,3
BRDA:506,67,1,6
BRDA:506,68,0,3
BRDA:506,68,1,6
BRDA:509,69,0,4
BRDA:509,69,1,8
BRDA:533,70,0,0
BRDA:533,71,0,2
BRDA:534,72,0,2
BRDA:534,72,1,4
BRDA:556,73,0,0
BRDA:556,74,0,4
BRDA:557,75,0,4
BRDA:557,75,1,8
BRF:106
BRH:74
end_of_record
TN:
SF:modules\rapid_discord_mafia\Contestant.js
FN:2,(anonymous_0)
FN:8,(anonymous_1)
FNF:2
FNH:0
FNDA:0,(anonymous_0)
FNDA:0,(anonymous_1)
DA:5,0
DA:9,0
DA:13,4
LF:3
LH:1
BRDA:3,0,0,0
BRF:1
BRH:0
end_of_record
TN:
SF:modules\rapid_discord_mafia\Effect.js
FN:24,(anonymous_0)
FNF:1
FNH:1
FNDA:108,(anonymous_0)
DA:28,108
DA:29,108
DA:33,6
LF:3
LH:3
BRF:0
BRH:0
end_of_record
TN:
SF:modules\rapid_discord_mafia\EffectManager.js
FN:13,(anonymous_0)
FN:47,(anonymous_1)
FN:72,(anonymous_2)
FN:96,(anonymous_3)
FN:104,(anonymous_4)
FN:117,(anonymous_5)
FN:158,(anonymous_6)
FN:171,(anonymous_7)
FN:184,(anonymous_8)
FN:193,(anonymous_9)
FN:206,(anonymous_10)
FN:249,(anonymous_11)
FN:277,(anonymous_12)
FN:287,(anonymous_13)
FN:314,(anonymous_14)
FN:328,(anonymous_15)
FN:345,(anonymous_16)
FN:353,(anonymous_17)
FN:372,(anonymous_18)
FN:457,(anonymous_19)
FN:502,(anonymous_20)
FN:529,(anonymous_21)
FN:580,(anonymous_22)
FN:593,(anonymous_23)
FNF:24
FNH:24
FNDA:66,(anonymous_0)
FNDA:5,(anonymous_1)
FNDA:2,(anonymous_2)
FNDA:3,(anonymous_3)
FNDA:5,(anonymous_4)
FNDA:3,(anonymous_5)
FNDA:6,(anonymous_6)
FNDA:3,(anonymous_7)
FNDA:1,(anonymous_8)
FNDA:3,(anonymous_9)
FNDA:4,(anonymous_10)
FNDA:3,(anonymous_11)
FNDA:3,(anonymous_12)
FNDA:9,(anonymous_13)
FNDA:1,(anonymous_14)
FNDA:1,(anonymous_15)
FNDA:1,(anonymous_16)
FNDA:4,(anonymous_17)
FNDA:3,(anonymous_18)
FNDA:7,(anonymous_19)
FNDA:2,(anonymous_20)
FNDA:4,(anonymous_21)
FNDA:59,(anonymous_22)
FNDA:59,(anonymous_23)
DA:1,6
DA:2,6
DA:3,6
DA:14,66
DA:15,66
DA:16,66
DA:19,6
DA:44,6
DA:48,5
DA:50,5
DA:51,5
DA:52,5
DA:54,5
DA:56,5
DA:62,1
DA:63,1
DA:66,4
DA:69,5
DA:72,2
DA:75,1
DA:77,1
DA:84,1
DA:85,1
DA:88,5
DA:90,5
DA:97,3
DA:98,3
DA:106,5
DA:107,5
DA:109,5
DA:111,5
DA:118,3
DA:119,3
DA:160,6
DA:161,6
DA:163,6
DA:165,6
DA:173,3
DA:174,3
DA:176,3
DA:178,3
DA:185,1
DA:187,1
DA:195,3
DA:196,3
DA:198,3
DA:200,3
DA:208,4
DA:209,4
DA:210,4
DA:213,4
DA:216,4
DA:220,4
DA:222,4
DA:223,1
DA:224,1
DA:226,3
DA:230,2
DA:231,2
DA:234,1
DA:235,1
DA:238,4
DA:239,4
DA:241,4
DA:243,4
DA:251,3
DA:252,3
DA:253,3
DA:255,3
DA:257,3
DA:259,3
DA:263,1
DA:266,2
DA:269,3
DA:271,3
DA:280,3
DA:281,3
DA:283,3
DA:285,3
DA:287,3
DA:288,9
DA:290,9
DA:291,9
DA:292,9
DA:294,9
DA:299,1
DA:303,3
DA:304,1
DA:306,2
DA:308,3
DA:316,1
DA:317,1
DA:318,1
DA:320,1
DA:322,1
DA:330,1
DA:331,1
DA:333,1
DA:335,1
DA:337,1
DA:339,1
DA:346,1
DA:347,1
DA:355,4
DA:356,4
DA:357,4
DA:358,4
DA:359,4
DA:361,4
DA:363,4
DA:365,4
DA:366,4
DA:367,4
DA:369,4
DA:371,4
DA:372,3
DA:374,4
DA:375,4
DA:377,4
DA:379,4
DA:388,4
DA:399,4
DA:406,2
DA:408,2
DA:411,2
DA:415,2
DA:417,2
DA:418,2
DA:419,1
DA:421,1
DA:423,1
DA:425,1
DA:426,1
DA:428,1
DA:432,2
DA:434,2
DA:440,2
DA:442,2
DA:446,2
DA:459,7
DA:460,7
DA:461,7
DA:462,7
DA:463,7
DA:465,7
DA:467,7
DA:468,4
DA:472,3
DA:473,3
DA:474,3
DA:476,3
DA:477,1
DA:479,2
DA:480,1
DA:482,1
DA:483,1
DA:486,3
DA:487,3
DA:488,3
DA:490,3
DA:491,3
DA:494,7
DA:496,7
DA:504,2
DA:505,2
DA:507,2
DA:510,2
DA:511,1
DA:513,1
DA:515,1
DA:516,1
DA:518,1
DA:522,1
DA:531,4
DA:532,4
DA:533,4
DA:535,4
DA:537,4
DA:539,4
DA:541,4
DA:542,1
DA:543,1
DA:545,1
DA:548,3
DA:551,4
DA:555,3
DA:556,3
DA:559,1
DA:562,4
DA:564,4
DA:565,4
DA:567,4
DA:568,4
DA:569,4
DA:581,59
DA:594,59
DA:595,59
DA:597,59
DA:598,59
DA:603,6
LF:200
LH:200
BRDA:56,0,0,1
BRDA:56,0,1,4
BRDA:58,1,0,5
BRDA:58,1,1,5
BRDA:69,2,0,1
BRDA:69,2,1,4
BRDA:70,3,0,5
BRDA:70,3,1,3
BRDA:216,4,0,4
BRDA:216,4,1,2
BRDA:222,5,0,1
BRDA:222,5,1,3
BRDA:226,6,0,2
BRDA:226,6,1,1
BRDA:227,7,0,3
BRDA:227,7,1,2
BRDA:259,8,0,1
BRDA:259,8,1,2
BRDA:260,9,0,3
BRDA:260,9,1,1
BRDA:294,10,0,1
BRDA:294,10,1,8
BRDA:295,11,0,9
BRDA:295,11,1,6
BRDA:295,11,2,3
BRDA:303,12,0,1
BRDA:303,12,1,2
BRDA:361,13,0,4
BRDA:361,13,1,4
BRDA:369,14,0,4
BRDA:369,14,1,0
BRDA:377,15,0,4
BRDA:377,15,1,3
BRDA:380,16,0,4
BRDA:380,16,1,4
BRDA:380,16,2,2
BRDA:399,17,0,2
BRDA:399,17,1,2
BRDA:400,18,0,4
BRDA:400,18,1,4
BRDA:400,18,2,3
BRDA:400,18,3,2
BRDA:400,18,4,2
BRDA:418,19,0,1
BRDA:418,19,1,1
BRDA:425,20,0,1
BRDA:425,20,1,0
BRDA:432,21,0,1
BRDA:432,21,1,1
BRDA:467,22,0,4
BRDA:467,22,1,3
BRDA:476,23,0,1
BRDA:476,23,1,2
BRDA:479,24,0,1
BRDA:479,24,1,1
BRDA:482,25,0,1
BRDA:482,25,1,0
BRDA:510,26,0,1
BRDA:510,26,1,1
BRDA:541,27,0,1
BRDA:541,27,1,3
BRDA:551,28,0,3
BRDA:551,28,1,1
BRDA:552,29,0,4
BRDA:552,29,1,4
BRDA:593,30,0,0
BRDA:597,31,0,59
BRDA:597,31,1,0
BRF:68
BRH:63
end_of_record
TN:
SF:modules\rapid_discord_mafia\Logger.js
FN:2,(anonymous_0)
FNF:1
FNH:0
FNDA:0,(anonymous_0)
DA:3,0
DA:7,6
LF:2
LH:1
BRF:0
BRH:0
end_of_record
TN:
SF:modules\rapid_discord_mafia\RapidDiscordMafia.js
FN:10,(anonymous_0)
FN:14,(anonymous_1)
FN:30,(anonymous_2)
FN:38,(anonymous_3)
FN:39,(anonymous_4)
FN:55,(anonymous_5)
FN:58,(anonymous_6)
FN:62,(anonymous_7)
FN:70,(anonymous_8)
FN:81,(anonymous_9)
FNF:10
FNH:8
FNDA:43,(anonymous_0)
FNDA:43,(anonymous_1)
FNDA:23,(anonymous_2)
FNDA:37,(anonymous_3)
FNDA:109,(anonymous_4)
FNDA:107,(anonymous_5)
FNDA:332,(anonymous_6)
FNDA:109,(anonymous_7)
FNDA:0,(anonymous_8)
FNDA:0,(anonymous_9)
DA:1,4
DA:2,4
DA:3,4
DA:4,4
DA:5,4
DA:6,4
DA:7,4
DA:11,43
DA:15,43
DA:16,43
DA:21,43
DA:23,43
DA:24,0
DA:25,0
DA:26,0
DA:31,23
DA:39,37
DA:40,109
DA:41,109
DA:42,109
DA:44,109
DA:45,2
DA:46,2
DA:49,109
DA:52,37
DA:53,37
DA:55,37
DA:56,107
DA:58,107
DA:59,332
DA:62,107
DA:63,109
DA:67,37
DA:71,0
DA:73,0
DA:74,0
DA:75,0
DA:78,0
DA:82,0
DA:83,0
DA:84,0
DA:86,0
DA:87,0
DA:88,0
DA:90,0
DA:94,0
DA:100,4
LF:47
LH:31
BRDA:14,0,0,0
BRDA:23,1,0,0
BRDA:23,1,1,43
BRDA:30,2,0,23
BRDA:73,3,0,0
BRDA:73,3,1,0
BRDA:83,4,0,0
BRDA:83,4,1,0
BRF:8
BRH:2
end_of_record
TN:
SF:modules\rapid_discord_mafia\RoleIdentifier.js
FN:10,(anonymous_0)
FN:16,(anonymous_1)
FN:21,(anonymous_2)
FN:22,(anonymous_3)
FN:25,(anonymous_4)
FN:32,(anonymous_5)
FN:39,(anonymous_6)
FN:55,(anonymous_7)
FN:59,(anonymous_8)
FN:69,(anonymous_9)
FN:72,(anonymous_10)
FN:88,(anonymous_11)
FN:90,(anonymous_12)
FN:94,(anonymous_13)
FN:98,(anonymous_14)
FN:103,(anonymous_15)
FN:111,(anonymous_16)
FN:116,(anonymous_17)
FN:124,(anonymous_18)
FN:128,(anonymous_19)
FN:131,(anonymous_20)
FN:139,(anonymous_21)
FN:147,(anonymous_22)
FNF:23
FNH:23
FNDA:238,(anonymous_0)
FNDA:8,(anonymous_1)
FNDA:246,(anonymous_2)
FNDA:4920,(anonymous_3)
FNDA:2617,(anonymous_4)
FNDA:185,(anonymous_5)
FNDA:93,(anonymous_6)
FNDA:238,(anonymous_7)
FNDA:257,(anonymous_8)
FNDA:238,(anonymous_9)
FNDA:952,(anonymous_10)
FNDA:60,(anonymous_11)
FNDA:188,(anonymous_12)
FNDA:6,(anonymous_13)
FNDA:1065,(anonymous_14)
FNDA:2486,(anonymous_15)
FNDA:215,(anonymous_16)
FNDA:845,(anonymous_17)
FNDA:383,(anonymous_18)
FNDA:2126,(anonymous_19)
FNDA:560,(anonymous_20)
FNDA:500,(anonymous_21)
FNDA:700,(anonymous_22)
DA:1,5
DA:2,5
DA:3,5
DA:11,238
DA:12,238
DA:13,238
DA:17,8
DA:18,8
DA:22,4920
DA:24,246
DA:26,2617
DA:29,174
DA:31,72
DA:33,185
DA:36,40
DA:37,19
DA:38,21
DA:40,93
DA:43,20
DA:45,1
DA:47,32
DA:48,27
DA:51,5
DA:56,238
DA:58,238
DA:59,238
DA:60,257
DA:63,238
DA:64,5
DA:66,238
DA:72,238
DA:73,952
DA:75,952
DA:76,236
DA:80,238
DA:89,60
DA:90,188
DA:95,6
DA:99,1065
DA:100,2
DA:103,1063
DA:104,2486
DA:107,1063
DA:112,215
DA:113,3
DA:116,212
DA:117,845
DA:120,212
DA:125,383
DA:127,383
DA:128,2126
DA:130,90
DA:131,28
DA:132,560
DA:138,62
DA:139,25
DA:140,500
DA:146,37
DA:147,700
DA:150,383
DA:154,5
LF:61
LH:61
BRDA:24,0,0,174
BRDA:24,0,1,72
BRDA:31,1,0,40
BRDA:31,1,1,32
BRDA:36,2,0,19
BRDA:36,2,1,21
BRDA:38,3,0,20
BRDA:38,3,1,1
BRDA:47,4,0,27
BRDA:47,4,1,5
BRDA:63,5,0,5
BRDA:63,5,1,233
BRDA:63,6,0,238
BRDA:63,6,1,20
BRDA:75,7,0,236
BRDA:75,7,1,716
BRDA:99,8,0,2
BRDA:99,8,1,1063
BRDA:112,9,0,3
BRDA:112,9,1,212
BRDA:127,10,0,293
BRDA:127,10,1,90
BRDA:130,11,0,28
BRDA:130,11,1,62
BRDA:133,12,0,560
BRDA:133,12,1,210
BRDA:138,13,0,25
BRDA:138,13,1,37
BRDA:141,14,0,500
BRDA:141,14,1,176
BRDA:146,15,0,35
BRDA:146,15,1,2
BRDA:147,16,0,700
BRDA:147,16,1,280
BRF:34
BRH:34
end_of_record
TN:
SF:modules\rapid_discord_mafia\arg.js
FN:2,(anonymous_0)
FNF:1
FNH:1
FNDA:94,(anonymous_0)
DA:3,94
DA:4,94
DA:5,94
DA:6,94
DA:7,94
DA:11,6
LF:6
LH:6
BRDA:2,0,0,94
BRF:1
BRH:1
end_of_record
TN:
SF:modules\rapid_discord_mafia\death.js
FN:11,(anonymous_0)
FN:19,(anonymous_1)
FN:30,(anonymous_2)
FN:38,(anonymous_3)
FN:39,(anonymous_4)
FNF:5
FNH:5
FNDA:6,(anonymous_0)
FNDA:6,(anonymous_1)
FNDA:1,(anonymous_2)
FNDA:1,(anonymous_3)
FNDA:1,(anonymous_4)
DA:1,5
DA:15,6
DA:16,6
DA:20,6
DA:21,6
DA:22,6
DA:24,6
DA:25,0
DA:27,6
DA:31,1
DA:35,1
DA:39,1
DA:40,1
DA:45,5
LF:14
LH:13
BRDA:13,0,0,6
BRDA:24,1,0,0
BRDA:24,1,1,6
BRF:3
BRH:2
end_of_record
TN:
SF:modules\rapid_discord_mafia\game.js
FN:60,(anonymous_0)
FN:105,(anonymous_1)
FN:106,(anonymous_2)
FN:109,(anonymous_3)
FN:116,(anonymous_4)
FN:118,(anonymous_5)
FN:120,(anonymous_6)
FN:128,(anonymous_7)
FN:142,(anonymous_8)
FN:145,(anonymous_9)
FN:158,(anonymous_10)
FN:171,(anonymous_11)
FN:182,(anonymous_12)
FN:209,(anonymous_13)
FN:246,(anonymous_14)
FN:257,(anonymous_15)
FN:267,(anonymous_16)
FN:268,(anonymous_17)
FN:274,(anonymous_18)
FN:275,(anonymous_19)
FN:286,(anonymous_20)
FN:305,(anonymous_21)
FN:325,(anonymous_22)
FN:339,(anonymous_23)
FN:340,(anonymous_24)
FN:343,(anonymous_25)
FN:358,(anonymous_26)
FN:361,(anonymous_27)
FN:367,(anonymous_28)
FN:374,(anonymous_29)
FN:378,(anonymous_30)
FN:386,(anonymous_31)
FN:387,(anonymous_32)
FN:390,(anonymous_33)
FN:399,(anonymous_34)
FN:406,(anonymous_35)
FN:410,(anonymous_36)
FN:426,(anonymous_37)
FN:433,(anonymous_38)
FN:453,(anonymous_39)
FN:458,(anonymous_40)
FN:476,(anonymous_41)
FN:509,(anonymous_42)
FN:519,(anonymous_43)
FN:546,(anonymous_44)
FN:550,(anonymous_45)
FN:582,(anonymous_46)
FN:595,(anonymous_47)
FN:618,(anonymous_48)
FN:628,(anonymous_49)
FN:633,(anonymous_50)
FN:643,(anonymous_51)
FN:648,(anonymous_52)
FN:654,(anonymous_53)
FN:665,(anonymous_54)
FN:670,(anonymous_55)
FN:679,(anonymous_56)
FN:688,(anonymous_57)
FN:702,(anonymous_58)
FN:717,(anonymous_59)
FN:730,(anonymous_60)
FN:753,(anonymous_61)
FN:763,(anonymous_62)
FN:792,(anonymous_63)
FN:811,(anonymous_64)
FN:823,(anonymous_65)
FN:867,(anonymous_66)
FN:890,(anonymous_67)
FN:953,(anonymous_68)
FN:963,(anonymous_69)
FN:974,(anonymous_70)
FN:986,(anonymous_71)
FN:987,(anonymous_72)
FN:992,(anonymous_73)
FN:993,(anonymous_74)
FN:1003,(anonymous_75)
FN:1006,(anonymous_76)
FN:1022,(anonymous_77)
FN:1032,(anonymous_78)
FN:1062,(anonymous_79)
FN:1070,(anonymous_80)
FN:1071,(anonymous_81)
FN:1076,(anonymous_82)
FN:1096,(anonymous_83)
FN:1100,(anonymous_84)
FN:1104,(anonymous_85)
FN:1108,(anonymous_86)
FN:1112,(anonymous_87)
FN:1116,(anonymous_88)
FN:1120,(anonymous_89)
FN:1124,(anonymous_90)
FN:1128,(anonymous_91)
FN:1147,(anonymous_92)
FN:1172,(anonymous_93)
FN:1186,(anonymous_94)
FN:1190,(anonymous_95)
FN:1199,(anonymous_96)
FN:1236,(anonymous_97)
FN:1274,(anonymous_98)
FN:1318,(anonymous_99)
FN:1379,(anonymous_100)
FN:1419,(anonymous_101)
FN:1464,(anonymous_102)
FN:1471,(anonymous_103)
FN:1472,(anonymous_104)
FN:1493,(anonymous_105)
FN:1544,(anonymous_106)
FN:1615,(anonymous_107)
FN:1618,(anonymous_108)
FN:1655,(anonymous_109)
FN:1658,(anonymous_110)
FN:1672,(anonymous_111)
FN:1673,(anonymous_112)
FN:1677,(anonymous_113)
FN:1694,(anonymous_114)
FN:1695,(anonymous_115)
FN:1699,(anonymous_116)
FN:1730,(anonymous_117)
FN:1801,(anonymous_118)
FN:1825,(anonymous_119)
FN:1840,(anonymous_120)
FN:1847,(anonymous_121)
FN:1852,(anonymous_122)
FN:1895,(anonymous_123)
FN:1902,(anonymous_124)
FN:1910,(anonymous_125)
FN:1917,(anonymous_126)
FN:1924,(anonymous_127)
FN:1930,(anonymous_128)
FN:1948,(anonymous_129)
FN:1978,(anonymous_130)
FN:2001,(anonymous_131)
FN:2007,(anonymous_132)
FN:2020,(anonymous_133)
FN:2026,(anonymous_134)
FN:2040,(anonymous_135)
FN:2047,(anonymous_136)
FN:2062,(anonymous_137)
FN:2070,(anonymous_138)
FN:2085,(anonymous_139)
FN:2108,(anonymous_140)
FN:2131,(anonymous_141)
FN:2183,(anonymous_142)
FN:2216,(anonymous_143)
FN:2234,(anonymous_144)
FN:2263,(anonymous_145)
FN:2300,(anonymous_146)
FN:2363,(anonymous_147)
FN:2375,(anonymous_148)
FNF:149
FNH:88
FNDA:66,(anonymous_0)
FNDA:100,(anonymous_1)
FNDA:5,(anonymous_2)
FNDA:7,(anonymous_3)
FNDA:45,(anonymous_4)
FNDA:136,(anonymous_5)
FNDA:54,(anonymous_6)
FNDA:54,(anonymous_7)
FNDA:47,(anonymous_8)
FNDA:12,(anonymous_9)
FNDA:58,(anonymous_10)
FNDA:0,(anonymous_11)
FNDA:0,(anonymous_12)
FNDA:39,(anonymous_13)
FNDA:115,(anonymous_14)
FNDA:0,(anonymous_15)
FNDA:0,(anonymous_16)
FNDA:0,(anonymous_17)
FNDA:0,(anonymous_18)
FNDA:0,(anonymous_19)
FNDA:39,(anonymous_20)
FNDA:76,(anonymous_21)
FNDA:141,(anonymous_22)
FNDA:95,(anonymous_23)
FNDA:76,(anonymous_24)
FNDA:144,(anonymous_25)
FNDA:38,(anonymous_26)
FNDA:19,(anonymous_27)
FNDA:37,(anonymous_28)
FNDA:57,(anonymous_29)
FNDA:14,(anonymous_30)
FNDA:39,(anonymous_31)
FNDA:22,(anonymous_32)
FNDA:83,(anonymous_33)
FNDA:27,(anonymous_34)
FNDA:40,(anonymous_35)
FNDA:3,(anonymous_36)
FNDA:128,(anonymous_37)
FNDA:230,(anonymous_38)
FNDA:43,(anonymous_39)
FNDA:85,(anonymous_40)
FNDA:148,(anonymous_41)
FNDA:45,(anonymous_42)
FNDA:695,(anonymous_43)
FNDA:4,(anonymous_44)
FNDA:14,(anonymous_45)
FNDA:53,(anonymous_46)
FNDA:14,(anonymous_47)
FNDA:39,(anonymous_48)
FNDA:115,(anonymous_49)
FNDA:45,(anonymous_50)
FNDA:135,(anonymous_51)
FNDA:7,(anonymous_52)
FNDA:6,(anonymous_53)
FNDA:22,(anonymous_54)
FNDA:6,(anonymous_55)
FNDA:3,(anonymous_56)
FNDA:1,(anonymous_57)
FNDA:1,(anonymous_58)
FNDA:1,(anonymous_59)
FNDA:1,(anonymous_60)
FNDA:1,(anonymous_61)
FNDA:6,(anonymous_62)
FNDA:0,(anonymous_63)
FNDA:0,(anonymous_64)
FNDA:141,(anonymous_65)
FNDA:45,(anonymous_66)
FNDA:0,(anonymous_67)
FNDA:14,(anonymous_68)
FNDA:8,(anonymous_69)
FNDA:45,(anonymous_70)
FNDA:0,(anonymous_71)
FNDA:0,(anonymous_72)
FNDA:0,(anonymous_73)
FNDA:0,(anonymous_74)
FNDA:6,(anonymous_75)
FNDA:1,(anonymous_76)
FNDA:2,(anonymous_77)
FNDA:7,(anonymous_78)
FNDA:1063,(anonymous_79)
FNDA:257,(anonymous_80)
FNDA:497,(anonymous_81)
FNDA:8,(anonymous_82)
FNDA:0,(anonymous_83)
FNDA:0,(anonymous_84)
FNDA:7,(anonymous_85)
FNDA:6,(anonymous_86)
FNDA:6,(anonymous_87)
FNDA:1,(anonymous_88)
FNDA:288,(anonymous_89)
FNDA:14,(anonymous_90)
FNDA:45,(anonymous_91)
FNDA:339,(anonymous_92)
FNDA:0,(anonymous_93)
FNDA:0,(anonymous_94)
FNDA:0,(anonymous_95)
FNDA:39,(anonymous_96)
FNDA:9,(anonymous_97)
FNDA:7,(anonymous_98)
FNDA:6,(anonymous_99)
FNDA:1,(anonymous_100)
FNDA:45,(anonymous_101)
FNDA:0,(anonymous_102)
FNDA:0,(anonymous_103)
FNDA:0,(anonymous_104)
FNDA:119,(anonymous_105)
FNDA:15,(anonymous_106)
FNDA:0,(anonymous_107)
FNDA:0,(anonymous_108)
FNDA:0,(anonymous_109)
FNDA:0,(anonymous_110)
FNDA:0,(anonymous_111)
FNDA:0,(anonymous_112)
FNDA:0,(anonymous_113)
FNDA:0,(anonymous_114)
FNDA:0,(anonymous_115)
FNDA:0,(anonymous_116)
FNDA:2,(anonymous_117)
FNDA:45,(anonymous_118)
FNDA:0,(anonymous_119)
FNDA:0,(anonymous_120)
FNDA:0,(anonymous_121)
FNDA:0,(anonymous_122)
FNDA:0,(anonymous_123)
FNDA:0,(anonymous_124)
FNDA:0,(anonymous_125)
FNDA:0,(anonymous_126)
FNDA:0,(anonymous_127)
FNDA:0,(anonymous_128)
FNDA:0,(anonymous_129)
FNDA:0,(anonymous_130)
FNDA:0,(anonymous_131)
FNDA:0,(anonymous_132)
FNDA:0,(anonymous_133)
FNDA:0,(anonymous_134)
FNDA:0,(anonymous_135)
FNDA:0,(anonymous_136)
FNDA:0,(anonymous_137)
FNDA:0,(anonymous_138)
FNDA:0,(anonymous_139)
FNDA:0,(anonymous_140)
FNDA:0,(anonymous_141)
FNDA:0,(anonymous_142)
FNDA:0,(anonymous_143)
FNDA:0,(anonymous_144)
FNDA:0,(anonymous_145)
FNDA:0,(anonymous_146)
FNDA:0,(anonymous_147)
FNDA:2,(anonymous_148)
DA:1,5
DA:2,5
DA:3,5
DA:4,5
DA:5,5
DA:6,5
DA:7,5
DA:8,5
DA:9,5
DA:10,5
DA:11,5
DA:12,5
DA:13,5
DA:61,66
DA:62,66
DA:63,66
DA:65,66
DA:66,66
DA:67,66
DA:68,66
DA:69,66
DA:70,66
DA:71,66
DA:72,66
DA:73,66
DA:74,66
DA:84,66
DA:85,66
DA:86,66
DA:87,66
DA:88,66
DA:89,66
DA:90,66
DA:91,66
DA:92,66
DA:93,66
DA:96,5
DA:97,5
DA:98,5
DA:99,5
DA:100,5
DA:101,5
DA:105,100
DA:106,5
DA:110,7
DA:117,45
DA:118,136
DA:121,54
DA:129,54
DA:136,45
DA:143,47
DA:146,12
DA:148,12
DA:149,12
DA:151,12
DA:152,12
DA:154,12
DA:159,58
DA:172,0
DA:183,0
DA:184,0
DA:185,0
DA:186,0
DA:187,0
DA:188,0
DA:191,0
DA:192,0
DA:197,0
DA:199,0
DA:200,0
DA:211,39
DA:212,39
DA:213,39
DA:215,39
DA:216,39
DA:217,39
DA:218,39
DA:219,39
DA:220,39
DA:221,39
DA:222,39
DA:223,39
DA:224,39
DA:225,39
DA:226,39
DA:227,39
DA:228,39
DA:229,39
DA:230,39
DA:231,39
DA:233,39
DA:234,39
DA:235,39
DA:237,39
DA:238,0
DA:239,0
DA:242,39
DA:246,39
DA:247,115
DA:250,39
DA:258,0
DA:259,0
DA:260,0
DA:262,0
DA:265,0
DA:268,0
DA:272,0
DA:275,0
DA:279,0
DA:280,0
DA:287,39
DA:289,39
DA:291,115
DA:292,115
DA:293,115
DA:295,115
DA:296,115
DA:299,39
DA:306,76
DA:308,224
DA:309,6
DA:311,6
DA:312,6
DA:314,0
DA:327,141
DA:328,141
DA:330,141
DA:335,141
DA:338,8
DA:339,5
DA:340,95
DA:341,76
DA:344,144
DA:350,8
DA:354,3
DA:355,3
DA:357,3
DA:358,38
DA:360,3
DA:361,19
DA:366,8
DA:367,5
DA:368,37
DA:374,8
DA:375,57
DA:378,14
DA:382,133
DA:384,14
DA:385,14
DA:386,11
DA:387,39
DA:388,22
DA:391,83
DA:395,14
DA:398,14
DA:399,10
DA:400,27
DA:406,14
DA:407,40
DA:410,3
DA:417,141
DA:427,128
DA:428,128
DA:430,128
DA:433,128
DA:434,230
DA:437,128
DA:438,112
DA:439,24
DA:441,88
DA:446,128
DA:454,43
DA:457,43
DA:459,85
DA:462,43
DA:464,43
DA:465,124
DA:467,124
DA:468,124
DA:469,124
DA:477,148
DA:479,64
DA:481,7
DA:482,7
DA:485,6
DA:486,6
DA:489,6
DA:490,6
DA:494,45
DA:495,45
DA:497,64
DA:500,45
DA:501,45
DA:504,39
DA:505,39
DA:510,45
DA:512,45
DA:514,45
DA:515,45
DA:516,45
DA:520,695
DA:521,187
DA:523,508
DA:524,45
DA:527,463
DA:530,695
DA:531,0
DA:533,0
DA:534,0
DA:536,0
DA:537,0
DA:540,0
DA:541,0
DA:542,0
DA:547,4
DA:551,14
DA:552,14
DA:556,14
DA:567,14
DA:568,0
DA:569,0
DA:573,14
DA:574,0
DA:575,0
DA:578,14
DA:579,14
DA:583,53
DA:584,163
DA:586,163
DA:587,27
DA:588,1
DA:591,162
DA:596,14
DA:597,14
DA:598,7
DA:600,7
DA:601,0
DA:604,0
DA:607,7
DA:614,0
DA:619,39
DA:621,39
DA:623,39
DA:624,39
DA:625,39
DA:627,39
DA:628,39
DA:629,115
DA:634,45
DA:636,45
DA:638,45
DA:639,45
DA:640,45
DA:642,45
DA:643,45
DA:644,135
DA:649,7
DA:651,7
DA:655,6
DA:657,6
DA:659,6
DA:660,6
DA:661,6
DA:662,6
DA:664,6
DA:665,6
DA:666,22
DA:671,6
DA:673,6
DA:675,6
DA:677,6
DA:678,1
DA:679,1
DA:680,3
DA:681,2
DA:689,1
DA:691,1
DA:692,0
DA:693,0
DA:694,0
DA:696,0
DA:699,1
DA:703,1
DA:705,1
DA:708,1
DA:710,1
DA:711,1
DA:712,1
DA:714,1
DA:718,1
DA:722,1
DA:723,2
DA:724,2
DA:727,1
DA:731,1
DA:732,1
DA:734,1
DA:735,0
DA:737,1
DA:738,0
DA:740,1
DA:741,0
DA:743,1
DA:744,1
DA:747,1
DA:754,1
DA:755,0
DA:756,0
DA:757,0
DA:759,0
DA:764,6
DA:766,6
DA:768,6
DA:772,6
DA:774,6
DA:775,0
DA:777,6
DA:778,0
DA:780,6
DA:781,5
DA:784,1
DA:787,6
DA:793,0
DA:795,0
DA:796,0
DA:797,0
DA:798,0
DA:803,0
DA:812,0
DA:816,0
DA:817,0
DA:819,0
DA:824,141
DA:827,0
DA:828,0
DA:829,0
DA:830,0
DA:831,0
DA:832,0
DA:835,0
DA:838,0
DA:848,0
DA:862,0
DA:868,45
DA:869,45
DA:870,45
DA:871,45
DA:873,45
DA:875,45
DA:877,45
DA:878,57
DA:880,57
DA:881,57
DA:882,57
DA:883,57
DA:885,57
DA:886,57
DA:888,0
DA:891,0
DA:892,0
DA:894,0
DA:898,57
DA:906,57
DA:914,57
DA:915,0
DA:916,0
DA:919,57
DA:920,57
DA:922,57
DA:923,57
DA:925,57
DA:926,57
DA:928,57
DA:929,57
DA:931,57
DA:933,57
DA:934,59
DA:936,59
DA:943,59
DA:946,57
DA:949,57
DA:954,14
DA:955,0
DA:956,0
DA:958,0
DA:959,0
DA:964,8
DA:966,8
DA:970,8
DA:975,45
DA:977,45
DA:979,45
DA:983,45
DA:987,0
DA:988,0
DA:993,0
DA:994,0
DA:995,0
DA:996,0
DA:997,0
DA:999,0
DA:1004,6
DA:1005,6
DA:1006,1
DA:1009,6
DA:1010,5
DA:1013,5
DA:1014,5
DA:1017,1
DA:1023,2
DA:1029,2
DA:1033,7
DA:1035,7
DA:1036,7
DA:1037,7
DA:1039,7
DA:1040,4
DA:1042,4
DA:1043,0
DA:1045,4
DA:1046,2
DA:1048,2
DA:1050,4
DA:1051,4
DA:1052,4
DA:1054,0
DA:1055,0
DA:1059,7
DA:1063,1063
DA:1064,931
DA:1066,132
DA:1071,257
DA:1072,497
DA:1077,8
DA:1078,8
DA:1080,8
DA:1082,27
DA:1083,27
DA:1084,27
DA:1086,27
DA:1087,17
DA:1089,10
DA:1097,0
DA:1101,0
DA:1105,7
DA:1109,6
DA:1113,6
DA:1117,1
DA:1121,288
DA:1125,14
DA:1129,45
DA:1131,45
DA:1132,137
DA:1134,137
DA:1135,137
DA:1136,137
DA:1138,137
DA:1139,137
DA:1148,339
DA:1149,339
DA:1150,339
DA:1152,339
DA:1153,0
DA:1155,339
DA:1156,1217
DA:1161,1217
DA:1162,0
DA:1166,1217
DA:1167,0
DA:1173,0
DA:1174,0
DA:1176,0
DA:1177,0
DA:1178,0
DA:1179,0
DA:1181,0
DA:1182,0
DA:1187,0
DA:1191,0
DA:1200,39
DA:1202,39
DA:1208,0
DA:1211,39
DA:1212,39
DA:1214,39
DA:1215,0
DA:1217,39
DA:1221,39
DA:1225,39
DA:1226,0
DA:1228,39
DA:1230,39
DA:1231,0
DA:1232,0
DA:1237,9
DA:1239,9
DA:1245,2
DA:1248,7
DA:1249,7
DA:1251,7
DA:1252,0
DA:1255,7
DA:1256,0
DA:1258,7
DA:1259,7
DA:1260,7
DA:1261,7
DA:1262,7
DA:1263,7
DA:1265,7
DA:1266,0
DA:1268,7
DA:1269,0
DA:1271,7
DA:1275,7
DA:1277,7
DA:1284,0
DA:1287,7
DA:1288,7
DA:1290,7
DA:1291,7
DA:1292,7
DA:1296,7
DA:1298,7
DA:1299,0
DA:1301,0
DA:1307,0
DA:1312,0
DA:1314,0
DA:1319,6
DA:1321,6
DA:1328,0
DA:1331,6
DA:1332,6
DA:1334,6
DA:1335,0
DA:1337,6
DA:1339,6
DA:1342,6
DA:1343,5
DA:1344,5
DA:1345,5
DA:1348,1
DA:1350,1
DA:1351,1
DA:1352,1
DA:1355,1
DA:1357,1
DA:1359,1
DA:1360,0
DA:1362,0
DA:1368,0
DA:1373,0
DA:1375,0
DA:1380,1
DA:1382,1
DA:1389,0
DA:1392,1
DA:1393,1
DA:1395,1
DA:1397,1
DA:1398,1
DA:1400,1
DA:1401,1
DA:1404,1
DA:1406,1
DA:1407,0
DA:1409,1
DA:1410,1
DA:1411,1
DA:1412,0
DA:1415,1
DA:1420,45
DA:1422,45
DA:1428,0
DA:1431,45
DA:1432,45
DA:1434,45
DA:1435,0
DA:1436,0
DA:1438,45
DA:1439,45
DA:1441,45
DA:1443,45
DA:1445,45
DA:1446,0
DA:1448,0
DA:1453,0
DA:1458,0
DA:1460,0
DA:1466,0
DA:1467,0
DA:1468,0
DA:1470,0
DA:1471,0
DA:1472,0
DA:1474,0
DA:1475,0
DA:1477,0
DA:1478,0
DA:1481,0
DA:1496,119
DA:1497,0
DA:1498,0
DA:1499,0
DA:1502,119
DA:1503,119
DA:1504,0
DA:1505,0
DA:1506,0
DA:1509,119
DA:1510,0
DA:1512,0
DA:1514,0
DA:1515,0
DA:1518,0
DA:1519,0
DA:1520,0
DA:1523,119
DA:1525,119
DA:1526,119
DA:1528,119
DA:1529,119
DA:1531,119
DA:1532,0
DA:1533,0
DA:1534,0
DA:1537,119
DA:1541,119
DA:1545,15
DA:1547,15
DA:1548,15
DA:1549,15
DA:1550,15
DA:1551,15
DA:1552,15
DA:1553,15
DA:1555,15
DA:1556,50
DA:1559,50
DA:1560,1
DA:1561,1
DA:1564,49
DA:1565,0
DA:1566,0
DA:1569,49
DA:1570,2
DA:1571,2
DA:1575,47
DA:1576,43
DA:1577,29
DA:1581,15
DA:1583,15
DA:1584,0
DA:1586,15
DA:1587,15
DA:1589,29
DA:1591,29
DA:1592,29
DA:1594,29
DA:1595,62
DA:1596,62
DA:1597,62
DA:1599,62
DA:1601,62
DA:1605,29
DA:1606,29
DA:1610,29
DA:1611,0
DA:1612,0
DA:1616,0
DA:1618,0
DA:1620,0
DA:1626,15
DA:1628,1
DA:1630,1
DA:1632,1
DA:1634,1
DA:1635,1
DA:1636,1
DA:1637,1
DA:1639,1
DA:1641,1
DA:1645,1
DA:1646,1
DA:1650,1
DA:1651,0
DA:1652,0
DA:1656,0
DA:1658,0
DA:1660,0
DA:1666,15
DA:1668,0
DA:1669,0
DA:1672,0
DA:1673,0
DA:1676,0
DA:1677,0
DA:1679,0
DA:1680,0
DA:1686,15
DA:1688,0
DA:1690,0
DA:1691,0
DA:1694,0
DA:1695,0
DA:1698,0
DA:1699,0
DA:1701,0
DA:1702,0
DA:1707,15
DA:1708,0
DA:1709,0
DA:1710,0
DA:1713,0
DA:1714,0
DA:1721,15
DA:1731,2
DA:1732,2
DA:1733,2
DA:1736,2
DA:1737,1
DA:1740,1
DA:1741,2
DA:1743,2
DA:1744,0
DA:1746,2
DA:1749,1
DA:1750,1
DA:1754,0
DA:1759,1
DA:1760,0
DA:1764,1
DA:1769,2
DA:1770,0
DA:1774,1
DA:1775,1
DA:1780,2
DA:1781,0
DA:1783,2
DA:1784,2
DA:1787,0
DA:1791,2
DA:1792,0
DA:1795,2
DA:1798,2
DA:1802,45
DA:1803,40
DA:1807,0
DA:1809,0
DA:1810,0
DA:1812,0
DA:1813,0
DA:1814,0
DA:1816,0
DA:1819,0
DA:1826,0
DA:1827,0
DA:1829,0
DA:1830,0
DA:1835,0
DA:1840,0
DA:1841,0
DA:1842,0
DA:1845,0
DA:1847,0
DA:1852,0
DA:1853,0
DA:1854,0
DA:1855,0
DA:1857,0
DA:1859,0
DA:1864,0
DA:1866,0
DA:1867,0
DA:1868,0
DA:1869,0
DA:1872,0
DA:1876,0
DA:1877,0
DA:1878,0
DA:1880,0
DA:1881,0
DA:1883,0
DA:1889,0
DA:1890,0
DA:1892,0
DA:1896,0
DA:1897,0
DA:1899,0
DA:1900,0
DA:1902,0
DA:1903,0
DA:1904,0
DA:1905,0
DA:1912,0
DA:1913,0
DA:1914,0
DA:1916,0
DA:1919,0
DA:1925,0
DA:1926,0
DA:1927,0
DA:1929,0
DA:1931,0
DA:1950,0
DA:1951,0
DA:1952,0
DA:1954,0
DA:1959,0
DA:1964,0
DA:1965,0
DA:1971,0
DA:1973,0
DA:1980,0
DA:1981,0
DA:1982,0
DA:1984,0
DA:1986,0
DA:1991,0
DA:1992,0
DA:1998,0
DA:2002,0
DA:2003,0
DA:2004,0
DA:2006,0
DA:2008,0
DA:2015,0
DA:2021,0
DA:2022,0
DA:2023,0
DA:2025,0
DA:2028,0
DA:2035,0
DA:2041,0
DA:2042,0
DA:2043,0
DA:2044,0
DA:2046,0
DA:2048,0
DA:2064,0
DA:2065,0
DA:2066,0
DA:2067,0
DA:2069,0
DA:2071,0
DA:2087,0
DA:2088,0
DA:2089,0
DA:2090,0
DA:2092,0
DA:2110,0
DA:2111,0
DA:2112,0
DA:2113,0
DA:2115,0
DA:2133,0
DA:2134,0
DA:2135,0
DA:2137,0
DA:2185,0
DA:2186,0
DA:2187,0
DA:2189,0
DA:2190,0
DA:2202,0
DA:2218,0
DA:2219,0
DA:2220,0
DA:2222,0
DA:2236,0
DA:2237,0
DA:2238,0
DA:2240,0
DA:2241,0
DA:2252,0
DA:2264,0
DA:2265,0
DA:2266,0
DA:2267,0
DA:2268,0
DA:2269,0
DA:2270,0
DA:2271,0
DA:2272,0
DA:2273,0
DA:2274,0
DA:2275,0
DA:2276,0
DA:2277,0
DA:2278,0
DA:2279,0
DA:2280,0
DA:2281,0
DA:2282,0
DA:2286,0
DA:2287,0
DA:2288,0
DA:2289,0
DA:2290,0
DA:2291,0
DA:2297,0
DA:2301,0
DA:2302,0
DA:2303,0
DA:2305,0
DA:2313,0
DA:2315,0
DA:2317,0
DA:2318,0
DA:2320,0
DA:2327,0
DA:2329,0
DA:2330,0
DA:2332,0
DA:2339,0
DA:2340,0
DA:2341,0
DA:2344,0
DA:2346,0
DA:2347,0
DA:2351,0
DA:2354,0
DA:2357,0
DA:2360,0
DA:2364,0
DA:2365,0
DA:2376,2
DA:2377,2
DA:2378,0
DA:2382,2
DA:2383,1
DA:2384,1
DA:2388,1
DA:2389,1
DA:2390,1
DA:2391,1
DA:2392,1
DA:2396,0
DA:2400,5
LF:940
LH:548
BRDA:60,0,0,0
BRDA:184,1,0,0
BRDA:184,1,1,0
BRDA:191,2,0,0
BRDA:191,2,1,0
BRDA:237,3,0,0
BRDA:237,3,1,39
BRDA:308,4,0,6
BRDA:308,4,1,218
BRDA:311,5,0,6
BRDA:311,5,1,0
BRDA:335,6,0,8
BRDA:335,6,1,133
BRDA:338,7,0,5
BRDA:338,7,1,3
BRDA:340,8,0,95
BRDA:340,8,1,67
BRDA:350,9,0,3
BRDA:350,9,1,5
BRDA:351,10,0,8
BRDA:351,10,1,3
BRDA:357,11,0,2
BRDA:357,11,1,1
BRDA:360,12,0,1
BRDA:360,12,1,2
BRDA:366,13,0,5
BRDA:366,13,1,3
BRDA:368,14,0,37
BRDA:368,14,1,25
BRDA:376,15,0,57
BRDA:376,15,1,6
BRDA:376,15,2,5
BRDA:382,16,0,14
BRDA:382,16,1,119
BRDA:385,17,0,11
BRDA:385,17,1,3
BRDA:387,18,0,39
BRDA:387,18,1,39
BRDA:395,19,0,0
BRDA:395,19,1,14
BRDA:398,20,0,10
BRDA:398,20,1,4
BRDA:400,21,0,27
BRDA:400,21,1,5
BRDA:408,22,0,40
BRDA:408,22,1,1
BRDA:408,22,2,1
BRDA:437,23,0,112
BRDA:437,23,1,16
BRDA:438,24,0,24
BRDA:438,24,1,88
BRDA:477,25,0,64
BRDA:477,25,1,45
BRDA:477,25,2,39
BRDA:479,26,0,7
BRDA:479,26,1,6
BRDA:479,26,2,6
BRDA:479,26,3,6
BRDA:479,26,4,45
BRDA:519,27,0,459
BRDA:520,28,0,187
BRDA:520,28,1,508
BRDA:523,29,0,45
BRDA:523,29,1,463
BRDA:530,30,0,0
BRDA:530,30,1,695
BRDA:533,31,0,0
BRDA:533,31,1,0
BRDA:536,32,0,0
BRDA:536,32,1,0
BRDA:546,33,0,4
BRDA:573,34,0,0
BRDA:573,34,1,14
BRDA:582,35,0,45
BRDA:586,36,0,27
BRDA:586,36,1,136
BRDA:587,37,0,1
BRDA:587,37,1,26
BRDA:596,38,0,14
BRDA:596,38,1,0
BRDA:597,39,0,7
BRDA:597,39,1,7
BRDA:600,40,0,0
BRDA:600,40,1,7
BRDA:629,41,0,0
BRDA:629,41,1,115
BRDA:644,42,0,0
BRDA:644,42,1,135
BRDA:666,43,0,0
BRDA:666,43,1,22
BRDA:677,44,0,1
BRDA:677,44,1,5
BRDA:680,45,0,2
BRDA:680,45,1,1
BRDA:681,46,0,0
BRDA:681,46,1,2
BRDA:691,47,0,0
BRDA:691,47,1,1
BRDA:734,48,0,0
BRDA:734,48,1,1
BRDA:737,49,0,0
BRDA:737,49,1,1
BRDA:740,50,0,0
BRDA:740,50,1,1
BRDA:743,51,0,1
BRDA:743,51,1,0
BRDA:754,52,0,0
BRDA:754,52,1,1
BRDA:774,53,0,0
BRDA:774,53,1,6
BRDA:777,54,0,0
BRDA:777,54,1,6
BRDA:780,55,0,5
BRDA:780,55,1,1
BRDA:793,56,0,0
BRDA:793,56,1,0
BRDA:824,57,0,0
BRDA:824,57,1,141
BRDA:886,58,0,0
BRDA:886,58,1,57
BRDA:914,59,0,0
BRDA:914,59,1,57
BRDA:922,60,0,57
BRDA:922,60,1,0
BRDA:931,61,0,57
BRDA:931,61,1,0
BRDA:994,62,0,0
BRDA:994,62,1,0
BRDA:996,63,0,0
BRDA:996,63,1,0
BRDA:999,64,0,0
BRDA:999,64,1,0
BRDA:1009,65,0,5
BRDA:1009,65,1,1
BRDA:1042,66,0,0
BRDA:1042,66,1,4
BRDA:1045,67,0,2
BRDA:1045,67,1,2
BRDA:1050,68,0,4
BRDA:1050,68,1,0
BRDA:1054,69,0,0
BRDA:1054,69,1,0
BRDA:1063,70,0,931
BRDA:1063,70,1,132
BRDA:1086,71,0,17
BRDA:1086,71,1,10
BRDA:1138,72,0,137
BRDA:1138,72,1,0
BRDA:1152,73,0,0
BRDA:1152,73,1,339
BRDA:1156,74,0,1217
BRDA:1156,74,1,0
BRDA:1157,75,0,1217
BRDA:1157,75,1,1217
BRDA:1157,75,2,1217
BRDA:1161,76,0,0
BRDA:1161,76,1,1217
BRDA:1166,77,0,0
BRDA:1166,77,1,1217
BRDA:1166,78,0,1217
BRDA:1166,78,1,0
BRDA:1173,79,0,0
BRDA:1173,79,1,0
BRDA:1177,80,0,0
BRDA:1177,80,1,0
BRDA:1181,81,0,0
BRDA:1181,81,1,0
BRDA:1192,82,0,0
BRDA:1192,82,1,0
BRDA:1192,82,2,0
BRDA:1192,82,3,0
BRDA:1202,83,0,0
BRDA:1202,83,1,39
BRDA:1203,84,0,39
BRDA:1203,84,1,39
BRDA:1203,84,2,39
BRDA:1203,84,3,39
BRDA:1214,85,0,0
BRDA:1214,85,1,39
BRDA:1225,86,0,0
BRDA:1225,86,1,39
BRDA:1230,87,0,0
BRDA:1230,87,1,39
BRDA:1239,88,0,2
BRDA:1239,88,1,7
BRDA:1240,89,0,9
BRDA:1240,89,1,5
BRDA:1240,89,2,3
BRDA:1240,89,3,3
BRDA:1255,90,0,0
BRDA:1255,90,1,7
BRDA:1265,91,0,0
BRDA:1265,91,1,7
BRDA:1268,92,0,0
BRDA:1268,92,1,7
BRDA:1277,93,0,0
BRDA:1277,93,1,7
BRDA:1278,94,0,7
BRDA:1278,94,1,7
BRDA:1278,94,2,7
BRDA:1278,94,3,7
BRDA:1278,94,4,7
BRDA:1298,95,0,0
BRDA:1298,95,1,7
BRDA:1301,96,0,0
BRDA:1301,96,1,0
BRDA:1302,97,0,0
BRDA:1302,97,1,0
BRDA:1302,97,2,0
BRDA:1302,97,3,0
BRDA:1321,98,0,0
BRDA:1321,98,1,6
BRDA:1322,99,0,6
BRDA:1322,99,1,2
BRDA:1322,99,2,2
BRDA:1322,99,3,2
BRDA:1322,99,4,2
BRDA:1334,100,0,0
BRDA:1334,100,1,6
BRDA:1342,101,0,5
BRDA:1342,101,1,1
BRDA:1359,102,0,0
BRDA:1359,102,1,1
BRDA:1362,103,0,0
BRDA:1362,103,1,0
BRDA:1363,104,0,0
BRDA:1363,104,1,0
BRDA:1363,104,2,0
BRDA:1363,104,3,0
BRDA:1382,105,0,0
BRDA:1382,105,1,1
BRDA:1383,106,0,1
BRDA:1383,106,1,1
BRDA:1383,106,2,1
BRDA:1383,106,3,1
BRDA:1383,106,4,1
BRDA:1400,107,0,1
BRDA:1400,107,1,0
BRDA:1406,108,0,0
BRDA:1406,108,1,1
BRDA:1411,109,0,0
BRDA:1411,109,1,1
BRDA:1422,110,0,0
BRDA:1422,110,1,45
BRDA:1423,111,0,45
BRDA:1423,111,1,45
BRDA:1423,111,2,45
BRDA:1423,111,3,45
BRDA:1434,112,0,0
BRDA:1434,112,1,45
BRDA:1445,113,0,0
BRDA:1445,113,1,45
BRDA:1448,114,0,0
BRDA:1448,114,1,0
BRDA:1449,115,0,0
BRDA:1449,115,1,0
BRDA:1449,115,2,0
BRDA:1467,116,0,0
BRDA:1467,116,1,0
BRDA:1474,117,0,0
BRDA:1474,117,1,0
BRDA:1477,118,0,0
BRDA:1477,118,1,0
BRDA:1493,119,0,119
BRDA:1496,120,0,0
BRDA:1496,120,1,119
BRDA:1496,121,0,119
BRDA:1496,121,1,119
BRDA:1497,122,0,0
BRDA:1497,122,1,0
BRDA:1503,123,0,0
BRDA:1503,123,1,119
BRDA:1504,124,0,0
BRDA:1504,124,1,0
BRDA:1509,125,0,0
BRDA:1509,125,1,119
BRDA:1509,126,0,119
BRDA:1509,126,1,119
BRDA:1525,127,0,119
BRDA:1525,127,1,0
BRDA:1531,128,0,0
BRDA:1531,128,1,119
BRDA:1559,129,0,1
BRDA:1559,129,1,49
BRDA:1560,130,0,1
BRDA:1560,130,1,0
BRDA:1564,131,0,0
BRDA:1564,131,1,49
BRDA:1565,132,0,0
BRDA:1565,132,1,0
BRDA:1569,133,0,2
BRDA:1569,133,1,47
BRDA:1570,134,0,2
BRDA:1570,134,1,0
BRDA:1575,135,0,43
BRDA:1575,135,1,4
BRDA:1576,136,0,29
BRDA:1576,136,1,14
BRDA:1583,137,0,0
BRDA:1583,137,1,15
BRDA:1591,138,0,0
BRDA:1591,138,1,29
BRDA:1601,139,0,29
BRDA:1601,139,1,33
BRDA:1602,140,0,62
BRDA:1602,140,1,39
BRDA:1610,141,0,0
BRDA:1610,141,1,29
BRDA:1616,142,0,0
BRDA:1616,142,1,0
BRDA:1630,143,0,0
BRDA:1630,143,1,1
BRDA:1641,144,0,1
BRDA:1641,144,1,0
BRDA:1642,145,0,1
BRDA:1642,145,1,1
BRDA:1650,146,0,0
BRDA:1650,146,1,1
BRDA:1656,147,0,0
BRDA:1656,147,1,0
BRDA:1672,148,0,0
BRDA:1672,148,1,0
BRDA:1676,149,0,0
BRDA:1676,149,1,0
BRDA:1679,150,0,0
BRDA:1679,150,1,0
BRDA:1690,151,0,0
BRDA:1690,151,1,0
BRDA:1694,152,0,0
BRDA:1694,152,1,0
BRDA:1698,153,0,0
BRDA:1698,153,1,0
BRDA:1701,154,0,0
BRDA:1701,154,1,0
BRDA:1707,155,0,0
BRDA:1707,155,1,15
BRDA:1708,156,0,0
BRDA:1708,156,1,0
BRDA:1730,157,0,1
BRDA:1736,158,0,1
BRDA:1736,158,1,1
BRDA:1743,159,0,0
BRDA:1743,159,1,2
BRDA:1746,160,0,1
BRDA:1746,160,1,1
BRDA:1749,161,0,1
BRDA:1749,161,1,0
BRDA:1759,162,0,0
BRDA:1759,162,1,1
BRDA:1769,163,0,0
BRDA:1769,163,1,2
BRDA:1769,164,0,2
BRDA:1769,164,1,2
BRDA:1774,165,0,1
BRDA:1774,165,1,0
BRDA:1780,166,0,0
BRDA:1780,166,1,2
BRDA:1783,167,0,2
BRDA:1783,167,1,0
BRDA:1791,168,0,0
BRDA:1791,168,1,2
BRDA:1802,169,0,40
BRDA:1802,169,1,5
BRDA:1803,170,0,0
BRDA:1803,170,1,40
BRDA:1804,171,0,40
BRDA:1804,171,1,0
BRDA:1812,172,0,0
BRDA:1812,172,1,0
BRDA:1825,173,0,0
BRDA:1829,174,0,0
BRDA:1829,174,1,0
BRDA:1880,175,0,0
BRDA:1880,175,1,0
BRDA:1880,176,0,0
BRDA:1880,176,1,0
BRDA:1889,177,0,0
BRDA:1889,177,1,0
BRDA:1964,178,0,0
BRDA:1964,178,1,0
BRDA:1991,179,0,0
BRDA:1991,179,1,0
BRDA:2189,180,0,0
BRDA:2189,180,1,0
BRDA:2240,181,0,0
BRDA:2240,181,1,0
BRDA:2264,182,0,0
BRDA:2264,182,1,0
BRDA:2313,183,0,0
BRDA:2313,183,1,0
BRDA:2318,184,0,0
BRDA:2318,184,1,0
BRDA:2330,185,0,0
BRDA:2330,185,1,0
BRDA:2341,186,0,0
BRDA:2341,186,1,0
BRDA:2346,187,0,0
BRDA:2346,187,1,0
BRDA:2376,188,0,2
BRDA:2376,188,1,0
BRDA:2377,189,0,0
BRDA:2377,189,1,2
BRDA:2382,190,0,1
BRDA:2382,190,1,1
BRDA:2383,191,0,1
BRDA:2383,191,1,0
BRDA:2388,192,0,1
BRDA:2388,192,1,0
BRDA:2391,193,0,1
BRDA:2391,193,1,0
BRF:410
BRH:220
end_of_record
TN:
SF:modules\rapid_discord_mafia\player.js
FN:66,(anonymous_0)
FN:128,(anonymous_1)
FN:154,(anonymous_2)
FN:158,(anonymous_3)
FN:188,(anonymous_4)
FN:218,(anonymous_5)
FN:222,(anonymous_6)
FN:229,(anonymous_7)
FN:233,(anonymous_8)
FN:249,(anonymous_9)
FN:255,(anonymous_10)
FN:285,(anonymous_11)
FN:290,(anonymous_12)
FN:303,(anonymous_13)
FN:307,(anonymous_14)
FN:315,(anonymous_15)
FN:319,(anonymous_16)
FN:323,(anonymous_17)
FN:327,(anonymous_18)
FN:335,(anonymous_19)
FN:347,(anonymous_20)
FN:352,(anonymous_21)
FN:356,(anonymous_22)
FN:363,(anonymous_23)
FN:376,(anonymous_24)
FN:389,(anonymous_25)
FN:416,(anonymous_26)
FN:456,(anonymous_27)
FN:465,(anonymous_28)
FN:466,(anonymous_29)
FN:502,(anonymous_30)
FN:514,(anonymous_31)
FN:518,(anonymous_32)
FN:522,(anonymous_33)
FN:529,(anonymous_34)
FN:536,(anonymous_35)
FN:545,(anonymous_36)
FN:551,(anonymous_37)
FN:559,(anonymous_38)
FN:569,(anonymous_39)
FN:579,(anonymous_40)
FN:629,(anonymous_41)
FN:660,(anonymous_42)
FN:665,(anonymous_43)
FN:688,(anonymous_44)
FN:693,(anonymous_45)
FN:698,(anonymous_46)
FN:704,(anonymous_47)
FN:712,(anonymous_48)
FN:725,(anonymous_49)
FN:727,(anonymous_50)
FN:736,(anonymous_51)
FN:746,(anonymous_52)
FN:760,(anonymous_53)
FN:770,(anonymous_54)
FN:835,(anonymous_55)
FN:852,(anonymous_56)
FN:870,(anonymous_57)
FN:888,(anonymous_58)
FN:909,(anonymous_59)
FN:911,(anonymous_60)
FN:953,(anonymous_61)
FN:974,(anonymous_62)
FN:977,(anonymous_63)
FN:1020,(anonymous_64)
FN:1058,(anonymous_65)
FNF:66
FNH:42
FNDA:122,(anonymous_0)
FNDA:115,(anonymous_1)
FNDA:60,(anonymous_2)
FNDA:4,(anonymous_3)
FNDA:1,(anonymous_4)
FNDA:4,(anonymous_5)
FNDA:1,(anonymous_6)
FNDA:1,(anonymous_7)
FNDA:0,(anonymous_8)
FNDA:0,(anonymous_9)
FNDA:0,(anonymous_10)
FNDA:0,(anonymous_11)
FNDA:417,(anonymous_12)
FNDA:74,(anonymous_13)
FNDA:136,(anonymous_14)
FNDA:137,(anonymous_15)
FNDA:137,(anonymous_16)
FNDA:137,(anonymous_17)
FNDA:0,(anonymous_18)
FNDA:235,(anonymous_19)
FNDA:6,(anonymous_20)
FNDA:45,(anonymous_21)
FNDA:0,(anonymous_22)
FNDA:53,(anonymous_23)
FNDA:53,(anonymous_24)
FNDA:7,(anonymous_25)
FNDA:1,(anonymous_26)
FNDA:1,(anonymous_27)
FNDA:2,(anonymous_28)
FNDA:2,(anonymous_29)
FNDA:0,(anonymous_30)
FNDA:0,(anonymous_31)
FNDA:0,(anonymous_32)
FNDA:23,(anonymous_33)
FNDA:14,(anonymous_34)
FNDA:2,(anonymous_35)
FNDA:56,(anonymous_36)
FNDA:104,(anonymous_37)
FNDA:0,(anonymous_38)
FNDA:0,(anonymous_39)
FNDA:0,(anonymous_40)
FNDA:56,(anonymous_41)
FNDA:0,(anonymous_42)
FNDA:0,(anonymous_43)
FNDA:0,(anonymous_44)
FNDA:0,(anonymous_45)
FNDA:235,(anonymous_46)
FNDA:1,(anonymous_47)
FNDA:14,(anonymous_48)
FNDA:1,(anonymous_49)
FNDA:2,(anonymous_50)
FNDA:0,(anonymous_51)
FNDA:0,(anonymous_52)
FNDA:0,(anonymous_53)
FNDA:137,(anonymous_54)
FNDA:10,(anonymous_55)
FNDA:0,(anonymous_56)
FNDA:0,(anonymous_57)
FNDA:0,(anonymous_58)
FNDA:2,(anonymous_59)
FNDA:6,(anonymous_60)
FNDA:0,(anonymous_61)
FNDA:2,(anonymous_62)
FNDA:6,(anonymous_63)
FNDA:0,(anonymous_64)
FNDA:7,(anonymous_65)
DA:1,5
DA:2,5
DA:3,5
DA:6,5
DA:7,5
DA:8,5
DA:95,122
DA:96,122
DA:97,122
DA:98,122
DA:99,122
DA:100,122
DA:101,122
DA:102,122
DA:103,122
DA:104,122
DA:105,122
DA:106,122
DA:107,122
DA:108,122
DA:109,122
DA:110,122
DA:111,122
DA:112,122
DA:113,122
DA:114,122
DA:115,122
DA:116,122
DA:117,122
DA:118,122
DA:119,122
DA:120,122
DA:121,122
DA:124,5
DA:125,5
DA:126,5
DA:129,115
DA:130,115
DA:131,115
DA:132,115
DA:133,115
DA:134,115
DA:135,115
DA:136,115
DA:137,115
DA:138,115
DA:139,115
DA:140,115
DA:141,115
DA:142,115
DA:143,115
DA:144,115
DA:145,115
DA:146,115
DA:147,115
DA:148,115
DA:149,115
DA:150,115
DA:151,115
DA:155,60
DA:159,4
DA:161,4
DA:163,0
DA:164,0
DA:165,0
DA:166,0
DA:168,0
DA:176,0
DA:185,4
DA:189,1
DA:191,1
DA:193,0
DA:194,0
DA:195,0
DA:196,0
DA:198,0
DA:206,0
DA:215,1
DA:219,4
DA:223,1
DA:230,1
DA:234,0
DA:235,0
DA:237,0
DA:238,0
DA:240,0
DA:244,0
DA:245,0
DA:250,0
DA:251,0
DA:252,0
DA:256,0
DA:258,0
DA:263,0
DA:266,0
DA:284,0
DA:285,0
DA:287,0
DA:291,417
DA:292,0
DA:293,0
DA:295,0
DA:296,0
DA:304,74
DA:308,136
DA:316,137
DA:320,137
DA:324,137
DA:328,0
DA:336,235
DA:337,235
DA:338,235
DA:340,235
DA:342,235
DA:343,0
DA:348,6
DA:349,6
DA:353,45
DA:357,0
DA:364,53
DA:365,47
DA:368,53
DA:377,53
DA:378,53
DA:380,53
DA:390,7
DA:393,7
DA:394,6
DA:396,6
DA:398,6
DA:399,6
DA:401,6
DA:402,6
DA:406,0
DA:408,0
DA:413,1
DA:415,1
DA:417,1
DA:419,1
DA:420,1
DA:424,1
DA:425,1
DA:427,1
DA:428,1
DA:429,1
DA:431,1
DA:433,1
DA:434,0
DA:436,0
DA:437,0
DA:442,1
DA:443,1
DA:457,1
DA:459,1
DA:460,1
DA:461,1
DA:462,1
DA:464,1
DA:465,2
DA:466,2
DA:468,1
DA:469,1
DA:470,1
DA:472,1
DA:473,1
DA:476,1
DA:478,1
DA:479,1
DA:480,0
DA:482,0
DA:483,0
DA:485,0
DA:486,0
DA:487,0
DA:492,1
DA:493,1
DA:494,0
DA:495,0
DA:496,0
DA:499,0
DA:500,0
DA:502,0
DA:504,0
DA:505,0
DA:510,0
DA:515,0
DA:519,0
DA:523,23
DA:524,2
DA:526,21
DA:530,14
DA:531,0
DA:533,14
DA:537,2
DA:546,56
DA:551,104
DA:552,3
DA:560,0
DA:570,0
DA:571,0
DA:575,0
DA:576,0
DA:579,0
DA:580,0
DA:584,0
DA:585,0
DA:589,0
DA:594,0
DA:597,0
DA:603,0
DA:608,0
DA:609,0
DA:610,0
DA:612,0
DA:614,0
DA:616,0
DA:617,0
DA:621,0
DA:630,56
DA:632,56
DA:633,0
DA:634,0
DA:637,56
DA:638,56
DA:640,56
DA:642,56
DA:643,49
DA:644,49
DA:646,49
DA:648,49
DA:649,45
DA:653,56
DA:655,56
DA:657,56
DA:661,0
DA:662,0
DA:666,0
DA:668,0
DA:672,0
DA:673,0
DA:674,0
DA:675,0
DA:676,0
DA:678,0
DA:679,0
DA:681,0
DA:682,0
DA:685,0
DA:689,0
DA:690,0
DA:694,0
DA:695,0
DA:699,235
DA:700,235
DA:701,235
DA:705,1
DA:706,1
DA:713,14
DA:715,14
DA:716,14
DA:718,14
DA:721,0
DA:726,1
DA:727,2
DA:728,1
DA:730,1
DA:732,1
DA:733,1
DA:735,1
DA:736,0
DA:737,0
DA:739,0
DA:740,0
DA:742,0
DA:747,0
DA:749,0
DA:751,0
DA:752,0
DA:754,0
DA:756,0
DA:762,0
DA:763,0
DA:765,0
DA:767,0
DA:771,137
DA:772,3
DA:773,3
DA:774,3
DA:776,3
DA:778,3
DA:781,3
DA:782,1
DA:784,2
DA:786,2
DA:787,2
DA:790,2
DA:793,2
DA:795,0
DA:796,0
DA:800,1
DA:801,1
DA:805,1
DA:806,1
DA:810,0
DA:814,0
DA:816,0
DA:817,0
DA:818,0
DA:822,2
DA:823,1
DA:824,1
DA:825,1
DA:826,1
DA:827,1
DA:830,2
DA:836,10
DA:837,10
DA:838,1
DA:840,1
DA:842,1
DA:843,1
DA:845,1
DA:846,1
DA:853,0
DA:854,0
DA:855,0
DA:857,0
DA:861,0
DA:862,0
DA:865,0
DA:871,0
DA:873,0
DA:874,0
DA:876,0
DA:877,0
DA:879,0
DA:880,0
DA:889,0
DA:890,0
DA:893,0
DA:894,0
DA:897,0
DA:898,0
DA:901,0
DA:910,2
DA:911,6
DA:914,2
DA:916,2
DA:917,0
DA:919,0
DA:921,0
DA:924,2
DA:926,2
DA:928,2
DA:931,2
DA:932,2
DA:934,2
DA:935,0
DA:936,0
DA:938,0
DA:940,0
DA:941,0
DA:945,2
DA:954,0
DA:955,0
DA:958,0
DA:959,0
DA:962,0
DA:963,0
DA:966,0
DA:975,2
DA:976,2
DA:977,6
DA:981,2
DA:983,2
DA:984,0
DA:986,0
DA:988,0
DA:991,2
DA:993,2
DA:995,2
DA:998,2
DA:999,2
DA:1001,2
DA:1002,0
DA:1003,0
DA:1005,0
DA:1006,0
DA:1010,2
DA:1021,0
DA:1023,0
DA:1024,0
DA:1028,0
DA:1029,0
DA:1031,0
DA:1032,0
DA:1034,0
DA:1038,0
DA:1040,0
DA:1041,0
DA:1043,0
DA:1045,0
DA:1046,0
DA:1047,0
DA:1052,0
DA:1059,7
DA:1063,5
LF:407
LH:225
BRDA:67,0,0,122
BRDA:69,1,0,122
BRDA:70,2,0,122
BRDA:71,3,0,122
BRDA:72,4,0,122
BRDA:73,5,0,122
BRDA:74,6,0,122
BRDA:75,7,0,120
BRDA:76,8,0,122
BRDA:77,9,0,122
BRDA:78,10,0,122
BRDA:79,11,0,122
BRDA:80,12,0,122
BRDA:81,13,0,122
BRDA:82,14,0,122
BRDA:83,15,0,122
BRDA:84,16,0,122
BRDA:85,17,0,122
BRDA:86,18,0,122
BRDA:87,19,0,122
BRDA:88,20,0,122
BRDA:89,21,0,122
BRDA:90,22,0,122
BRDA:91,23,0,122
BRDA:92,24,0,122
BRDA:93,25,0,3
BRDA:161,26,0,0
BRDA:161,26,1,4
BRDA:191,27,0,0
BRDA:191,27,1,1
BRDA:237,28,0,0
BRDA:237,28,1,0
BRDA:240,29,0,0
BRDA:240,29,1,0
BRDA:241,30,0,0
BRDA:241,30,1,0
BRDA:290,31,0,175
BRDA:291,32,0,0
BRDA:291,32,1,417
BRDA:295,33,0,0
BRDA:295,33,1,0
BRDA:309,34,0,136
BRDA:309,34,1,54
BRDA:309,34,2,54
BRDA:342,35,0,0
BRDA:342,35,1,235
BRDA:342,36,0,235
BRDA:342,36,1,90
BRDA:364,37,0,47
BRDA:364,37,1,6
BRDA:393,38,0,6
BRDA:393,38,1,1
BRDA:402,39,0,0
BRDA:402,39,1,6
BRDA:403,40,0,6
BRDA:403,40,1,2
BRDA:424,41,0,1
BRDA:424,41,1,0
BRDA:433,42,0,0
BRDA:433,42,1,1
BRDA:459,43,0,1
BRDA:459,43,1,0
BRDA:460,44,0,1
BRDA:460,44,1,0
BRDA:482,45,0,0
BRDA:482,45,1,0
BRDA:493,46,0,0
BRDA:493,46,1,1
BRDA:504,47,0,0
BRDA:504,47,1,0
BRDA:523,48,0,2
BRDA:523,48,1,21
BRDA:523,49,0,23
BRDA:523,49,1,23
BRDA:530,50,0,0
BRDA:530,50,1,14
BRDA:530,51,0,14
BRDA:530,51,1,14
BRDA:551,52,0,3
BRDA:551,52,1,53
BRDA:551,53,0,104
BRDA:551,53,1,104
BRDA:570,54,0,0
BRDA:570,54,1,0
BRDA:579,55,0,0
BRDA:579,55,1,0
BRDA:584,56,0,0
BRDA:584,56,1,0
BRDA:585,57,0,0
BRDA:585,57,1,0
BRDA:586,58,0,0
BRDA:586,58,1,0
BRDA:594,59,0,0
BRDA:594,59,1,0
BRDA:597,60,0,0
BRDA:597,60,1,0
BRDA:599,61,0,0
BRDA:599,61,1,0
BRDA:616,62,0,0
BRDA:616,62,1,0
BRDA:629,63,0,9
BRDA:632,64,0,0
BRDA:632,64,1,56
BRDA:648,65,0,45
BRDA:648,65,1,4
BRDA:672,66,0,0
BRDA:672,66,1,0
BRDA:715,67,0,14
BRDA:715,67,1,0
BRDA:735,68,0,0
BRDA:735,68,1,1
BRDA:739,69,0,0
BRDA:739,69,1,0
BRDA:749,70,0,0
BRDA:749,70,1,0
BRDA:781,71,0,1
BRDA:781,71,1,2
BRDA:781,72,0,3
BRDA:781,72,1,3
BRDA:790,73,0,2
BRDA:790,73,1,0
BRDA:793,74,0,0
BRDA:793,74,1,1
BRDA:793,74,2,1
BRDA:793,74,3,0
BRDA:793,74,4,0
BRDA:822,75,0,1
BRDA:822,75,1,1
BRDA:836,76,0,10
BRDA:836,76,1,0
BRDA:842,77,0,1
BRDA:842,77,1,0
BRDA:853,78,0,0
BRDA:853,78,1,0
BRDA:876,79,0,0
BRDA:876,79,1,0
BRDA:879,80,0,0
BRDA:879,80,1,0
BRDA:889,81,0,0
BRDA:889,81,1,0
BRDA:893,82,0,0
BRDA:893,82,1,0
BRDA:897,83,0,0
BRDA:897,83,1,0
BRDA:916,84,0,0
BRDA:916,84,1,2
BRDA:934,85,0,0
BRDA:934,85,1,2
BRDA:940,86,0,0
BRDA:940,86,1,0
BRDA:940,87,0,0
BRDA:940,87,1,0
BRDA:954,88,0,0
BRDA:954,88,1,0
BRDA:958,89,0,0
BRDA:958,89,1,0
BRDA:962,90,0,0
BRDA:962,90,1,0
BRDA:977,91,0,6
BRDA:977,91,1,4
BRDA:983,92,0,0
BRDA:983,92,1,2
BRDA:1001,93,0,0
BRDA:1001,93,1,2
BRDA:1005,94,0,0
BRDA:1005,94,1,0
BRDA:1005,95,0,0
BRDA:1005,95,1,0
BRDA:1028,96,0,0
BRDA:1028,96,1,0
BRDA:1034,97,0,0
BRDA:1034,97,1,0
BRDA:1035,98,0,0
BRDA:1035,98,1,0
BRDA:1040,99,0,0
BRDA:1040,99,1,0
BRDA:1045,100,0,0
BRDA:1045,100,1,0
BRF:178
BRH:82
end_of_record
TN:
SF:modules\rapid_discord_mafia\players.js
FN:6,(anonymous_0)
FN:11,(anonymous_1)
FN:17,(anonymous_2)
FN:21,(anonymous_3)
FN:22,(anonymous_4)
FN:25,(anonymous_5)
FN:26,(anonymous_6)
FN:32,(anonymous_7)
FN:36,(anonymous_8)
FN:47,(anonymous_9)
FN:54,(anonymous_10)
FN:58,(anonymous_11)
FN:62,(anonymous_12)
FN:66,(anonymous_13)
FN:67,(anonymous_14)
FN:70,(anonymous_15)
FN:71,(anonymous_16)
FN:74,(anonymous_17)
FN:75,(anonymous_18)
FN:78,(anonymous_19)
FN:79,(anonymous_20)
FN:82,(anonymous_21)
FN:83,(anonymous_22)
FN:86,(anonymous_23)
FN:87,(anonymous_24)
FN:90,(anonymous_25)
FN:91,(anonymous_26)
FN:94,(anonymous_27)
FN:95,(anonymous_28)
FN:98,(anonymous_29)
FN:108,(anonymous_30)
FN:112,(anonymous_31)
FN:134,(anonymous_32)
FN:135,(anonymous_33)
FN:140,(anonymous_34)
FN:141,(anonymous_35)
FNF:36
FNH:21
FNDA:66,(anonymous_0)
FNDA:39,(anonymous_1)
FNDA:8,(anonymous_2)
FNDA:0,(anonymous_3)
FNDA:0,(anonymous_4)
FNDA:0,(anonymous_5)
FNDA:0,(anonymous_6)
FNDA:121,(anonymous_7)
FNDA:119,(anonymous_8)
FNDA:916,(anonymous_9)
FNDA:770,(anonymous_10)
FNDA:0,(anonymous_11)
FNDA:205,(anonymous_12)
FNDA:1,(anonymous_13)
FNDA:3,(anonymous_14)
FNDA:0,(anonymous_15)
FNDA:0,(anonymous_16)
FNDA:8,(anonymous_17)
FNDA:27,(anonymous_18)
FNDA:0,(anonymous_19)
FNDA:0,(anonymous_20)
FNDA:6,(anonymous_21)
FNDA:24,(anonymous_22)
FNDA:251,(anonymous_23)
FNDA:771,(anonymous_24)
FNDA:0,(anonymous_25)
FNDA:0,(anonymous_26)
FNDA:0,(anonymous_27)
FNDA:0,(anonymous_28)
FNDA:118,(anonymous_29)
FNDA:0,(anonymous_30)
FNDA:0,(anonymous_31)
FNDA:45,(anonymous_32)
FNDA:106,(anonymous_33)
FNDA:40,(anonymous_34)
FNDA:105,(anonymous_35)
DA:1,5
DA:2,5
DA:3,5
DA:7,66
DA:8,66
DA:12,39
DA:13,115
DA:18,8
DA:22,0
DA:26,0
DA:33,121
DA:37,119
DA:38,119
DA:39,119
DA:48,916
DA:55,770
DA:59,0
DA:63,205
DA:67,3
DA:71,0
DA:75,27
DA:79,0
DA:83,24
DA:87,771
DA:91,0
DA:95,0
DA:99,118
DA:100,118
DA:101,372
DA:102,370
DA:105,118
DA:109,0
DA:113,0
DA:114,0
DA:115,0
DA:117,0
DA:119,0
DA:120,0
DA:121,0
DA:124,0
DA:129,0
DA:130,0
DA:135,45
DA:136,106
DA:141,40
DA:142,105
DA:147,5
LF:47
LH:29
BRDA:6,0,0,23
BRDA:6,1,0,23
BRDA:101,2,0,370
BRDA:101,2,1,2
BRDA:119,3,0,0
BRDA:119,3,1,0
BRF:6
BRH:4
end_of_record
TN:
SF:modules\rapid_discord_mafia\role.js
FN:5,(anonymous_0)
FN:18,(anonymous_1)
FN:37,(anonymous_2)
FN:53,(anonymous_3)
FNF:4
FNH:3
FNDA:100,(anonymous_0)
FNDA:236,(anonymous_1)
FNDA:40,(anonymous_2)
FNDA:0,(anonymous_3)
DA:1,5
DA:2,5
DA:6,100
DA:7,100
DA:8,100
DA:9,100
DA:10,100
DA:11,100
DA:12,100
DA:13,100
DA:14,100
DA:15,100
DA:20,236
DA:21,236
DA:22,236
DA:23,236
DA:26,236
DA:27,234
DA:30,234
DA:31,304
DA:35,236
DA:36,30
DA:37,40
DA:41,236
DA:50,236
DA:54,0
DA:55,0
DA:58,0
DA:63,5
LF:29
LH:26
BRDA:5,0,0,95
BRDA:5,1,0,80
BRDA:5,2,0,5
BRDA:5,3,0,80
BRDA:18,4,0,236
BRDA:23,5,0,92
BRDA:23,5,1,144
BRDA:26,6,0,234
BRDA:26,6,1,2
BRDA:26,7,0,236
BRDA:26,7,1,236
BRDA:35,8,0,30
BRDA:35,8,1,206
BRDA:35,9,0,236
BRDA:35,9,1,236
BRDA:42,10,0,0
BRDA:42,10,1,236
BRDA:54,11,0,0
BRDA:54,11,1,0
BRF:19
BRH:16
end_of_record
TN:
SF:modules\rapid_discord_mafia\roles.js
FNF:0
FNH:0
DA:1,5
DA:2,5
DA:3,5
DA:5,5
DA:253,5
LF:5
LH:5
BRF:0
BRH:0
end_of_record
TN:
SF:unused\modules\perform.js
FN:3,(anonymous_0)
FN:25,(anonymous_1)
FN:38,(anonymous_2)
FN:68,(anonymous_3)
FN:104,(anonymous_4)
FN:122,(anonymous_5)
FN:143,(anonymous_6)
FN:154,(anonymous_7)
FN:168,(anonymous_8)
FN:180,(anonymous_9)
FN:213,(anonymous_10)
FN:227,(anonymous_11)
FN:240,(anonymous_12)
FN:251,(anonymous_13)
FN:264,(anonymous_14)
FN:299,(anonymous_15)
FN:322,(anonymous_16)
FN:333,(anonymous_17)
FN:358,(anonymous_18)
FN:372,(anonymous_19)
FN:390,(anonymous_20)
FN:402,(anonymous_21)
FN:417,(anonymous_22)
FN:422,(anonymous_23)
FN:472,(anonymous_24)
FN:516,(anonymous_25)
FN:544,(anonymous_26)
FNF:27
FNH:4
FNDA:4,(anonymous_0)
FNDA:2,(anonymous_1)
FNDA:0,(anonymous_2)
FNDA:0,(anonymous_3)
FNDA:0,(anonymous_4)
FNDA:0,(anonymous_5)
FNDA:0,(anonymous_6)
FNDA:0,(anonymous_7)
FNDA:2,(anonymous_8)
FNDA:0,(anonymous_9)
FNDA:0,(anonymous_10)
FNDA:0,(anonymous_11)
FNDA:0,(anonymous_12)
FNDA:0,(anonymous_13)
FNDA:0,(anonymous_14)
FNDA:2,(anonymous_15)
FNDA:0,(anonymous_16)
FNDA:0,(anonymous_17)
FNDA:0,(anonymous_18)
FNDA:0,(anonymous_19)
FNDA:0,(anonymous_20)
FNDA:0,(anonymous_21)
FNDA:0,(anonymous_22)
FNDA:0,(anonymous_23)
FNDA:0,(anonymous_24)
FNDA:0,(anonymous_25)
FNDA:0,(anonymous_26)
DA:2,1
DA:3,1
DA:4,4
DA:5,4
DA:7,4
DA:8,4
DA:9,4
DA:11,4
DA:14,4
DA:22,4
DA:25,1
DA:26,2
DA:27,2
DA:29,2
DA:30,2
DA:31,2
DA:34,0
DA:38,1
DA:39,0
DA:42,0
DA:43,0
DA:45,0
DA:47,0
DA:48,0
DA:50,0
DA:51,0
DA:52,0
DA:54,0
DA:65,0
DA:67,0
DA:69,0
DA:70,0
DA:71,0
DA:75,0
DA:76,0
DA:78,0
DA:79,0
DA:80,0
DA:82,0
DA:84,0
DA:85,0
DA:87,0
DA:88,0
DA:93,0
DA:94,0
DA:100,1
DA:106,0
DA:107,0
DA:108,0
DA:109,0
DA:110,0
DA:112,0
DA:113,0
DA:114,0
DA:117,0
DA:120,0
DA:122,0
DA:124,0
DA:126,0
DA:133,0
DA:134,0
DA:137,0
DA:138,0
DA:145,0
DA:146,0
DA:148,0
DA:149,0
DA:156,0
DA:157,0
DA:158,0
DA:159,0
DA:161,0
DA:163,0
DA:170,2
DA:171,2
DA:173,2
DA:175,2
DA:182,0
DA:183,0
DA:184,0
DA:185,0
DA:187,0
DA:188,0
DA:189,0
DA:196,0
DA:199,0
DA:200,0
DA:207,0
DA:215,0
DA:216,0
DA:217,0
DA:218,0
DA:220,0
DA:222,0
DA:229,0
DA:230,0
DA:231,0
DA:232,0
DA:234,0
DA:235,0
DA:242,0
DA:243,0
DA:245,0
DA:246,0
DA:253,0
DA:254,0
DA:255,0
DA:256,0
DA:258,0
DA:259,0
DA:266,0
DA:267,0
DA:268,0
DA:269,0
DA:270,0
DA:272,0
DA:274,0
DA:275,0
DA:276,0
DA:278,0
DA:282,0
DA:283,0
DA:286,0
DA:287,0
DA:290,0
DA:291,0
DA:293,0
DA:294,0
DA:301,2
DA:302,2
DA:303,2
DA:304,2
DA:305,2
DA:307,2
DA:309,2
DA:311,2
DA:312,0
DA:314,2
DA:316,2
DA:317,2
DA:324,0
DA:325,0
DA:326,0
DA:327,0
DA:329,0
DA:331,0
DA:333,0
DA:334,0
DA:335,0
DA:338,0
DA:340,0
DA:344,0
DA:348,0
DA:349,0
DA:351,0
DA:353,0
DA:360,0
DA:361,0
DA:362,0
DA:363,0
DA:364,0
DA:366,0
DA:367,0
DA:374,0
DA:375,0
DA:376,0
DA:377,0
DA:379,0
DA:381,0
DA:383,0
DA:385,0
DA:392,0
DA:393,0
DA:395,0
DA:397,0
DA:404,0
DA:405,0
DA:406,0
DA:408,0
DA:410,0
DA:411,0
DA:412,0
DA:413,0
DA:416,0
DA:417,0
DA:421,0
DA:422,0
DA:425,0
DA:427,0
DA:440,0
DA:442,0
DA:443,0
DA:444,0
DA:448,0
DA:449,0
DA:451,0
DA:452,0
DA:454,0
DA:457,0
DA:463,0
DA:465,0
DA:466,0
DA:467,0
DA:474,0
DA:475,0
DA:476,0
DA:477,0
DA:478,0
DA:480,0
DA:482,0
DA:483,0
DA:487,0
DA:488,0
DA:489,0
DA:491,0
DA:492,0
DA:494,0
DA:495,0
DA:497,0
DA:498,0
DA:501,0
DA:502,0
DA:503,0
DA:505,0
DA:506,0
DA:509,0
DA:511,0
DA:518,0
DA:519,0
DA:520,0
DA:521,0
DA:523,0
DA:526,0
DA:527,0
DA:529,0
DA:531,0
DA:532,0
DA:534,0
DA:538,0
DA:546,0
DA:547,0
DA:548,0
DA:549,0
DA:550,0
DA:552,0
DA:554,0
DA:556,0
DA:557,0
DA:558,0
DA:560,0
DA:561,0
DA:563,0
DA:566,0
DA:569,0
DA:573,0
DA:574,0
DA:577,0
DA:580,0
DA:581,0
DA:582,0
DA:584,0
DA:588,1
LF:262
LH:34
BRDA:7,0,0,4
BRDA:7,0,1,0
BRDA:8,1,0,4
BRDA:8,1,1,0
BRDA:29,2,0,2
BRDA:29,2,1,0
BRDA:42,3,0,0
BRDA:42,3,1,0
BRDA:51,4,0,0
BRDA:51,4,1,0
BRDA:51,5,0,0
BRDA:51,5,1,0
BRDA:75,6,0,0
BRDA:75,6,1,0
BRDA:84,7,0,0
BRDA:84,7,1,0
BRDA:112,8,0,0
BRDA:112,8,1,0
BRDA:112,9,0,0
BRDA:112,9,1,0
BRDA:120,10,0,0
BRDA:120,10,1,0
BRDA:121,11,0,0
BRDA:121,11,1,0
BRDA:187,12,0,0
BRDA:187,12,1,0
BRDA:274,13,0,0
BRDA:274,13,1,0
BRDA:278,14,0,0
BRDA:278,14,1,0
BRDA:279,15,0,0
BRDA:279,15,1,0
BRDA:279,15,2,0
BRDA:311,16,0,0
BRDA:311,16,1,2
BRDA:311,17,0,2
BRDA:311,17,1,0
BRDA:334,18,0,0
BRDA:334,18,1,0
BRDA:340,19,0,0
BRDA:340,19,1,0
BRDA:341,20,0,0
BRDA:341,20,1,0
BRDA:348,21,0,0
BRDA:348,21,1,0
BRDA:416,22,0,0
BRDA:416,22,1,0
BRDA:421,23,0,0
BRDA:421,23,1,0
BRDA:427,24,0,0
BRDA:427,24,1,0
BRDA:428,25,0,0
BRDA:428,25,1,0
BRDA:428,25,2,0
BRDA:428,25,3,0
BRDA:428,25,4,0
BRDA:428,25,5,0
BRDA:428,25,6,0
BRDA:428,25,7,0
BRDA:428,25,8,0
BRDA:448,26,0,0
BRDA:448,26,1,0
BRDA:449,27,0,0
BRDA:449,27,1,0
BRDA:451,28,0,0
BRDA:451,28,1,0
BRDA:482,29,0,0
BRDA:482,29,1,0
BRDA:491,30,0,0
BRDA:491,30,1,0
BRDA:494,31,0,0
BRDA:494,31,1,0
BRDA:497,32,0,0
BRDA:497,32,1,0
BRDA:526,33,0,0
BRDA:526,33,1,0
BRDA:556,34,0,0
BRDA:556,34,1,0
BRDA:569,35,0,0
BRDA:569,35,1,0
BRDA:570,36,0,0
BRDA:570,36,1,0
BRF:82
BRH:5
end_of_record
TN:
SF:utilities\validator.js
FN:2,(anonymous_0)
FN:16,(anonymous_1)
FN:24,(anonymous_2)
FN:31,(anonymous_3)
FN:34,(anonymous_4)
FN:38,(anonymous_5)
FN:53,(anonymous_6)
FN:57,(anonymous_7)
FNF:8
FNH:1
FNDA:119,(anonymous_0)
FNDA:0,(anonymous_1)
FNDA:0,(anonymous_2)
FNDA:0,(anonymous_3)
FNDA:0,(anonymous_4)
FNDA:0,(anonymous_5)
FNDA:0,(anonymous_6)
FNDA:0,(anonymous_7)
DA:1,5
DA:3,119
DA:5,119
DA:6,0
DA:10,119
DA:11,0
DA:14,119
DA:17,0
DA:25,0
DA:32,0
DA:35,0
DA:36,0
DA:39,0
DA:40,0
DA:42,0
DA:43,0
DA:45,0
DA:46,0
DA:47,0
DA:51,0
DA:54,0
DA:56,0
DA:57,0
DA:59,0
DA:62,0
DA:66,5
LF:26
LH:6
BRDA:5,0,0,0
BRDA:5,0,1,119
BRDA:10,1,0,0
BRDA:10,1,1,119
BRDA:18,2,0,0
BRDA:18,2,1,0
BRDA:18,2,2,0
BRDA:26,3,0,0
BRDA:26,3,1,0
BRDA:26,3,2,0
BRDA:39,4,0,0
BRDA:39,4,1,0
BRDA:42,5,0,0
BRDA:42,5,1,0
BRDA:46,6,0,0
BRDA:46,6,1,0
BRDA:56,7,0,0
BRDA:56,7,1,0
BRF:18
BRH:2
end_of_record
